INFO - 2023-07-10 03:29:58 --> Session: Class initialized using 'CodeIgniter\Session\Handlers\FileHandler' driver.
WARNING - 2023-07-10 03:29:58 --> Session: Sessions is enabled, and one exists. Please don't $session->start();
INFO - 2023-07-10 03:30:06 --> Session: Class initialized using 'CodeIgniter\Session\Handlers\FileHandler' driver.
WARNING - 2023-07-10 03:30:06 --> Session: Sessions is enabled, and one exists. Please don't $session->start();
INFO - 2023-07-10 03:30:07 --> Session: Class initialized using 'CodeIgniter\Session\Handlers\FileHandler' driver.
WARNING - 2023-07-10 03:30:07 --> Session: Sessions is enabled, and one exists. Please don't $session->start();
WARNING - 2023-07-10 10:30:07 --> Session: Sessions is enabled, and one exists. Please don't $session->start();
INFO - 2023-07-10 03:30:19 --> Session: Class initialized using 'CodeIgniter\Session\Handlers\FileHandler' driver.
WARNING - 2023-07-10 03:30:19 --> Session: Sessions is enabled, and one exists. Please don't $session->start();
INFO - 2023-07-10 03:30:33 --> Session: Class initialized using 'CodeIgniter\Session\Handlers\FileHandler' driver.
WARNING - 2023-07-10 10:30:33 --> Session: Sessions is enabled, and one exists. Please don't $session->start();
INFO - 2023-07-10 03:30:50 --> Session: Class initialized using 'CodeIgniter\Session\Handlers\FileHandler' driver.
WARNING - 2023-07-10 10:30:50 --> Session: Sessions is enabled, and one exists. Please don't $session->start();
INFO - 2023-07-10 03:30:51 --> Session: Class initialized using 'CodeIgniter\Session\Handlers\FileHandler' driver.
WARNING - 2023-07-10 10:30:51 --> Session: Sessions is enabled, and one exists. Please don't $session->start();
INFO - 2023-07-10 03:30:57 --> Session: Class initialized using 'CodeIgniter\Session\Handlers\FileHandler' driver.
WARNING - 2023-07-10 10:30:57 --> Session: Sessions is enabled, and one exists. Please don't $session->start();
INFO - 2023-07-10 03:30:58 --> Session: Class initialized using 'CodeIgniter\Session\Handlers\FileHandler' driver.
WARNING - 2023-07-10 10:30:58 --> Session: Sessions is enabled, and one exists. Please don't $session->start();
INFO - 2023-07-10 03:31:00 --> Session: Class initialized using 'CodeIgniter\Session\Handlers\FileHandler' driver.
WARNING - 2023-07-10 10:31:00 --> Session: Sessions is enabled, and one exists. Please don't $session->start();
INFO - 2023-07-10 03:31:01 --> Session: Class initialized using 'CodeIgniter\Session\Handlers\FileHandler' driver.
WARNING - 2023-07-10 10:31:01 --> Session: Sessions is enabled, and one exists. Please don't $session->start();
INFO - 2023-07-10 03:31:04 --> Session: Class initialized using 'CodeIgniter\Session\Handlers\FileHandler' driver.
WARNING - 2023-07-10 10:31:04 --> Session: Sessions is enabled, and one exists. Please don't $session->start();
INFO - 2023-07-10 03:31:06 --> Session: Class initialized using 'CodeIgniter\Session\Handlers\FileHandler' driver.
WARNING - 2023-07-10 10:31:06 --> Session: Sessions is enabled, and one exists. Please don't $session->start();
INFO - 2023-07-10 03:31:09 --> Session: Class initialized using 'CodeIgniter\Session\Handlers\FileHandler' driver.
WARNING - 2023-07-10 10:31:09 --> Session: Sessions is enabled, and one exists. Please don't $session->start();
INFO - 2023-07-10 03:31:15 --> Session: Class initialized using 'CodeIgniter\Session\Handlers\FileHandler' driver.
WARNING - 2023-07-10 03:31:15 --> Session: Sessions is enabled, and one exists. Please don't $session->start();
WARNING - 2023-07-10 10:31:15 --> Session: Sessions is enabled, and one exists. Please don't $session->start();
INFO - 2023-07-10 03:31:19 --> Session: Class initialized using 'CodeIgniter\Session\Handlers\FileHandler' driver.
WARNING - 2023-07-10 03:31:19 --> Session: Sessions is enabled, and one exists. Please don't $session->start();
WARNING - 2023-07-10 10:31:19 --> Session: Sessions is enabled, and one exists. Please don't $session->start();
INFO - 2023-07-10 03:31:23 --> Session: Class initialized using 'CodeIgniter\Session\Handlers\FileHandler' driver.
WARNING - 2023-07-10 03:31:23 --> Session: Sessions is enabled, and one exists. Please don't $session->start();
WARNING - 2023-07-10 10:31:23 --> Session: Sessions is enabled, and one exists. Please don't $session->start();
INFO - 2023-07-10 03:31:28 --> Session: Class initialized using 'CodeIgniter\Session\Handlers\FileHandler' driver.
WARNING - 2023-07-10 10:31:28 --> Session: Sessions is enabled, and one exists. Please don't $session->start();
INFO - 2023-07-10 03:31:28 --> Session: Class initialized using 'CodeIgniter\Session\Handlers\FileHandler' driver.
WARNING - 2023-07-10 10:31:28 --> Session: Sessions is enabled, and one exists. Please don't $session->start();
INFO - 2023-07-10 03:31:38 --> Session: Class initialized using 'CodeIgniter\Session\Handlers\FileHandler' driver.
WARNING - 2023-07-10 03:31:38 --> Session: Sessions is enabled, and one exists. Please don't $session->start();
WARNING - 2023-07-10 10:31:38 --> Session: Sessions is enabled, and one exists. Please don't $session->start();
INFO - 2023-07-10 03:31:42 --> Session: Class initialized using 'CodeIgniter\Session\Handlers\FileHandler' driver.
WARNING - 2023-07-10 03:31:42 --> Session: Sessions is enabled, and one exists. Please don't $session->start();
WARNING - 2023-07-10 10:31:42 --> Session: Sessions is enabled, and one exists. Please don't $session->start();
INFO - 2023-07-10 03:31:46 --> Session: Class initialized using 'CodeIgniter\Session\Handlers\FileHandler' driver.
WARNING - 2023-07-10 03:31:46 --> Session: Sessions is enabled, and one exists. Please don't $session->start();
WARNING - 2023-07-10 10:31:46 --> Session: Sessions is enabled, and one exists. Please don't $session->start();
INFO - 2023-07-10 03:32:19 --> Session: Class initialized using 'CodeIgniter\Session\Handlers\FileHandler' driver.
WARNING - 2023-07-10 03:32:19 --> Session: Sessions is enabled, and one exists. Please don't $session->start();
WARNING - 2023-07-10 10:32:19 --> Session: Sessions is enabled, and one exists. Please don't $session->start();
INFO - 2023-07-10 03:32:24 --> Session: Class initialized using 'CodeIgniter\Session\Handlers\FileHandler' driver.
WARNING - 2023-07-10 03:32:24 --> Session: Sessions is enabled, and one exists. Please don't $session->start();
WARNING - 2023-07-10 10:32:24 --> Session: Sessions is enabled, and one exists. Please don't $session->start();
INFO - 2023-07-10 03:32:25 --> Session: Class initialized using 'CodeIgniter\Session\Handlers\FileHandler' driver.
WARNING - 2023-07-10 03:32:25 --> Session: Sessions is enabled, and one exists. Please don't $session->start();
WARNING - 2023-07-10 10:32:25 --> Session: Sessions is enabled, and one exists. Please don't $session->start();
INFO - 2023-07-10 03:32:27 --> Session: Class initialized using 'CodeIgniter\Session\Handlers\FileHandler' driver.
WARNING - 2023-07-10 03:32:27 --> Session: Sessions is enabled, and one exists. Please don't $session->start();
WARNING - 2023-07-10 10:32:27 --> Session: Sessions is enabled, and one exists. Please don't $session->start();
INFO - 2023-07-10 03:32:29 --> Session: Class initialized using 'CodeIgniter\Session\Handlers\FileHandler' driver.
WARNING - 2023-07-10 10:32:29 --> Session: Sessions is enabled, and one exists. Please don't $session->start();
INFO - 2023-07-10 03:32:52 --> Session: Class initialized using 'CodeIgniter\Session\Handlers\FileHandler' driver.
WARNING - 2023-07-10 03:32:52 --> Session: Sessions is enabled, and one exists. Please don't $session->start();
WARNING - 2023-07-10 10:32:52 --> Session: Sessions is enabled, and one exists. Please don't $session->start();
INFO - 2023-07-10 03:32:56 --> Session: Class initialized using 'CodeIgniter\Session\Handlers\FileHandler' driver.
WARNING - 2023-07-10 03:32:56 --> Session: Sessions is enabled, and one exists. Please don't $session->start();
WARNING - 2023-07-10 10:32:56 --> Session: Sessions is enabled, and one exists. Please don't $session->start();
INFO - 2023-07-10 03:33:02 --> Session: Class initialized using 'CodeIgniter\Session\Handlers\FileHandler' driver.
WARNING - 2023-07-10 03:33:02 --> Session: Sessions is enabled, and one exists. Please don't $session->start();
WARNING - 2023-07-10 10:33:02 --> Session: Sessions is enabled, and one exists. Please don't $session->start();
INFO - 2023-07-10 03:33:15 --> Session: Class initialized using 'CodeIgniter\Session\Handlers\FileHandler' driver.
WARNING - 2023-07-10 03:33:15 --> Session: Sessions is enabled, and one exists. Please don't $session->start();
WARNING - 2023-07-10 10:33:15 --> Session: Sessions is enabled, and one exists. Please don't $session->start();
ERROR - 2023-07-10 10:33:15 --> mysqli_sql_exception: You have an error in your SQL syntax; check the manual that corresponds to your MariaDB server version for the right syntax to use near '' at line 1 in E:\xampp\htdocs\koperasi\vendor\codeigniter4\framework\system\Database\MySQLi\Connection.php:295
Stack trace:
#0 E:\xampp\htdocs\koperasi\vendor\codeigniter4\framework\system\Database\MySQLi\Connection.php(295): mysqli->query('SELECT * FROM u...', 0)
#1 E:\xampp\htdocs\koperasi\vendor\codeigniter4\framework\system\Database\BaseConnection.php(692): CodeIgniter\Database\MySQLi\Connection->execute('SELECT * FROM u...')
#2 E:\xampp\htdocs\koperasi\vendor\codeigniter4\framework\system\Database\BaseConnection.php(606): CodeIgniter\Database\BaseConnection->simpleQuery('SELECT * FROM u...')
#3 E:\xampp\htdocs\koperasi\app\Config\MyConfig.php(18): CodeIgniter\Database\BaseConnection->query('SELECT * FROM u...')
#4 E:\xampp\htdocs\koperasi\app\Controllers\Simpanan.php(19): Config\MyConfig->__construct()
#5 E:\xampp\htdocs\koperasi\vendor\codeigniter4\framework\system\CodeIgniter.php(904): App\Controllers\Simpanan->__construct()
#6 E:\xampp\htdocs\koperasi\vendor\codeigniter4\framework\system\CodeIgniter.php(488): CodeIgniter\CodeIgniter->createController()
#7 E:\xampp\htdocs\koperasi\vendor\codeigniter4\framework\system\CodeIgniter.php(366): CodeIgniter\CodeIgniter->handleRequest(NULL, Object(Config\Cache), false)
#8 E:\xampp\htdocs\koperasi\public\index.php(67): CodeIgniter\CodeIgniter->run()
#9 E:\xampp\htdocs\koperasi\vendor\codeigniter4\framework\system\Commands\Server\rewrite.php(47): require_once('E:\\xampp\\htdocs...')
#10 {main}
CRITICAL - 2023-07-10 10:33:15 --> You have an error in your SQL syntax; check the manual that corresponds to your MariaDB server version for the right syntax to use near '' at line 1
in SYSTEMPATH\Database\MySQLi\Connection.php on line 295.
 1 SYSTEMPATH\Database\MySQLi\Connection.php(295): mysqli->query('SELECT * FROM users where id_user =  ', 0)
 2 SYSTEMPATH\Database\BaseConnection.php(692): CodeIgniter\Database\MySQLi\Connection->execute('SELECT * FROM users where id_user =  ')
 3 SYSTEMPATH\Database\BaseConnection.php(606): CodeIgniter\Database\BaseConnection->simpleQuery('SELECT * FROM users where id_user =  ')
 4 APPPATH\Config\MyConfig.php(18): CodeIgniter\Database\BaseConnection->query('SELECT * FROM users where id_user =  ')
 5 APPPATH\Controllers\Simpanan.php(19): Config\MyConfig->__construct()
 6 SYSTEMPATH\CodeIgniter.php(904): App\Controllers\Simpanan->__construct()
 7 SYSTEMPATH\CodeIgniter.php(488): CodeIgniter\CodeIgniter->createController()
 8 SYSTEMPATH\CodeIgniter.php(366): CodeIgniter\CodeIgniter->handleRequest(null, Object(Config\Cache), false)
 9 FCPATH\index.php(67): CodeIgniter\CodeIgniter->run()
10 SYSTEMPATH\Commands\Server\rewrite.php(47): require_once('E:\\xampp\\htdocs\\koperasi\\public\\index.php')
INFO - 2023-07-10 03:35:59 --> Session: Class initialized using 'CodeIgniter\Session\Handlers\FileHandler' driver.
WARNING - 2023-07-10 03:35:59 --> Session: Sessions is enabled, and one exists. Please don't $session->start();
WARNING - 2023-07-10 10:35:59 --> Session: Sessions is enabled, and one exists. Please don't $session->start();
INFO - 2023-07-10 03:39:18 --> Session: Class initialized using 'CodeIgniter\Session\Handlers\FileHandler' driver.
WARNING - 2023-07-10 03:39:18 --> Session: Sessions is enabled, and one exists. Please don't $session->start();
WARNING - 2023-07-10 10:39:18 --> Session: Sessions is enabled, and one exists. Please don't $session->start();
INFO - 2023-07-10 03:42:21 --> Session: Class initialized using 'CodeIgniter\Session\Handlers\FileHandler' driver.
WARNING - 2023-07-10 03:42:21 --> Session: Sessions is enabled, and one exists. Please don't $session->start();
WARNING - 2023-07-10 10:42:21 --> Session: Sessions is enabled, and one exists. Please don't $session->start();
INFO - 2023-07-10 03:42:38 --> Session: Class initialized using 'CodeIgniter\Session\Handlers\FileHandler' driver.
WARNING - 2023-07-10 10:42:38 --> Session: Sessions is enabled, and one exists. Please don't $session->start();
INFO - 2023-07-10 03:42:48 --> Session: Class initialized using 'CodeIgniter\Session\Handlers\FileHandler' driver.
WARNING - 2023-07-10 03:42:48 --> Session: Sessions is enabled, and one exists. Please don't $session->start();
INFO - 2023-07-10 03:42:48 --> Session: Class initialized using 'CodeIgniter\Session\Handlers\FileHandler' driver.
WARNING - 2023-07-10 03:42:48 --> Session: Sessions is enabled, and one exists. Please don't $session->start();
WARNING - 2023-07-10 10:42:48 --> Session: Sessions is enabled, and one exists. Please don't $session->start();
INFO - 2023-07-10 03:43:16 --> Session: Class initialized using 'CodeIgniter\Session\Handlers\FileHandler' driver.
WARNING - 2023-07-10 03:43:16 --> Session: Sessions is enabled, and one exists. Please don't $session->start();
WARNING - 2023-07-10 10:43:16 --> Session: Sessions is enabled, and one exists. Please don't $session->start();
INFO - 2023-07-10 03:43:42 --> Session: Class initialized using 'CodeIgniter\Session\Handlers\FileHandler' driver.
WARNING - 2023-07-10 03:43:42 --> Session: Sessions is enabled, and one exists. Please don't $session->start();
WARNING - 2023-07-10 10:43:42 --> Session: Sessions is enabled, and one exists. Please don't $session->start();
INFO - 2023-07-10 03:43:53 --> Session: Class initialized using 'CodeIgniter\Session\Handlers\FileHandler' driver.
WARNING - 2023-07-10 03:43:53 --> Session: Sessions is enabled, and one exists. Please don't $session->start();
WARNING - 2023-07-10 10:43:53 --> Session: Sessions is enabled, and one exists. Please don't $session->start();
INFO - 2023-07-10 03:44:05 --> Session: Class initialized using 'CodeIgniter\Session\Handlers\FileHandler' driver.
WARNING - 2023-07-10 10:44:05 --> Session: Sessions is enabled, and one exists. Please don't $session->start();
INFO - 2023-07-10 03:44:06 --> Session: Class initialized using 'CodeIgniter\Session\Handlers\FileHandler' driver.
WARNING - 2023-07-10 10:44:06 --> Session: Sessions is enabled, and one exists. Please don't $session->start();
INFO - 2023-07-10 03:44:09 --> Session: Class initialized using 'CodeIgniter\Session\Handlers\FileHandler' driver.
WARNING - 2023-07-10 10:44:09 --> Session: Sessions is enabled, and one exists. Please don't $session->start();
INFO - 2023-07-10 03:44:15 --> Session: Class initialized using 'CodeIgniter\Session\Handlers\FileHandler' driver.
WARNING - 2023-07-10 03:44:15 --> Session: Sessions is enabled, and one exists. Please don't $session->start();
WARNING - 2023-07-10 10:44:15 --> Session: Sessions is enabled, and one exists. Please don't $session->start();
INFO - 2023-07-10 03:44:22 --> Session: Class initialized using 'CodeIgniter\Session\Handlers\FileHandler' driver.
WARNING - 2023-07-10 03:44:22 --> Session: Sessions is enabled, and one exists. Please don't $session->start();
WARNING - 2023-07-10 10:44:22 --> Session: Sessions is enabled, and one exists. Please don't $session->start();
INFO - 2023-07-10 03:44:26 --> Session: Class initialized using 'CodeIgniter\Session\Handlers\FileHandler' driver.
WARNING - 2023-07-10 03:44:26 --> Session: Sessions is enabled, and one exists. Please don't $session->start();
WARNING - 2023-07-10 10:44:26 --> Session: Sessions is enabled, and one exists. Please don't $session->start();
INFO - 2023-07-10 03:44:31 --> Session: Class initialized using 'CodeIgniter\Session\Handlers\FileHandler' driver.
WARNING - 2023-07-10 10:44:31 --> Session: Sessions is enabled, and one exists. Please don't $session->start();
INFO - 2023-07-10 03:44:36 --> Session: Class initialized using 'CodeIgniter\Session\Handlers\FileHandler' driver.
WARNING - 2023-07-10 03:44:36 --> Session: Sessions is enabled, and one exists. Please don't $session->start();
WARNING - 2023-07-10 10:44:36 --> Session: Sessions is enabled, and one exists. Please don't $session->start();
INFO - 2023-07-10 03:44:39 --> Session: Class initialized using 'CodeIgniter\Session\Handlers\FileHandler' driver.
WARNING - 2023-07-10 03:44:39 --> Session: Sessions is enabled, and one exists. Please don't $session->start();
WARNING - 2023-07-10 10:44:39 --> Session: Sessions is enabled, and one exists. Please don't $session->start();
INFO - 2023-07-10 03:44:44 --> Session: Class initialized using 'CodeIgniter\Session\Handlers\FileHandler' driver.
WARNING - 2023-07-10 03:44:44 --> Session: Sessions is enabled, and one exists. Please don't $session->start();
WARNING - 2023-07-10 10:44:44 --> Session: Sessions is enabled, and one exists. Please don't $session->start();
INFO - 2023-07-10 03:44:47 --> Session: Class initialized using 'CodeIgniter\Session\Handlers\FileHandler' driver.
WARNING - 2023-07-10 03:44:47 --> Session: Sessions is enabled, and one exists. Please don't $session->start();
WARNING - 2023-07-10 10:44:47 --> Session: Sessions is enabled, and one exists. Please don't $session->start();
INFO - 2023-07-10 03:44:50 --> Session: Class initialized using 'CodeIgniter\Session\Handlers\FileHandler' driver.
WARNING - 2023-07-10 03:44:50 --> Session: Sessions is enabled, and one exists. Please don't $session->start();
WARNING - 2023-07-10 10:44:50 --> Session: Sessions is enabled, and one exists. Please don't $session->start();
INFO - 2023-07-10 03:44:54 --> Session: Class initialized using 'CodeIgniter\Session\Handlers\FileHandler' driver.
WARNING - 2023-07-10 03:44:54 --> Session: Sessions is enabled, and one exists. Please don't $session->start();
WARNING - 2023-07-10 10:44:54 --> Session: Sessions is enabled, and one exists. Please don't $session->start();
INFO - 2023-07-10 03:45:06 --> Session: Class initialized using 'CodeIgniter\Session\Handlers\FileHandler' driver.
WARNING - 2023-07-10 03:45:06 --> Session: Sessions is enabled, and one exists. Please don't $session->start();
WARNING - 2023-07-10 10:45:06 --> Session: Sessions is enabled, and one exists. Please don't $session->start();
INFO - 2023-07-10 03:45:08 --> Session: Class initialized using 'CodeIgniter\Session\Handlers\FileHandler' driver.
WARNING - 2023-07-10 03:45:08 --> Session: Sessions is enabled, and one exists. Please don't $session->start();
WARNING - 2023-07-10 10:45:08 --> Session: Sessions is enabled, and one exists. Please don't $session->start();
INFO - 2023-07-10 03:45:09 --> Session: Class initialized using 'CodeIgniter\Session\Handlers\FileHandler' driver.
WARNING - 2023-07-10 03:45:09 --> Session: Sessions is enabled, and one exists. Please don't $session->start();
WARNING - 2023-07-10 10:45:09 --> Session: Sessions is enabled, and one exists. Please don't $session->start();
INFO - 2023-07-10 03:45:11 --> Session: Class initialized using 'CodeIgniter\Session\Handlers\FileHandler' driver.
WARNING - 2023-07-10 03:45:11 --> Session: Sessions is enabled, and one exists. Please don't $session->start();
WARNING - 2023-07-10 10:45:11 --> Session: Sessions is enabled, and one exists. Please don't $session->start();
INFO - 2023-07-10 03:45:13 --> Session: Class initialized using 'CodeIgniter\Session\Handlers\FileHandler' driver.
WARNING - 2023-07-10 03:45:13 --> Session: Sessions is enabled, and one exists. Please don't $session->start();
WARNING - 2023-07-10 10:45:13 --> Session: Sessions is enabled, and one exists. Please don't $session->start();
INFO - 2023-07-10 03:45:14 --> Session: Class initialized using 'CodeIgniter\Session\Handlers\FileHandler' driver.
WARNING - 2023-07-10 03:45:14 --> Session: Sessions is enabled, and one exists. Please don't $session->start();
WARNING - 2023-07-10 10:45:14 --> Session: Sessions is enabled, and one exists. Please don't $session->start();
INFO - 2023-07-10 03:45:16 --> Session: Class initialized using 'CodeIgniter\Session\Handlers\FileHandler' driver.
WARNING - 2023-07-10 10:45:16 --> Session: Sessions is enabled, and one exists. Please don't $session->start();
INFO - 2023-07-10 03:45:16 --> Session: Class initialized using 'CodeIgniter\Session\Handlers\FileHandler' driver.
WARNING - 2023-07-10 03:45:16 --> Session: Sessions is enabled, and one exists. Please don't $session->start();
WARNING - 2023-07-10 10:45:16 --> Session: Sessions is enabled, and one exists. Please don't $session->start();
INFO - 2023-07-10 03:45:17 --> Session: Class initialized using 'CodeIgniter\Session\Handlers\FileHandler' driver.
WARNING - 2023-07-10 03:45:17 --> Session: Sessions is enabled, and one exists. Please don't $session->start();
WARNING - 2023-07-10 10:45:17 --> Session: Sessions is enabled, and one exists. Please don't $session->start();
INFO - 2023-07-10 03:45:19 --> Session: Class initialized using 'CodeIgniter\Session\Handlers\FileHandler' driver.
WARNING - 2023-07-10 03:45:19 --> Session: Sessions is enabled, and one exists. Please don't $session->start();
WARNING - 2023-07-10 10:45:19 --> Session: Sessions is enabled, and one exists. Please don't $session->start();
INFO - 2023-07-10 03:45:20 --> Session: Class initialized using 'CodeIgniter\Session\Handlers\FileHandler' driver.
WARNING - 2023-07-10 03:45:20 --> Session: Sessions is enabled, and one exists. Please don't $session->start();
WARNING - 2023-07-10 10:45:20 --> Session: Sessions is enabled, and one exists. Please don't $session->start();
INFO - 2023-07-10 03:45:20 --> Session: Class initialized using 'CodeIgniter\Session\Handlers\FileHandler' driver.
WARNING - 2023-07-10 03:45:20 --> Session: Sessions is enabled, and one exists. Please don't $session->start();
INFO - 2023-07-10 03:45:21 --> Session: Class initialized using 'CodeIgniter\Session\Handlers\FileHandler' driver.
WARNING - 2023-07-10 03:45:21 --> Session: Sessions is enabled, and one exists. Please don't $session->start();
INFO - 2023-07-10 03:45:21 --> Session: Class initialized using 'CodeIgniter\Session\Handlers\FileHandler' driver.
WARNING - 2023-07-10 03:45:21 --> Session: Sessions is enabled, and one exists. Please don't $session->start();
WARNING - 2023-07-10 10:45:21 --> Session: Sessions is enabled, and one exists. Please don't $session->start();
INFO - 2023-07-10 03:45:24 --> Session: Class initialized using 'CodeIgniter\Session\Handlers\FileHandler' driver.
WARNING - 2023-07-10 03:45:24 --> Session: Sessions is enabled, and one exists. Please don't $session->start();
WARNING - 2023-07-10 10:45:24 --> Session: Sessions is enabled, and one exists. Please don't $session->start();
INFO - 2023-07-10 03:45:27 --> Session: Class initialized using 'CodeIgniter\Session\Handlers\FileHandler' driver.
WARNING - 2023-07-10 03:45:27 --> Session: Sessions is enabled, and one exists. Please don't $session->start();
WARNING - 2023-07-10 10:45:27 --> Session: Sessions is enabled, and one exists. Please don't $session->start();
INFO - 2023-07-10 03:46:42 --> Session: Class initialized using 'CodeIgniter\Session\Handlers\FileHandler' driver.
WARNING - 2023-07-10 03:46:42 --> Session: Sessions is enabled, and one exists. Please don't $session->start();
INFO - 2023-07-10 03:46:42 --> Session: Class initialized using 'CodeIgniter\Session\Handlers\FileHandler' driver.
WARNING - 2023-07-10 03:46:42 --> Session: Sessions is enabled, and one exists. Please don't $session->start();
WARNING - 2023-07-10 10:46:42 --> Session: Sessions is enabled, and one exists. Please don't $session->start();
INFO - 2023-07-10 03:46:49 --> Session: Class initialized using 'CodeIgniter\Session\Handlers\FileHandler' driver.
WARNING - 2023-07-10 03:46:49 --> Session: Sessions is enabled, and one exists. Please don't $session->start();
WARNING - 2023-07-10 10:46:49 --> Session: Sessions is enabled, and one exists. Please don't $session->start();
INFO - 2023-07-10 03:46:54 --> Session: Class initialized using 'CodeIgniter\Session\Handlers\FileHandler' driver.
WARNING - 2023-07-10 03:46:54 --> Session: Sessions is enabled, and one exists. Please don't $session->start();
WARNING - 2023-07-10 10:46:54 --> Session: Sessions is enabled, and one exists. Please don't $session->start();
INFO - 2023-07-10 03:46:58 --> Session: Class initialized using 'CodeIgniter\Session\Handlers\FileHandler' driver.
WARNING - 2023-07-10 03:46:58 --> Session: Sessions is enabled, and one exists. Please don't $session->start();
WARNING - 2023-07-10 10:46:58 --> Session: Sessions is enabled, and one exists. Please don't $session->start();
INFO - 2023-07-10 03:47:03 --> Session: Class initialized using 'CodeIgniter\Session\Handlers\FileHandler' driver.
WARNING - 2023-07-10 03:47:03 --> Session: Sessions is enabled, and one exists. Please don't $session->start();
WARNING - 2023-07-10 10:47:03 --> Session: Sessions is enabled, and one exists. Please don't $session->start();
INFO - 2023-07-10 03:47:18 --> Session: Class initialized using 'CodeIgniter\Session\Handlers\FileHandler' driver.
WARNING - 2023-07-10 03:47:18 --> Session: Sessions is enabled, and one exists. Please don't $session->start();
WARNING - 2023-07-10 10:47:18 --> Session: Sessions is enabled, and one exists. Please don't $session->start();
INFO - 2023-07-10 03:51:51 --> Session: Class initialized using 'CodeIgniter\Session\Handlers\FileHandler' driver.
WARNING - 2023-07-10 03:51:51 --> Session: Sessions is enabled, and one exists. Please don't $session->start();
WARNING - 2023-07-10 10:51:51 --> Session: Sessions is enabled, and one exists. Please don't $session->start();
INFO - 2023-07-10 03:54:47 --> Session: Class initialized using 'CodeIgniter\Session\Handlers\FileHandler' driver.
WARNING - 2023-07-10 03:54:47 --> Session: Sessions is enabled, and one exists. Please don't $session->start();
WARNING - 2023-07-10 10:54:47 --> Session: Sessions is enabled, and one exists. Please don't $session->start();
INFO - 2023-07-10 03:55:02 --> Session: Class initialized using 'CodeIgniter\Session\Handlers\FileHandler' driver.
WARNING - 2023-07-10 03:55:02 --> Session: Sessions is enabled, and one exists. Please don't $session->start();
WARNING - 2023-07-10 10:55:02 --> Session: Sessions is enabled, and one exists. Please don't $session->start();
INFO - 2023-07-10 03:55:04 --> Session: Class initialized using 'CodeIgniter\Session\Handlers\FileHandler' driver.
WARNING - 2023-07-10 03:55:04 --> Session: Sessions is enabled, and one exists. Please don't $session->start();
WARNING - 2023-07-10 10:55:04 --> Session: Sessions is enabled, and one exists. Please don't $session->start();
INFO - 2023-07-10 03:59:59 --> Session: Class initialized using 'CodeIgniter\Session\Handlers\FileHandler' driver.
WARNING - 2023-07-10 03:59:59 --> Session: Sessions is enabled, and one exists. Please don't $session->start();
WARNING - 2023-07-10 10:59:59 --> Session: Sessions is enabled, and one exists. Please don't $session->start();
INFO - 2023-07-10 04:00:01 --> Session: Class initialized using 'CodeIgniter\Session\Handlers\FileHandler' driver.
WARNING - 2023-07-10 04:00:01 --> Session: Sessions is enabled, and one exists. Please don't $session->start();
WARNING - 2023-07-10 11:00:01 --> Session: Sessions is enabled, and one exists. Please don't $session->start();
INFO - 2023-07-10 04:08:40 --> Session: Class initialized using 'CodeIgniter\Session\Handlers\FileHandler' driver.
WARNING - 2023-07-10 04:08:40 --> Session: Sessions is enabled, and one exists. Please don't $session->start();
INFO - 2023-07-10 04:08:40 --> Session: Class initialized using 'CodeIgniter\Session\Handlers\FileHandler' driver.
WARNING - 2023-07-10 04:08:40 --> Session: Sessions is enabled, and one exists. Please don't $session->start();
WARNING - 2023-07-10 11:08:40 --> Session: Sessions is enabled, and one exists. Please don't $session->start();
INFO - 2023-07-10 04:08:48 --> Session: Class initialized using 'CodeIgniter\Session\Handlers\FileHandler' driver.
WARNING - 2023-07-10 04:08:48 --> Session: Sessions is enabled, and one exists. Please don't $session->start();
WARNING - 2023-07-10 11:08:48 --> Session: Sessions is enabled, and one exists. Please don't $session->start();
INFO - 2023-07-10 04:09:10 --> Session: Class initialized using 'CodeIgniter\Session\Handlers\FileHandler' driver.
WARNING - 2023-07-10 04:09:10 --> Session: Sessions is enabled, and one exists. Please don't $session->start();
WARNING - 2023-07-10 11:09:10 --> Session: Sessions is enabled, and one exists. Please don't $session->start();
ERROR - 2023-07-10 11:09:10 --> mysqli_sql_exception: You have an error in your SQL syntax; check the manual that corresponds to your MariaDB server version for the right syntax to use near '' at line 1 in E:\xampp\htdocs\koperasi\vendor\codeigniter4\framework\system\Database\MySQLi\Connection.php:295
Stack trace:
#0 E:\xampp\htdocs\koperasi\vendor\codeigniter4\framework\system\Database\MySQLi\Connection.php(295): mysqli->query('SELECT * FROM u...', 0)
#1 E:\xampp\htdocs\koperasi\vendor\codeigniter4\framework\system\Database\BaseConnection.php(692): CodeIgniter\Database\MySQLi\Connection->execute('SELECT * FROM u...')
#2 E:\xampp\htdocs\koperasi\vendor\codeigniter4\framework\system\Database\BaseConnection.php(606): CodeIgniter\Database\BaseConnection->simpleQuery('SELECT * FROM u...')
#3 E:\xampp\htdocs\koperasi\app\Config\MyConfig.php(18): CodeIgniter\Database\BaseConnection->query('SELECT * FROM u...')
#4 E:\xampp\htdocs\koperasi\app\Controllers\Simpanan.php(19): Config\MyConfig->__construct()
#5 E:\xampp\htdocs\koperasi\vendor\codeigniter4\framework\system\CodeIgniter.php(904): App\Controllers\Simpanan->__construct()
#6 E:\xampp\htdocs\koperasi\vendor\codeigniter4\framework\system\CodeIgniter.php(488): CodeIgniter\CodeIgniter->createController()
#7 E:\xampp\htdocs\koperasi\vendor\codeigniter4\framework\system\CodeIgniter.php(366): CodeIgniter\CodeIgniter->handleRequest(NULL, Object(Config\Cache), false)
#8 E:\xampp\htdocs\koperasi\public\index.php(67): CodeIgniter\CodeIgniter->run()
#9 E:\xampp\htdocs\koperasi\vendor\codeigniter4\framework\system\Commands\Server\rewrite.php(47): require_once('E:\\xampp\\htdocs...')
#10 {main}
CRITICAL - 2023-07-10 11:09:10 --> You have an error in your SQL syntax; check the manual that corresponds to your MariaDB server version for the right syntax to use near '' at line 1
in SYSTEMPATH\Database\MySQLi\Connection.php on line 295.
 1 SYSTEMPATH\Database\MySQLi\Connection.php(295): mysqli->query('SELECT * FROM users where id_user =  ', 0)
 2 SYSTEMPATH\Database\BaseConnection.php(692): CodeIgniter\Database\MySQLi\Connection->execute('SELECT * FROM users where id_user =  ')
 3 SYSTEMPATH\Database\BaseConnection.php(606): CodeIgniter\Database\BaseConnection->simpleQuery('SELECT * FROM users where id_user =  ')
 4 APPPATH\Config\MyConfig.php(18): CodeIgniter\Database\BaseConnection->query('SELECT * FROM users where id_user =  ')
 5 APPPATH\Controllers\Simpanan.php(19): Config\MyConfig->__construct()
 6 SYSTEMPATH\CodeIgniter.php(904): App\Controllers\Simpanan->__construct()
 7 SYSTEMPATH\CodeIgniter.php(488): CodeIgniter\CodeIgniter->createController()
 8 SYSTEMPATH\CodeIgniter.php(366): CodeIgniter\CodeIgniter->handleRequest(null, Object(Config\Cache), false)
 9 FCPATH\index.php(67): CodeIgniter\CodeIgniter->run()
10 SYSTEMPATH\Commands\Server\rewrite.php(47): require_once('E:\\xampp\\htdocs\\koperasi\\public\\index.php')
INFO - 2023-07-10 04:11:48 --> Session: Class initialized using 'CodeIgniter\Session\Handlers\FileHandler' driver.
WARNING - 2023-07-10 04:11:48 --> Session: Sessions is enabled, and one exists. Please don't $session->start();
WARNING - 2023-07-10 11:11:48 --> Session: Sessions is enabled, and one exists. Please don't $session->start();
INFO - 2023-07-10 04:11:53 --> Session: Class initialized using 'CodeIgniter\Session\Handlers\FileHandler' driver.
WARNING - 2023-07-10 04:11:53 --> Session: Sessions is enabled, and one exists. Please don't $session->start();
WARNING - 2023-07-10 11:11:53 --> Session: Sessions is enabled, and one exists. Please don't $session->start();
INFO - 2023-07-10 04:12:00 --> Session: Class initialized using 'CodeIgniter\Session\Handlers\FileHandler' driver.
WARNING - 2023-07-10 04:12:00 --> Session: Sessions is enabled, and one exists. Please don't $session->start();
WARNING - 2023-07-10 11:12:00 --> Session: Sessions is enabled, and one exists. Please don't $session->start();
INFO - 2023-07-10 04:12:02 --> Session: Class initialized using 'CodeIgniter\Session\Handlers\FileHandler' driver.
WARNING - 2023-07-10 04:12:02 --> Session: Sessions is enabled, and one exists. Please don't $session->start();
WARNING - 2023-07-10 11:12:02 --> Session: Sessions is enabled, and one exists. Please don't $session->start();
INFO - 2023-07-10 04:12:07 --> Session: Class initialized using 'CodeIgniter\Session\Handlers\FileHandler' driver.
WARNING - 2023-07-10 04:12:07 --> Session: Sessions is enabled, and one exists. Please don't $session->start();
WARNING - 2023-07-10 11:12:07 --> Session: Sessions is enabled, and one exists. Please don't $session->start();
INFO - 2023-07-10 04:13:48 --> Session: Class initialized using 'CodeIgniter\Session\Handlers\FileHandler' driver.
WARNING - 2023-07-10 04:13:48 --> Session: Sessions is enabled, and one exists. Please don't $session->start();
WARNING - 2023-07-10 11:13:48 --> Session: Sessions is enabled, and one exists. Please don't $session->start();
