INFO - 2023-05-18 04:48:10 --> Session: Class initialized using 'CodeIgniter\Session\Handlers\FileHandler' driver.
WARNING - 2023-05-18 04:48:10 --> Session: Sessions is enabled, and one exists.Please don't $session->start();
INFO - 2023-05-18 04:48:16 --> Session: Class initialized using 'CodeIgniter\Session\Handlers\FileHandler' driver.
WARNING - 2023-05-18 04:48:16 --> Session: Sessions is enabled, and one exists.Please don't $session->start();
INFO - 2023-05-18 04:48:17 --> Session: Class initialized using 'CodeIgniter\Session\Handlers\FileHandler' driver.
WARNING - 2023-05-18 04:48:17 --> Session: Sessions is enabled, and one exists.Please don't $session->start();
CRITICAL - 2023-05-18 04:48:17 --> Class "Config\BaseConfig" not found
in APPPATH\Config\MyConfig.php on line 6.
 1 SYSTEMPATH\Autoloader\Autoloader.php(312): include_once()
 2 SYSTEMPATH\Autoloader\Autoloader.php(289): CodeIgniter\Autoloader\Autoloader->includeFile('APPPATH\\Config\\MyConfig.php')
 3 SYSTEMPATH\Autoloader\Autoloader.php(267): CodeIgniter\Autoloader\Autoloader->loadInNamespace('Config\\MyConfig')
 4 APPPATH\Controllers\Dashboard.php(26): CodeIgniter\Autoloader\Autoloader->loadClass('Config\\MyConfig')
 5 SYSTEMPATH\CodeIgniter.php(906): App\Controllers\Dashboard->__construct()
 6 SYSTEMPATH\CodeIgniter.php(490): CodeIgniter\CodeIgniter->createController()
 7 SYSTEMPATH\CodeIgniter.php(368): CodeIgniter\CodeIgniter->handleRequest(null, Object(Config\Cache), false)
 8 FCPATH\index.php(67): CodeIgniter\CodeIgniter->run()
 9 SYSTEMPATH\Commands\Server\rewrite.php(47): require_once('FCPATH\\index.php')
INFO - 2023-05-18 04:49:08 --> Session: Class initialized using 'CodeIgniter\Session\Handlers\FileHandler' driver.
WARNING - 2023-05-18 04:49:08 --> Session: Sessions is enabled, and one exists.Please don't $session->start();
WARNING - 2023-05-18 11:49:08 --> Session: Sessions is enabled, and one exists.Please don't $session->start();
INFO - 2023-05-18 04:49:12 --> Session: Class initialized using 'CodeIgniter\Session\Handlers\FileHandler' driver.
WARNING - 2023-05-18 11:49:12 --> Session: Sessions is enabled, and one exists.Please don't $session->start();
INFO - 2023-05-18 04:49:13 --> Session: Class initialized using 'CodeIgniter\Session\Handlers\FileHandler' driver.
WARNING - 2023-05-18 11:49:13 --> Session: Sessions is enabled, and one exists.Please don't $session->start();
INFO - 2023-05-18 11:49:39 --> Session: Class initialized using 'CodeIgniter\Session\Handlers\FileHandler' driver.
WARNING - 2023-05-18 11:49:39 --> Session: Sessions is enabled, and one exists.Please don't $session->start();
INFO - 2023-05-18 04:49:39 --> Session: Class initialized using 'CodeIgniter\Session\Handlers\FileHandler' driver.
WARNING - 2023-05-18 11:49:39 --> Session: Sessions is enabled, and one exists.Please don't $session->start();
INFO - 2023-05-18 04:49:43 --> Session: Class initialized using 'CodeIgniter\Session\Handlers\FileHandler' driver.
WARNING - 2023-05-18 11:49:43 --> Session: Sessions is enabled, and one exists.Please don't $session->start();
INFO - 2023-05-18 11:49:43 --> Session: Class initialized using 'CodeIgniter\Session\Handlers\FileHandler' driver.
WARNING - 2023-05-18 11:49:43 --> Session: Sessions is enabled, and one exists.Please don't $session->start();
INFO - 2023-05-18 11:49:44 --> Session: Class initialized using 'CodeIgniter\Session\Handlers\FileHandler' driver.
WARNING - 2023-05-18 11:49:44 --> Session: Sessions is enabled, and one exists.Please don't $session->start();
INFO - 2023-05-18 11:49:44 --> Session: Class initialized using 'CodeIgniter\Session\Handlers\FileHandler' driver.
WARNING - 2023-05-18 11:49:44 --> Session: Sessions is enabled, and one exists.Please don't $session->start();
INFO - 2023-05-18 04:50:30 --> Session: Class initialized using 'CodeIgniter\Session\Handlers\FileHandler' driver.
WARNING - 2023-05-18 11:50:30 --> Session: Sessions is enabled, and one exists.Please don't $session->start();
INFO - 2023-05-18 04:50:35 --> Session: Class initialized using 'CodeIgniter\Session\Handlers\FileHandler' driver.
WARNING - 2023-05-18 11:50:35 --> Session: Sessions is enabled, and one exists.Please don't $session->start();
INFO - 2023-05-18 11:50:36 --> Session: Class initialized using 'CodeIgniter\Session\Handlers\FileHandler' driver.
WARNING - 2023-05-18 11:50:36 --> Session: Sessions is enabled, and one exists.Please don't $session->start();
INFO - 2023-05-18 11:50:36 --> Session: Class initialized using 'CodeIgniter\Session\Handlers\FileHandler' driver.
WARNING - 2023-05-18 11:50:36 --> Session: Sessions is enabled, and one exists.Please don't $session->start();
INFO - 2023-05-18 11:50:36 --> Session: Class initialized using 'CodeIgniter\Session\Handlers\FileHandler' driver.
WARNING - 2023-05-18 11:50:36 --> Session: Sessions is enabled, and one exists.Please don't $session->start();
INFO - 2023-05-18 04:50:37 --> Session: Class initialized using 'CodeIgniter\Session\Handlers\FileHandler' driver.
WARNING - 2023-05-18 11:50:37 --> Session: Sessions is enabled, and one exists.Please don't $session->start();
INFO - 2023-05-18 04:55:34 --> Session: Class initialized using 'CodeIgniter\Session\Handlers\FileHandler' driver.
WARNING - 2023-05-18 04:55:34 --> Session: Sessions is enabled, and one exists.Please don't $session->start();
INFO - 2023-05-18 04:55:34 --> Session: Class initialized using 'CodeIgniter\Session\Handlers\FileHandler' driver.
WARNING - 2023-05-18 04:55:34 --> Session: Sessions is enabled, and one exists.Please don't $session->start();
INFO - 2023-05-18 04:55:39 --> Session: Class initialized using 'CodeIgniter\Session\Handlers\FileHandler' driver.
WARNING - 2023-05-18 04:55:39 --> Session: Sessions is enabled, and one exists.Please don't $session->start();
INFO - 2023-05-18 04:55:39 --> Session: Class initialized using 'CodeIgniter\Session\Handlers\FileHandler' driver.
WARNING - 2023-05-18 04:55:39 --> Session: Sessions is enabled, and one exists.Please don't $session->start();
WARNING - 2023-05-18 11:55:39 --> Session: Sessions is enabled, and one exists.Please don't $session->start();
INFO - 2023-05-18 04:55:43 --> Session: Class initialized using 'CodeIgniter\Session\Handlers\FileHandler' driver.
WARNING - 2023-05-18 04:55:43 --> Session: Sessions is enabled, and one exists.Please don't $session->start();
INFO - 2023-05-18 04:55:43 --> Session: Class initialized using 'CodeIgniter\Session\Handlers\FileHandler' driver.
WARNING - 2023-05-18 04:55:43 --> Session: Sessions is enabled, and one exists.Please don't $session->start();
INFO - 2023-05-18 04:55:48 --> Session: Class initialized using 'CodeIgniter\Session\Handlers\FileHandler' driver.
WARNING - 2023-05-18 04:55:48 --> Session: Sessions is enabled, and one exists.Please don't $session->start();
INFO - 2023-05-18 04:55:48 --> Session: Class initialized using 'CodeIgniter\Session\Handlers\FileHandler' driver.
WARNING - 2023-05-18 04:55:48 --> Session: Sessions is enabled, and one exists.Please don't $session->start();
WARNING - 2023-05-18 11:55:48 --> Session: Sessions is enabled, and one exists.Please don't $session->start();
INFO - 2023-05-18 04:55:51 --> Session: Class initialized using 'CodeIgniter\Session\Handlers\FileHandler' driver.
WARNING - 2023-05-18 11:55:51 --> Session: Sessions is enabled, and one exists.Please don't $session->start();
CRITICAL - 2023-05-18 11:55:52 --> Call to undefined method App\Models\PembiayaanModel::getPembiayaanAnggota
in SYSTEMPATH\Model.php on line 840.
 1 APPPATH\Controllers\Pembiayaan.php(141): CodeIgniter\Model->__call('getPembiayaanAnggota', [...])
 2 SYSTEMPATH\CodeIgniter.php(934): App\Controllers\Pembiayaan->anggota()
 3 SYSTEMPATH\CodeIgniter.php(499): CodeIgniter\CodeIgniter->runController(Object(App\Controllers\Pembiayaan))
 4 SYSTEMPATH\CodeIgniter.php(368): CodeIgniter\CodeIgniter->handleRequest(null, Object(Config\Cache), false)
 5 FCPATH\index.php(67): CodeIgniter\CodeIgniter->run()
 6 SYSTEMPATH\Commands\Server\rewrite.php(47): require_once('FCPATH\\index.php')
INFO - 2023-05-18 04:56:54 --> Session: Class initialized using 'CodeIgniter\Session\Handlers\FileHandler' driver.
WARNING - 2023-05-18 11:56:54 --> Session: Sessions is enabled, and one exists.Please don't $session->start();
INFO - 2023-05-18 04:57:43 --> Session: Class initialized using 'CodeIgniter\Session\Handlers\FileHandler' driver.
WARNING - 2023-05-18 11:57:43 --> Session: Sessions is enabled, and one exists.Please don't $session->start();
INFO - 2023-05-18 04:57:46 --> Session: Class initialized using 'CodeIgniter\Session\Handlers\FileHandler' driver.
WARNING - 2023-05-18 11:57:46 --> Session: Sessions is enabled, and one exists.Please don't $session->start();
CRITICAL - 2023-05-18 11:57:46 --> Trying to access array offset on value of type null
in APPPATH\Views\pembiayaan\view_data_detail_pembiayaan.php on line 32.
 1 APPPATH\Views\pembiayaan\view_data_detail_pembiayaan.php(32): CodeIgniter\Debug\Exceptions->errorHandler(2, 'Trying to access array offset on value of type null', 'APPPATH\\Views\\pembiayaan\\view_data_detail_pembiayaan.php', 32)
 2 SYSTEMPATH\View\View.php(213): include('APPPATH\\Views\\pembiayaan\\view_data_detail_pembiayaan.php')
 3 SYSTEMPATH\View\View.php(216): CodeIgniter\View\View->CodeIgniter\View\{closure}()
 4 SYSTEMPATH\Common.php(1177): CodeIgniter\View\View->render('pembiayaan/view_data_detail_pembiayaan', [], true)
 5 APPPATH\Controllers\Pembiayaan.php(124): view('pembiayaan/view_data_detail_pembiayaan', [...])
 6 SYSTEMPATH\CodeIgniter.php(934): App\Controllers\Pembiayaan->detail('anggota', '4')
 7 SYSTEMPATH\CodeIgniter.php(499): CodeIgniter\CodeIgniter->runController(Object(App\Controllers\Pembiayaan))
 8 SYSTEMPATH\CodeIgniter.php(368): CodeIgniter\CodeIgniter->handleRequest(null, Object(Config\Cache), false)
 9 FCPATH\index.php(67): CodeIgniter\CodeIgniter->run()
10 SYSTEMPATH\Commands\Server\rewrite.php(47): require_once('FCPATH\\index.php')
INFO - 2023-05-18 04:58:01 --> Session: Class initialized using 'CodeIgniter\Session\Handlers\FileHandler' driver.
WARNING - 2023-05-18 11:58:01 --> Session: Sessions is enabled, and one exists.Please don't $session->start();
CRITICAL - 2023-05-18 11:58:01 --> Trying to access array offset on value of type null
in APPPATH\Views\pembiayaan\view_data_detail_pembiayaan.php on line 32.
 1 APPPATH\Views\pembiayaan\view_data_detail_pembiayaan.php(32): CodeIgniter\Debug\Exceptions->errorHandler(2, 'Trying to access array offset on value of type null', 'APPPATH\\Views\\pembiayaan\\view_data_detail_pembiayaan.php', 32)
 2 SYSTEMPATH\View\View.php(213): include('APPPATH\\Views\\pembiayaan\\view_data_detail_pembiayaan.php')
 3 SYSTEMPATH\View\View.php(216): CodeIgniter\View\View->CodeIgniter\View\{closure}()
 4 SYSTEMPATH\Common.php(1177): CodeIgniter\View\View->render('pembiayaan/view_data_detail_pembiayaan', [], true)
 5 APPPATH\Controllers\Pembiayaan.php(124): view('pembiayaan/view_data_detail_pembiayaan', [...])
 6 SYSTEMPATH\CodeIgniter.php(934): App\Controllers\Pembiayaan->detail('anggota', '4')
 7 SYSTEMPATH\CodeIgniter.php(499): CodeIgniter\CodeIgniter->runController(Object(App\Controllers\Pembiayaan))
 8 SYSTEMPATH\CodeIgniter.php(368): CodeIgniter\CodeIgniter->handleRequest(null, Object(Config\Cache), false)
 9 FCPATH\index.php(67): CodeIgniter\CodeIgniter->run()
10 SYSTEMPATH\Commands\Server\rewrite.php(47): require_once('FCPATH\\index.php')
INFO - 2023-05-18 04:58:06 --> Session: Class initialized using 'CodeIgniter\Session\Handlers\FileHandler' driver.
WARNING - 2023-05-18 11:58:06 --> Session: Sessions is enabled, and one exists.Please don't $session->start();
CRITICAL - 2023-05-18 11:58:06 --> Trying to access array offset on value of type null
in APPPATH\Views\pembiayaan\view_data_detail_pembiayaan.php on line 32.
 1 APPPATH\Views\pembiayaan\view_data_detail_pembiayaan.php(32): CodeIgniter\Debug\Exceptions->errorHandler(2, 'Trying to access array offset on value of type null', 'APPPATH\\Views\\pembiayaan\\view_data_detail_pembiayaan.php', 32)
 2 SYSTEMPATH\View\View.php(213): include('APPPATH\\Views\\pembiayaan\\view_data_detail_pembiayaan.php')
 3 SYSTEMPATH\View\View.php(216): CodeIgniter\View\View->CodeIgniter\View\{closure}()
 4 SYSTEMPATH\Common.php(1177): CodeIgniter\View\View->render('pembiayaan/view_data_detail_pembiayaan', [], true)
 5 APPPATH\Controllers\Pembiayaan.php(124): view('pembiayaan/view_data_detail_pembiayaan', [...])
 6 SYSTEMPATH\CodeIgniter.php(934): App\Controllers\Pembiayaan->detail('anggota', '4')
 7 SYSTEMPATH\CodeIgniter.php(499): CodeIgniter\CodeIgniter->runController(Object(App\Controllers\Pembiayaan))
 8 SYSTEMPATH\CodeIgniter.php(368): CodeIgniter\CodeIgniter->handleRequest(null, Object(Config\Cache), false)
 9 FCPATH\index.php(67): CodeIgniter\CodeIgniter->run()
10 SYSTEMPATH\Commands\Server\rewrite.php(47): require_once('FCPATH\\index.php')
INFO - 2023-05-18 04:58:11 --> Session: Class initialized using 'CodeIgniter\Session\Handlers\FileHandler' driver.
WARNING - 2023-05-18 11:58:11 --> Session: Sessions is enabled, and one exists.Please don't $session->start();
CRITICAL - 2023-05-18 11:58:11 --> Trying to access array offset on value of type null
in APPPATH\Views\pembiayaan\view_data_detail_pembiayaan.php on line 32.
 1 APPPATH\Views\pembiayaan\view_data_detail_pembiayaan.php(32): CodeIgniter\Debug\Exceptions->errorHandler(2, 'Trying to access array offset on value of type null', 'APPPATH\\Views\\pembiayaan\\view_data_detail_pembiayaan.php', 32)
 2 SYSTEMPATH\View\View.php(213): include('APPPATH\\Views\\pembiayaan\\view_data_detail_pembiayaan.php')
 3 SYSTEMPATH\View\View.php(216): CodeIgniter\View\View->CodeIgniter\View\{closure}()
 4 SYSTEMPATH\Common.php(1177): CodeIgniter\View\View->render('pembiayaan/view_data_detail_pembiayaan', [], true)
 5 APPPATH\Controllers\Pembiayaan.php(124): view('pembiayaan/view_data_detail_pembiayaan', [...])
 6 SYSTEMPATH\CodeIgniter.php(934): App\Controllers\Pembiayaan->detail('anggota', '4')
 7 SYSTEMPATH\CodeIgniter.php(499): CodeIgniter\CodeIgniter->runController(Object(App\Controllers\Pembiayaan))
 8 SYSTEMPATH\CodeIgniter.php(368): CodeIgniter\CodeIgniter->handleRequest(null, Object(Config\Cache), false)
 9 FCPATH\index.php(67): CodeIgniter\CodeIgniter->run()
10 SYSTEMPATH\Commands\Server\rewrite.php(47): require_once('FCPATH\\index.php')
INFO - 2023-05-18 06:09:59 --> Session: Class initialized using 'CodeIgniter\Session\Handlers\FileHandler' driver.
WARNING - 2023-05-18 13:09:59 --> Session: Sessions is enabled, and one exists.Please don't $session->start();
CRITICAL - 2023-05-18 13:09:59 --> Trying to access array offset on value of type null
in APPPATH\Views\pembiayaan\view_data_detail_pembiayaan.php on line 32.
 1 APPPATH\Views\pembiayaan\view_data_detail_pembiayaan.php(32): CodeIgniter\Debug\Exceptions->errorHandler(2, 'Trying to access array offset on value of type null', 'APPPATH\\Views\\pembiayaan\\view_data_detail_pembiayaan.php', 32)
 2 SYSTEMPATH\View\View.php(213): include('APPPATH\\Views\\pembiayaan\\view_data_detail_pembiayaan.php')
 3 SYSTEMPATH\View\View.php(216): CodeIgniter\View\View->CodeIgniter\View\{closure}()
 4 SYSTEMPATH\Common.php(1177): CodeIgniter\View\View->render('pembiayaan/view_data_detail_pembiayaan', [], true)
 5 APPPATH\Controllers\Pembiayaan.php(124): view('pembiayaan/view_data_detail_pembiayaan', [...])
 6 SYSTEMPATH\CodeIgniter.php(934): App\Controllers\Pembiayaan->detail('anggota', '4')
 7 SYSTEMPATH\CodeIgniter.php(499): CodeIgniter\CodeIgniter->runController(Object(App\Controllers\Pembiayaan))
 8 SYSTEMPATH\CodeIgniter.php(368): CodeIgniter\CodeIgniter->handleRequest(null, Object(Config\Cache), false)
 9 FCPATH\index.php(67): CodeIgniter\CodeIgniter->run()
10 SYSTEMPATH\Commands\Server\rewrite.php(47): require_once('FCPATH\\index.php')
INFO - 2023-05-18 06:10:01 --> Session: Class initialized using 'CodeIgniter\Session\Handlers\FileHandler' driver.
WARNING - 2023-05-18 13:10:01 --> Session: Sessions is enabled, and one exists.Please don't $session->start();
INFO - 2023-05-18 06:10:04 --> Session: Class initialized using 'CodeIgniter\Session\Handlers\FileHandler' driver.
WARNING - 2023-05-18 13:10:04 --> Session: Sessions is enabled, and one exists.Please don't $session->start();
INFO - 2023-05-18 06:10:06 --> Session: Class initialized using 'CodeIgniter\Session\Handlers\FileHandler' driver.
WARNING - 2023-05-18 13:10:06 --> Session: Sessions is enabled, and one exists.Please don't $session->start();
CRITICAL - 2023-05-18 13:10:06 --> Trying to access array offset on value of type null
in APPPATH\Views\pembiayaan\view_data_detail_pembiayaan.php on line 32.
 1 APPPATH\Views\pembiayaan\view_data_detail_pembiayaan.php(32): CodeIgniter\Debug\Exceptions->errorHandler(2, 'Trying to access array offset on value of type null', 'APPPATH\\Views\\pembiayaan\\view_data_detail_pembiayaan.php', 32)
 2 SYSTEMPATH\View\View.php(213): include('APPPATH\\Views\\pembiayaan\\view_data_detail_pembiayaan.php')
 3 SYSTEMPATH\View\View.php(216): CodeIgniter\View\View->CodeIgniter\View\{closure}()
 4 SYSTEMPATH\Common.php(1177): CodeIgniter\View\View->render('pembiayaan/view_data_detail_pembiayaan', [], true)
 5 APPPATH\Controllers\Pembiayaan.php(124): view('pembiayaan/view_data_detail_pembiayaan', [...])
 6 SYSTEMPATH\CodeIgniter.php(934): App\Controllers\Pembiayaan->detail('anggota', '4')
 7 SYSTEMPATH\CodeIgniter.php(499): CodeIgniter\CodeIgniter->runController(Object(App\Controllers\Pembiayaan))
 8 SYSTEMPATH\CodeIgniter.php(368): CodeIgniter\CodeIgniter->handleRequest(null, Object(Config\Cache), false)
 9 FCPATH\index.php(67): CodeIgniter\CodeIgniter->run()
10 SYSTEMPATH\Commands\Server\rewrite.php(47): require_once('FCPATH\\index.php')
INFO - 2023-05-18 06:10:08 --> Session: Class initialized using 'CodeIgniter\Session\Handlers\FileHandler' driver.
WARNING - 2023-05-18 13:10:08 --> Session: Sessions is enabled, and one exists.Please don't $session->start();
INFO - 2023-05-18 06:12:07 --> Session: Class initialized using 'CodeIgniter\Session\Handlers\FileHandler' driver.
WARNING - 2023-05-18 13:12:07 --> Session: Sessions is enabled, and one exists.Please don't $session->start();
CRITICAL - 2023-05-18 13:12:07 --> Trying to access array offset on value of type null
in APPPATH\Views\pembiayaan\view_data_detail_pembiayaan.php on line 32.
 1 APPPATH\Views\pembiayaan\view_data_detail_pembiayaan.php(32): CodeIgniter\Debug\Exceptions->errorHandler(2, 'Trying to access array offset on value of type null', 'APPPATH\\Views\\pembiayaan\\view_data_detail_pembiayaan.php', 32)
 2 SYSTEMPATH\View\View.php(213): include('APPPATH\\Views\\pembiayaan\\view_data_detail_pembiayaan.php')
 3 SYSTEMPATH\View\View.php(216): CodeIgniter\View\View->CodeIgniter\View\{closure}()
 4 SYSTEMPATH\Common.php(1177): CodeIgniter\View\View->render('pembiayaan/view_data_detail_pembiayaan', [], true)
 5 APPPATH\Controllers\Pembiayaan.php(124): view('pembiayaan/view_data_detail_pembiayaan', [...])
 6 SYSTEMPATH\CodeIgniter.php(934): App\Controllers\Pembiayaan->detail('anggota', '4')
 7 SYSTEMPATH\CodeIgniter.php(499): CodeIgniter\CodeIgniter->runController(Object(App\Controllers\Pembiayaan))
 8 SYSTEMPATH\CodeIgniter.php(368): CodeIgniter\CodeIgniter->handleRequest(null, Object(Config\Cache), false)
 9 FCPATH\index.php(67): CodeIgniter\CodeIgniter->run()
10 SYSTEMPATH\Commands\Server\rewrite.php(47): require_once('FCPATH\\index.php')
INFO - 2023-05-18 06:12:11 --> Session: Class initialized using 'CodeIgniter\Session\Handlers\FileHandler' driver.
WARNING - 2023-05-18 13:12:11 --> Session: Sessions is enabled, and one exists.Please don't $session->start();
INFO - 2023-05-18 06:12:47 --> Session: Class initialized using 'CodeIgniter\Session\Handlers\FileHandler' driver.
WARNING - 2023-05-18 13:12:47 --> Session: Sessions is enabled, and one exists.Please don't $session->start();
INFO - 2023-05-18 06:12:48 --> Session: Class initialized using 'CodeIgniter\Session\Handlers\FileHandler' driver.
WARNING - 2023-05-18 13:12:48 --> Session: Sessions is enabled, and one exists.Please don't $session->start();
INFO - 2023-05-18 06:13:18 --> Session: Class initialized using 'CodeIgniter\Session\Handlers\FileHandler' driver.
WARNING - 2023-05-18 13:13:18 --> Session: Sessions is enabled, and one exists.Please don't $session->start();
INFO - 2023-05-18 13:13:18 --> Session: Class initialized using 'CodeIgniter\Session\Handlers\FileHandler' driver.
WARNING - 2023-05-18 13:13:18 --> Session: Sessions is enabled, and one exists.Please don't $session->start();
INFO - 2023-05-18 13:13:19 --> Session: Class initialized using 'CodeIgniter\Session\Handlers\FileHandler' driver.
WARNING - 2023-05-18 13:13:19 --> Session: Sessions is enabled, and one exists.Please don't $session->start();
INFO - 2023-05-18 13:13:19 --> Session: Class initialized using 'CodeIgniter\Session\Handlers\FileHandler' driver.
WARNING - 2023-05-18 13:13:19 --> Session: Sessions is enabled, and one exists.Please don't $session->start();
INFO - 2023-05-18 06:16:55 --> Session: Class initialized using 'CodeIgniter\Session\Handlers\FileHandler' driver.
WARNING - 2023-05-18 13:16:55 --> Session: Sessions is enabled, and one exists.Please don't $session->start();
INFO - 2023-05-18 06:17:00 --> Session: Class initialized using 'CodeIgniter\Session\Handlers\FileHandler' driver.
WARNING - 2023-05-18 06:17:00 --> Session: Sessions is enabled, and one exists.Please don't $session->start();
INFO - 2023-05-18 06:17:00 --> Session: Class initialized using 'CodeIgniter\Session\Handlers\FileHandler' driver.
WARNING - 2023-05-18 06:17:00 --> Session: Sessions is enabled, and one exists.Please don't $session->start();
INFO - 2023-05-18 06:17:08 --> Session: Class initialized using 'CodeIgniter\Session\Handlers\FileHandler' driver.
WARNING - 2023-05-18 06:17:08 --> Session: Sessions is enabled, and one exists.Please don't $session->start();
INFO - 2023-05-18 06:17:08 --> Session: Class initialized using 'CodeIgniter\Session\Handlers\FileHandler' driver.
WARNING - 2023-05-18 06:17:08 --> Session: Sessions is enabled, and one exists.Please don't $session->start();
WARNING - 2023-05-18 13:17:08 --> Session: Sessions is enabled, and one exists.Please don't $session->start();
INFO - 2023-05-18 06:17:31 --> Session: Class initialized using 'CodeIgniter\Session\Handlers\FileHandler' driver.
WARNING - 2023-05-18 13:17:31 --> Session: Sessions is enabled, and one exists.Please don't $session->start();
INFO - 2023-05-18 06:17:40 --> Session: Class initialized using 'CodeIgniter\Session\Handlers\FileHandler' driver.
WARNING - 2023-05-18 13:17:40 --> Session: Sessions is enabled, and one exists.Please don't $session->start();
INFO - 2023-05-18 13:17:41 --> Session: Class initialized using 'CodeIgniter\Session\Handlers\FileHandler' driver.
WARNING - 2023-05-18 13:17:41 --> Session: Sessions is enabled, and one exists.Please don't $session->start();
INFO - 2023-05-18 13:17:41 --> Session: Class initialized using 'CodeIgniter\Session\Handlers\FileHandler' driver.
WARNING - 2023-05-18 13:17:41 --> Session: Sessions is enabled, and one exists.Please don't $session->start();
INFO - 2023-05-18 13:17:42 --> Session: Class initialized using 'CodeIgniter\Session\Handlers\FileHandler' driver.
WARNING - 2023-05-18 13:17:42 --> Session: Sessions is enabled, and one exists.Please don't $session->start();
INFO - 2023-05-18 06:19:11 --> Session: Class initialized using 'CodeIgniter\Session\Handlers\FileHandler' driver.
WARNING - 2023-05-18 13:19:11 --> Session: Sessions is enabled, and one exists.Please don't $session->start();
INFO - 2023-05-18 13:19:12 --> Session: Class initialized using 'CodeIgniter\Session\Handlers\FileHandler' driver.
WARNING - 2023-05-18 13:19:12 --> Session: Sessions is enabled, and one exists.Please don't $session->start();
INFO - 2023-05-18 13:19:12 --> Session: Class initialized using 'CodeIgniter\Session\Handlers\FileHandler' driver.
WARNING - 2023-05-18 13:19:12 --> Session: Sessions is enabled, and one exists.Please don't $session->start();
INFO - 2023-05-18 13:19:12 --> Session: Class initialized using 'CodeIgniter\Session\Handlers\FileHandler' driver.
WARNING - 2023-05-18 13:19:12 --> Session: Sessions is enabled, and one exists.Please don't $session->start();
INFO - 2023-05-18 13:19:14 --> Session: Class initialized using 'CodeIgniter\Session\Handlers\FileHandler' driver.
WARNING - 2023-05-18 13:19:14 --> Session: Sessions is enabled, and one exists.Please don't $session->start();
INFO - 2023-05-18 06:19:14 --> Session: Class initialized using 'CodeIgniter\Session\Handlers\FileHandler' driver.
WARNING - 2023-05-18 13:19:14 --> Session: Sessions is enabled, and one exists.Please don't $session->start();
INFO - 2023-05-18 13:19:15 --> Session: Class initialized using 'CodeIgniter\Session\Handlers\FileHandler' driver.
WARNING - 2023-05-18 13:19:15 --> Session: Sessions is enabled, and one exists.Please don't $session->start();
INFO - 2023-05-18 13:19:15 --> Session: Class initialized using 'CodeIgniter\Session\Handlers\FileHandler' driver.
WARNING - 2023-05-18 13:19:15 --> Session: Sessions is enabled, and one exists.Please don't $session->start();
INFO - 2023-05-18 13:19:15 --> Session: Class initialized using 'CodeIgniter\Session\Handlers\FileHandler' driver.
WARNING - 2023-05-18 13:19:15 --> Session: Sessions is enabled, and one exists.Please don't $session->start();
INFO - 2023-05-18 06:19:35 --> Session: Class initialized using 'CodeIgniter\Session\Handlers\FileHandler' driver.
WARNING - 2023-05-18 13:19:35 --> Session: Sessions is enabled, and one exists.Please don't $session->start();
INFO - 2023-05-18 13:19:35 --> Session: Class initialized using 'CodeIgniter\Session\Handlers\FileHandler' driver.
WARNING - 2023-05-18 13:19:35 --> Session: Sessions is enabled, and one exists.Please don't $session->start();
INFO - 2023-05-18 13:19:36 --> Session: Class initialized using 'CodeIgniter\Session\Handlers\FileHandler' driver.
WARNING - 2023-05-18 13:19:36 --> Session: Sessions is enabled, and one exists.Please don't $session->start();
INFO - 2023-05-18 13:19:36 --> Session: Class initialized using 'CodeIgniter\Session\Handlers\FileHandler' driver.
WARNING - 2023-05-18 13:19:36 --> Session: Sessions is enabled, and one exists.Please don't $session->start();
INFO - 2023-05-18 06:36:33 --> Session: Class initialized using 'CodeIgniter\Session\Handlers\FileHandler' driver.
WARNING - 2023-05-18 13:36:33 --> Session: Sessions is enabled, and one exists.Please don't $session->start();
INFO - 2023-05-18 13:36:34 --> Session: Class initialized using 'CodeIgniter\Session\Handlers\FileHandler' driver.
WARNING - 2023-05-18 13:36:34 --> Session: Sessions is enabled, and one exists.Please don't $session->start();
INFO - 2023-05-18 13:36:34 --> Session: Class initialized using 'CodeIgniter\Session\Handlers\FileHandler' driver.
WARNING - 2023-05-18 13:36:34 --> Session: Sessions is enabled, and one exists.Please don't $session->start();
INFO - 2023-05-18 06:36:54 --> Session: Class initialized using 'CodeIgniter\Session\Handlers\FileHandler' driver.
WARNING - 2023-05-18 13:36:54 --> Session: Sessions is enabled, and one exists.Please don't $session->start();
INFO - 2023-05-18 13:36:55 --> Session: Class initialized using 'CodeIgniter\Session\Handlers\FileHandler' driver.
WARNING - 2023-05-18 13:36:55 --> Session: Sessions is enabled, and one exists.Please don't $session->start();
INFO - 2023-05-18 06:37:41 --> Session: Class initialized using 'CodeIgniter\Session\Handlers\FileHandler' driver.
WARNING - 2023-05-18 13:37:41 --> Session: Sessions is enabled, and one exists.Please don't $session->start();
INFO - 2023-05-18 13:37:42 --> Session: Class initialized using 'CodeIgniter\Session\Handlers\FileHandler' driver.
WARNING - 2023-05-18 13:37:42 --> Session: Sessions is enabled, and one exists.Please don't $session->start();
INFO - 2023-05-18 06:38:51 --> Session: Class initialized using 'CodeIgniter\Session\Handlers\FileHandler' driver.
WARNING - 2023-05-18 13:38:51 --> Session: Sessions is enabled, and one exists.Please don't $session->start();
INFO - 2023-05-18 13:38:52 --> Session: Class initialized using 'CodeIgniter\Session\Handlers\FileHandler' driver.
WARNING - 2023-05-18 13:38:52 --> Session: Sessions is enabled, and one exists.Please don't $session->start();
INFO - 2023-05-18 06:40:02 --> Session: Class initialized using 'CodeIgniter\Session\Handlers\FileHandler' driver.
WARNING - 2023-05-18 13:40:02 --> Session: Sessions is enabled, and one exists.Please don't $session->start();
INFO - 2023-05-18 13:40:03 --> Session: Class initialized using 'CodeIgniter\Session\Handlers\FileHandler' driver.
WARNING - 2023-05-18 13:40:03 --> Session: Sessions is enabled, and one exists.Please don't $session->start();
INFO - 2023-05-18 06:40:37 --> Session: Class initialized using 'CodeIgniter\Session\Handlers\FileHandler' driver.
WARNING - 2023-05-18 13:40:37 --> Session: Sessions is enabled, and one exists.Please don't $session->start();
INFO - 2023-05-18 06:44:14 --> Session: Class initialized using 'CodeIgniter\Session\Handlers\FileHandler' driver.
WARNING - 2023-05-18 13:44:14 --> Session: Sessions is enabled, and one exists.Please don't $session->start();
INFO - 2023-05-18 06:44:20 --> Session: Class initialized using 'CodeIgniter\Session\Handlers\FileHandler' driver.
WARNING - 2023-05-18 13:44:20 --> Session: Sessions is enabled, and one exists.Please don't $session->start();
INFO - 2023-05-18 13:44:20 --> Session: Class initialized using 'CodeIgniter\Session\Handlers\FileHandler' driver.
WARNING - 2023-05-18 13:44:20 --> Session: Sessions is enabled, and one exists.Please don't $session->start();
INFO - 2023-05-18 07:17:03 --> Session: Class initialized using 'CodeIgniter\Session\Handlers\FileHandler' driver.
WARNING - 2023-05-18 14:17:03 --> Session: Sessions is enabled, and one exists.Please don't $session->start();
ERROR - 2023-05-18 14:17:03 --> mysqli_sql_exception: Table 'koperasi.pembiataan' doesn't exist in C:\xampp8\htdocs\koperasi\vendor\codeigniter4\framework\system\Database\MySQLi\Connection.php:295
Stack trace:
#0 C:\xampp8\htdocs\koperasi\vendor\codeigniter4\framework\system\Database\MySQLi\Connection.php(295): mysqli->query('SELECT `detail_...', 0)
#1 C:\xampp8\htdocs\koperasi\vendor\codeigniter4\framework\system\Database\BaseConnection.php(691): CodeIgniter\Database\MySQLi\Connection->execute('SELECT `detail_...')
#2 C:\xampp8\htdocs\koperasi\vendor\codeigniter4\framework\system\Database\BaseConnection.php(605): CodeIgniter\Database\BaseConnection->simpleQuery('SELECT `detail_...')
#3 C:\xampp8\htdocs\koperasi\vendor\codeigniter4\framework\system\Database\BaseBuilder.php(1601): CodeIgniter\Database\BaseConnection->query('SELECT `detail_...', Array, false)
#4 C:\xampp8\htdocs\koperasi\app\Models\PembiayaanModel.php(53): CodeIgniter\Database\BaseBuilder->get()
#5 C:\xampp8\htdocs\koperasi\app\Controllers\Pembiayaan.php(122): App\Models\PembiayaanModel->getDetailPembiayaan('4')
#6 C:\xampp8\htdocs\koperasi\vendor\codeigniter4\framework\system\CodeIgniter.php(934): App\Controllers\Pembiayaan->detail('4')
#7 C:\xampp8\htdocs\koperasi\vendor\codeigniter4\framework\system\CodeIgniter.php(499): CodeIgniter\CodeIgniter->runController(Object(App\Controllers\Pembiayaan))
#8 C:\xampp8\htdocs\koperasi\vendor\codeigniter4\framework\system\CodeIgniter.php(368): CodeIgniter\CodeIgniter->handleRequest(NULL, Object(Config\Cache), false)
#9 C:\xampp8\htdocs\koperasi\public\index.php(67): CodeIgniter\CodeIgniter->run()
#10 C:\xampp8\htdocs\koperasi\vendor\codeigniter4\framework\system\Commands\Server\rewrite.php(47): require_once('C:\\xampp8\\htdoc...')
#11 {main}
CRITICAL - 2023-05-18 14:17:03 --> Table 'koperasi.pembiataan' doesn't exist
in SYSTEMPATH\Database\BaseConnection.php on line 645.
 1 SYSTEMPATH\Database\BaseBuilder.php(1601): CodeIgniter\Database\BaseConnection->query('SELECT `detail_pembiayaan`.*, `users`.`full_name`
FROM `detail_pembiayaan`
JOIN `pembiataan` ON `pembiataan`.`id`=`detail_pembiayaan`.`pembiayaan_id`
JOIN `users` ON `users`.`id_user`=`pembiayaan`.`user_id`
WHERE `pembiayaan_id` = :pembiayaan_id:', [...], false)
 2 APPPATH\Models\PembiayaanModel.php(53): CodeIgniter\Database\BaseBuilder->get()
 3 APPPATH\Controllers\Pembiayaan.php(122): App\Models\PembiayaanModel->getDetailPembiayaan('4')
 4 SYSTEMPATH\CodeIgniter.php(934): App\Controllers\Pembiayaan->detail('4')
 5 SYSTEMPATH\CodeIgniter.php(499): CodeIgniter\CodeIgniter->runController(Object(App\Controllers\Pembiayaan))
 6 SYSTEMPATH\CodeIgniter.php(368): CodeIgniter\CodeIgniter->handleRequest(null, Object(Config\Cache), false)
 7 FCPATH\index.php(67): CodeIgniter\CodeIgniter->run()
 8 SYSTEMPATH\Commands\Server\rewrite.php(47): require_once('FCPATH\\index.php')
INFO - 2023-05-18 07:17:16 --> Session: Class initialized using 'CodeIgniter\Session\Handlers\FileHandler' driver.
WARNING - 2023-05-18 14:17:16 --> Session: Sessions is enabled, and one exists.Please don't $session->start();
INFO - 2023-05-18 14:17:16 --> Session: Class initialized using 'CodeIgniter\Session\Handlers\FileHandler' driver.
WARNING - 2023-05-18 14:17:16 --> Session: Sessions is enabled, and one exists.Please don't $session->start();
INFO - 2023-05-18 07:17:45 --> Session: Class initialized using 'CodeIgniter\Session\Handlers\FileHandler' driver.
WARNING - 2023-05-18 14:17:45 --> Session: Sessions is enabled, and one exists.Please don't $session->start();
INFO - 2023-05-18 07:18:03 --> Session: Class initialized using 'CodeIgniter\Session\Handlers\FileHandler' driver.
WARNING - 2023-05-18 14:18:03 --> Session: Sessions is enabled, and one exists.Please don't $session->start();
INFO - 2023-05-18 07:18:14 --> Session: Class initialized using 'CodeIgniter\Session\Handlers\FileHandler' driver.
WARNING - 2023-05-18 14:18:14 --> Session: Sessions is enabled, and one exists.Please don't $session->start();
INFO - 2023-05-18 07:18:57 --> Session: Class initialized using 'CodeIgniter\Session\Handlers\FileHandler' driver.
WARNING - 2023-05-18 14:18:57 --> Session: Sessions is enabled, and one exists.Please don't $session->start();
INFO - 2023-05-18 07:19:19 --> Session: Class initialized using 'CodeIgniter\Session\Handlers\FileHandler' driver.
WARNING - 2023-05-18 14:19:19 --> Session: Sessions is enabled, and one exists.Please don't $session->start();
INFO - 2023-05-18 07:19:46 --> Session: Class initialized using 'CodeIgniter\Session\Handlers\FileHandler' driver.
WARNING - 2023-05-18 14:19:46 --> Session: Sessions is enabled, and one exists.Please don't $session->start();
INFO - 2023-05-18 07:34:18 --> Session: Class initialized using 'CodeIgniter\Session\Handlers\FileHandler' driver.
WARNING - 2023-05-18 14:34:18 --> Session: Sessions is enabled, and one exists.Please don't $session->start();
INFO - 2023-05-18 07:34:42 --> Session: Class initialized using 'CodeIgniter\Session\Handlers\FileHandler' driver.
WARNING - 2023-05-18 14:34:42 --> Session: Sessions is enabled, and one exists.Please don't $session->start();
INFO - 2023-05-18 07:34:48 --> Session: Class initialized using 'CodeIgniter\Session\Handlers\FileHandler' driver.
WARNING - 2023-05-18 14:34:48 --> Session: Sessions is enabled, and one exists.Please don't $session->start();
INFO - 2023-05-18 07:35:01 --> Session: Class initialized using 'CodeIgniter\Session\Handlers\FileHandler' driver.
WARNING - 2023-05-18 14:35:01 --> Session: Sessions is enabled, and one exists.Please don't $session->start();
INFO - 2023-05-18 14:35:02 --> Session: Class initialized using 'CodeIgniter\Session\Handlers\FileHandler' driver.
WARNING - 2023-05-18 14:35:02 --> Session: Sessions is enabled, and one exists.Please don't $session->start();
INFO - 2023-05-18 14:35:02 --> Session: Class initialized using 'CodeIgniter\Session\Handlers\FileHandler' driver.
WARNING - 2023-05-18 14:35:02 --> Session: Sessions is enabled, and one exists.Please don't $session->start();
INFO - 2023-05-18 14:35:03 --> Session: Class initialized using 'CodeIgniter\Session\Handlers\FileHandler' driver.
WARNING - 2023-05-18 14:35:03 --> Session: Sessions is enabled, and one exists.Please don't $session->start();
INFO - 2023-05-18 14:35:03 --> Session: Class initialized using 'CodeIgniter\Session\Handlers\FileHandler' driver.
WARNING - 2023-05-18 14:35:03 --> Session: Sessions is enabled, and one exists.Please don't $session->start();
INFO - 2023-05-18 07:40:02 --> Session: Class initialized using 'CodeIgniter\Session\Handlers\FileHandler' driver.
WARNING - 2023-05-18 14:40:02 --> Session: Sessions is enabled, and one exists.Please don't $session->start();
INFO - 2023-05-18 07:41:45 --> Session: Class initialized using 'CodeIgniter\Session\Handlers\FileHandler' driver.
WARNING - 2023-05-18 14:41:45 --> Session: Sessions is enabled, and one exists.Please don't $session->start();
INFO - 2023-05-18 07:41:58 --> Session: Class initialized using 'CodeIgniter\Session\Handlers\FileHandler' driver.
WARNING - 2023-05-18 14:41:58 --> Session: Sessions is enabled, and one exists.Please don't $session->start();
INFO - 2023-05-18 07:42:29 --> Session: Class initialized using 'CodeIgniter\Session\Handlers\FileHandler' driver.
WARNING - 2023-05-18 14:42:29 --> Session: Sessions is enabled, and one exists.Please don't $session->start();
INFO - 2023-05-18 14:42:30 --> Session: Class initialized using 'CodeIgniter\Session\Handlers\FileHandler' driver.
WARNING - 2023-05-18 14:42:30 --> Session: Sessions is enabled, and one exists.Please don't $session->start();
INFO - 2023-05-18 14:42:30 --> Session: Class initialized using 'CodeIgniter\Session\Handlers\FileHandler' driver.
WARNING - 2023-05-18 14:42:30 --> Session: Sessions is enabled, and one exists.Please don't $session->start();
INFO - 2023-05-18 14:42:30 --> Session: Class initialized using 'CodeIgniter\Session\Handlers\FileHandler' driver.
WARNING - 2023-05-18 14:42:30 --> Session: Sessions is enabled, and one exists.Please don't $session->start();
INFO - 2023-05-18 14:42:30 --> Session: Class initialized using 'CodeIgniter\Session\Handlers\FileHandler' driver.
WARNING - 2023-05-18 14:42:30 --> Session: Sessions is enabled, and one exists.Please don't $session->start();
INFO - 2023-05-18 07:42:44 --> Session: Class initialized using 'CodeIgniter\Session\Handlers\FileHandler' driver.
WARNING - 2023-05-18 14:42:44 --> Session: Sessions is enabled, and one exists.Please don't $session->start();
INFO - 2023-05-18 14:42:44 --> Session: Class initialized using 'CodeIgniter\Session\Handlers\FileHandler' driver.
WARNING - 2023-05-18 14:42:44 --> Session: Sessions is enabled, and one exists.Please don't $session->start();
INFO - 2023-05-18 14:42:45 --> Session: Class initialized using 'CodeIgniter\Session\Handlers\FileHandler' driver.
WARNING - 2023-05-18 14:42:45 --> Session: Sessions is enabled, and one exists.Please don't $session->start();
INFO - 2023-05-18 14:42:45 --> Session: Class initialized using 'CodeIgniter\Session\Handlers\FileHandler' driver.
WARNING - 2023-05-18 14:42:45 --> Session: Sessions is enabled, and one exists.Please don't $session->start();
INFO - 2023-05-18 14:42:45 --> Session: Class initialized using 'CodeIgniter\Session\Handlers\FileHandler' driver.
WARNING - 2023-05-18 14:42:45 --> Session: Sessions is enabled, and one exists.Please don't $session->start();
INFO - 2023-05-18 07:43:16 --> Session: Class initialized using 'CodeIgniter\Session\Handlers\FileHandler' driver.
WARNING - 2023-05-18 14:43:16 --> Session: Sessions is enabled, and one exists.Please don't $session->start();
INFO - 2023-05-18 14:43:17 --> Session: Class initialized using 'CodeIgniter\Session\Handlers\FileHandler' driver.
WARNING - 2023-05-18 14:43:17 --> Session: Sessions is enabled, and one exists.Please don't $session->start();
INFO - 2023-05-18 14:43:17 --> Session: Class initialized using 'CodeIgniter\Session\Handlers\FileHandler' driver.
WARNING - 2023-05-18 14:43:17 --> Session: Sessions is enabled, and one exists.Please don't $session->start();
INFO - 2023-05-18 14:43:17 --> Session: Class initialized using 'CodeIgniter\Session\Handlers\FileHandler' driver.
WARNING - 2023-05-18 14:43:17 --> Session: Sessions is enabled, and one exists.Please don't $session->start();
INFO - 2023-05-18 14:43:17 --> Session: Class initialized using 'CodeIgniter\Session\Handlers\FileHandler' driver.
WARNING - 2023-05-18 14:43:17 --> Session: Sessions is enabled, and one exists.Please don't $session->start();
INFO - 2023-05-18 07:43:39 --> Session: Class initialized using 'CodeIgniter\Session\Handlers\FileHandler' driver.
WARNING - 2023-05-18 14:43:39 --> Session: Sessions is enabled, and one exists.Please don't $session->start();
INFO - 2023-05-18 14:43:40 --> Session: Class initialized using 'CodeIgniter\Session\Handlers\FileHandler' driver.
WARNING - 2023-05-18 14:43:40 --> Session: Sessions is enabled, and one exists.Please don't $session->start();
INFO - 2023-05-18 14:43:40 --> Session: Class initialized using 'CodeIgniter\Session\Handlers\FileHandler' driver.
WARNING - 2023-05-18 14:43:40 --> Session: Sessions is enabled, and one exists.Please don't $session->start();
INFO - 2023-05-18 14:43:40 --> Session: Class initialized using 'CodeIgniter\Session\Handlers\FileHandler' driver.
WARNING - 2023-05-18 14:43:40 --> Session: Sessions is enabled, and one exists.Please don't $session->start();
INFO - 2023-05-18 14:43:40 --> Session: Class initialized using 'CodeIgniter\Session\Handlers\FileHandler' driver.
WARNING - 2023-05-18 14:43:40 --> Session: Sessions is enabled, and one exists.Please don't $session->start();
INFO - 2023-05-18 07:43:59 --> Session: Class initialized using 'CodeIgniter\Session\Handlers\FileHandler' driver.
WARNING - 2023-05-18 14:43:59 --> Session: Sessions is enabled, and one exists.Please don't $session->start();
INFO - 2023-05-18 14:44:00 --> Session: Class initialized using 'CodeIgniter\Session\Handlers\FileHandler' driver.
WARNING - 2023-05-18 14:44:00 --> Session: Sessions is enabled, and one exists.Please don't $session->start();
INFO - 2023-05-18 14:44:00 --> Session: Class initialized using 'CodeIgniter\Session\Handlers\FileHandler' driver.
WARNING - 2023-05-18 14:44:00 --> Session: Sessions is enabled, and one exists.Please don't $session->start();
INFO - 2023-05-18 14:44:00 --> Session: Class initialized using 'CodeIgniter\Session\Handlers\FileHandler' driver.
WARNING - 2023-05-18 14:44:00 --> Session: Sessions is enabled, and one exists.Please don't $session->start();
INFO - 2023-05-18 14:44:01 --> Session: Class initialized using 'CodeIgniter\Session\Handlers\FileHandler' driver.
WARNING - 2023-05-18 14:44:01 --> Session: Sessions is enabled, and one exists.Please don't $session->start();
INFO - 2023-05-18 07:44:03 --> Session: Class initialized using 'CodeIgniter\Session\Handlers\FileHandler' driver.
WARNING - 2023-05-18 14:44:03 --> Session: Sessions is enabled, and one exists.Please don't $session->start();
INFO - 2023-05-18 07:44:08 --> Session: Class initialized using 'CodeIgniter\Session\Handlers\FileHandler' driver.
WARNING - 2023-05-18 14:44:08 --> Session: Sessions is enabled, and one exists.Please don't $session->start();
INFO - 2023-05-18 14:44:08 --> Session: Class initialized using 'CodeIgniter\Session\Handlers\FileHandler' driver.
WARNING - 2023-05-18 14:44:08 --> Session: Sessions is enabled, and one exists.Please don't $session->start();
INFO - 2023-05-18 14:44:09 --> Session: Class initialized using 'CodeIgniter\Session\Handlers\FileHandler' driver.
WARNING - 2023-05-18 14:44:09 --> Session: Sessions is enabled, and one exists.Please don't $session->start();
INFO - 2023-05-18 14:44:09 --> Session: Class initialized using 'CodeIgniter\Session\Handlers\FileHandler' driver.
WARNING - 2023-05-18 14:44:09 --> Session: Sessions is enabled, and one exists.Please don't $session->start();
INFO - 2023-05-18 14:44:09 --> Session: Class initialized using 'CodeIgniter\Session\Handlers\FileHandler' driver.
WARNING - 2023-05-18 14:44:09 --> Session: Sessions is enabled, and one exists.Please don't $session->start();
INFO - 2023-05-18 07:44:17 --> Session: Class initialized using 'CodeIgniter\Session\Handlers\FileHandler' driver.
WARNING - 2023-05-18 14:44:17 --> Session: Sessions is enabled, and one exists.Please don't $session->start();
CRITICAL - 2023-05-18 14:44:17 --> Undefined property: stdClass::$email
in APPPATH\Views\pembiayaan\print_angsuran.php on line 33.
 1 APPPATH\Views\pembiayaan\print_angsuran.php(33): CodeIgniter\Debug\Exceptions->errorHandler(2, 'Undefined property: stdClass::$email', 'APPPATH\\Views\\pembiayaan\\print_angsuran.php', 33)
 2 SYSTEMPATH\View\View.php(213): include('APPPATH\\Views\\pembiayaan\\print_angsuran.php')
 3 SYSTEMPATH\View\View.php(216): CodeIgniter\View\View->CodeIgniter\View\{closure}()
 4 SYSTEMPATH\Common.php(1177): CodeIgniter\View\View->render('pembiayaan/print_angsuran', [], true)
 5 APPPATH\Controllers\Pembiayaan.php(134): view('pembiayaan/print_angsuran', [...])
 6 SYSTEMPATH\CodeIgniter.php(934): App\Controllers\Pembiayaan->print_angsuran('14')
 7 SYSTEMPATH\CodeIgniter.php(499): CodeIgniter\CodeIgniter->runController(Object(App\Controllers\Pembiayaan))
 8 SYSTEMPATH\CodeIgniter.php(368): CodeIgniter\CodeIgniter->handleRequest(null, Object(Config\Cache), false)
 9 FCPATH\index.php(67): CodeIgniter\CodeIgniter->run()
10 SYSTEMPATH\Commands\Server\rewrite.php(47): require_once('FCPATH\\index.php')
INFO - 2023-05-18 07:44:38 --> Session: Class initialized using 'CodeIgniter\Session\Handlers\FileHandler' driver.
WARNING - 2023-05-18 14:44:38 --> Session: Sessions is enabled, and one exists.Please don't $session->start();
INFO - 2023-05-18 14:44:39 --> Session: Class initialized using 'CodeIgniter\Session\Handlers\FileHandler' driver.
WARNING - 2023-05-18 14:44:39 --> Session: Sessions is enabled, and one exists.Please don't $session->start();
INFO - 2023-05-18 14:44:39 --> Session: Class initialized using 'CodeIgniter\Session\Handlers\FileHandler' driver.
WARNING - 2023-05-18 14:44:39 --> Session: Sessions is enabled, and one exists.Please don't $session->start();
INFO - 2023-05-18 14:44:39 --> Session: Class initialized using 'CodeIgniter\Session\Handlers\FileHandler' driver.
WARNING - 2023-05-18 14:44:39 --> Session: Sessions is enabled, and one exists.Please don't $session->start();
INFO - 2023-05-18 14:44:39 --> Session: Class initialized using 'CodeIgniter\Session\Handlers\FileHandler' driver.
WARNING - 2023-05-18 14:44:39 --> Session: Sessions is enabled, and one exists.Please don't $session->start();
INFO - 2023-05-18 07:48:46 --> Session: Class initialized using 'CodeIgniter\Session\Handlers\FileHandler' driver.
WARNING - 2023-05-18 14:48:46 --> Session: Sessions is enabled, and one exists.Please don't $session->start();
INFO - 2023-05-18 14:48:47 --> Session: Class initialized using 'CodeIgniter\Session\Handlers\FileHandler' driver.
WARNING - 2023-05-18 14:48:47 --> Session: Sessions is enabled, and one exists.Please don't $session->start();
INFO - 2023-05-18 14:48:47 --> Session: Class initialized using 'CodeIgniter\Session\Handlers\FileHandler' driver.
WARNING - 2023-05-18 14:48:47 --> Session: Sessions is enabled, and one exists.Please don't $session->start();
INFO - 2023-05-18 14:48:47 --> Session: Class initialized using 'CodeIgniter\Session\Handlers\FileHandler' driver.
WARNING - 2023-05-18 14:48:47 --> Session: Sessions is enabled, and one exists.Please don't $session->start();
INFO - 2023-05-18 14:48:47 --> Session: Class initialized using 'CodeIgniter\Session\Handlers\FileHandler' driver.
WARNING - 2023-05-18 14:48:47 --> Session: Sessions is enabled, and one exists.Please don't $session->start();
INFO - 2023-05-18 07:49:03 --> Session: Class initialized using 'CodeIgniter\Session\Handlers\FileHandler' driver.
WARNING - 2023-05-18 14:49:03 --> Session: Sessions is enabled, and one exists.Please don't $session->start();
INFO - 2023-05-18 14:49:04 --> Session: Class initialized using 'CodeIgniter\Session\Handlers\FileHandler' driver.
WARNING - 2023-05-18 14:49:04 --> Session: Sessions is enabled, and one exists.Please don't $session->start();
INFO - 2023-05-18 14:49:04 --> Session: Class initialized using 'CodeIgniter\Session\Handlers\FileHandler' driver.
WARNING - 2023-05-18 14:49:04 --> Session: Sessions is enabled, and one exists.Please don't $session->start();
INFO - 2023-05-18 14:49:04 --> Session: Class initialized using 'CodeIgniter\Session\Handlers\FileHandler' driver.
WARNING - 2023-05-18 14:49:04 --> Session: Sessions is enabled, and one exists.Please don't $session->start();
INFO - 2023-05-18 14:49:04 --> Session: Class initialized using 'CodeIgniter\Session\Handlers\FileHandler' driver.
WARNING - 2023-05-18 14:49:04 --> Session: Sessions is enabled, and one exists.Please don't $session->start();
INFO - 2023-05-18 07:49:14 --> Session: Class initialized using 'CodeIgniter\Session\Handlers\FileHandler' driver.
WARNING - 2023-05-18 14:49:14 --> Session: Sessions is enabled, and one exists.Please don't $session->start();
INFO - 2023-05-18 14:49:15 --> Session: Class initialized using 'CodeIgniter\Session\Handlers\FileHandler' driver.
WARNING - 2023-05-18 14:49:15 --> Session: Sessions is enabled, and one exists.Please don't $session->start();
INFO - 2023-05-18 14:49:15 --> Session: Class initialized using 'CodeIgniter\Session\Handlers\FileHandler' driver.
WARNING - 2023-05-18 14:49:15 --> Session: Sessions is enabled, and one exists.Please don't $session->start();
INFO - 2023-05-18 14:49:15 --> Session: Class initialized using 'CodeIgniter\Session\Handlers\FileHandler' driver.
WARNING - 2023-05-18 14:49:15 --> Session: Sessions is enabled, and one exists.Please don't $session->start();
INFO - 2023-05-18 07:49:43 --> Session: Class initialized using 'CodeIgniter\Session\Handlers\FileHandler' driver.
WARNING - 2023-05-18 14:49:43 --> Session: Sessions is enabled, and one exists.Please don't $session->start();
INFO - 2023-05-18 14:49:44 --> Session: Class initialized using 'CodeIgniter\Session\Handlers\FileHandler' driver.
WARNING - 2023-05-18 14:49:44 --> Session: Sessions is enabled, and one exists.Please don't $session->start();
INFO - 2023-05-18 14:49:44 --> Session: Class initialized using 'CodeIgniter\Session\Handlers\FileHandler' driver.
WARNING - 2023-05-18 14:49:44 --> Session: Sessions is enabled, and one exists.Please don't $session->start();
INFO - 2023-05-18 14:49:44 --> Session: Class initialized using 'CodeIgniter\Session\Handlers\FileHandler' driver.
WARNING - 2023-05-18 14:49:44 --> Session: Sessions is enabled, and one exists.Please don't $session->start();
INFO - 2023-05-18 07:49:57 --> Session: Class initialized using 'CodeIgniter\Session\Handlers\FileHandler' driver.
WARNING - 2023-05-18 14:49:57 --> Session: Sessions is enabled, and one exists.Please don't $session->start();
INFO - 2023-05-18 14:49:58 --> Session: Class initialized using 'CodeIgniter\Session\Handlers\FileHandler' driver.
WARNING - 2023-05-18 14:49:58 --> Session: Sessions is enabled, and one exists.Please don't $session->start();
INFO - 2023-05-18 14:49:58 --> Session: Class initialized using 'CodeIgniter\Session\Handlers\FileHandler' driver.
WARNING - 2023-05-18 14:49:58 --> Session: Sessions is enabled, and one exists.Please don't $session->start();
INFO - 2023-05-18 14:49:58 --> Session: Class initialized using 'CodeIgniter\Session\Handlers\FileHandler' driver.
WARNING - 2023-05-18 14:49:58 --> Session: Sessions is enabled, and one exists.Please don't $session->start();
INFO - 2023-05-18 07:52:08 --> Session: Class initialized using 'CodeIgniter\Session\Handlers\FileHandler' driver.
WARNING - 2023-05-18 14:52:08 --> Session: Sessions is enabled, and one exists.Please don't $session->start();
CRITICAL - 2023-05-18 14:52:08 --> Undefined variable $no
in APPPATH\Views\pembiayaan\print_angsuran.php on line 63.
 1 APPPATH\Views\pembiayaan\print_angsuran.php(63): CodeIgniter\Debug\Exceptions->errorHandler(2, 'Undefined variable $no', 'APPPATH\\Views\\pembiayaan\\print_angsuran.php', 63)
 2 SYSTEMPATH\View\View.php(213): include('APPPATH\\Views\\pembiayaan\\print_angsuran.php')
 3 SYSTEMPATH\View\View.php(216): CodeIgniter\View\View->CodeIgniter\View\{closure}()
 4 SYSTEMPATH\Common.php(1177): CodeIgniter\View\View->render('pembiayaan/print_angsuran', [], true)
 5 APPPATH\Controllers\Pembiayaan.php(134): view('pembiayaan/print_angsuran', [...])
 6 SYSTEMPATH\CodeIgniter.php(934): App\Controllers\Pembiayaan->print_angsuran('14')
 7 SYSTEMPATH\CodeIgniter.php(499): CodeIgniter\CodeIgniter->runController(Object(App\Controllers\Pembiayaan))
 8 SYSTEMPATH\CodeIgniter.php(368): CodeIgniter\CodeIgniter->handleRequest(null, Object(Config\Cache), false)
 9 FCPATH\index.php(67): CodeIgniter\CodeIgniter->run()
10 SYSTEMPATH\Commands\Server\rewrite.php(47): require_once('FCPATH\\index.php')
INFO - 2023-05-18 07:52:14 --> Session: Class initialized using 'CodeIgniter\Session\Handlers\FileHandler' driver.
WARNING - 2023-05-18 14:52:14 --> Session: Sessions is enabled, and one exists.Please don't $session->start();
CRITICAL - 2023-05-18 14:52:14 --> Undefined variable $total_angsuran
in APPPATH\Views\pembiayaan\print_angsuran.php on line 89.
 1 APPPATH\Views\pembiayaan\print_angsuran.php(89): CodeIgniter\Debug\Exceptions->errorHandler(2, 'Undefined variable $total_angsuran', 'APPPATH\\Views\\pembiayaan\\print_angsuran.php', 89)
 2 SYSTEMPATH\View\View.php(213): include('APPPATH\\Views\\pembiayaan\\print_angsuran.php')
 3 SYSTEMPATH\View\View.php(216): CodeIgniter\View\View->CodeIgniter\View\{closure}()
 4 SYSTEMPATH\Common.php(1177): CodeIgniter\View\View->render('pembiayaan/print_angsuran', [], true)
 5 APPPATH\Controllers\Pembiayaan.php(134): view('pembiayaan/print_angsuran', [...])
 6 SYSTEMPATH\CodeIgniter.php(934): App\Controllers\Pembiayaan->print_angsuran('14')
 7 SYSTEMPATH\CodeIgniter.php(499): CodeIgniter\CodeIgniter->runController(Object(App\Controllers\Pembiayaan))
 8 SYSTEMPATH\CodeIgniter.php(368): CodeIgniter\CodeIgniter->handleRequest(null, Object(Config\Cache), false)
 9 FCPATH\index.php(67): CodeIgniter\CodeIgniter->run()
10 SYSTEMPATH\Commands\Server\rewrite.php(47): require_once('FCPATH\\index.php')
INFO - 2023-05-18 07:52:23 --> Session: Class initialized using 'CodeIgniter\Session\Handlers\FileHandler' driver.
WARNING - 2023-05-18 14:52:23 --> Session: Sessions is enabled, and one exists.Please don't $session->start();
CRITICAL - 2023-05-18 14:52:24 --> Undefined variable $total_angsuran
in APPPATH\Views\pembiayaan\print_angsuran.php on line 89.
 1 APPPATH\Views\pembiayaan\print_angsuran.php(89): CodeIgniter\Debug\Exceptions->errorHandler(2, 'Undefined variable $total_angsuran', 'APPPATH\\Views\\pembiayaan\\print_angsuran.php', 89)
 2 SYSTEMPATH\View\View.php(213): include('APPPATH\\Views\\pembiayaan\\print_angsuran.php')
 3 SYSTEMPATH\View\View.php(216): CodeIgniter\View\View->CodeIgniter\View\{closure}()
 4 SYSTEMPATH\Common.php(1177): CodeIgniter\View\View->render('pembiayaan/print_angsuran', [], true)
 5 APPPATH\Controllers\Pembiayaan.php(134): view('pembiayaan/print_angsuran', [...])
 6 SYSTEMPATH\CodeIgniter.php(934): App\Controllers\Pembiayaan->print_angsuran('14')
 7 SYSTEMPATH\CodeIgniter.php(499): CodeIgniter\CodeIgniter->runController(Object(App\Controllers\Pembiayaan))
 8 SYSTEMPATH\CodeIgniter.php(368): CodeIgniter\CodeIgniter->handleRequest(null, Object(Config\Cache), false)
 9 FCPATH\index.php(67): CodeIgniter\CodeIgniter->run()
10 SYSTEMPATH\Commands\Server\rewrite.php(47): require_once('FCPATH\\index.php')
INFO - 2023-05-18 07:52:28 --> Session: Class initialized using 'CodeIgniter\Session\Handlers\FileHandler' driver.
WARNING - 2023-05-18 14:52:28 --> Session: Sessions is enabled, and one exists.Please don't $session->start();
INFO - 2023-05-18 14:52:29 --> Session: Class initialized using 'CodeIgniter\Session\Handlers\FileHandler' driver.
WARNING - 2023-05-18 14:52:29 --> Session: Sessions is enabled, and one exists.Please don't $session->start();
INFO - 2023-05-18 14:52:29 --> Session: Class initialized using 'CodeIgniter\Session\Handlers\FileHandler' driver.
WARNING - 2023-05-18 14:52:29 --> Session: Sessions is enabled, and one exists.Please don't $session->start();
INFO - 2023-05-18 14:52:29 --> Session: Class initialized using 'CodeIgniter\Session\Handlers\FileHandler' driver.
WARNING - 2023-05-18 14:52:29 --> Session: Sessions is enabled, and one exists.Please don't $session->start();
INFO - 2023-05-18 07:54:57 --> Session: Class initialized using 'CodeIgniter\Session\Handlers\FileHandler' driver.
WARNING - 2023-05-18 14:54:57 --> Session: Sessions is enabled, and one exists.Please don't $session->start();
INFO - 2023-05-18 14:54:57 --> Session: Class initialized using 'CodeIgniter\Session\Handlers\FileHandler' driver.
WARNING - 2023-05-18 14:54:57 --> Session: Sessions is enabled, and one exists.Please don't $session->start();
INFO - 2023-05-18 14:54:57 --> Session: Class initialized using 'CodeIgniter\Session\Handlers\FileHandler' driver.
WARNING - 2023-05-18 14:54:57 --> Session: Sessions is enabled, and one exists.Please don't $session->start();
INFO - 2023-05-18 14:54:58 --> Session: Class initialized using 'CodeIgniter\Session\Handlers\FileHandler' driver.
WARNING - 2023-05-18 14:54:58 --> Session: Sessions is enabled, and one exists.Please don't $session->start();
INFO - 2023-05-18 07:55:04 --> Session: Class initialized using 'CodeIgniter\Session\Handlers\FileHandler' driver.
WARNING - 2023-05-18 14:55:04 --> Session: Sessions is enabled, and one exists.Please don't $session->start();
INFO - 2023-05-18 14:55:05 --> Session: Class initialized using 'CodeIgniter\Session\Handlers\FileHandler' driver.
WARNING - 2023-05-18 14:55:05 --> Session: Sessions is enabled, and one exists.Please don't $session->start();
INFO - 2023-05-18 14:55:05 --> Session: Class initialized using 'CodeIgniter\Session\Handlers\FileHandler' driver.
WARNING - 2023-05-18 14:55:05 --> Session: Sessions is enabled, and one exists.Please don't $session->start();
INFO - 2023-05-18 14:55:05 --> Session: Class initialized using 'CodeIgniter\Session\Handlers\FileHandler' driver.
WARNING - 2023-05-18 14:55:05 --> Session: Sessions is enabled, and one exists.Please don't $session->start();
INFO - 2023-05-18 07:55:21 --> Session: Class initialized using 'CodeIgniter\Session\Handlers\FileHandler' driver.
WARNING - 2023-05-18 14:55:21 --> Session: Sessions is enabled, and one exists.Please don't $session->start();
INFO - 2023-05-18 14:55:22 --> Session: Class initialized using 'CodeIgniter\Session\Handlers\FileHandler' driver.
WARNING - 2023-05-18 14:55:22 --> Session: Sessions is enabled, and one exists.Please don't $session->start();
INFO - 2023-05-18 14:55:22 --> Session: Class initialized using 'CodeIgniter\Session\Handlers\FileHandler' driver.
WARNING - 2023-05-18 14:55:22 --> Session: Sessions is enabled, and one exists.Please don't $session->start();
INFO - 2023-05-18 14:55:22 --> Session: Class initialized using 'CodeIgniter\Session\Handlers\FileHandler' driver.
WARNING - 2023-05-18 14:55:22 --> Session: Sessions is enabled, and one exists.Please don't $session->start();
INFO - 2023-05-18 07:55:32 --> Session: Class initialized using 'CodeIgniter\Session\Handlers\FileHandler' driver.
WARNING - 2023-05-18 14:55:32 --> Session: Sessions is enabled, and one exists.Please don't $session->start();
INFO - 2023-05-18 14:55:32 --> Session: Class initialized using 'CodeIgniter\Session\Handlers\FileHandler' driver.
WARNING - 2023-05-18 14:55:32 --> Session: Sessions is enabled, and one exists.Please don't $session->start();
INFO - 2023-05-18 14:55:33 --> Session: Class initialized using 'CodeIgniter\Session\Handlers\FileHandler' driver.
WARNING - 2023-05-18 14:55:33 --> Session: Sessions is enabled, and one exists.Please don't $session->start();
INFO - 2023-05-18 14:55:33 --> Session: Class initialized using 'CodeIgniter\Session\Handlers\FileHandler' driver.
WARNING - 2023-05-18 14:55:33 --> Session: Sessions is enabled, and one exists.Please don't $session->start();
INFO - 2023-05-18 07:55:36 --> Session: Class initialized using 'CodeIgniter\Session\Handlers\FileHandler' driver.
WARNING - 2023-05-18 14:55:36 --> Session: Sessions is enabled, and one exists.Please don't $session->start();
INFO - 2023-05-18 14:55:37 --> Session: Class initialized using 'CodeIgniter\Session\Handlers\FileHandler' driver.
WARNING - 2023-05-18 14:55:37 --> Session: Sessions is enabled, and one exists.Please don't $session->start();
INFO - 2023-05-18 14:55:37 --> Session: Class initialized using 'CodeIgniter\Session\Handlers\FileHandler' driver.
WARNING - 2023-05-18 14:55:37 --> Session: Sessions is enabled, and one exists.Please don't $session->start();
INFO - 2023-05-18 07:55:45 --> Session: Class initialized using 'CodeIgniter\Session\Handlers\FileHandler' driver.
WARNING - 2023-05-18 14:55:45 --> Session: Sessions is enabled, and one exists.Please don't $session->start();
INFO - 2023-05-18 14:55:45 --> Session: Class initialized using 'CodeIgniter\Session\Handlers\FileHandler' driver.
WARNING - 2023-05-18 14:55:45 --> Session: Sessions is enabled, and one exists.Please don't $session->start();
INFO - 2023-05-18 14:55:45 --> Session: Class initialized using 'CodeIgniter\Session\Handlers\FileHandler' driver.
WARNING - 2023-05-18 14:55:45 --> Session: Sessions is enabled, and one exists.Please don't $session->start();
INFO - 2023-05-18 07:56:47 --> Session: Class initialized using 'CodeIgniter\Session\Handlers\FileHandler' driver.
WARNING - 2023-05-18 14:56:47 --> Session: Sessions is enabled, and one exists.Please don't $session->start();
CRITICAL - 2023-05-18 14:56:47 --> Undefined variable $data
in APPPATH\Views\pembiayaan\print_angsuran.php on line 66.
 1 APPPATH\Views\pembiayaan\print_angsuran.php(66): CodeIgniter\Debug\Exceptions->errorHandler(2, 'Undefined variable $data', 'APPPATH\\Views\\pembiayaan\\print_angsuran.php', 66)
 2 SYSTEMPATH\View\View.php(213): include('APPPATH\\Views\\pembiayaan\\print_angsuran.php')
 3 SYSTEMPATH\View\View.php(216): CodeIgniter\View\View->CodeIgniter\View\{closure}()
 4 SYSTEMPATH\Common.php(1177): CodeIgniter\View\View->render('pembiayaan/print_angsuran', [], true)
 5 APPPATH\Controllers\Pembiayaan.php(134): view('pembiayaan/print_angsuran', [...])
 6 SYSTEMPATH\CodeIgniter.php(934): App\Controllers\Pembiayaan->print_angsuran('14')
 7 SYSTEMPATH\CodeIgniter.php(499): CodeIgniter\CodeIgniter->runController(Object(App\Controllers\Pembiayaan))
 8 SYSTEMPATH\CodeIgniter.php(368): CodeIgniter\CodeIgniter->handleRequest(null, Object(Config\Cache), false)
 9 FCPATH\index.php(67): CodeIgniter\CodeIgniter->run()
10 SYSTEMPATH\Commands\Server\rewrite.php(47): require_once('FCPATH\\index.php')
INFO - 2023-05-18 07:57:04 --> Session: Class initialized using 'CodeIgniter\Session\Handlers\FileHandler' driver.
WARNING - 2023-05-18 14:57:04 --> Session: Sessions is enabled, and one exists.Please don't $session->start();
INFO - 2023-05-18 14:57:05 --> Session: Class initialized using 'CodeIgniter\Session\Handlers\FileHandler' driver.
WARNING - 2023-05-18 14:57:05 --> Session: Sessions is enabled, and one exists.Please don't $session->start();
INFO - 2023-05-18 14:57:05 --> Session: Class initialized using 'CodeIgniter\Session\Handlers\FileHandler' driver.
WARNING - 2023-05-18 14:57:05 --> Session: Sessions is enabled, and one exists.Please don't $session->start();
INFO - 2023-05-18 07:57:26 --> Session: Class initialized using 'CodeIgniter\Session\Handlers\FileHandler' driver.
WARNING - 2023-05-18 14:57:26 --> Session: Sessions is enabled, and one exists.Please don't $session->start();
INFO - 2023-05-18 14:57:27 --> Session: Class initialized using 'CodeIgniter\Session\Handlers\FileHandler' driver.
WARNING - 2023-05-18 14:57:27 --> Session: Sessions is enabled, and one exists.Please don't $session->start();
INFO - 2023-05-18 14:57:27 --> Session: Class initialized using 'CodeIgniter\Session\Handlers\FileHandler' driver.
WARNING - 2023-05-18 14:57:27 --> Session: Sessions is enabled, and one exists.Please don't $session->start();
INFO - 2023-05-18 07:57:39 --> Session: Class initialized using 'CodeIgniter\Session\Handlers\FileHandler' driver.
WARNING - 2023-05-18 14:57:39 --> Session: Sessions is enabled, and one exists.Please don't $session->start();
INFO - 2023-05-18 14:57:40 --> Session: Class initialized using 'CodeIgniter\Session\Handlers\FileHandler' driver.
WARNING - 2023-05-18 14:57:40 --> Session: Sessions is enabled, and one exists.Please don't $session->start();
INFO - 2023-05-18 14:57:40 --> Session: Class initialized using 'CodeIgniter\Session\Handlers\FileHandler' driver.
WARNING - 2023-05-18 14:57:40 --> Session: Sessions is enabled, and one exists.Please don't $session->start();
INFO - 2023-05-18 07:57:54 --> Session: Class initialized using 'CodeIgniter\Session\Handlers\FileHandler' driver.
WARNING - 2023-05-18 14:57:54 --> Session: Sessions is enabled, and one exists.Please don't $session->start();
INFO - 2023-05-18 14:57:55 --> Session: Class initialized using 'CodeIgniter\Session\Handlers\FileHandler' driver.
WARNING - 2023-05-18 14:57:55 --> Session: Sessions is enabled, and one exists.Please don't $session->start();
INFO - 2023-05-18 14:57:55 --> Session: Class initialized using 'CodeIgniter\Session\Handlers\FileHandler' driver.
WARNING - 2023-05-18 14:57:55 --> Session: Sessions is enabled, and one exists.Please don't $session->start();
INFO - 2023-05-18 07:58:10 --> Session: Class initialized using 'CodeIgniter\Session\Handlers\FileHandler' driver.
WARNING - 2023-05-18 14:58:10 --> Session: Sessions is enabled, and one exists.Please don't $session->start();
INFO - 2023-05-18 14:58:11 --> Session: Class initialized using 'CodeIgniter\Session\Handlers\FileHandler' driver.
WARNING - 2023-05-18 14:58:11 --> Session: Sessions is enabled, and one exists.Please don't $session->start();
INFO - 2023-05-18 14:58:11 --> Session: Class initialized using 'CodeIgniter\Session\Handlers\FileHandler' driver.
WARNING - 2023-05-18 14:58:11 --> Session: Sessions is enabled, and one exists.Please don't $session->start();
INFO - 2023-05-18 07:58:30 --> Session: Class initialized using 'CodeIgniter\Session\Handlers\FileHandler' driver.
WARNING - 2023-05-18 14:58:30 --> Session: Sessions is enabled, and one exists.Please don't $session->start();
INFO - 2023-05-18 14:58:31 --> Session: Class initialized using 'CodeIgniter\Session\Handlers\FileHandler' driver.
WARNING - 2023-05-18 14:58:31 --> Session: Sessions is enabled, and one exists.Please don't $session->start();
INFO - 2023-05-18 14:58:31 --> Session: Class initialized using 'CodeIgniter\Session\Handlers\FileHandler' driver.
WARNING - 2023-05-18 14:58:31 --> Session: Sessions is enabled, and one exists.Please don't $session->start();
INFO - 2023-05-18 07:58:35 --> Session: Class initialized using 'CodeIgniter\Session\Handlers\FileHandler' driver.
WARNING - 2023-05-18 14:58:35 --> Session: Sessions is enabled, and one exists.Please don't $session->start();
INFO - 2023-05-18 14:58:36 --> Session: Class initialized using 'CodeIgniter\Session\Handlers\FileHandler' driver.
WARNING - 2023-05-18 14:58:36 --> Session: Sessions is enabled, and one exists.Please don't $session->start();
INFO - 2023-05-18 14:58:36 --> Session: Class initialized using 'CodeIgniter\Session\Handlers\FileHandler' driver.
WARNING - 2023-05-18 14:58:36 --> Session: Sessions is enabled, and one exists.Please don't $session->start();
INFO - 2023-05-18 07:58:47 --> Session: Class initialized using 'CodeIgniter\Session\Handlers\FileHandler' driver.
WARNING - 2023-05-18 14:58:47 --> Session: Sessions is enabled, and one exists.Please don't $session->start();
INFO - 2023-05-18 14:58:48 --> Session: Class initialized using 'CodeIgniter\Session\Handlers\FileHandler' driver.
WARNING - 2023-05-18 14:58:48 --> Session: Sessions is enabled, and one exists.Please don't $session->start();
INFO - 2023-05-18 14:58:48 --> Session: Class initialized using 'CodeIgniter\Session\Handlers\FileHandler' driver.
WARNING - 2023-05-18 14:58:48 --> Session: Sessions is enabled, and one exists.Please don't $session->start();
INFO - 2023-05-18 07:59:01 --> Session: Class initialized using 'CodeIgniter\Session\Handlers\FileHandler' driver.
WARNING - 2023-05-18 14:59:01 --> Session: Sessions is enabled, and one exists.Please don't $session->start();
INFO - 2023-05-18 14:59:02 --> Session: Class initialized using 'CodeIgniter\Session\Handlers\FileHandler' driver.
WARNING - 2023-05-18 14:59:02 --> Session: Sessions is enabled, and one exists.Please don't $session->start();
INFO - 2023-05-18 14:59:02 --> Session: Class initialized using 'CodeIgniter\Session\Handlers\FileHandler' driver.
WARNING - 2023-05-18 14:59:02 --> Session: Sessions is enabled, and one exists.Please don't $session->start();
INFO - 2023-05-18 07:59:21 --> Session: Class initialized using 'CodeIgniter\Session\Handlers\FileHandler' driver.
WARNING - 2023-05-18 14:59:21 --> Session: Sessions is enabled, and one exists.Please don't $session->start();
INFO - 2023-05-18 14:59:22 --> Session: Class initialized using 'CodeIgniter\Session\Handlers\FileHandler' driver.
WARNING - 2023-05-18 14:59:22 --> Session: Sessions is enabled, and one exists.Please don't $session->start();
INFO - 2023-05-18 14:59:22 --> Session: Class initialized using 'CodeIgniter\Session\Handlers\FileHandler' driver.
WARNING - 2023-05-18 14:59:22 --> Session: Sessions is enabled, and one exists.Please don't $session->start();
INFO - 2023-05-18 07:59:37 --> Session: Class initialized using 'CodeIgniter\Session\Handlers\FileHandler' driver.
WARNING - 2023-05-18 14:59:37 --> Session: Sessions is enabled, and one exists.Please don't $session->start();
INFO - 2023-05-18 14:59:38 --> Session: Class initialized using 'CodeIgniter\Session\Handlers\FileHandler' driver.
WARNING - 2023-05-18 14:59:38 --> Session: Sessions is enabled, and one exists.Please don't $session->start();
INFO - 2023-05-18 14:59:38 --> Session: Class initialized using 'CodeIgniter\Session\Handlers\FileHandler' driver.
WARNING - 2023-05-18 14:59:38 --> Session: Sessions is enabled, and one exists.Please don't $session->start();
INFO - 2023-05-18 07:59:52 --> Session: Class initialized using 'CodeIgniter\Session\Handlers\FileHandler' driver.
WARNING - 2023-05-18 14:59:52 --> Session: Sessions is enabled, and one exists.Please don't $session->start();
INFO - 2023-05-18 14:59:53 --> Session: Class initialized using 'CodeIgniter\Session\Handlers\FileHandler' driver.
WARNING - 2023-05-18 14:59:53 --> Session: Sessions is enabled, and one exists.Please don't $session->start();
INFO - 2023-05-18 14:59:53 --> Session: Class initialized using 'CodeIgniter\Session\Handlers\FileHandler' driver.
WARNING - 2023-05-18 14:59:53 --> Session: Sessions is enabled, and one exists.Please don't $session->start();
INFO - 2023-05-18 07:59:58 --> Session: Class initialized using 'CodeIgniter\Session\Handlers\FileHandler' driver.
WARNING - 2023-05-18 14:59:58 --> Session: Sessions is enabled, and one exists.Please don't $session->start();
INFO - 2023-05-18 14:59:58 --> Session: Class initialized using 'CodeIgniter\Session\Handlers\FileHandler' driver.
WARNING - 2023-05-18 14:59:58 --> Session: Sessions is enabled, and one exists.Please don't $session->start();
INFO - 2023-05-18 14:59:59 --> Session: Class initialized using 'CodeIgniter\Session\Handlers\FileHandler' driver.
WARNING - 2023-05-18 14:59:59 --> Session: Sessions is enabled, and one exists.Please don't $session->start();
INFO - 2023-05-18 08:00:17 --> Session: Class initialized using 'CodeIgniter\Session\Handlers\FileHandler' driver.
WARNING - 2023-05-18 15:00:17 --> Session: Sessions is enabled, and one exists.Please don't $session->start();
INFO - 2023-05-18 15:00:17 --> Session: Class initialized using 'CodeIgniter\Session\Handlers\FileHandler' driver.
WARNING - 2023-05-18 15:00:17 --> Session: Sessions is enabled, and one exists.Please don't $session->start();
INFO - 2023-05-18 15:00:17 --> Session: Class initialized using 'CodeIgniter\Session\Handlers\FileHandler' driver.
WARNING - 2023-05-18 15:00:17 --> Session: Sessions is enabled, and one exists.Please don't $session->start();
INFO - 2023-05-18 08:01:34 --> Session: Class initialized using 'CodeIgniter\Session\Handlers\FileHandler' driver.
WARNING - 2023-05-18 15:01:34 --> Session: Sessions is enabled, and one exists.Please don't $session->start();
INFO - 2023-05-18 15:01:35 --> Session: Class initialized using 'CodeIgniter\Session\Handlers\FileHandler' driver.
WARNING - 2023-05-18 15:01:35 --> Session: Sessions is enabled, and one exists.Please don't $session->start();
INFO - 2023-05-18 15:01:35 --> Session: Class initialized using 'CodeIgniter\Session\Handlers\FileHandler' driver.
WARNING - 2023-05-18 15:01:35 --> Session: Sessions is enabled, and one exists.Please don't $session->start();
INFO - 2023-05-18 08:02:10 --> Session: Class initialized using 'CodeIgniter\Session\Handlers\FileHandler' driver.
WARNING - 2023-05-18 15:02:10 --> Session: Sessions is enabled, and one exists.Please don't $session->start();
INFO - 2023-05-18 15:02:11 --> Session: Class initialized using 'CodeIgniter\Session\Handlers\FileHandler' driver.
WARNING - 2023-05-18 15:02:11 --> Session: Sessions is enabled, and one exists.Please don't $session->start();
INFO - 2023-05-18 15:02:11 --> Session: Class initialized using 'CodeIgniter\Session\Handlers\FileHandler' driver.
WARNING - 2023-05-18 15:02:11 --> Session: Sessions is enabled, and one exists.Please don't $session->start();
INFO - 2023-05-18 08:02:34 --> Session: Class initialized using 'CodeIgniter\Session\Handlers\FileHandler' driver.
WARNING - 2023-05-18 15:02:34 --> Session: Sessions is enabled, and one exists.Please don't $session->start();
INFO - 2023-05-18 15:02:34 --> Session: Class initialized using 'CodeIgniter\Session\Handlers\FileHandler' driver.
WARNING - 2023-05-18 15:02:34 --> Session: Sessions is enabled, and one exists.Please don't $session->start();
INFO - 2023-05-18 15:02:35 --> Session: Class initialized using 'CodeIgniter\Session\Handlers\FileHandler' driver.
WARNING - 2023-05-18 15:02:35 --> Session: Sessions is enabled, and one exists.Please don't $session->start();
INFO - 2023-05-18 08:03:11 --> Session: Class initialized using 'CodeIgniter\Session\Handlers\FileHandler' driver.
WARNING - 2023-05-18 15:03:11 --> Session: Sessions is enabled, and one exists.Please don't $session->start();
INFO - 2023-05-18 15:03:12 --> Session: Class initialized using 'CodeIgniter\Session\Handlers\FileHandler' driver.
WARNING - 2023-05-18 15:03:12 --> Session: Sessions is enabled, and one exists.Please don't $session->start();
INFO - 2023-05-18 15:03:12 --> Session: Class initialized using 'CodeIgniter\Session\Handlers\FileHandler' driver.
WARNING - 2023-05-18 15:03:12 --> Session: Sessions is enabled, and one exists.Please don't $session->start();
INFO - 2023-05-18 08:03:32 --> Session: Class initialized using 'CodeIgniter\Session\Handlers\FileHandler' driver.
WARNING - 2023-05-18 15:03:32 --> Session: Sessions is enabled, and one exists.Please don't $session->start();
INFO - 2023-05-18 15:03:33 --> Session: Class initialized using 'CodeIgniter\Session\Handlers\FileHandler' driver.
WARNING - 2023-05-18 15:03:33 --> Session: Sessions is enabled, and one exists.Please don't $session->start();
INFO - 2023-05-18 15:03:33 --> Session: Class initialized using 'CodeIgniter\Session\Handlers\FileHandler' driver.
WARNING - 2023-05-18 15:03:33 --> Session: Sessions is enabled, and one exists.Please don't $session->start();
INFO - 2023-05-18 08:04:45 --> Session: Class initialized using 'CodeIgniter\Session\Handlers\FileHandler' driver.
WARNING - 2023-05-18 15:04:45 --> Session: Sessions is enabled, and one exists.Please don't $session->start();
INFO - 2023-05-18 15:04:46 --> Session: Class initialized using 'CodeIgniter\Session\Handlers\FileHandler' driver.
WARNING - 2023-05-18 15:04:46 --> Session: Sessions is enabled, and one exists.Please don't $session->start();
INFO - 2023-05-18 15:04:46 --> Session: Class initialized using 'CodeIgniter\Session\Handlers\FileHandler' driver.
WARNING - 2023-05-18 15:04:46 --> Session: Sessions is enabled, and one exists.Please don't $session->start();
INFO - 2023-05-18 08:05:30 --> Session: Class initialized using 'CodeIgniter\Session\Handlers\FileHandler' driver.
WARNING - 2023-05-18 15:05:30 --> Session: Sessions is enabled, and one exists.Please don't $session->start();
INFO - 2023-05-18 15:05:31 --> Session: Class initialized using 'CodeIgniter\Session\Handlers\FileHandler' driver.
WARNING - 2023-05-18 15:05:31 --> Session: Sessions is enabled, and one exists.Please don't $session->start();
INFO - 2023-05-18 15:05:31 --> Session: Class initialized using 'CodeIgniter\Session\Handlers\FileHandler' driver.
WARNING - 2023-05-18 15:05:31 --> Session: Sessions is enabled, and one exists.Please don't $session->start();
INFO - 2023-05-18 08:06:50 --> Session: Class initialized using 'CodeIgniter\Session\Handlers\FileHandler' driver.
WARNING - 2023-05-18 15:06:50 --> Session: Sessions is enabled, and one exists.Please don't $session->start();
INFO - 2023-05-18 15:06:51 --> Session: Class initialized using 'CodeIgniter\Session\Handlers\FileHandler' driver.
WARNING - 2023-05-18 15:06:51 --> Session: Sessions is enabled, and one exists.Please don't $session->start();
INFO - 2023-05-18 15:06:51 --> Session: Class initialized using 'CodeIgniter\Session\Handlers\FileHandler' driver.
WARNING - 2023-05-18 15:06:51 --> Session: Sessions is enabled, and one exists.Please don't $session->start();
INFO - 2023-05-18 08:07:41 --> Session: Class initialized using 'CodeIgniter\Session\Handlers\FileHandler' driver.
WARNING - 2023-05-18 15:07:41 --> Session: Sessions is enabled, and one exists.Please don't $session->start();
INFO - 2023-05-18 15:07:42 --> Session: Class initialized using 'CodeIgniter\Session\Handlers\FileHandler' driver.
WARNING - 2023-05-18 15:07:42 --> Session: Sessions is enabled, and one exists.Please don't $session->start();
INFO - 2023-05-18 15:07:42 --> Session: Class initialized using 'CodeIgniter\Session\Handlers\FileHandler' driver.
WARNING - 2023-05-18 15:07:42 --> Session: Sessions is enabled, and one exists.Please don't $session->start();
INFO - 2023-05-18 08:17:58 --> Session: Class initialized using 'CodeIgniter\Session\Handlers\FileHandler' driver.
WARNING - 2023-05-18 15:17:58 --> Session: Sessions is enabled, and one exists.Please don't $session->start();
INFO - 2023-05-18 15:17:59 --> Session: Class initialized using 'CodeIgniter\Session\Handlers\FileHandler' driver.
WARNING - 2023-05-18 15:17:59 --> Session: Sessions is enabled, and one exists.Please don't $session->start();
INFO - 2023-05-18 08:19:03 --> Session: Class initialized using 'CodeIgniter\Session\Handlers\FileHandler' driver.
WARNING - 2023-05-18 15:19:03 --> Session: Sessions is enabled, and one exists.Please don't $session->start();
INFO - 2023-05-18 15:19:03 --> Session: Class initialized using 'CodeIgniter\Session\Handlers\FileHandler' driver.
WARNING - 2023-05-18 15:19:03 --> Session: Sessions is enabled, and one exists.Please don't $session->start();
INFO - 2023-05-18 08:21:12 --> Session: Class initialized using 'CodeIgniter\Session\Handlers\FileHandler' driver.
WARNING - 2023-05-18 08:21:12 --> Session: Sessions is enabled, and one exists.Please don't $session->start();
INFO - 2023-05-18 08:21:12 --> Session: Class initialized using 'CodeIgniter\Session\Handlers\FileHandler' driver.
WARNING - 2023-05-18 08:21:12 --> Session: Sessions is enabled, and one exists.Please don't $session->start();
INFO - 2023-05-18 08:21:18 --> Session: Class initialized using 'CodeIgniter\Session\Handlers\FileHandler' driver.
WARNING - 2023-05-18 08:21:18 --> Session: Sessions is enabled, and one exists.Please don't $session->start();
INFO - 2023-05-18 08:21:18 --> Session: Class initialized using 'CodeIgniter\Session\Handlers\FileHandler' driver.
WARNING - 2023-05-18 08:21:18 --> Session: Sessions is enabled, and one exists.Please don't $session->start();
WARNING - 2023-05-18 15:21:18 --> Session: Sessions is enabled, and one exists.Please don't $session->start();
INFO - 2023-05-18 08:21:39 --> Session: Class initialized using 'CodeIgniter\Session\Handlers\FileHandler' driver.
WARNING - 2023-05-18 15:21:39 --> Session: Sessions is enabled, and one exists.Please don't $session->start();
INFO - 2023-05-18 08:21:43 --> Session: Class initialized using 'CodeIgniter\Session\Handlers\FileHandler' driver.
WARNING - 2023-05-18 15:21:43 --> Session: Sessions is enabled, and one exists.Please don't $session->start();
INFO - 2023-05-18 15:21:44 --> Session: Class initialized using 'CodeIgniter\Session\Handlers\FileHandler' driver.
WARNING - 2023-05-18 15:21:44 --> Session: Sessions is enabled, and one exists.Please don't $session->start();
