INFO - 2023-04-10 11:35:24 --> Session: Class initialized using 'CodeIgniter\Session\Handlers\FileHandler' driver.
WARNING - 2023-04-10 11:35:24 --> Session: Sessions is enabled, and one exists.Please don't $session->start();
INFO - 2023-04-10 11:35:43 --> Session: Class initialized using 'CodeIgniter\Session\Handlers\FileHandler' driver.
WARNING - 2023-04-10 11:35:43 --> Session: Sessions is enabled, and one exists.Please don't $session->start();
INFO - 2023-04-10 11:35:43 --> Session: Class initialized using 'CodeIgniter\Session\Handlers\FileHandler' driver.
WARNING - 2023-04-10 11:35:43 --> Session: Sessions is enabled, and one exists.Please don't $session->start();
WARNING - 2023-04-10 18:35:43 --> Session: Sessions is enabled, and one exists.Please don't $session->start();
INFO - 2023-04-10 11:35:46 --> Session: Class initialized using 'CodeIgniter\Session\Handlers\FileHandler' driver.
WARNING - 2023-04-10 18:35:46 --> Session: Sessions is enabled, and one exists.Please don't $session->start();
INFO - 2023-04-10 11:35:59 --> Session: Class initialized using 'CodeIgniter\Session\Handlers\FileHandler' driver.
WARNING - 2023-04-10 18:35:59 --> Session: Sessions is enabled, and one exists.Please don't $session->start();
INFO - 2023-04-10 11:36:02 --> Session: Class initialized using 'CodeIgniter\Session\Handlers\FileHandler' driver.
WARNING - 2023-04-10 18:36:02 --> Session: Sessions is enabled, and one exists.Please don't $session->start();
INFO - 2023-04-10 18:36:02 --> Session: Class initialized using 'CodeIgniter\Session\Handlers\FileHandler' driver.
WARNING - 2023-04-10 18:36:02 --> Session: Sessions is enabled, and one exists.Please don't $session->start();
INFO - 2023-04-10 18:36:03 --> Session: Class initialized using 'CodeIgniter\Session\Handlers\FileHandler' driver.
WARNING - 2023-04-10 18:36:03 --> Session: Sessions is enabled, and one exists.Please don't $session->start();
INFO - 2023-04-10 18:36:03 --> Session: Class initialized using 'CodeIgniter\Session\Handlers\FileHandler' driver.
WARNING - 2023-04-10 18:36:03 --> Session: Sessions is enabled, and one exists.Please don't $session->start();
INFO - 2023-04-10 11:38:53 --> Session: Class initialized using 'CodeIgniter\Session\Handlers\FileHandler' driver.
WARNING - 2023-04-10 18:38:53 --> Session: Sessions is enabled, and one exists.Please don't $session->start();
INFO - 2023-04-10 18:38:54 --> Session: Class initialized using 'CodeIgniter\Session\Handlers\FileHandler' driver.
WARNING - 2023-04-10 18:38:54 --> Session: Sessions is enabled, and one exists.Please don't $session->start();
INFO - 2023-04-10 18:38:54 --> Session: Class initialized using 'CodeIgniter\Session\Handlers\FileHandler' driver.
WARNING - 2023-04-10 18:38:54 --> Session: Sessions is enabled, and one exists.Please don't $session->start();
INFO - 2023-04-10 18:38:55 --> Session: Class initialized using 'CodeIgniter\Session\Handlers\FileHandler' driver.
WARNING - 2023-04-10 18:38:55 --> Session: Sessions is enabled, and one exists.Please don't $session->start();
INFO - 2023-04-10 11:39:21 --> Session: Class initialized using 'CodeIgniter\Session\Handlers\FileHandler' driver.
WARNING - 2023-04-10 18:39:21 --> Session: Sessions is enabled, and one exists.Please don't $session->start();
INFO - 2023-04-10 18:39:21 --> Session: Class initialized using 'CodeIgniter\Session\Handlers\FileHandler' driver.
WARNING - 2023-04-10 18:39:21 --> Session: Sessions is enabled, and one exists.Please don't $session->start();
INFO - 2023-04-10 18:39:22 --> Session: Class initialized using 'CodeIgniter\Session\Handlers\FileHandler' driver.
WARNING - 2023-04-10 18:39:22 --> Session: Sessions is enabled, and one exists.Please don't $session->start();
INFO - 2023-04-10 18:39:22 --> Session: Class initialized using 'CodeIgniter\Session\Handlers\FileHandler' driver.
WARNING - 2023-04-10 18:39:22 --> Session: Sessions is enabled, and one exists.Please don't $session->start();
INFO - 2023-04-10 11:39:23 --> Session: Class initialized using 'CodeIgniter\Session\Handlers\FileHandler' driver.
INFO - 2023-04-10 11:39:48 --> Session: Class initialized using 'CodeIgniter\Session\Handlers\FileHandler' driver.
INFO - 2023-04-10 11:39:50 --> Session: Class initialized using 'CodeIgniter\Session\Handlers\FileHandler' driver.
INFO - 2023-04-10 11:40:03 --> Session: Class initialized using 'CodeIgniter\Session\Handlers\FileHandler' driver.
INFO - 2023-04-10 11:40:11 --> Session: Class initialized using 'CodeIgniter\Session\Handlers\FileHandler' driver.
WARNING - 2023-04-10 18:40:11 --> Session: Sessions is enabled, and one exists.Please don't $session->start();
CRITICAL - 2023-04-10 18:40:11 --> Call to undefined function format_bulan()
in APPPATH\Views\laporan\view_data_laporan_pembiayaan.php on line 26.
 1 SYSTEMPATH\View\View.php(213): include()
 2 SYSTEMPATH\View\View.php(216): CodeIgniter\View\View->CodeIgniter\View\{closure}()
 3 SYSTEMPATH\Common.php(1177): CodeIgniter\View\View->render('laporan/view_data_laporan_pembiayaan', [], true)
 4 APPPATH\Controllers\LaporanPembiayaan.php(28): view('laporan/view_data_laporan_pembiayaan', [...])
 5 SYSTEMPATH\CodeIgniter.php(934): App\Controllers\LaporanPembiayaan->index()
 6 SYSTEMPATH\CodeIgniter.php(499): CodeIgniter\CodeIgniter->runController(Object(App\Controllers\LaporanPembiayaan))
 7 SYSTEMPATH\CodeIgniter.php(368): CodeIgniter\CodeIgniter->handleRequest(null, Object(Config\Cache), false)
 8 FCPATH\index.php(67): CodeIgniter\CodeIgniter->run()
 9 SYSTEMPATH\Commands\Server\rewrite.php(47): require_once('FCPATH\\index.php')
INFO - 2023-04-10 11:40:34 --> Session: Class initialized using 'CodeIgniter\Session\Handlers\FileHandler' driver.
WARNING - 2023-04-10 18:40:34 --> Session: Sessions is enabled, and one exists.Please don't $session->start();
INFO - 2023-04-10 11:40:47 --> Session: Class initialized using 'CodeIgniter\Session\Handlers\FileHandler' driver.
WARNING - 2023-04-10 18:40:47 --> Session: Sessions is enabled, and one exists.Please don't $session->start();
CRITICAL - 2023-04-10 18:40:47 --> Call to undefined method App\Models\PembiayaanModel::getLapPembiayaan
in SYSTEMPATH\Model.php on line 840.
 1 APPPATH\Controllers\LaporanPembiayaan.php(39): CodeIgniter\Model->__call('getLapPembiayaan', [...])
 2 SYSTEMPATH\CodeIgniter.php(934): App\Controllers\LaporanPembiayaan->show_data_laporan_pembiayaan()
 3 SYSTEMPATH\CodeIgniter.php(499): CodeIgniter\CodeIgniter->runController(Object(App\Controllers\LaporanPembiayaan))
 4 SYSTEMPATH\CodeIgniter.php(368): CodeIgniter\CodeIgniter->handleRequest(null, Object(Config\Cache), false)
 5 FCPATH\index.php(67): CodeIgniter\CodeIgniter->run()
 6 SYSTEMPATH\Commands\Server\rewrite.php(47): require_once('FCPATH\\index.php')
INFO - 2023-04-10 11:46:23 --> Session: Class initialized using 'CodeIgniter\Session\Handlers\FileHandler' driver.
WARNING - 2023-04-10 18:46:23 --> Session: Sessions is enabled, and one exists.Please don't $session->start();
CRITICAL - 2023-04-10 18:46:23 --> Call to undefined method App\Models\PembiayaanModel::getLapPembiayaan
in SYSTEMPATH\Model.php on line 840.
 1 APPPATH\Controllers\LaporanPembiayaan.php(39): CodeIgniter\Model->__call('getLapPembiayaan', [...])
 2 SYSTEMPATH\CodeIgniter.php(934): App\Controllers\LaporanPembiayaan->show_data_laporan_pembiayaan()
 3 SYSTEMPATH\CodeIgniter.php(499): CodeIgniter\CodeIgniter->runController(Object(App\Controllers\LaporanPembiayaan))
 4 SYSTEMPATH\CodeIgniter.php(368): CodeIgniter\CodeIgniter->handleRequest(null, Object(Config\Cache), false)
 5 FCPATH\index.php(67): CodeIgniter\CodeIgniter->run()
 6 SYSTEMPATH\Commands\Server\rewrite.php(47): require_once('FCPATH\\index.php')
INFO - 2023-04-10 11:46:45 --> Session: Class initialized using 'CodeIgniter\Session\Handlers\FileHandler' driver.
WARNING - 2023-04-10 18:46:45 --> Session: Sessions is enabled, and one exists.Please don't $session->start();
ERROR - 2023-04-10 18:46:45 --> mysqli_sql_exception: Unknown column 'tgl_pembelian' in 'where clause' in C:\xampp\htdocs\simpanan\vendor\codeigniter4\framework\system\Database\MySQLi\Connection.php:295
Stack trace:
#0 C:\xampp\htdocs\simpanan\vendor\codeigniter4\framework\system\Database\MySQLi\Connection.php(295): mysqli->query('SELECT `detail_...', 0)
#1 C:\xampp\htdocs\simpanan\vendor\codeigniter4\framework\system\Database\BaseConnection.php(691): CodeIgniter\Database\MySQLi\Connection->execute('SELECT `detail_...')
#2 C:\xampp\htdocs\simpanan\vendor\codeigniter4\framework\system\Database\BaseConnection.php(605): CodeIgniter\Database\BaseConnection->simpleQuery('SELECT `detail_...')
#3 C:\xampp\htdocs\simpanan\vendor\codeigniter4\framework\system\Database\BaseBuilder.php(1601): CodeIgniter\Database\BaseConnection->query('SELECT `detail_...', Array, false)
#4 C:\xampp\htdocs\simpanan\app\Models\PembiayaanModel.php(64): CodeIgniter\Database\BaseBuilder->get()
#5 C:\xampp\htdocs\simpanan\app\Controllers\LaporanPembiayaan.php(39): App\Models\PembiayaanModel->getLapPembiayaan('1', '2023')
#6 C:\xampp\htdocs\simpanan\vendor\codeigniter4\framework\system\CodeIgniter.php(934): App\Controllers\LaporanPembiayaan->show_data_laporan_pembiayaan()
#7 C:\xampp\htdocs\simpanan\vendor\codeigniter4\framework\system\CodeIgniter.php(499): CodeIgniter\CodeIgniter->runController(Object(App\Controllers\LaporanPembiayaan))
#8 C:\xampp\htdocs\simpanan\vendor\codeigniter4\framework\system\CodeIgniter.php(368): CodeIgniter\CodeIgniter->handleRequest(NULL, Object(Config\Cache), false)
#9 C:\xampp\htdocs\simpanan\public\index.php(67): CodeIgniter\CodeIgniter->run()
#10 C:\xampp\htdocs\simpanan\vendor\codeigniter4\framework\system\Commands\Server\rewrite.php(47): require_once('C:\\xampp\\htdocs...')
#11 {main}
CRITICAL - 2023-04-10 18:46:46 --> Unknown column 'tgl_pembelian' in 'where clause'
in SYSTEMPATH\Database\BaseConnection.php on line 645.
 1 SYSTEMPATH\Database\BaseBuilder.php(1601): CodeIgniter\Database\BaseConnection->query('SELECT `detail_pembiayaan`.*, `pembiayaan`.`jumlah_pembiayaan`, `pembiayaan`.`angsuran`, `pembiayaan`.`total_pembiayaan`, `users`.`full_name`
FROM `detail_pembiayaan`
JOIN `pembiayaan` ON `detail_pembiayaan`.`pembiayaan_id`=`pembiayaan`.`id`
JOIN `users` ON `users`.`id_users`=`pembiayaan`.`user_id`
WHERE month(tgl_pembelian) = :month(tgl_pembelian):
AND year(tgl_pembelian) = :year(tgl_pembelian):', [...], false)
 2 APPPATH\Models\PembiayaanModel.php(64): CodeIgniter\Database\BaseBuilder->get()
 3 APPPATH\Controllers\LaporanPembiayaan.php(39): App\Models\PembiayaanModel->getLapPembiayaan('1', '2023')
 4 SYSTEMPATH\CodeIgniter.php(934): App\Controllers\LaporanPembiayaan->show_data_laporan_pembiayaan()
 5 SYSTEMPATH\CodeIgniter.php(499): CodeIgniter\CodeIgniter->runController(Object(App\Controllers\LaporanPembiayaan))
 6 SYSTEMPATH\CodeIgniter.php(368): CodeIgniter\CodeIgniter->handleRequest(null, Object(Config\Cache), false)
 7 FCPATH\index.php(67): CodeIgniter\CodeIgniter->run()
 8 SYSTEMPATH\Commands\Server\rewrite.php(47): require_once('FCPATH\\index.php')
INFO - 2023-04-10 11:56:19 --> Session: Class initialized using 'CodeIgniter\Session\Handlers\FileHandler' driver.
WARNING - 2023-04-10 18:56:19 --> Session: Sessions is enabled, and one exists.Please don't $session->start();
ERROR - 2023-04-10 18:56:19 --> mysqli_sql_exception: Unknown column 'users.id_users' in 'on clause' in C:\xampp\htdocs\simpanan\vendor\codeigniter4\framework\system\Database\MySQLi\Connection.php:295
Stack trace:
#0 C:\xampp\htdocs\simpanan\vendor\codeigniter4\framework\system\Database\MySQLi\Connection.php(295): mysqli->query('SELECT `detail_...', 0)
#1 C:\xampp\htdocs\simpanan\vendor\codeigniter4\framework\system\Database\BaseConnection.php(691): CodeIgniter\Database\MySQLi\Connection->execute('SELECT `detail_...')
#2 C:\xampp\htdocs\simpanan\vendor\codeigniter4\framework\system\Database\BaseConnection.php(605): CodeIgniter\Database\BaseConnection->simpleQuery('SELECT `detail_...')
#3 C:\xampp\htdocs\simpanan\vendor\codeigniter4\framework\system\Database\BaseBuilder.php(1601): CodeIgniter\Database\BaseConnection->query('SELECT `detail_...', Array, false)
#4 C:\xampp\htdocs\simpanan\app\Models\PembiayaanModel.php(64): CodeIgniter\Database\BaseBuilder->get()
#5 C:\xampp\htdocs\simpanan\app\Controllers\LaporanPembiayaan.php(39): App\Models\PembiayaanModel->getLapPembiayaan('1', '2023')
#6 C:\xampp\htdocs\simpanan\vendor\codeigniter4\framework\system\CodeIgniter.php(934): App\Controllers\LaporanPembiayaan->show_data_laporan_pembiayaan()
#7 C:\xampp\htdocs\simpanan\vendor\codeigniter4\framework\system\CodeIgniter.php(499): CodeIgniter\CodeIgniter->runController(Object(App\Controllers\LaporanPembiayaan))
#8 C:\xampp\htdocs\simpanan\vendor\codeigniter4\framework\system\CodeIgniter.php(368): CodeIgniter\CodeIgniter->handleRequest(NULL, Object(Config\Cache), false)
#9 C:\xampp\htdocs\simpanan\public\index.php(67): CodeIgniter\CodeIgniter->run()
#10 C:\xampp\htdocs\simpanan\vendor\codeigniter4\framework\system\Commands\Server\rewrite.php(47): require_once('C:\\xampp\\htdocs...')
#11 {main}
CRITICAL - 2023-04-10 18:56:19 --> Unknown column 'users.id_users' in 'on clause'
in SYSTEMPATH\Database\BaseConnection.php on line 645.
 1 SYSTEMPATH\Database\BaseBuilder.php(1601): CodeIgniter\Database\BaseConnection->query('SELECT `detail_pembiayaan`.*, `pembiayaan`.`jumlah_pembiayaan`, `pembiayaan`.`angsuran`, `pembiayaan`.`total_pembiayaan`, `users`.`full_name`
FROM `detail_pembiayaan`
JOIN `pembiayaan` ON `detail_pembiayaan`.`pembiayaan_id`=`pembiayaan`.`id`
JOIN `users` ON `users`.`id_users`=`pembiayaan`.`user_id`
WHERE month(pembiayaan.tgl_pembiayaan) = :month(pembiayaan.tgl_pembiayaan):
AND year(pembiayaan.tgl_pembiayaan) = :year(pembiayaan.tgl_pembiayaan):', [...], false)
 2 APPPATH\Models\PembiayaanModel.php(64): CodeIgniter\Database\BaseBuilder->get()
 3 APPPATH\Controllers\LaporanPembiayaan.php(39): App\Models\PembiayaanModel->getLapPembiayaan('1', '2023')
 4 SYSTEMPATH\CodeIgniter.php(934): App\Controllers\LaporanPembiayaan->show_data_laporan_pembiayaan()
 5 SYSTEMPATH\CodeIgniter.php(499): CodeIgniter\CodeIgniter->runController(Object(App\Controllers\LaporanPembiayaan))
 6 SYSTEMPATH\CodeIgniter.php(368): CodeIgniter\CodeIgniter->handleRequest(null, Object(Config\Cache), false)
 7 FCPATH\index.php(67): CodeIgniter\CodeIgniter->run()
 8 SYSTEMPATH\Commands\Server\rewrite.php(47): require_once('FCPATH\\index.php')
INFO - 2023-04-10 11:56:31 --> Session: Class initialized using 'CodeIgniter\Session\Handlers\FileHandler' driver.
WARNING - 2023-04-10 18:56:31 --> Session: Sessions is enabled, and one exists.Please don't $session->start();
INFO - 2023-04-10 11:56:41 --> Session: Class initialized using 'CodeIgniter\Session\Handlers\FileHandler' driver.
WARNING - 2023-04-10 18:56:41 --> Session: Sessions is enabled, and one exists.Please don't $session->start();
INFO - 2023-04-10 11:56:46 --> Session: Class initialized using 'CodeIgniter\Session\Handlers\FileHandler' driver.
WARNING - 2023-04-10 18:56:46 --> Session: Sessions is enabled, and one exists.Please don't $session->start();
INFO - 2023-04-10 11:57:16 --> Session: Class initialized using 'CodeIgniter\Session\Handlers\FileHandler' driver.
WARNING - 2023-04-10 18:57:16 --> Session: Sessions is enabled, and one exists.Please don't $session->start();
INFO - 2023-04-10 11:59:25 --> Session: Class initialized using 'CodeIgniter\Session\Handlers\FileHandler' driver.
WARNING - 2023-04-10 18:59:25 --> Session: Sessions is enabled, and one exists.Please don't $session->start();
CRITICAL - 2023-04-10 18:59:25 --> Undefined array key "jumlah_angsuran "
in APPPATH\Views\laporan\view_data_laporan_pembiayaan.php on line 90.
 1 APPPATH\Views\laporan\view_data_laporan_pembiayaan.php(90): CodeIgniter\Debug\Exceptions->errorHandler(2, 'Undefined array key "jumlah_angsuran "', 'APPPATH\\Views\\laporan\\view_data_laporan_pembiayaan.php', 90)
 2 SYSTEMPATH\View\View.php(213): include('APPPATH\\Views\\laporan\\view_data_laporan_pembiayaan.php')
 3 SYSTEMPATH\View\View.php(216): CodeIgniter\View\View->CodeIgniter\View\{closure}()
 4 SYSTEMPATH\Common.php(1177): CodeIgniter\View\View->render('laporan/view_data_laporan_pembiayaan', [], true)
 5 APPPATH\Controllers\LaporanPembiayaan.php(44): view('laporan/view_data_laporan_pembiayaan', [...])
 6 SYSTEMPATH\CodeIgniter.php(934): App\Controllers\LaporanPembiayaan->show_data_laporan_pembiayaan()
 7 SYSTEMPATH\CodeIgniter.php(499): CodeIgniter\CodeIgniter->runController(Object(App\Controllers\LaporanPembiayaan))
 8 SYSTEMPATH\CodeIgniter.php(368): CodeIgniter\CodeIgniter->handleRequest(null, Object(Config\Cache), false)
 9 FCPATH\index.php(67): CodeIgniter\CodeIgniter->run()
10 SYSTEMPATH\Commands\Server\rewrite.php(47): require_once('FCPATH\\index.php')
INFO - 2023-04-10 11:59:33 --> Session: Class initialized using 'CodeIgniter\Session\Handlers\FileHandler' driver.
WARNING - 2023-04-10 18:59:33 --> Session: Sessions is enabled, and one exists.Please don't $session->start();
INFO - 2023-04-10 11:59:51 --> Session: Class initialized using 'CodeIgniter\Session\Handlers\FileHandler' driver.
WARNING - 2023-04-10 18:59:51 --> Session: Sessions is enabled, and one exists.Please don't $session->start();
INFO - 2023-04-10 12:00:15 --> Session: Class initialized using 'CodeIgniter\Session\Handlers\FileHandler' driver.
WARNING - 2023-04-10 19:00:15 --> Session: Sessions is enabled, and one exists.Please don't $session->start();
INFO - 2023-04-10 12:00:39 --> Session: Class initialized using 'CodeIgniter\Session\Handlers\FileHandler' driver.
WARNING - 2023-04-10 19:00:39 --> Session: Sessions is enabled, and one exists.Please don't $session->start();
INFO - 2023-04-10 19:00:40 --> Session: Class initialized using 'CodeIgniter\Session\Handlers\FileHandler' driver.
WARNING - 2023-04-10 19:00:40 --> Session: Sessions is enabled, and one exists.Please don't $session->start();
INFO - 2023-04-10 12:04:52 --> Session: Class initialized using 'CodeIgniter\Session\Handlers\FileHandler' driver.
WARNING - 2023-04-10 19:04:52 --> Session: Sessions is enabled, and one exists.Please don't $session->start();
INFO - 2023-04-10 12:06:43 --> Session: Class initialized using 'CodeIgniter\Session\Handlers\FileHandler' driver.
WARNING - 2023-04-10 19:06:43 --> Session: Sessions is enabled, and one exists.Please don't $session->start();
INFO - 2023-04-10 19:06:46 --> Session: Class initialized using 'CodeIgniter\Session\Handlers\FileHandler' driver.
WARNING - 2023-04-10 19:06:46 --> Session: Sessions is enabled, and one exists.Please don't $session->start();
INFO - 2023-04-10 19:26:54 --> Session: Class initialized using 'CodeIgniter\Session\Handlers\FileHandler' driver.
WARNING - 2023-04-10 19:26:54 --> Session: Sessions is enabled, and one exists.Please don't $session->start();
INFO - 2023-04-10 12:26:55 --> Session: Class initialized using 'CodeIgniter\Session\Handlers\FileHandler' driver.
WARNING - 2023-04-10 19:26:55 --> Session: Sessions is enabled, and one exists.Please don't $session->start();
CRITICAL - 2023-04-10 19:26:55 --> Class "App\Models\PengurusModel" not found
in APPPATH\Controllers\Pengurus.php on line 15.
 1 SYSTEMPATH\CodeIgniter.php(906): App\Controllers\Pengurus->__construct()
 2 SYSTEMPATH\CodeIgniter.php(490): CodeIgniter\CodeIgniter->createController()
 3 SYSTEMPATH\CodeIgniter.php(368): CodeIgniter\CodeIgniter->handleRequest(null, Object(Config\Cache), false)
 4 FCPATH\index.php(67): CodeIgniter\CodeIgniter->run()
 5 SYSTEMPATH\Commands\Server\rewrite.php(47): require_once('FCPATH\\index.php')
INFO - 2023-04-10 12:27:03 --> Session: Class initialized using 'CodeIgniter\Session\Handlers\FileHandler' driver.
WARNING - 2023-04-10 19:27:03 --> Session: Sessions is enabled, and one exists.Please don't $session->start();
ERROR - 2023-04-10 19:27:03 --> mysqli_sql_exception: Table 'simpanan.pengurus' doesn't exist in C:\xampp\htdocs\simpanan\vendor\codeigniter4\framework\system\Database\MySQLi\Connection.php:295
Stack trace:
#0 C:\xampp\htdocs\simpanan\vendor\codeigniter4\framework\system\Database\MySQLi\Connection.php(295): mysqli->query('SELECT *\nFROM `...', 0)
#1 C:\xampp\htdocs\simpanan\vendor\codeigniter4\framework\system\Database\BaseConnection.php(691): CodeIgniter\Database\MySQLi\Connection->execute('SELECT *\nFROM `...')
#2 C:\xampp\htdocs\simpanan\vendor\codeigniter4\framework\system\Database\BaseConnection.php(605): CodeIgniter\Database\BaseConnection->simpleQuery('SELECT *\nFROM `...')
#3 C:\xampp\htdocs\simpanan\vendor\codeigniter4\framework\system\Database\BaseBuilder.php(1601): CodeIgniter\Database\BaseConnection->query('SELECT *\nFROM `...', Array, false)
#4 C:\xampp\htdocs\simpanan\vendor\codeigniter4\framework\system\Model.php(240): CodeIgniter\Database\BaseBuilder->get()
#5 C:\xampp\htdocs\simpanan\vendor\codeigniter4\framework\system\BaseModel.php(618): CodeIgniter\Model->doFindAll(0, 0)
#6 C:\xampp\htdocs\simpanan\app\Controllers\Pengurus.php(22): CodeIgniter\BaseModel->findAll()
#7 C:\xampp\htdocs\simpanan\vendor\codeigniter4\framework\system\CodeIgniter.php(934): App\Controllers\Pengurus->index()
#8 C:\xampp\htdocs\simpanan\vendor\codeigniter4\framework\system\CodeIgniter.php(499): CodeIgniter\CodeIgniter->runController(Object(App\Controllers\Pengurus))
#9 C:\xampp\htdocs\simpanan\vendor\codeigniter4\framework\system\CodeIgniter.php(368): CodeIgniter\CodeIgniter->handleRequest(NULL, Object(Config\Cache), false)
#10 C:\xampp\htdocs\simpanan\public\index.php(67): CodeIgniter\CodeIgniter->run()
#11 C:\xampp\htdocs\simpanan\vendor\codeigniter4\framework\system\Commands\Server\rewrite.php(47): require_once('C:\\xampp\\htdocs...')
#12 {main}
CRITICAL - 2023-04-10 19:27:03 --> Table 'simpanan.pengurus' doesn't exist
in SYSTEMPATH\Database\BaseConnection.php on line 645.
 1 SYSTEMPATH\Database\BaseBuilder.php(1601): CodeIgniter\Database\BaseConnection->query('SELECT *
FROM `pengurus`', [], false)
 2 SYSTEMPATH\Model.php(240): CodeIgniter\Database\BaseBuilder->get()
 3 SYSTEMPATH\BaseModel.php(618): CodeIgniter\Model->doFindAll(0, 0)
 4 APPPATH\Controllers\Pengurus.php(22): CodeIgniter\BaseModel->findAll()
 5 SYSTEMPATH\CodeIgniter.php(934): App\Controllers\Pengurus->index()
 6 SYSTEMPATH\CodeIgniter.php(499): CodeIgniter\CodeIgniter->runController(Object(App\Controllers\Pengurus))
 7 SYSTEMPATH\CodeIgniter.php(368): CodeIgniter\CodeIgniter->handleRequest(null, Object(Config\Cache), false)
 8 FCPATH\index.php(67): CodeIgniter\CodeIgniter->run()
 9 SYSTEMPATH\Commands\Server\rewrite.php(47): require_once('FCPATH\\index.php')
INFO - 2023-04-10 12:27:37 --> Session: Class initialized using 'CodeIgniter\Session\Handlers\FileHandler' driver.
WARNING - 2023-04-10 19:27:37 --> Session: Sessions is enabled, and one exists.Please don't $session->start();
CRITICAL - 2023-04-10 19:27:37 --> Invalid file: "jabatan/view_data_pengurus.php"
in SYSTEMPATH\Exceptions\FrameworkException.php on line 33.
 1 SYSTEMPATH\View\View.php(201): CodeIgniter\Exceptions\FrameworkException::forInvalidFile('jabatan/view_data_pengurus.php')
 2 SYSTEMPATH\Common.php(1177): CodeIgniter\View\View->render('jabatan/view_data_pengurus', [], true)
 3 APPPATH\Controllers\Pengurus.php(25): view('jabatan/view_data_pengurus', [...])
 4 SYSTEMPATH\CodeIgniter.php(934): App\Controllers\Pengurus->index()
 5 SYSTEMPATH\CodeIgniter.php(499): CodeIgniter\CodeIgniter->runController(Object(App\Controllers\Pengurus))
 6 SYSTEMPATH\CodeIgniter.php(368): CodeIgniter\CodeIgniter->handleRequest(null, Object(Config\Cache), false)
 7 FCPATH\index.php(67): CodeIgniter\CodeIgniter->run()
 8 SYSTEMPATH\Commands\Server\rewrite.php(47): require_once('FCPATH\\index.php')
INFO - 2023-04-10 12:27:57 --> Session: Class initialized using 'CodeIgniter\Session\Handlers\FileHandler' driver.
WARNING - 2023-04-10 19:27:57 --> Session: Sessions is enabled, and one exists.Please don't $session->start();
INFO - 2023-04-10 12:28:30 --> Session: Class initialized using 'CodeIgniter\Session\Handlers\FileHandler' driver.
WARNING - 2023-04-10 19:28:30 --> Session: Sessions is enabled, and one exists.Please don't $session->start();
INFO - 2023-04-10 12:28:30 --> Session: Class initialized using 'CodeIgniter\Session\Handlers\FileHandler' driver.
WARNING - 2023-04-10 19:28:30 --> Session: Sessions is enabled, and one exists.Please don't $session->start();
CRITICAL - 2023-04-10 19:28:30 --> Undefined array key "status"
in APPPATH\Views\pengurus\view_data_pengurus.php on line 44.
 1 APPPATH\Views\pengurus\view_data_pengurus.php(44): CodeIgniter\Debug\Exceptions->errorHandler(2, 'Undefined array key "status"', 'APPPATH\\Views\\pengurus\\view_data_pengurus.php', 44)
 2 SYSTEMPATH\View\View.php(213): include('APPPATH\\Views\\pengurus\\view_data_pengurus.php')
 3 SYSTEMPATH\View\View.php(216): CodeIgniter\View\View->CodeIgniter\View\{closure}()
 4 SYSTEMPATH\Common.php(1177): CodeIgniter\View\View->render('pengurus/view_data_pengurus', [], true)
 5 APPPATH\Controllers\Pengurus.php(25): view('pengurus/view_data_pengurus', [...])
 6 SYSTEMPATH\CodeIgniter.php(934): App\Controllers\Pengurus->index()
 7 SYSTEMPATH\CodeIgniter.php(499): CodeIgniter\CodeIgniter->runController(Object(App\Controllers\Pengurus))
 8 SYSTEMPATH\CodeIgniter.php(368): CodeIgniter\CodeIgniter->handleRequest(null, Object(Config\Cache), false)
 9 FCPATH\index.php(67): CodeIgniter\CodeIgniter->run()
10 SYSTEMPATH\Commands\Server\rewrite.php(47): require_once('FCPATH\\index.php')
INFO - 2023-04-10 12:28:39 --> Session: Class initialized using 'CodeIgniter\Session\Handlers\FileHandler' driver.
WARNING - 2023-04-10 19:28:39 --> Session: Sessions is enabled, and one exists.Please don't $session->start();
INFO - 2023-04-10 12:28:47 --> Session: Class initialized using 'CodeIgniter\Session\Handlers\FileHandler' driver.
WARNING - 2023-04-10 19:28:47 --> Session: Sessions is enabled, and one exists.Please don't $session->start();
INFO - 2023-04-10 12:29:36 --> Session: Class initialized using 'CodeIgniter\Session\Handlers\FileHandler' driver.
WARNING - 2023-04-10 19:29:36 --> Session: Sessions is enabled, and one exists.Please don't $session->start();
INFO - 2023-04-10 12:29:43 --> Session: Class initialized using 'CodeIgniter\Session\Handlers\FileHandler' driver.
WARNING - 2023-04-10 19:29:43 --> Session: Sessions is enabled, and one exists.Please don't $session->start();
INFO - 2023-04-10 12:29:47 --> Session: Class initialized using 'CodeIgniter\Session\Handlers\FileHandler' driver.
WARNING - 2023-04-10 19:29:47 --> Session: Sessions is enabled, and one exists.Please don't $session->start();
INFO - 2023-04-10 12:30:15 --> Session: Class initialized using 'CodeIgniter\Session\Handlers\FileHandler' driver.
WARNING - 2023-04-10 19:30:15 --> Session: Sessions is enabled, and one exists.Please don't $session->start();
INFO - 2023-04-10 12:30:29 --> Session: Class initialized using 'CodeIgniter\Session\Handlers\FileHandler' driver.
WARNING - 2023-04-10 19:30:29 --> Session: Sessions is enabled, and one exists.Please don't $session->start();
INFO - 2023-04-10 19:31:04 --> Session: Class initialized using 'CodeIgniter\Session\Handlers\FileHandler' driver.
WARNING - 2023-04-10 19:31:04 --> Session: Sessions is enabled, and one exists.Please don't $session->start();
INFO - 2023-04-10 12:31:24 --> Session: Class initialized using 'CodeIgniter\Session\Handlers\FileHandler' driver.
WARNING - 2023-04-10 19:31:24 --> Session: Sessions is enabled, and one exists.Please don't $session->start();
INFO - 2023-04-10 12:31:26 --> Session: Class initialized using 'CodeIgniter\Session\Handlers\FileHandler' driver.
WARNING - 2023-04-10 19:31:26 --> Session: Sessions is enabled, and one exists.Please don't $session->start();
INFO - 2023-04-10 12:31:29 --> Session: Class initialized using 'CodeIgniter\Session\Handlers\FileHandler' driver.
WARNING - 2023-04-10 19:31:29 --> Session: Sessions is enabled, and one exists.Please don't $session->start();
INFO - 2023-04-10 12:31:29 --> Session: Class initialized using 'CodeIgniter\Session\Handlers\FileHandler' driver.
WARNING - 2023-04-10 19:31:29 --> Session: Sessions is enabled, and one exists.Please don't $session->start();
INFO - 2023-04-10 12:31:36 --> Session: Class initialized using 'CodeIgniter\Session\Handlers\FileHandler' driver.
WARNING - 2023-04-10 19:31:36 --> Session: Sessions is enabled, and one exists.Please don't $session->start();
INFO - 2023-04-10 12:31:36 --> Session: Class initialized using 'CodeIgniter\Session\Handlers\FileHandler' driver.
WARNING - 2023-04-10 19:31:36 --> Session: Sessions is enabled, and one exists.Please don't $session->start();
INFO - 2023-04-10 12:32:42 --> Session: Class initialized using 'CodeIgniter\Session\Handlers\FileHandler' driver.
WARNING - 2023-04-10 19:32:42 --> Session: Sessions is enabled, and one exists.Please don't $session->start();
CRITICAL - 2023-04-10 19:32:42 --> Class "App\Models\PengurusModel" not found
in APPPATH\Controllers\Pengurus.php on line 15.
 1 SYSTEMPATH\CodeIgniter.php(906): App\Controllers\Pengurus->__construct()
 2 SYSTEMPATH\CodeIgniter.php(490): CodeIgniter\CodeIgniter->createController()
 3 SYSTEMPATH\CodeIgniter.php(368): CodeIgniter\CodeIgniter->handleRequest(null, Object(Config\Cache), false)
 4 FCPATH\index.php(67): CodeIgniter\CodeIgniter->run()
 5 SYSTEMPATH\Commands\Server\rewrite.php(47): require_once('FCPATH\\index.php')
INFO - 2023-04-10 12:32:54 --> Session: Class initialized using 'CodeIgniter\Session\Handlers\FileHandler' driver.
WARNING - 2023-04-10 19:32:54 --> Session: Sessions is enabled, and one exists.Please don't $session->start();
INFO - 2023-04-10 12:32:58 --> Session: Class initialized using 'CodeIgniter\Session\Handlers\FileHandler' driver.
WARNING - 2023-04-10 19:32:58 --> Session: Sessions is enabled, and one exists.Please don't $session->start();
INFO - 2023-04-10 12:32:58 --> Session: Class initialized using 'CodeIgniter\Session\Handlers\FileHandler' driver.
WARNING - 2023-04-10 19:32:58 --> Session: Sessions is enabled, and one exists.Please don't $session->start();
INFO - 2023-04-10 12:33:05 --> Session: Class initialized using 'CodeIgniter\Session\Handlers\FileHandler' driver.
WARNING - 2023-04-10 19:33:05 --> Session: Sessions is enabled, and one exists.Please don't $session->start();
INFO - 2023-04-10 12:33:48 --> Session: Class initialized using 'CodeIgniter\Session\Handlers\FileHandler' driver.
WARNING - 2023-04-10 19:33:48 --> Session: Sessions is enabled, and one exists.Please don't $session->start();
INFO - 2023-04-10 12:34:01 --> Session: Class initialized using 'CodeIgniter\Session\Handlers\FileHandler' driver.
WARNING - 2023-04-10 19:34:01 --> Session: Sessions is enabled, and one exists.Please don't $session->start();
INFO - 2023-04-10 12:34:27 --> Session: Class initialized using 'CodeIgniter\Session\Handlers\FileHandler' driver.
WARNING - 2023-04-10 19:34:27 --> Session: Sessions is enabled, and one exists.Please don't $session->start();
INFO - 2023-04-10 12:34:43 --> Session: Class initialized using 'CodeIgniter\Session\Handlers\FileHandler' driver.
WARNING - 2023-04-10 19:34:43 --> Session: Sessions is enabled, and one exists.Please don't $session->start();
INFO - 2023-04-10 12:34:49 --> Session: Class initialized using 'CodeIgniter\Session\Handlers\FileHandler' driver.
WARNING - 2023-04-10 19:34:49 --> Session: Sessions is enabled, and one exists.Please don't $session->start();
INFO - 2023-04-10 12:35:02 --> Session: Class initialized using 'CodeIgniter\Session\Handlers\FileHandler' driver.
WARNING - 2023-04-10 19:35:02 --> Session: Sessions is enabled, and one exists.Please don't $session->start();
INFO - 2023-04-10 12:35:09 --> Session: Class initialized using 'CodeIgniter\Session\Handlers\FileHandler' driver.
WARNING - 2023-04-10 19:35:09 --> Session: Sessions is enabled, and one exists.Please don't $session->start();
INFO - 2023-04-10 12:35:09 --> Session: Class initialized using 'CodeIgniter\Session\Handlers\FileHandler' driver.
WARNING - 2023-04-10 19:35:09 --> Session: Sessions is enabled, and one exists.Please don't $session->start();
INFO - 2023-04-10 12:35:21 --> Session: Class initialized using 'CodeIgniter\Session\Handlers\FileHandler' driver.
WARNING - 2023-04-10 19:35:21 --> Session: Sessions is enabled, and one exists.Please don't $session->start();
INFO - 2023-04-10 12:35:34 --> Session: Class initialized using 'CodeIgniter\Session\Handlers\FileHandler' driver.
WARNING - 2023-04-10 19:35:34 --> Session: Sessions is enabled, and one exists.Please don't $session->start();
INFO - 2023-04-10 12:35:36 --> Session: Class initialized using 'CodeIgniter\Session\Handlers\FileHandler' driver.
WARNING - 2023-04-10 19:35:36 --> Session: Sessions is enabled, and one exists.Please don't $session->start();
INFO - 2023-04-10 12:35:36 --> Session: Class initialized using 'CodeIgniter\Session\Handlers\FileHandler' driver.
WARNING - 2023-04-10 19:35:36 --> Session: Sessions is enabled, and one exists.Please don't $session->start();
INFO - 2023-04-10 12:36:24 --> Session: Class initialized using 'CodeIgniter\Session\Handlers\FileHandler' driver.
WARNING - 2023-04-10 19:36:24 --> Session: Sessions is enabled, and one exists.Please don't $session->start();
INFO - 2023-04-10 12:36:24 --> Session: Class initialized using 'CodeIgniter\Session\Handlers\FileHandler' driver.
WARNING - 2023-04-10 19:36:24 --> Session: Sessions is enabled, and one exists.Please don't $session->start();
INFO - 2023-04-10 12:36:39 --> Session: Class initialized using 'CodeIgniter\Session\Handlers\FileHandler' driver.
WARNING - 2023-04-10 19:36:39 --> Session: Sessions is enabled, and one exists.Please don't $session->start();
INFO - 2023-04-10 12:36:39 --> Session: Class initialized using 'CodeIgniter\Session\Handlers\FileHandler' driver.
WARNING - 2023-04-10 19:36:39 --> Session: Sessions is enabled, and one exists.Please don't $session->start();
INFO - 2023-04-10 12:36:54 --> Session: Class initialized using 'CodeIgniter\Session\Handlers\FileHandler' driver.
WARNING - 2023-04-10 19:36:54 --> Session: Sessions is enabled, and one exists.Please don't $session->start();
INFO - 2023-04-10 12:36:54 --> Session: Class initialized using 'CodeIgniter\Session\Handlers\FileHandler' driver.
WARNING - 2023-04-10 19:36:54 --> Session: Sessions is enabled, and one exists.Please don't $session->start();
INFO - 2023-04-10 12:37:08 --> Session: Class initialized using 'CodeIgniter\Session\Handlers\FileHandler' driver.
WARNING - 2023-04-10 19:37:08 --> Session: Sessions is enabled, and one exists.Please don't $session->start();
INFO - 2023-04-10 12:37:08 --> Session: Class initialized using 'CodeIgniter\Session\Handlers\FileHandler' driver.
WARNING - 2023-04-10 19:37:08 --> Session: Sessions is enabled, and one exists.Please don't $session->start();
INFO - 2023-04-10 12:37:20 --> Session: Class initialized using 'CodeIgniter\Session\Handlers\FileHandler' driver.
WARNING - 2023-04-10 19:37:20 --> Session: Sessions is enabled, and one exists.Please don't $session->start();
INFO - 2023-04-10 12:37:20 --> Session: Class initialized using 'CodeIgniter\Session\Handlers\FileHandler' driver.
WARNING - 2023-04-10 19:37:20 --> Session: Sessions is enabled, and one exists.Please don't $session->start();
INFO - 2023-04-10 12:37:33 --> Session: Class initialized using 'CodeIgniter\Session\Handlers\FileHandler' driver.
WARNING - 2023-04-10 19:37:33 --> Session: Sessions is enabled, and one exists.Please don't $session->start();
INFO - 2023-04-10 12:37:33 --> Session: Class initialized using 'CodeIgniter\Session\Handlers\FileHandler' driver.
WARNING - 2023-04-10 19:37:33 --> Session: Sessions is enabled, and one exists.Please don't $session->start();
INFO - 2023-04-10 12:37:46 --> Session: Class initialized using 'CodeIgniter\Session\Handlers\FileHandler' driver.
WARNING - 2023-04-10 19:37:46 --> Session: Sessions is enabled, and one exists.Please don't $session->start();
INFO - 2023-04-10 12:37:46 --> Session: Class initialized using 'CodeIgniter\Session\Handlers\FileHandler' driver.
WARNING - 2023-04-10 19:37:46 --> Session: Sessions is enabled, and one exists.Please don't $session->start();
INFO - 2023-04-10 12:38:06 --> Session: Class initialized using 'CodeIgniter\Session\Handlers\FileHandler' driver.
WARNING - 2023-04-10 19:38:06 --> Session: Sessions is enabled, and one exists.Please don't $session->start();
INFO - 2023-04-10 12:38:07 --> Session: Class initialized using 'CodeIgniter\Session\Handlers\FileHandler' driver.
WARNING - 2023-04-10 19:38:07 --> Session: Sessions is enabled, and one exists.Please don't $session->start();
INFO - 2023-04-10 12:38:17 --> Session: Class initialized using 'CodeIgniter\Session\Handlers\FileHandler' driver.
WARNING - 2023-04-10 19:38:17 --> Session: Sessions is enabled, and one exists.Please don't $session->start();
INFO - 2023-04-10 12:38:17 --> Session: Class initialized using 'CodeIgniter\Session\Handlers\FileHandler' driver.
WARNING - 2023-04-10 19:38:17 --> Session: Sessions is enabled, and one exists.Please don't $session->start();
INFO - 2023-04-10 12:38:28 --> Session: Class initialized using 'CodeIgniter\Session\Handlers\FileHandler' driver.
WARNING - 2023-04-10 19:38:28 --> Session: Sessions is enabled, and one exists.Please don't $session->start();
INFO - 2023-04-10 12:38:28 --> Session: Class initialized using 'CodeIgniter\Session\Handlers\FileHandler' driver.
WARNING - 2023-04-10 19:38:28 --> Session: Sessions is enabled, and one exists.Please don't $session->start();
INFO - 2023-04-10 12:38:42 --> Session: Class initialized using 'CodeIgniter\Session\Handlers\FileHandler' driver.
WARNING - 2023-04-10 19:38:42 --> Session: Sessions is enabled, and one exists.Please don't $session->start();
INFO - 2023-04-10 12:38:42 --> Session: Class initialized using 'CodeIgniter\Session\Handlers\FileHandler' driver.
WARNING - 2023-04-10 19:38:42 --> Session: Sessions is enabled, and one exists.Please don't $session->start();
INFO - 2023-04-10 12:38:55 --> Session: Class initialized using 'CodeIgniter\Session\Handlers\FileHandler' driver.
WARNING - 2023-04-10 19:38:55 --> Session: Sessions is enabled, and one exists.Please don't $session->start();
INFO - 2023-04-10 12:38:56 --> Session: Class initialized using 'CodeIgniter\Session\Handlers\FileHandler' driver.
WARNING - 2023-04-10 19:38:56 --> Session: Sessions is enabled, and one exists.Please don't $session->start();
INFO - 2023-04-10 12:39:25 --> Session: Class initialized using 'CodeIgniter\Session\Handlers\FileHandler' driver.
WARNING - 2023-04-10 19:39:25 --> Session: Sessions is enabled, and one exists.Please don't $session->start();
INFO - 2023-04-10 12:44:14 --> Session: Class initialized using 'CodeIgniter\Session\Handlers\FileHandler' driver.
WARNING - 2023-04-10 19:44:14 --> Session: Sessions is enabled, and one exists.Please don't $session->start();
INFO - 2023-04-10 19:44:16 --> Session: Class initialized using 'CodeIgniter\Session\Handlers\FileHandler' driver.
WARNING - 2023-04-10 19:44:16 --> Session: Sessions is enabled, and one exists.Please don't $session->start();
INFO - 2023-04-10 19:56:17 --> Session: Class initialized using 'CodeIgniter\Session\Handlers\FileHandler' driver.
WARNING - 2023-04-10 19:56:17 --> Session: Sessions is enabled, and one exists.Please don't $session->start();
INFO - 2023-04-10 19:56:18 --> Session: Class initialized using 'CodeIgniter\Session\Handlers\FileHandler' driver.
WARNING - 2023-04-10 19:56:18 --> Session: Sessions is enabled, and one exists.Please don't $session->start();
INFO - 2023-04-10 19:56:22 --> Session: Class initialized using 'CodeIgniter\Session\Handlers\FileHandler' driver.
WARNING - 2023-04-10 19:56:22 --> Session: Sessions is enabled, and one exists.Please don't $session->start();
INFO - 2023-04-10 19:56:22 --> Session: Class initialized using 'CodeIgniter\Session\Handlers\FileHandler' driver.
WARNING - 2023-04-10 19:56:22 --> Session: Sessions is enabled, and one exists.Please don't $session->start();
INFO - 2023-04-10 12:57:50 --> Session: Class initialized using 'CodeIgniter\Session\Handlers\FileHandler' driver.
WARNING - 2023-04-10 19:57:50 --> Session: Sessions is enabled, and one exists.Please don't $session->start();
INFO - 2023-04-10 19:57:52 --> Session: Class initialized using 'CodeIgniter\Session\Handlers\FileHandler' driver.
WARNING - 2023-04-10 19:57:52 --> Session: Sessions is enabled, and one exists.Please don't $session->start();
INFO - 2023-04-10 20:04:37 --> Session: Class initialized using 'CodeIgniter\Session\Handlers\FileHandler' driver.
WARNING - 2023-04-10 20:04:37 --> Session: Sessions is enabled, and one exists.Please don't $session->start();
INFO - 2023-04-10 20:04:57 --> Session: Class initialized using 'CodeIgniter\Session\Handlers\FileHandler' driver.
WARNING - 2023-04-10 20:04:57 --> Session: Sessions is enabled, and one exists.Please don't $session->start();
INFO - 2023-04-10 20:05:14 --> Session: Class initialized using 'CodeIgniter\Session\Handlers\FileHandler' driver.
WARNING - 2023-04-10 20:05:14 --> Session: Sessions is enabled, and one exists.Please don't $session->start();
INFO - 2023-04-10 20:07:16 --> Session: Class initialized using 'CodeIgniter\Session\Handlers\FileHandler' driver.
WARNING - 2023-04-10 20:07:16 --> Session: Sessions is enabled, and one exists.Please don't $session->start();
CRITICAL - 2023-04-10 20:07:16 --> Call to undefined method CodeIgniter\Database\MySQLi\Builder::findAll()
in APPPATH\Controllers\User.php on line 38.
 1 SYSTEMPATH\CodeIgniter.php(934): App\Controllers\User->add()
 2 SYSTEMPATH\CodeIgniter.php(499): CodeIgniter\CodeIgniter->runController(Object(App\Controllers\User))
 3 SYSTEMPATH\CodeIgniter.php(368): CodeIgniter\CodeIgniter->handleRequest(null, Object(Config\Cache), false)
 4 FCPATH\index.php(67): CodeIgniter\CodeIgniter->run()
 5 SYSTEMPATH\Commands\Server\rewrite.php(47): require_once('FCPATH\\index.php')
INFO - 2023-04-10 20:07:38 --> Session: Class initialized using 'CodeIgniter\Session\Handlers\FileHandler' driver.
WARNING - 2023-04-10 20:07:38 --> Session: Sessions is enabled, and one exists.Please don't $session->start();
CRITICAL - 2023-04-10 20:07:38 --> Call to undefined method CodeIgniter\Database\MySQLi\Builder::getRowArray()
in APPPATH\Controllers\User.php on line 38.
 1 SYSTEMPATH\CodeIgniter.php(934): App\Controllers\User->add()
 2 SYSTEMPATH\CodeIgniter.php(499): CodeIgniter\CodeIgniter->runController(Object(App\Controllers\User))
 3 SYSTEMPATH\CodeIgniter.php(368): CodeIgniter\CodeIgniter->handleRequest(null, Object(Config\Cache), false)
 4 FCPATH\index.php(67): CodeIgniter\CodeIgniter->run()
 5 SYSTEMPATH\Commands\Server\rewrite.php(47): require_once('FCPATH\\index.php')
INFO - 2023-04-10 20:08:06 --> Session: Class initialized using 'CodeIgniter\Session\Handlers\FileHandler' driver.
WARNING - 2023-04-10 20:08:06 --> Session: Sessions is enabled, and one exists.Please don't $session->start();
ERROR - 2023-04-10 20:08:06 --> mysqli_sql_exception: Table 'simpanan.pegnurus' doesn't exist in C:\xampp\htdocs\simpanan\vendor\codeigniter4\framework\system\Database\MySQLi\Connection.php:295
Stack trace:
#0 C:\xampp\htdocs\simpanan\vendor\codeigniter4\framework\system\Database\MySQLi\Connection.php(295): mysqli->query('SELECT * FROM p...', 0)
#1 C:\xampp\htdocs\simpanan\vendor\codeigniter4\framework\system\Database\BaseConnection.php(691): CodeIgniter\Database\MySQLi\Connection->execute('SELECT * FROM p...')
#2 C:\xampp\htdocs\simpanan\vendor\codeigniter4\framework\system\Database\BaseConnection.php(605): CodeIgniter\Database\BaseConnection->simpleQuery('SELECT * FROM p...')
#3 C:\xampp\htdocs\simpanan\app\Controllers\User.php(38): CodeIgniter\Database\BaseConnection->query('SELECT * FROM p...')
#4 C:\xampp\htdocs\simpanan\vendor\codeigniter4\framework\system\CodeIgniter.php(934): App\Controllers\User->add()
#5 C:\xampp\htdocs\simpanan\vendor\codeigniter4\framework\system\CodeIgniter.php(499): CodeIgniter\CodeIgniter->runController(Object(App\Controllers\User))
#6 C:\xampp\htdocs\simpanan\vendor\codeigniter4\framework\system\CodeIgniter.php(368): CodeIgniter\CodeIgniter->handleRequest(NULL, Object(Config\Cache), false)
#7 C:\xampp\htdocs\simpanan\public\index.php(67): CodeIgniter\CodeIgniter->run()
#8 C:\xampp\htdocs\simpanan\vendor\codeigniter4\framework\system\Commands\Server\rewrite.php(47): require_once('C:\\xampp\\htdocs...')
#9 {main}
CRITICAL - 2023-04-10 20:08:06 --> Table 'simpanan.pegnurus' doesn't exist
in SYSTEMPATH\Database\BaseConnection.php on line 645.
 1 APPPATH\Controllers\User.php(38): CodeIgniter\Database\BaseConnection->query('SELECT * FROM pegnurus')
 2 SYSTEMPATH\CodeIgniter.php(934): App\Controllers\User->add()
 3 SYSTEMPATH\CodeIgniter.php(499): CodeIgniter\CodeIgniter->runController(Object(App\Controllers\User))
 4 SYSTEMPATH\CodeIgniter.php(368): CodeIgniter\CodeIgniter->handleRequest(null, Object(Config\Cache), false)
 5 FCPATH\index.php(67): CodeIgniter\CodeIgniter->run()
 6 SYSTEMPATH\Commands\Server\rewrite.php(47): require_once('FCPATH\\index.php')
INFO - 2023-04-10 20:08:12 --> Session: Class initialized using 'CodeIgniter\Session\Handlers\FileHandler' driver.
WARNING - 2023-04-10 20:08:12 --> Session: Sessions is enabled, and one exists.Please don't $session->start();
INFO - 2023-04-10 20:08:32 --> Session: Class initialized using 'CodeIgniter\Session\Handlers\FileHandler' driver.
WARNING - 2023-04-10 20:08:32 --> Session: Sessions is enabled, and one exists.Please don't $session->start();
INFO - 2023-04-10 20:08:40 --> Session: Class initialized using 'CodeIgniter\Session\Handlers\FileHandler' driver.
WARNING - 2023-04-10 20:08:40 --> Session: Sessions is enabled, and one exists.Please don't $session->start();
INFO - 2023-04-10 20:08:47 --> Session: Class initialized using 'CodeIgniter\Session\Handlers\FileHandler' driver.
WARNING - 2023-04-10 20:08:47 --> Session: Sessions is enabled, and one exists.Please don't $session->start();
INFO - 2023-04-10 20:15:57 --> Session: Class initialized using 'CodeIgniter\Session\Handlers\FileHandler' driver.
WARNING - 2023-04-10 20:15:57 --> Session: Sessions is enabled, and one exists.Please don't $session->start();
INFO - 2023-04-10 20:17:21 --> Session: Class initialized using 'CodeIgniter\Session\Handlers\FileHandler' driver.
WARNING - 2023-04-10 20:17:21 --> Session: Sessions is enabled, and one exists.Please don't $session->start();
INFO - 2023-04-10 20:17:30 --> Session: Class initialized using 'CodeIgniter\Session\Handlers\FileHandler' driver.
WARNING - 2023-04-10 20:17:30 --> Session: Sessions is enabled, and one exists.Please don't $session->start();
INFO - 2023-04-10 20:17:36 --> Session: Class initialized using 'CodeIgniter\Session\Handlers\FileHandler' driver.
WARNING - 2023-04-10 20:17:36 --> Session: Sessions is enabled, and one exists.Please don't $session->start();
INFO - 2023-04-10 20:17:50 --> Session: Class initialized using 'CodeIgniter\Session\Handlers\FileHandler' driver.
WARNING - 2023-04-10 20:17:50 --> Session: Sessions is enabled, and one exists.Please don't $session->start();
INFO - 2023-04-10 20:18:21 --> Session: Class initialized using 'CodeIgniter\Session\Handlers\FileHandler' driver.
WARNING - 2023-04-10 20:18:21 --> Session: Sessions is enabled, and one exists.Please don't $session->start();
INFO - 2023-04-10 20:18:21 --> Session: Class initialized using 'CodeIgniter\Session\Handlers\FileHandler' driver.
WARNING - 2023-04-10 20:18:21 --> Session: Sessions is enabled, and one exists.Please don't $session->start();
INFO - 2023-04-10 20:18:48 --> Session: Class initialized using 'CodeIgniter\Session\Handlers\FileHandler' driver.
WARNING - 2023-04-10 20:18:48 --> Session: Sessions is enabled, and one exists.Please don't $session->start();
INFO - 2023-04-10 20:18:49 --> Session: Class initialized using 'CodeIgniter\Session\Handlers\FileHandler' driver.
WARNING - 2023-04-10 20:18:49 --> Session: Sessions is enabled, and one exists.Please don't $session->start();
INFO - 2023-04-10 13:19:32 --> Session: Class initialized using 'CodeIgniter\Session\Handlers\FileHandler' driver.
WARNING - 2023-04-10 20:19:32 --> Session: Sessions is enabled, and one exists.Please don't $session->start();
INFO - 2023-04-10 20:19:34 --> Session: Class initialized using 'CodeIgniter\Session\Handlers\FileHandler' driver.
WARNING - 2023-04-10 20:19:34 --> Session: Sessions is enabled, and one exists.Please don't $session->start();
INFO - 2023-04-10 13:20:04 --> Session: Class initialized using 'CodeIgniter\Session\Handlers\FileHandler' driver.
WARNING - 2023-04-10 20:20:04 --> Session: Sessions is enabled, and one exists.Please don't $session->start();
INFO - 2023-04-10 13:20:07 --> Session: Class initialized using 'CodeIgniter\Session\Handlers\FileHandler' driver.
WARNING - 2023-04-10 20:20:07 --> Session: Sessions is enabled, and one exists.Please don't $session->start();
INFO - 2023-04-10 13:20:09 --> Session: Class initialized using 'CodeIgniter\Session\Handlers\FileHandler' driver.
WARNING - 2023-04-10 20:20:09 --> Session: Sessions is enabled, and one exists.Please don't $session->start();
INFO - 2023-04-10 20:20:09 --> Session: Class initialized using 'CodeIgniter\Session\Handlers\FileHandler' driver.
WARNING - 2023-04-10 20:20:09 --> Session: Sessions is enabled, and one exists.Please don't $session->start();
INFO - 2023-04-10 20:20:10 --> Session: Class initialized using 'CodeIgniter\Session\Handlers\FileHandler' driver.
WARNING - 2023-04-10 20:20:10 --> Session: Sessions is enabled, and one exists.Please don't $session->start();
INFO - 2023-04-10 20:20:10 --> Session: Class initialized using 'CodeIgniter\Session\Handlers\FileHandler' driver.
WARNING - 2023-04-10 20:20:10 --> Session: Sessions is enabled, and one exists.Please don't $session->start();
INFO - 2023-04-10 13:20:40 --> Session: Class initialized using 'CodeIgniter\Session\Handlers\FileHandler' driver.
WARNING - 2023-04-10 20:20:40 --> Session: Sessions is enabled, and one exists.Please don't $session->start();
CRITICAL - 2023-04-10 20:20:40 --> Undefined array key "akad"
in APPPATH\Views\pembiayaan\view_data_detail_pembiayaan.php on line 37.
 1 APPPATH\Views\pembiayaan\view_data_detail_pembiayaan.php(37): CodeIgniter\Debug\Exceptions->errorHandler(2, 'Undefined array key "akad"', 'APPPATH\\Views\\pembiayaan\\view_data_detail_pembiayaan.php', 37)
 2 SYSTEMPATH\View\View.php(213): include('APPPATH\\Views\\pembiayaan\\view_data_detail_pembiayaan.php')
 3 SYSTEMPATH\View\View.php(216): CodeIgniter\View\View->CodeIgniter\View\{closure}()
 4 SYSTEMPATH\Common.php(1177): CodeIgniter\View\View->render('pembiayaan/view_data_detail_pembiayaan', [], true)
 5 APPPATH\Controllers\Pembiayaan.php(106): view('pembiayaan/view_data_detail_pembiayaan', [...])
 6 SYSTEMPATH\CodeIgniter.php(934): App\Controllers\Pembiayaan->detail('3')
 7 SYSTEMPATH\CodeIgniter.php(499): CodeIgniter\CodeIgniter->runController(Object(App\Controllers\Pembiayaan))
 8 SYSTEMPATH\CodeIgniter.php(368): CodeIgniter\CodeIgniter->handleRequest(null, Object(Config\Cache), false)
 9 FCPATH\index.php(67): CodeIgniter\CodeIgniter->run()
10 SYSTEMPATH\Commands\Server\rewrite.php(47): require_once('FCPATH\\index.php')
INFO - 2023-04-10 13:20:56 --> Session: Class initialized using 'CodeIgniter\Session\Handlers\FileHandler' driver.
WARNING - 2023-04-10 20:20:56 --> Session: Sessions is enabled, and one exists.Please don't $session->start();
INFO - 2023-04-10 20:20:56 --> Session: Class initialized using 'CodeIgniter\Session\Handlers\FileHandler' driver.
WARNING - 2023-04-10 20:20:56 --> Session: Sessions is enabled, and one exists.Please don't $session->start();
INFO - 2023-04-10 20:20:57 --> Session: Class initialized using 'CodeIgniter\Session\Handlers\FileHandler' driver.
WARNING - 2023-04-10 20:20:57 --> Session: Sessions is enabled, and one exists.Please don't $session->start();
INFO - 2023-04-10 20:20:57 --> Session: Class initialized using 'CodeIgniter\Session\Handlers\FileHandler' driver.
WARNING - 2023-04-10 20:20:57 --> Session: Sessions is enabled, and one exists.Please don't $session->start();
INFO - 2023-04-10 13:21:04 --> Session: Class initialized using 'CodeIgniter\Session\Handlers\FileHandler' driver.
WARNING - 2023-04-10 20:21:04 --> Session: Sessions is enabled, and one exists.Please don't $session->start();
INFO - 2023-04-10 20:21:05 --> Session: Class initialized using 'CodeIgniter\Session\Handlers\FileHandler' driver.
WARNING - 2023-04-10 20:21:05 --> Session: Sessions is enabled, and one exists.Please don't $session->start();
INFO - 2023-04-10 20:21:05 --> Session: Class initialized using 'CodeIgniter\Session\Handlers\FileHandler' driver.
WARNING - 2023-04-10 20:21:05 --> Session: Sessions is enabled, and one exists.Please don't $session->start();
INFO - 2023-04-10 20:21:05 --> Session: Class initialized using 'CodeIgniter\Session\Handlers\FileHandler' driver.
WARNING - 2023-04-10 20:21:05 --> Session: Sessions is enabled, and one exists.Please don't $session->start();
INFO - 2023-04-10 13:21:19 --> Session: Class initialized using 'CodeIgniter\Session\Handlers\FileHandler' driver.
WARNING - 2023-04-10 20:21:19 --> Session: Sessions is enabled, and one exists.Please don't $session->start();
INFO - 2023-04-10 20:21:19 --> Session: Class initialized using 'CodeIgniter\Session\Handlers\FileHandler' driver.
WARNING - 2023-04-10 20:21:19 --> Session: Sessions is enabled, and one exists.Please don't $session->start();
INFO - 2023-04-10 20:21:19 --> Session: Class initialized using 'CodeIgniter\Session\Handlers\FileHandler' driver.
WARNING - 2023-04-10 20:21:19 --> Session: Sessions is enabled, and one exists.Please don't $session->start();
INFO - 2023-04-10 20:21:20 --> Session: Class initialized using 'CodeIgniter\Session\Handlers\FileHandler' driver.
WARNING - 2023-04-10 20:21:20 --> Session: Sessions is enabled, and one exists.Please don't $session->start();
INFO - 2023-04-10 13:21:27 --> Session: Class initialized using 'CodeIgniter\Session\Handlers\FileHandler' driver.
WARNING - 2023-04-10 20:21:27 --> Session: Sessions is enabled, and one exists.Please don't $session->start();
INFO - 2023-04-10 13:21:29 --> Session: Class initialized using 'CodeIgniter\Session\Handlers\FileHandler' driver.
WARNING - 2023-04-10 20:21:29 --> Session: Sessions is enabled, and one exists.Please don't $session->start();
INFO - 2023-04-10 13:21:34 --> Session: Class initialized using 'CodeIgniter\Session\Handlers\FileHandler' driver.
WARNING - 2023-04-10 20:21:34 --> Session: Sessions is enabled, and one exists.Please don't $session->start();
INFO - 2023-04-10 13:21:41 --> Session: Class initialized using 'CodeIgniter\Session\Handlers\FileHandler' driver.
WARNING - 2023-04-10 20:21:41 --> Session: Sessions is enabled, and one exists.Please don't $session->start();
INFO - 2023-04-10 13:22:23 --> Session: Class initialized using 'CodeIgniter\Session\Handlers\FileHandler' driver.
WARNING - 2023-04-10 20:22:23 --> Session: Sessions is enabled, and one exists.Please don't $session->start();
INFO - 2023-04-10 13:30:08 --> Session: Class initialized using 'CodeIgniter\Session\Handlers\FileHandler' driver.
WARNING - 2023-04-10 13:30:08 --> Session: Sessions is enabled, and one exists.Please don't $session->start();
INFO - 2023-04-10 13:30:09 --> Session: Class initialized using 'CodeIgniter\Session\Handlers\FileHandler' driver.
WARNING - 2023-04-10 13:30:09 --> Session: Sessions is enabled, and one exists.Please don't $session->start();
WARNING - 2023-04-10 20:30:09 --> Session: Sessions is enabled, and one exists.Please don't $session->start();
INFO - 2023-04-10 13:30:15 --> Session: Class initialized using 'CodeIgniter\Session\Handlers\FileHandler' driver.
WARNING - 2023-04-10 13:30:15 --> Session: Sessions is enabled, and one exists.Please don't $session->start();
INFO - 2023-04-10 13:30:15 --> Session: Class initialized using 'CodeIgniter\Session\Handlers\FileHandler' driver.
WARNING - 2023-04-10 13:30:15 --> Session: Sessions is enabled, and one exists.Please don't $session->start();
INFO - 2023-04-10 13:30:20 --> Session: Class initialized using 'CodeIgniter\Session\Handlers\FileHandler' driver.
WARNING - 2023-04-10 13:30:20 --> Session: Sessions is enabled, and one exists.Please don't $session->start();
INFO - 2023-04-10 13:30:20 --> Session: Class initialized using 'CodeIgniter\Session\Handlers\FileHandler' driver.
WARNING - 2023-04-10 13:30:20 --> Session: Sessions is enabled, and one exists.Please don't $session->start();
WARNING - 2023-04-10 20:30:20 --> Session: Sessions is enabled, and one exists.Please don't $session->start();
INFO - 2023-04-10 13:30:26 --> Session: Class initialized using 'CodeIgniter\Session\Handlers\FileHandler' driver.
WARNING - 2023-04-10 20:30:26 --> Session: Sessions is enabled, and one exists.Please don't $session->start();
INFO - 2023-04-10 20:30:29 --> Session: Class initialized using 'CodeIgniter\Session\Handlers\FileHandler' driver.
WARNING - 2023-04-10 20:30:29 --> Session: Sessions is enabled, and one exists.Please don't $session->start();
INFO - 2023-04-10 20:30:44 --> Session: Class initialized using 'CodeIgniter\Session\Handlers\FileHandler' driver.
WARNING - 2023-04-10 20:30:44 --> Session: Sessions is enabled, and one exists.Please don't $session->start();
ERROR - 2023-04-10 20:30:44 --> mysqli_sql_exception: Duplicate entry '169' for key 'PRIMARY' in C:\xampp\htdocs\koperasi\vendor\codeigniter4\framework\system\Database\MySQLi\Connection.php:295
Stack trace:
#0 C:\xampp\htdocs\koperasi\vendor\codeigniter4\framework\system\Database\MySQLi\Connection.php(295): mysqli->query('INSERT INTO `us...', 0)
#1 C:\xampp\htdocs\koperasi\vendor\codeigniter4\framework\system\Database\BaseConnection.php(691): CodeIgniter\Database\MySQLi\Connection->execute('INSERT INTO `us...')
#2 C:\xampp\htdocs\koperasi\vendor\codeigniter4\framework\system\Database\BaseConnection.php(605): CodeIgniter\Database\BaseConnection->simpleQuery('INSERT INTO `us...')
#3 C:\xampp\htdocs\koperasi\vendor\codeigniter4\framework\system\Database\BaseBuilder.php(2294): CodeIgniter\Database\BaseConnection->query('INSERT INTO `us...', Array, false)
#4 C:\xampp\htdocs\koperasi\app\Controllers\User.php(73): CodeIgniter\Database\BaseBuilder->insert(Array)
#5 C:\xampp\htdocs\koperasi\vendor\codeigniter4\framework\system\CodeIgniter.php(934): App\Controllers\User->add_proses()
#6 C:\xampp\htdocs\koperasi\vendor\codeigniter4\framework\system\CodeIgniter.php(499): CodeIgniter\CodeIgniter->runController(Object(App\Controllers\User))
#7 C:\xampp\htdocs\koperasi\vendor\codeigniter4\framework\system\CodeIgniter.php(368): CodeIgniter\CodeIgniter->handleRequest(NULL, Object(Config\Cache), false)
#8 C:\xampp\htdocs\koperasi\public\index.php(67): CodeIgniter\CodeIgniter->run()
#9 C:\xampp\htdocs\koperasi\vendor\codeigniter4\framework\system\Commands\Server\rewrite.php(47): require_once('C:\\xampp\\htdocs...')
#10 {main}
INFO - 2023-04-10 20:30:44 --> Session: Class initialized using 'CodeIgniter\Session\Handlers\FileHandler' driver.
WARNING - 2023-04-10 20:30:44 --> Session: Sessions is enabled, and one exists.Please don't $session->start();
INFO - 2023-04-10 20:31:41 --> Session: Class initialized using 'CodeIgniter\Session\Handlers\FileHandler' driver.
WARNING - 2023-04-10 20:31:41 --> Session: Sessions is enabled, and one exists.Please don't $session->start();
INFO - 2023-04-10 20:31:55 --> Session: Class initialized using 'CodeIgniter\Session\Handlers\FileHandler' driver.
WARNING - 2023-04-10 20:31:55 --> Session: Sessions is enabled, and one exists.Please don't $session->start();
INFO - 2023-04-10 20:31:55 --> Session: Class initialized using 'CodeIgniter\Session\Handlers\FileHandler' driver.
WARNING - 2023-04-10 20:31:55 --> Session: Sessions is enabled, and one exists.Please don't $session->start();
INFO - 2023-04-10 20:32:36 --> Session: Class initialized using 'CodeIgniter\Session\Handlers\FileHandler' driver.
WARNING - 2023-04-10 20:32:36 --> Session: Sessions is enabled, and one exists.Please don't $session->start();
INFO - 2023-04-10 20:32:37 --> Session: Class initialized using 'CodeIgniter\Session\Handlers\FileHandler' driver.
WARNING - 2023-04-10 20:32:37 --> Session: Sessions is enabled, and one exists.Please don't $session->start();
INFO - 2023-04-10 20:32:59 --> Session: Class initialized using 'CodeIgniter\Session\Handlers\FileHandler' driver.
WARNING - 2023-04-10 20:32:59 --> Session: Sessions is enabled, and one exists.Please don't $session->start();
INFO - 2023-04-10 20:32:59 --> Session: Class initialized using 'CodeIgniter\Session\Handlers\FileHandler' driver.
WARNING - 2023-04-10 20:32:59 --> Session: Sessions is enabled, and one exists.Please don't $session->start();
INFO - 2023-04-10 13:33:13 --> Session: Class initialized using 'CodeIgniter\Session\Handlers\FileHandler' driver.
WARNING - 2023-04-10 20:33:13 --> Session: Sessions is enabled, and one exists.Please don't $session->start();
INFO - 2023-04-10 13:33:14 --> Session: Class initialized using 'CodeIgniter\Session\Handlers\FileHandler' driver.
WARNING - 2023-04-10 20:33:14 --> Session: Sessions is enabled, and one exists.Please don't $session->start();
INFO - 2023-04-10 13:33:18 --> Session: Class initialized using 'CodeIgniter\Session\Handlers\FileHandler' driver.
WARNING - 2023-04-10 13:33:18 --> Session: Sessions is enabled, and one exists.Please don't $session->start();
WARNING - 2023-04-10 20:33:18 --> Session: Sessions is enabled, and one exists.Please don't $session->start();
INFO - 2023-04-10 13:33:20 --> Session: Class initialized using 'CodeIgniter\Session\Handlers\FileHandler' driver.
WARNING - 2023-04-10 13:33:20 --> Session: Sessions is enabled, and one exists.Please don't $session->start();
WARNING - 2023-04-10 20:33:20 --> Session: Sessions is enabled, and one exists.Please don't $session->start();
INFO - 2023-04-10 13:33:22 --> Session: Class initialized using 'CodeIgniter\Session\Handlers\FileHandler' driver.
WARNING - 2023-04-10 13:33:22 --> Session: Sessions is enabled, and one exists.Please don't $session->start();
WARNING - 2023-04-10 20:33:22 --> Session: Sessions is enabled, and one exists.Please don't $session->start();
INFO - 2023-04-10 13:33:23 --> Session: Class initialized using 'CodeIgniter\Session\Handlers\FileHandler' driver.
WARNING - 2023-04-10 20:33:23 --> Session: Sessions is enabled, and one exists.Please don't $session->start();
INFO - 2023-04-10 13:33:43 --> Session: Class initialized using 'CodeIgniter\Session\Handlers\FileHandler' driver.
WARNING - 2023-04-10 20:33:43 --> Session: Sessions is enabled, and one exists.Please don't $session->start();
INFO - 2023-04-10 13:33:46 --> Session: Class initialized using 'CodeIgniter\Session\Handlers\FileHandler' driver.
WARNING - 2023-04-10 20:33:46 --> Session: Sessions is enabled, and one exists.Please don't $session->start();
INFO - 2023-04-10 20:33:47 --> Session: Class initialized using 'CodeIgniter\Session\Handlers\FileHandler' driver.
WARNING - 2023-04-10 20:33:47 --> Session: Sessions is enabled, and one exists.Please don't $session->start();
INFO - 2023-04-10 20:33:47 --> Session: Class initialized using 'CodeIgniter\Session\Handlers\FileHandler' driver.
WARNING - 2023-04-10 20:33:47 --> Session: Sessions is enabled, and one exists.Please don't $session->start();
INFO - 2023-04-10 20:33:47 --> Session: Class initialized using 'CodeIgniter\Session\Handlers\FileHandler' driver.
WARNING - 2023-04-10 20:33:47 --> Session: Sessions is enabled, and one exists.Please don't $session->start();
INFO - 2023-04-10 13:34:20 --> Session: Class initialized using 'CodeIgniter\Session\Handlers\FileHandler' driver.
WARNING - 2023-04-10 20:34:20 --> Session: Sessions is enabled, and one exists.Please don't $session->start();
INFO - 2023-04-10 13:34:32 --> Session: Class initialized using 'CodeIgniter\Session\Handlers\FileHandler' driver.
WARNING - 2023-04-10 20:34:32 --> Session: Sessions is enabled, and one exists.Please don't $session->start();
INFO - 2023-04-10 13:34:56 --> Session: Class initialized using 'CodeIgniter\Session\Handlers\FileHandler' driver.
WARNING - 2023-04-10 20:34:56 --> Session: Sessions is enabled, and one exists.Please don't $session->start();
INFO - 2023-04-10 20:34:57 --> Session: Class initialized using 'CodeIgniter\Session\Handlers\FileHandler' driver.
WARNING - 2023-04-10 20:34:57 --> Session: Sessions is enabled, and one exists.Please don't $session->start();
INFO - 2023-04-10 20:34:58 --> Session: Class initialized using 'CodeIgniter\Session\Handlers\FileHandler' driver.
WARNING - 2023-04-10 20:34:58 --> Session: Sessions is enabled, and one exists.Please don't $session->start();
INFO - 2023-04-10 20:34:58 --> Session: Class initialized using 'CodeIgniter\Session\Handlers\FileHandler' driver.
WARNING - 2023-04-10 20:34:58 --> Session: Sessions is enabled, and one exists.Please don't $session->start();
INFO - 2023-04-10 13:35:02 --> Session: Class initialized using 'CodeIgniter\Session\Handlers\FileHandler' driver.
WARNING - 2023-04-10 20:35:02 --> Session: Sessions is enabled, and one exists.Please don't $session->start();
INFO - 2023-04-10 20:35:03 --> Session: Class initialized using 'CodeIgniter\Session\Handlers\FileHandler' driver.
WARNING - 2023-04-10 20:35:03 --> Session: Sessions is enabled, and one exists.Please don't $session->start();
INFO - 2023-04-10 20:35:03 --> Session: Class initialized using 'CodeIgniter\Session\Handlers\FileHandler' driver.
WARNING - 2023-04-10 20:35:03 --> Session: Sessions is enabled, and one exists.Please don't $session->start();
INFO - 2023-04-10 20:35:03 --> Session: Class initialized using 'CodeIgniter\Session\Handlers\FileHandler' driver.
WARNING - 2023-04-10 20:35:03 --> Session: Sessions is enabled, and one exists.Please don't $session->start();
INFO - 2023-04-10 13:35:05 --> Session: Class initialized using 'CodeIgniter\Session\Handlers\FileHandler' driver.
WARNING - 2023-04-10 20:35:05 --> Session: Sessions is enabled, and one exists.Please don't $session->start();
INFO - 2023-04-10 13:35:09 --> Session: Class initialized using 'CodeIgniter\Session\Handlers\FileHandler' driver.
WARNING - 2023-04-10 20:35:09 --> Session: Sessions is enabled, and one exists.Please don't $session->start();
INFO - 2023-04-10 13:35:15 --> Session: Class initialized using 'CodeIgniter\Session\Handlers\FileHandler' driver.
WARNING - 2023-04-10 20:35:15 --> Session: Sessions is enabled, and one exists.Please don't $session->start();
INFO - 2023-04-10 13:35:41 --> Session: Class initialized using 'CodeIgniter\Session\Handlers\FileHandler' driver.
WARNING - 2023-04-10 20:35:41 --> Session: Sessions is enabled, and one exists.Please don't $session->start();
