INFO - 2023-06-03 14:07:12 --> Session: Class initialized using 'CodeIgniter\Session\Handlers\FileHandler' driver.
WARNING - 2023-06-03 14:07:12 --> Session: Sessions is enabled, and one exists.Please don't $session->start();
INFO - 2023-06-03 14:51:53 --> Session: Class initialized using 'CodeIgniter\Session\Handlers\FileHandler' driver.
WARNING - 2023-06-03 14:51:53 --> Session: Sessions is enabled, and one exists.Please don't $session->start();
INFO - 2023-06-03 14:51:53 --> Session: Class initialized using 'CodeIgniter\Session\Handlers\FileHandler' driver.
WARNING - 2023-06-03 14:51:53 --> Session: Sessions is enabled, and one exists.Please don't $session->start();
WARNING - 2023-06-03 21:51:53 --> Session: Sessions is enabled, and one exists.Please don't $session->start();
INFO - 2023-06-03 14:51:56 --> Session: Class initialized using 'CodeIgniter\Session\Handlers\FileHandler' driver.
WARNING - 2023-06-03 21:51:56 --> Session: Sessions is enabled, and one exists.Please don't $session->start();
INFO - 2023-06-03 21:51:59 --> Session: Class initialized using 'CodeIgniter\Session\Handlers\FileHandler' driver.
WARNING - 2023-06-03 21:51:59 --> Session: Sessions is enabled, and one exists.Please don't $session->start();
INFO - 2023-06-03 21:52:00 --> Session: Class initialized using 'CodeIgniter\Session\Handlers\FileHandler' driver.
WARNING - 2023-06-03 21:52:00 --> Session: Sessions is enabled, and one exists.Please don't $session->start();
INFO - 2023-06-03 14:52:01 --> Session: Class initialized using 'CodeIgniter\Session\Handlers\FileHandler' driver.
WARNING - 2023-06-03 21:52:01 --> Session: Sessions is enabled, and one exists.Please don't $session->start();
INFO - 2023-06-03 21:52:03 --> Session: Class initialized using 'CodeIgniter\Session\Handlers\FileHandler' driver.
WARNING - 2023-06-03 21:52:03 --> Session: Sessions is enabled, and one exists.Please don't $session->start();
INFO - 2023-06-03 22:09:50 --> Session: Class initialized using 'CodeIgniter\Session\Handlers\FileHandler' driver.
WARNING - 2023-06-03 22:09:50 --> Session: Sessions is enabled, and one exists.Please don't $session->start();
INFO - 2023-06-03 22:11:06 --> Session: Class initialized using 'CodeIgniter\Session\Handlers\FileHandler' driver.
WARNING - 2023-06-03 22:11:06 --> Session: Sessions is enabled, and one exists.Please don't $session->start();
INFO - 2023-06-03 22:11:06 --> Session: Class initialized using 'CodeIgniter\Session\Handlers\FileHandler' driver.
WARNING - 2023-06-03 22:11:06 --> Session: Sessions is enabled, and one exists.Please don't $session->start();
INFO - 2023-06-03 22:11:21 --> Session: Class initialized using 'CodeIgniter\Session\Handlers\FileHandler' driver.
WARNING - 2023-06-03 22:11:21 --> Session: Sessions is enabled, and one exists.Please don't $session->start();
INFO - 2023-06-03 22:11:21 --> Session: Class initialized using 'CodeIgniter\Session\Handlers\FileHandler' driver.
WARNING - 2023-06-03 22:11:21 --> Session: Sessions is enabled, and one exists.Please don't $session->start();
INFO - 2023-06-03 22:23:06 --> Session: Class initialized using 'CodeIgniter\Session\Handlers\FileHandler' driver.
WARNING - 2023-06-03 22:23:06 --> Session: Sessions is enabled, and one exists.Please don't $session->start();
INFO - 2023-06-03 22:23:24 --> Session: Class initialized using 'CodeIgniter\Session\Handlers\FileHandler' driver.
WARNING - 2023-06-03 22:23:24 --> Session: Sessions is enabled, and one exists.Please don't $session->start();
INFO - 2023-06-03 22:23:25 --> Session: Class initialized using 'CodeIgniter\Session\Handlers\FileHandler' driver.
WARNING - 2023-06-03 22:23:25 --> Session: Sessions is enabled, and one exists.Please don't $session->start();
INFO - 2023-06-03 15:23:27 --> Session: Class initialized using 'CodeIgniter\Session\Handlers\FileHandler' driver.
WARNING - 2023-06-03 22:23:27 --> Session: Sessions is enabled, and one exists.Please don't $session->start();
INFO - 2023-06-03 15:23:30 --> Session: Class initialized using 'CodeIgniter\Session\Handlers\FileHandler' driver.
WARNING - 2023-06-03 22:23:30 --> Session: Sessions is enabled, and one exists.Please don't $session->start();
INFO - 2023-06-03 15:44:26 --> Session: Class initialized using 'CodeIgniter\Session\Handlers\FileHandler' driver.
WARNING - 2023-06-03 22:44:26 --> Session: Sessions is enabled, and one exists.Please don't $session->start();
INFO - 2023-06-03 22:44:27 --> Session: Class initialized using 'CodeIgniter\Session\Handlers\FileHandler' driver.
WARNING - 2023-06-03 22:44:27 --> Session: Sessions is enabled, and one exists.Please don't $session->start();
INFO - 2023-06-03 15:44:30 --> Session: Class initialized using 'CodeIgniter\Session\Handlers\FileHandler' driver.
WARNING - 2023-06-03 15:44:30 --> Session: Sessions is enabled, and one exists.Please don't $session->start();
WARNING - 2023-06-03 22:44:30 --> Session: Sessions is enabled, and one exists.Please don't $session->start();
INFO - 2023-06-03 15:44:37 --> Session: Class initialized using 'CodeIgniter\Session\Handlers\FileHandler' driver.
WARNING - 2023-06-03 22:44:37 --> Session: Sessions is enabled, and one exists.Please don't $session->start();
INFO - 2023-06-03 15:44:39 --> Session: Class initialized using 'CodeIgniter\Session\Handlers\FileHandler' driver.
WARNING - 2023-06-03 22:44:39 --> Session: Sessions is enabled, and one exists.Please don't $session->start();
INFO - 2023-06-03 15:55:09 --> Session: Class initialized using 'CodeIgniter\Session\Handlers\FileHandler' driver.
WARNING - 2023-06-03 22:55:09 --> Session: Sessions is enabled, and one exists.Please don't $session->start();
INFO - 2023-06-03 15:55:11 --> Session: Class initialized using 'CodeIgniter\Session\Handlers\FileHandler' driver.
WARNING - 2023-06-03 22:55:11 --> Session: Sessions is enabled, and one exists.Please don't $session->start();
CRITICAL - 2023-06-03 22:55:11 --> Undefined property: App\Controllers\Pengurus::$validation
in APPPATH\Controllers\Pengurus.php on line 32.
 1 APPPATH\Controllers\Pengurus.php(32): CodeIgniter\Debug\Exceptions->errorHandler(2, 'Undefined property: App\\Controllers\\Pengurus::$validation', 'APPPATH\\Controllers\\Pengurus.php', 32)
 2 SYSTEMPATH\CodeIgniter.php(934): App\Controllers\Pengurus->add()
 3 SYSTEMPATH\CodeIgniter.php(499): CodeIgniter\CodeIgniter->runController(Object(App\Controllers\Pengurus))
 4 SYSTEMPATH\CodeIgniter.php(368): CodeIgniter\CodeIgniter->handleRequest(null, Object(Config\Cache), false)
 5 FCPATH\index.php(67): CodeIgniter\CodeIgniter->run()
 6 SYSTEMPATH\Commands\Server\rewrite.php(47): require_once('FCPATH\\index.php')
INFO - 2023-06-03 15:56:14 --> Session: Class initialized using 'CodeIgniter\Session\Handlers\FileHandler' driver.
WARNING - 2023-06-03 22:56:14 --> Session: Sessions is enabled, and one exists.Please don't $session->start();
INFO - 2023-06-03 15:56:35 --> Session: Class initialized using 'CodeIgniter\Session\Handlers\FileHandler' driver.
WARNING - 2023-06-03 22:56:35 --> Session: Sessions is enabled, and one exists.Please don't $session->start();
INFO - 2023-06-03 22:56:37 --> Session: Class initialized using 'CodeIgniter\Session\Handlers\FileHandler' driver.
WARNING - 2023-06-03 22:56:37 --> Session: Sessions is enabled, and one exists.Please don't $session->start();
ERROR - 2023-06-03 22:56:37 --> mysqli_sql_exception: Column 'kode_pembiayaan' cannot be null in C:\xampp\htdocs\koperasi\vendor\codeigniter4\framework\system\Database\MySQLi\Connection.php:295
Stack trace:
#0 C:\xampp\htdocs\koperasi\vendor\codeigniter4\framework\system\Database\MySQLi\Connection.php(295): mysqli->query('INSERT INTO `pe...', 0)
#1 C:\xampp\htdocs\koperasi\vendor\codeigniter4\framework\system\Database\BaseConnection.php(691): CodeIgniter\Database\MySQLi\Connection->execute('INSERT INTO `pe...')
#2 C:\xampp\htdocs\koperasi\vendor\codeigniter4\framework\system\Database\BaseConnection.php(605): CodeIgniter\Database\BaseConnection->simpleQuery('INSERT INTO `pe...')
#3 C:\xampp\htdocs\koperasi\vendor\codeigniter4\framework\system\Database\BaseBuilder.php(2294): CodeIgniter\Database\BaseConnection->query('INSERT INTO `pe...', Array, false)
#4 C:\xampp\htdocs\koperasi\app\Models\PembiayaanModel.php(102): CodeIgniter\Database\BaseBuilder->insert(Array)
#5 C:\xampp\htdocs\koperasi\app\Controllers\Pembiayaan.php(63): App\Models\PembiayaanModel->createPembiayaan(Array)
#6 C:\xampp\htdocs\koperasi\vendor\codeigniter4\framework\system\CodeIgniter.php(934): App\Controllers\Pembiayaan->create()
#7 C:\xampp\htdocs\koperasi\vendor\codeigniter4\framework\system\CodeIgniter.php(499): CodeIgniter\CodeIgniter->runController(Object(App\Controllers\Pembiayaan))
#8 C:\xampp\htdocs\koperasi\vendor\codeigniter4\framework\system\CodeIgniter.php(368): CodeIgniter\CodeIgniter->handleRequest(NULL, Object(Config\Cache), false)
#9 C:\xampp\htdocs\koperasi\public\index.php(67): CodeIgniter\CodeIgniter->run()
#10 C:\xampp\htdocs\koperasi\vendor\codeigniter4\framework\system\Commands\Server\rewrite.php(47): require_once('C:\\xampp\\htdocs...')
#11 {main}
CRITICAL - 2023-06-03 22:56:37 --> Column 'kode_pembiayaan' cannot be null
in SYSTEMPATH\Database\BaseConnection.php on line 645.
 1 SYSTEMPATH\Database\BaseBuilder.php(2294): CodeIgniter\Database\BaseConnection->query('INSERT INTO `pembiayaan` (`kode_pembiayaan`, `user_id`, `tgl_pembiayaan`, `jenis_pembiayaan`, `jumlah_pembiayaan`, `angsuran`, `margin`, `biaya_administrasi`, `total_angsuran`, `total_pembiayaan`, `status`) VALUES (:kode_pembiayaan:, :user_id:, :tgl_pembiayaan:, :jenis_pembiayaan:, :jumlah_pembiayaan:, :angsuran:, :margin:, :biaya_administrasi:, :total_angsuran:, :total_pembiayaan:, :status:)', [...], false)
 2 APPPATH\Models\PembiayaanModel.php(102): CodeIgniter\Database\BaseBuilder->insert([...])
 3 APPPATH\Controllers\Pembiayaan.php(63): App\Models\PembiayaanModel->createPembiayaan([...])
 4 SYSTEMPATH\CodeIgniter.php(934): App\Controllers\Pembiayaan->create()
 5 SYSTEMPATH\CodeIgniter.php(499): CodeIgniter\CodeIgniter->runController(Object(App\Controllers\Pembiayaan))
 6 SYSTEMPATH\CodeIgniter.php(368): CodeIgniter\CodeIgniter->handleRequest(null, Object(Config\Cache), false)
 7 FCPATH\index.php(67): CodeIgniter\CodeIgniter->run()
 8 SYSTEMPATH\Commands\Server\rewrite.php(47): require_once('FCPATH\\index.php')
INFO - 2023-06-03 15:56:45 --> Session: Class initialized using 'CodeIgniter\Session\Handlers\FileHandler' driver.
WARNING - 2023-06-03 22:56:45 --> Session: Sessions is enabled, and one exists.Please don't $session->start();
INFO - 2023-06-03 15:56:47 --> Session: Class initialized using 'CodeIgniter\Session\Handlers\FileHandler' driver.
WARNING - 2023-06-03 22:56:47 --> Session: Sessions is enabled, and one exists.Please don't $session->start();
INFO - 2023-06-03 15:56:55 --> Session: Class initialized using 'CodeIgniter\Session\Handlers\FileHandler' driver.
WARNING - 2023-06-03 22:56:55 --> Session: Sessions is enabled, and one exists.Please don't $session->start();
INFO - 2023-06-03 15:56:58 --> Session: Class initialized using 'CodeIgniter\Session\Handlers\FileHandler' driver.
WARNING - 2023-06-03 22:56:58 --> Session: Sessions is enabled, and one exists.Please don't $session->start();
CRITICAL - 2023-06-03 22:56:58 --> "" is not a valid rule.
in SYSTEMPATH\Validation\Validation.php on line 320.
 1 SYSTEMPATH\Validation\Validation.php(320): CodeIgniter\Validation\Exceptions\ValidationException::forRuleNotFound('ROOTPATH\\public')
 2 SYSTEMPATH\Validation\Validation.php(170): CodeIgniter\Validation\Validation->processRules('image', 'Foto', null, [...], [...])
 3 APPPATH\Controllers\Pengurus.php(45): CodeIgniter\Validation\Validation->run()
 4 SYSTEMPATH\CodeIgniter.php(934): App\Controllers\Pengurus->create()
 5 SYSTEMPATH\CodeIgniter.php(499): CodeIgniter\CodeIgniter->runController(Object(App\Controllers\Pengurus))
 6 SYSTEMPATH\CodeIgniter.php(368): CodeIgniter\CodeIgniter->handleRequest(null, Object(Config\Cache), false)
 7 FCPATH\index.php(67): CodeIgniter\CodeIgniter->run()
 8 SYSTEMPATH\Commands\Server\rewrite.php(47): require_once('FCPATH\\index.php')
INFO - 2023-06-03 15:57:16 --> Session: Class initialized using 'CodeIgniter\Session\Handlers\FileHandler' driver.
WARNING - 2023-06-03 22:57:16 --> Session: Sessions is enabled, and one exists.Please don't $session->start();
INFO - 2023-06-03 15:57:16 --> Session: Class initialized using 'CodeIgniter\Session\Handlers\FileHandler' driver.
WARNING - 2023-06-03 22:57:16 --> Session: Sessions is enabled, and one exists.Please don't $session->start();
INFO - 2023-06-03 15:57:18 --> Session: Class initialized using 'CodeIgniter\Session\Handlers\FileHandler' driver.
WARNING - 2023-06-03 22:57:18 --> Session: Sessions is enabled, and one exists.Please don't $session->start();
INFO - 2023-06-03 15:57:18 --> Session: Class initialized using 'CodeIgniter\Session\Handlers\FileHandler' driver.
WARNING - 2023-06-03 22:57:18 --> Session: Sessions is enabled, and one exists.Please don't $session->start();
INFO - 2023-06-03 15:58:18 --> Session: Class initialized using 'CodeIgniter\Session\Handlers\FileHandler' driver.
WARNING - 2023-06-03 22:58:18 --> Session: Sessions is enabled, and one exists.Please don't $session->start();
INFO - 2023-06-03 15:58:20 --> Session: Class initialized using 'CodeIgniter\Session\Handlers\FileHandler' driver.
WARNING - 2023-06-03 22:58:20 --> Session: Sessions is enabled, and one exists.Please don't $session->start();
INFO - 2023-06-03 15:58:20 --> Session: Class initialized using 'CodeIgniter\Session\Handlers\FileHandler' driver.
WARNING - 2023-06-03 22:58:20 --> Session: Sessions is enabled, and one exists.Please don't $session->start();
INFO - 2023-06-03 15:58:41 --> Session: Class initialized using 'CodeIgniter\Session\Handlers\FileHandler' driver.
WARNING - 2023-06-03 22:58:41 --> Session: Sessions is enabled, and one exists.Please don't $session->start();
INFO - 2023-06-03 15:58:43 --> Session: Class initialized using 'CodeIgniter\Session\Handlers\FileHandler' driver.
WARNING - 2023-06-03 22:58:43 --> Session: Sessions is enabled, and one exists.Please don't $session->start();
INFO - 2023-06-03 15:58:43 --> Session: Class initialized using 'CodeIgniter\Session\Handlers\FileHandler' driver.
WARNING - 2023-06-03 22:58:43 --> Session: Sessions is enabled, and one exists.Please don't $session->start();
INFO - 2023-06-03 15:59:03 --> Session: Class initialized using 'CodeIgniter\Session\Handlers\FileHandler' driver.
WARNING - 2023-06-03 22:59:03 --> Session: Sessions is enabled, and one exists.Please don't $session->start();
INFO - 2023-06-03 15:59:20 --> Session: Class initialized using 'CodeIgniter\Session\Handlers\FileHandler' driver.
WARNING - 2023-06-03 22:59:20 --> Session: Sessions is enabled, and one exists.Please don't $session->start();
INFO - 2023-06-03 15:59:34 --> Session: Class initialized using 'CodeIgniter\Session\Handlers\FileHandler' driver.
WARNING - 2023-06-03 22:59:34 --> Session: Sessions is enabled, and one exists.Please don't $session->start();
INFO - 2023-06-03 15:59:39 --> Session: Class initialized using 'CodeIgniter\Session\Handlers\FileHandler' driver.
WARNING - 2023-06-03 22:59:39 --> Session: Sessions is enabled, and one exists.Please don't $session->start();
INFO - 2023-06-03 15:59:39 --> Session: Class initialized using 'CodeIgniter\Session\Handlers\FileHandler' driver.
WARNING - 2023-06-03 22:59:39 --> Session: Sessions is enabled, and one exists.Please don't $session->start();
INFO - 2023-06-03 15:59:42 --> Session: Class initialized using 'CodeIgniter\Session\Handlers\FileHandler' driver.
WARNING - 2023-06-03 22:59:42 --> Session: Sessions is enabled, and one exists.Please don't $session->start();
INFO - 2023-06-03 15:59:42 --> Session: Class initialized using 'CodeIgniter\Session\Handlers\FileHandler' driver.
WARNING - 2023-06-03 22:59:42 --> Session: Sessions is enabled, and one exists.Please don't $session->start();
INFO - 2023-06-03 16:00:06 --> Session: Class initialized using 'CodeIgniter\Session\Handlers\FileHandler' driver.
WARNING - 2023-06-03 23:00:06 --> Session: Sessions is enabled, and one exists.Please don't $session->start();
INFO - 2023-06-03 16:00:08 --> Session: Class initialized using 'CodeIgniter\Session\Handlers\FileHandler' driver.
WARNING - 2023-06-03 23:00:08 --> Session: Sessions is enabled, and one exists.Please don't $session->start();
INFO - 2023-06-03 16:00:09 --> Session: Class initialized using 'CodeIgniter\Session\Handlers\FileHandler' driver.
WARNING - 2023-06-03 23:00:09 --> Session: Sessions is enabled, and one exists.Please don't $session->start();
INFO - 2023-06-03 16:00:12 --> Session: Class initialized using 'CodeIgniter\Session\Handlers\FileHandler' driver.
WARNING - 2023-06-03 23:00:12 --> Session: Sessions is enabled, and one exists.Please don't $session->start();
INFO - 2023-06-03 16:00:12 --> Session: Class initialized using 'CodeIgniter\Session\Handlers\FileHandler' driver.
WARNING - 2023-06-03 23:00:12 --> Session: Sessions is enabled, and one exists.Please don't $session->start();
INFO - 2023-06-03 16:00:20 --> Session: Class initialized using 'CodeIgniter\Session\Handlers\FileHandler' driver.
WARNING - 2023-06-03 23:00:20 --> Session: Sessions is enabled, and one exists.Please don't $session->start();
INFO - 2023-06-03 16:00:22 --> Session: Class initialized using 'CodeIgniter\Session\Handlers\FileHandler' driver.
WARNING - 2023-06-03 23:00:22 --> Session: Sessions is enabled, and one exists.Please don't $session->start();
INFO - 2023-06-03 16:00:30 --> Session: Class initialized using 'CodeIgniter\Session\Handlers\FileHandler' driver.
WARNING - 2023-06-03 23:00:30 --> Session: Sessions is enabled, and one exists.Please don't $session->start();
INFO - 2023-06-03 16:00:44 --> Session: Class initialized using 'CodeIgniter\Session\Handlers\FileHandler' driver.
WARNING - 2023-06-03 23:00:44 --> Session: Sessions is enabled, and one exists.Please don't $session->start();
INFO - 2023-06-03 16:01:10 --> Session: Class initialized using 'CodeIgniter\Session\Handlers\FileHandler' driver.
WARNING - 2023-06-03 23:01:10 --> Session: Sessions is enabled, and one exists.Please don't $session->start();
INFO - 2023-06-03 16:01:10 --> Session: Class initialized using 'CodeIgniter\Session\Handlers\FileHandler' driver.
WARNING - 2023-06-03 23:01:10 --> Session: Sessions is enabled, and one exists.Please don't $session->start();
CRITICAL - 2023-06-03 23:01:10 --> Call to undefined method CodeIgniter\Validation\Validation::errors()
in APPPATH\Views\pengurus\add_data_pengurus.php on line 33.
 1 SYSTEMPATH\View\View.php(213): include()
 2 SYSTEMPATH\View\View.php(216): CodeIgniter\View\View->CodeIgniter\View\{closure}()
 3 SYSTEMPATH\Common.php(1177): CodeIgniter\View\View->render('pengurus/add_data_pengurus', [], true)
 4 APPPATH\Controllers\Pengurus.php(36): view('pengurus/add_data_pengurus', [...])
 5 SYSTEMPATH\CodeIgniter.php(934): App\Controllers\Pengurus->add()
 6 SYSTEMPATH\CodeIgniter.php(499): CodeIgniter\CodeIgniter->runController(Object(App\Controllers\Pengurus))
 7 SYSTEMPATH\CodeIgniter.php(368): CodeIgniter\CodeIgniter->handleRequest(null, Object(Config\Cache), false)
 8 FCPATH\index.php(67): CodeIgniter\CodeIgniter->run()
 9 SYSTEMPATH\Commands\Server\rewrite.php(47): require_once('FCPATH\\index.php')
INFO - 2023-06-03 16:01:20 --> Session: Class initialized using 'CodeIgniter\Session\Handlers\FileHandler' driver.
WARNING - 2023-06-03 23:01:20 --> Session: Sessions is enabled, and one exists.Please don't $session->start();
INFO - 2023-06-03 16:02:04 --> Session: Class initialized using 'CodeIgniter\Session\Handlers\FileHandler' driver.
WARNING - 2023-06-03 23:02:04 --> Session: Sessions is enabled, and one exists.Please don't $session->start();
INFO - 2023-06-03 16:02:08 --> Session: Class initialized using 'CodeIgniter\Session\Handlers\FileHandler' driver.
WARNING - 2023-06-03 23:02:08 --> Session: Sessions is enabled, and one exists.Please don't $session->start();
INFO - 2023-06-03 16:02:08 --> Session: Class initialized using 'CodeIgniter\Session\Handlers\FileHandler' driver.
WARNING - 2023-06-03 23:02:08 --> Session: Sessions is enabled, and one exists.Please don't $session->start();
INFO - 2023-06-03 16:02:33 --> Session: Class initialized using 'CodeIgniter\Session\Handlers\FileHandler' driver.
WARNING - 2023-06-03 23:02:33 --> Session: Sessions is enabled, and one exists.Please don't $session->start();
INFO - 2023-06-03 16:02:36 --> Session: Class initialized using 'CodeIgniter\Session\Handlers\FileHandler' driver.
WARNING - 2023-06-03 23:02:36 --> Session: Sessions is enabled, and one exists.Please don't $session->start();
INFO - 2023-06-03 16:05:25 --> Session: Class initialized using 'CodeIgniter\Session\Handlers\FileHandler' driver.
WARNING - 2023-06-03 23:05:25 --> Session: Sessions is enabled, and one exists.Please don't $session->start();
INFO - 2023-06-03 16:05:25 --> Session: Class initialized using 'CodeIgniter\Session\Handlers\FileHandler' driver.
WARNING - 2023-06-03 23:05:25 --> Session: Sessions is enabled, and one exists.Please don't $session->start();
INFO - 2023-06-03 16:05:28 --> Session: Class initialized using 'CodeIgniter\Session\Handlers\FileHandler' driver.
WARNING - 2023-06-03 23:05:28 --> Session: Sessions is enabled, and one exists.Please don't $session->start();
INFO - 2023-06-03 16:05:28 --> Session: Class initialized using 'CodeIgniter\Session\Handlers\FileHandler' driver.
WARNING - 2023-06-03 23:05:28 --> Session: Sessions is enabled, and one exists.Please don't $session->start();
INFO - 2023-06-03 16:06:22 --> Session: Class initialized using 'CodeIgniter\Session\Handlers\FileHandler' driver.
WARNING - 2023-06-03 23:06:22 --> Session: Sessions is enabled, and one exists.Please don't $session->start();
INFO - 2023-06-03 16:06:27 --> Session: Class initialized using 'CodeIgniter\Session\Handlers\FileHandler' driver.
WARNING - 2023-06-03 23:06:27 --> Session: Sessions is enabled, and one exists.Please don't $session->start();
INFO - 2023-06-03 16:06:27 --> Session: Class initialized using 'CodeIgniter\Session\Handlers\FileHandler' driver.
WARNING - 2023-06-03 23:06:27 --> Session: Sessions is enabled, and one exists.Please don't $session->start();
INFO - 2023-06-03 16:08:21 --> Session: Class initialized using 'CodeIgniter\Session\Handlers\FileHandler' driver.
WARNING - 2023-06-03 23:08:21 --> Session: Sessions is enabled, and one exists.Please don't $session->start();
INFO - 2023-06-03 16:08:22 --> Session: Class initialized using 'CodeIgniter\Session\Handlers\FileHandler' driver.
WARNING - 2023-06-03 23:08:22 --> Session: Sessions is enabled, and one exists.Please don't $session->start();
