INFO - 2023-06-05 01:08:41 --> Session: Class initialized using 'CodeIgniter\Session\Handlers\FileHandler' driver.
INFO - 2023-06-05 01:08:41 --> Session: Class initialized using 'CodeIgniter\Session\Handlers\FileHandler' driver.
WARNING - 2023-06-05 01:08:41 --> Session: Sessions is enabled, and one exists.Please don't $session->start();
INFO - 2023-06-05 01:15:07 --> Session: Class initialized using 'CodeIgniter\Session\Handlers\FileHandler' driver.
WARNING - 2023-06-05 01:15:07 --> Session: Sessions is enabled, and one exists.Please don't $session->start();
INFO - 2023-06-05 01:15:07 --> Session: Class initialized using 'CodeIgniter\Session\Handlers\FileHandler' driver.
WARNING - 2023-06-05 01:15:08 --> Session: Sessions is enabled, and one exists.Please don't $session->start();
WARNING - 2023-06-05 08:15:08 --> Session: Sessions is enabled, and one exists.Please don't $session->start();
INFO - 2023-06-05 01:15:31 --> Session: Class initialized using 'CodeIgniter\Session\Handlers\FileHandler' driver.
WARNING - 2023-06-05 08:15:31 --> Session: Sessions is enabled, and one exists.Please don't $session->start();
INFO - 2023-06-05 01:15:35 --> Session: Class initialized using 'CodeIgniter\Session\Handlers\FileHandler' driver.
WARNING - 2023-06-05 08:15:35 --> Session: Sessions is enabled, and one exists.Please don't $session->start();
INFO - 2023-06-05 08:15:36 --> Session: Class initialized using 'CodeIgniter\Session\Handlers\FileHandler' driver.
WARNING - 2023-06-05 08:15:36 --> Session: Sessions is enabled, and one exists.Please don't $session->start();
INFO - 2023-06-05 01:15:40 --> Session: Class initialized using 'CodeIgniter\Session\Handlers\FileHandler' driver.
WARNING - 2023-06-05 08:15:40 --> Session: Sessions is enabled, and one exists.Please don't $session->start();
INFO - 2023-06-05 01:18:40 --> Session: Class initialized using 'CodeIgniter\Session\Handlers\FileHandler' driver.
WARNING - 2023-06-05 08:18:41 --> Session: Sessions is enabled, and one exists.Please don't $session->start();
INFO - 2023-06-05 01:25:32 --> Session: Class initialized using 'CodeIgniter\Session\Handlers\FileHandler' driver.
WARNING - 2023-06-05 08:25:32 --> Session: Sessions is enabled, and one exists.Please don't $session->start();
CRITICAL - 2023-06-05 08:25:32 --> Cannot access offset of type string on string
in VENDORPATH\midtrans\midtrans-php\Midtrans\Snap.php on line 97.
 1 VENDORPATH\midtrans\midtrans-php\Midtrans\Snap.php(36): Midtrans\Snap::createTransaction([...])
 2 APPPATH\Controllers\Pembiayaan.php(214): Midtrans\Snap::getSnapToken([...])
 3 SYSTEMPATH\CodeIgniter.php(934): App\Controllers\Pembiayaan->payment()
 4 SYSTEMPATH\CodeIgniter.php(499): CodeIgniter\CodeIgniter->runController(Object(App\Controllers\Pembiayaan))
 5 SYSTEMPATH\CodeIgniter.php(368): CodeIgniter\CodeIgniter->handleRequest(null, Object(Config\Cache), false)
 6 FCPATH\index.php(67): CodeIgniter\CodeIgniter->run()
 7 SYSTEMPATH\Commands\Server\rewrite.php(47): require_once('FCPATH\\index.php')
INFO - 2023-06-05 01:26:31 --> Session: Class initialized using 'CodeIgniter\Session\Handlers\FileHandler' driver.
WARNING - 2023-06-05 08:26:31 --> Session: Sessions is enabled, and one exists.Please don't $session->start();
INFO - 2023-06-05 01:28:41 --> Session: Class initialized using 'CodeIgniter\Session\Handlers\FileHandler' driver.
WARNING - 2023-06-05 08:28:41 --> Session: Sessions is enabled, and one exists.Please don't $session->start();
INFO - 2023-06-05 01:28:48 --> Session: Class initialized using 'CodeIgniter\Session\Handlers\FileHandler' driver.
WARNING - 2023-06-05 08:28:48 --> Session: Sessions is enabled, and one exists.Please don't $session->start();
INFO - 2023-06-05 08:28:49 --> Session: Class initialized using 'CodeIgniter\Session\Handlers\FileHandler' driver.
WARNING - 2023-06-05 08:28:49 --> Session: Sessions is enabled, and one exists.Please don't $session->start();
INFO - 2023-06-05 01:28:51 --> Session: Class initialized using 'CodeIgniter\Session\Handlers\FileHandler' driver.
WARNING - 2023-06-05 08:28:51 --> Session: Sessions is enabled, and one exists.Please don't $session->start();
INFO - 2023-06-05 01:29:48 --> Session: Class initialized using 'CodeIgniter\Session\Handlers\FileHandler' driver.
WARNING - 2023-06-05 08:29:48 --> Session: Sessions is enabled, and one exists.Please don't $session->start();
INFO - 2023-06-05 01:29:53 --> Session: Class initialized using 'CodeIgniter\Session\Handlers\FileHandler' driver.
WARNING - 2023-06-05 08:29:53 --> Session: Sessions is enabled, and one exists.Please don't $session->start();
INFO - 2023-06-05 08:29:54 --> Session: Class initialized using 'CodeIgniter\Session\Handlers\FileHandler' driver.
WARNING - 2023-06-05 08:29:54 --> Session: Sessions is enabled, and one exists.Please don't $session->start();
INFO - 2023-06-05 01:29:57 --> Session: Class initialized using 'CodeIgniter\Session\Handlers\FileHandler' driver.
WARNING - 2023-06-05 08:29:57 --> Session: Sessions is enabled, and one exists.Please don't $session->start();
INFO - 2023-06-05 01:30:04 --> Session: Class initialized using 'CodeIgniter\Session\Handlers\FileHandler' driver.
WARNING - 2023-06-05 08:30:04 --> Session: Sessions is enabled, and one exists.Please don't $session->start();
INFO - 2023-06-05 01:30:28 --> Session: Class initialized using 'CodeIgniter\Session\Handlers\FileHandler' driver.
WARNING - 2023-06-05 08:30:28 --> Session: Sessions is enabled, and one exists.Please don't $session->start();
INFO - 2023-06-05 08:30:29 --> Session: Class initialized using 'CodeIgniter\Session\Handlers\FileHandler' driver.
WARNING - 2023-06-05 08:30:29 --> Session: Sessions is enabled, and one exists.Please don't $session->start();
INFO - 2023-06-05 01:30:36 --> Session: Class initialized using 'CodeIgniter\Session\Handlers\FileHandler' driver.
WARNING - 2023-06-05 08:30:36 --> Session: Sessions is enabled, and one exists.Please don't $session->start();
INFO - 2023-06-05 01:30:41 --> Session: Class initialized using 'CodeIgniter\Session\Handlers\FileHandler' driver.
WARNING - 2023-06-05 08:30:41 --> Session: Sessions is enabled, and one exists.Please don't $session->start();
INFO - 2023-06-05 01:33:01 --> Session: Class initialized using 'CodeIgniter\Session\Handlers\FileHandler' driver.
WARNING - 2023-06-05 08:33:01 --> Session: Sessions is enabled, and one exists.Please don't $session->start();
INFO - 2023-06-05 01:33:44 --> Session: Class initialized using 'CodeIgniter\Session\Handlers\FileHandler' driver.
WARNING - 2023-06-05 08:33:44 --> Session: Sessions is enabled, and one exists.Please don't $session->start();
INFO - 2023-06-05 08:33:45 --> Session: Class initialized using 'CodeIgniter\Session\Handlers\FileHandler' driver.
WARNING - 2023-06-05 08:33:45 --> Session: Sessions is enabled, and one exists.Please don't $session->start();
INFO - 2023-06-05 01:33:54 --> Session: Class initialized using 'CodeIgniter\Session\Handlers\FileHandler' driver.
WARNING - 2023-06-05 08:33:54 --> Session: Sessions is enabled, and one exists.Please don't $session->start();
INFO - 2023-06-05 01:34:13 --> Session: Class initialized using 'CodeIgniter\Session\Handlers\FileHandler' driver.
WARNING - 2023-06-05 08:34:13 --> Session: Sessions is enabled, and one exists.Please don't $session->start();
INFO - 2023-06-05 08:34:14 --> Session: Class initialized using 'CodeIgniter\Session\Handlers\FileHandler' driver.
WARNING - 2023-06-05 08:34:14 --> Session: Sessions is enabled, and one exists.Please don't $session->start();
INFO - 2023-06-05 01:34:17 --> Session: Class initialized using 'CodeIgniter\Session\Handlers\FileHandler' driver.
WARNING - 2023-06-05 08:34:17 --> Session: Sessions is enabled, and one exists.Please don't $session->start();
INFO - 2023-06-05 02:33:11 --> Session: Class initialized using 'CodeIgniter\Session\Handlers\FileHandler' driver.
WARNING - 2023-06-05 09:33:11 --> Session: Sessions is enabled, and one exists.Please don't $session->start();
INFO - 2023-06-05 02:33:33 --> Session: Class initialized using 'CodeIgniter\Session\Handlers\FileHandler' driver.
WARNING - 2023-06-05 09:33:33 --> Session: Sessions is enabled, and one exists.Please don't $session->start();
INFO - 2023-06-05 09:33:34 --> Session: Class initialized using 'CodeIgniter\Session\Handlers\FileHandler' driver.
WARNING - 2023-06-05 09:33:34 --> Session: Sessions is enabled, and one exists.Please don't $session->start();
INFO - 2023-06-05 02:33:36 --> Session: Class initialized using 'CodeIgniter\Session\Handlers\FileHandler' driver.
WARNING - 2023-06-05 09:33:36 --> Session: Sessions is enabled, and one exists.Please don't $session->start();
INFO - 2023-06-05 02:33:40 --> Session: Class initialized using 'CodeIgniter\Session\Handlers\FileHandler' driver.
WARNING - 2023-06-05 09:33:40 --> Session: Sessions is enabled, and one exists.Please don't $session->start();
INFO - 2023-06-05 02:33:41 --> Session: Class initialized using 'CodeIgniter\Session\Handlers\FileHandler' driver.
WARNING - 2023-06-05 09:33:41 --> Session: Sessions is enabled, and one exists.Please don't $session->start();
INFO - 2023-06-05 02:40:29 --> Session: Class initialized using 'CodeIgniter\Session\Handlers\FileHandler' driver.
WARNING - 2023-06-05 09:40:29 --> Session: Sessions is enabled, and one exists.Please don't $session->start();
INFO - 2023-06-05 02:58:37 --> Session: Class initialized using 'CodeIgniter\Session\Handlers\FileHandler' driver.
WARNING - 2023-06-05 09:58:37 --> Session: Sessions is enabled, and one exists.Please don't $session->start();
INFO - 2023-06-05 02:59:25 --> Session: Class initialized using 'CodeIgniter\Session\Handlers\FileHandler' driver.
WARNING - 2023-06-05 09:59:25 --> Session: Sessions is enabled, and one exists.Please don't $session->start();
INFO - 2023-06-05 09:59:26 --> Session: Class initialized using 'CodeIgniter\Session\Handlers\FileHandler' driver.
WARNING - 2023-06-05 09:59:26 --> Session: Sessions is enabled, and one exists.Please don't $session->start();
INFO - 2023-06-05 02:59:30 --> Session: Class initialized using 'CodeIgniter\Session\Handlers\FileHandler' driver.
WARNING - 2023-06-05 09:59:30 --> Session: Sessions is enabled, and one exists.Please don't $session->start();
INFO - 2023-06-05 03:11:30 --> Session: Class initialized using 'CodeIgniter\Session\Handlers\FileHandler' driver.
WARNING - 2023-06-05 10:11:30 --> Session: Sessions is enabled, and one exists.Please don't $session->start();
INFO - 2023-06-05 10:11:31 --> Session: Class initialized using 'CodeIgniter\Session\Handlers\FileHandler' driver.
WARNING - 2023-06-05 10:11:31 --> Session: Sessions is enabled, and one exists.Please don't $session->start();
INFO - 2023-06-05 03:11:33 --> Session: Class initialized using 'CodeIgniter\Session\Handlers\FileHandler' driver.
WARNING - 2023-06-05 10:11:33 --> Session: Sessions is enabled, and one exists.Please don't $session->start();
INFO - 2023-06-05 03:12:11 --> Session: Class initialized using 'CodeIgniter\Session\Handlers\FileHandler' driver.
WARNING - 2023-06-05 10:12:11 --> Session: Sessions is enabled, and one exists.Please don't $session->start();
INFO - 2023-06-05 03:12:26 --> Session: Class initialized using 'CodeIgniter\Session\Handlers\FileHandler' driver.
WARNING - 2023-06-05 10:12:26 --> Session: Sessions is enabled, and one exists.Please don't $session->start();
INFO - 2023-06-05 03:12:33 --> Session: Class initialized using 'CodeIgniter\Session\Handlers\FileHandler' driver.
WARNING - 2023-06-05 10:12:33 --> Session: Sessions is enabled, and one exists.Please don't $session->start();
INFO - 2023-06-05 10:12:34 --> Session: Class initialized using 'CodeIgniter\Session\Handlers\FileHandler' driver.
WARNING - 2023-06-05 10:12:34 --> Session: Sessions is enabled, and one exists.Please don't $session->start();
INFO - 2023-06-05 03:12:36 --> Session: Class initialized using 'CodeIgniter\Session\Handlers\FileHandler' driver.
WARNING - 2023-06-05 10:12:36 --> Session: Sessions is enabled, and one exists.Please don't $session->start();
INFO - 2023-06-05 03:12:59 --> Session: Class initialized using 'CodeIgniter\Session\Handlers\FileHandler' driver.
WARNING - 2023-06-05 10:12:59 --> Session: Sessions is enabled, and one exists.Please don't $session->start();
INFO - 2023-06-05 10:12:59 --> Session: Class initialized using 'CodeIgniter\Session\Handlers\FileHandler' driver.
WARNING - 2023-06-05 10:12:59 --> Session: Sessions is enabled, and one exists.Please don't $session->start();
INFO - 2023-06-05 03:13:07 --> Session: Class initialized using 'CodeIgniter\Session\Handlers\FileHandler' driver.
WARNING - 2023-06-05 10:13:07 --> Session: Sessions is enabled, and one exists.Please don't $session->start();
INFO - 2023-06-05 10:13:08 --> Session: Class initialized using 'CodeIgniter\Session\Handlers\FileHandler' driver.
WARNING - 2023-06-05 10:13:08 --> Session: Sessions is enabled, and one exists.Please don't $session->start();
INFO - 2023-06-05 03:13:15 --> Session: Class initialized using 'CodeIgniter\Session\Handlers\FileHandler' driver.
WARNING - 2023-06-05 10:13:15 --> Session: Sessions is enabled, and one exists.Please don't $session->start();
INFO - 2023-06-05 03:17:09 --> Session: Class initialized using 'CodeIgniter\Session\Handlers\FileHandler' driver.
WARNING - 2023-06-05 10:17:09 --> Session: Sessions is enabled, and one exists.Please don't $session->start();
INFO - 2023-06-05 10:17:09 --> Session: Class initialized using 'CodeIgniter\Session\Handlers\FileHandler' driver.
WARNING - 2023-06-05 10:17:09 --> Session: Sessions is enabled, and one exists.Please don't $session->start();
INFO - 2023-06-05 03:17:13 --> Session: Class initialized using 'CodeIgniter\Session\Handlers\FileHandler' driver.
WARNING - 2023-06-05 10:17:13 --> Session: Sessions is enabled, and one exists.Please don't $session->start();
INFO - 2023-06-05 03:17:37 --> Session: Class initialized using 'CodeIgniter\Session\Handlers\FileHandler' driver.
WARNING - 2023-06-05 10:17:37 --> Session: Sessions is enabled, and one exists.Please don't $session->start();
INFO - 2023-06-05 03:17:46 --> Session: Class initialized using 'CodeIgniter\Session\Handlers\FileHandler' driver.
WARNING - 2023-06-05 10:17:46 --> Session: Sessions is enabled, and one exists.Please don't $session->start();
INFO - 2023-06-05 03:17:46 --> Session: Class initialized using 'CodeIgniter\Session\Handlers\FileHandler' driver.
WARNING - 2023-06-05 10:17:46 --> Session: Sessions is enabled, and one exists.Please don't $session->start();
INFO - 2023-06-05 03:27:52 --> Session: Class initialized using 'CodeIgniter\Session\Handlers\FileHandler' driver.
WARNING - 2023-06-05 10:27:52 --> Session: Sessions is enabled, and one exists.Please don't $session->start();
INFO - 2023-06-05 10:27:54 --> Session: Class initialized using 'CodeIgniter\Session\Handlers\FileHandler' driver.
WARNING - 2023-06-05 10:27:54 --> Session: Sessions is enabled, and one exists.Please don't $session->start();
INFO - 2023-06-05 03:29:24 --> Session: Class initialized using 'CodeIgniter\Session\Handlers\FileHandler' driver.
WARNING - 2023-06-05 10:29:24 --> Session: Sessions is enabled, and one exists.Please don't $session->start();
INFO - 2023-06-05 03:29:31 --> Session: Class initialized using 'CodeIgniter\Session\Handlers\FileHandler' driver.
WARNING - 2023-06-05 10:29:31 --> Session: Sessions is enabled, and one exists.Please don't $session->start();
INFO - 2023-06-05 03:29:31 --> Session: Class initialized using 'CodeIgniter\Session\Handlers\FileHandler' driver.
WARNING - 2023-06-05 10:29:31 --> Session: Sessions is enabled, and one exists.Please don't $session->start();
CRITICAL - 2023-06-05 10:29:31 --> Trying to access array offset on value of type null
in APPPATH\Views\pembiayaan\anggota_view_data_detail_pembiayaan.php on line 32.
 1 APPPATH\Views\pembiayaan\anggota_view_data_detail_pembiayaan.php(32): CodeIgniter\Debug\Exceptions->errorHandler(2, 'Trying to access array offset on value of type null', 'APPPATH\\Views\\pembiayaan\\anggota_view_data_detail_pembiayaan.php', 32)
 2 SYSTEMPATH\View\View.php(213): include('APPPATH\\Views\\pembiayaan\\anggota_view_data_detail_pembiayaan.php')
 3 SYSTEMPATH\View\View.php(216): CodeIgniter\View\View->CodeIgniter\View\{closure}()
 4 SYSTEMPATH\Common.php(1177): CodeIgniter\View\View->render('pembiayaan/anggota_view_data_detail_pembiayaan', [], true)
 5 APPPATH\Controllers\Pembiayaan.php(165): view('pembiayaan/anggota_view_data_detail_pembiayaan', [...])
 6 SYSTEMPATH\CodeIgniter.php(934): App\Controllers\Pembiayaan->anggota_detail('28')
 7 SYSTEMPATH\CodeIgniter.php(499): CodeIgniter\CodeIgniter->runController(Object(App\Controllers\Pembiayaan))
 8 SYSTEMPATH\CodeIgniter.php(368): CodeIgniter\CodeIgniter->handleRequest(null, Object(Config\Cache), false)
 9 FCPATH\index.php(67): CodeIgniter\CodeIgniter->run()
10 SYSTEMPATH\Commands\Server\rewrite.php(47): require_once('FCPATH\\index.php')
INFO - 2023-06-05 03:31:57 --> Session: Class initialized using 'CodeIgniter\Session\Handlers\FileHandler' driver.
WARNING - 2023-06-05 10:31:57 --> Session: Sessions is enabled, and one exists.Please don't $session->start();
INFO - 2023-06-05 10:31:57 --> Session: Class initialized using 'CodeIgniter\Session\Handlers\FileHandler' driver.
WARNING - 2023-06-05 10:31:57 --> Session: Sessions is enabled, and one exists.Please don't $session->start();
INFO - 2023-06-05 03:31:59 --> Session: Class initialized using 'CodeIgniter\Session\Handlers\FileHandler' driver.
WARNING - 2023-06-05 10:31:59 --> Session: Sessions is enabled, and one exists.Please don't $session->start();
INFO - 2023-06-05 10:31:59 --> Session: Class initialized using 'CodeIgniter\Session\Handlers\FileHandler' driver.
WARNING - 2023-06-05 10:31:59 --> Session: Sessions is enabled, and one exists.Please don't $session->start();
INFO - 2023-06-05 03:32:01 --> Session: Class initialized using 'CodeIgniter\Session\Handlers\FileHandler' driver.
WARNING - 2023-06-05 10:32:01 --> Session: Sessions is enabled, and one exists.Please don't $session->start();
INFO - 2023-06-05 03:32:06 --> Session: Class initialized using 'CodeIgniter\Session\Handlers\FileHandler' driver.
WARNING - 2023-06-05 10:32:06 --> Session: Sessions is enabled, and one exists.Please don't $session->start();
INFO - 2023-06-05 03:33:12 --> Session: Class initialized using 'CodeIgniter\Session\Handlers\FileHandler' driver.
WARNING - 2023-06-05 10:33:12 --> Session: Sessions is enabled, and one exists.Please don't $session->start();
INFO - 2023-06-05 03:33:18 --> Session: Class initialized using 'CodeIgniter\Session\Handlers\FileHandler' driver.
WARNING - 2023-06-05 10:33:18 --> Session: Sessions is enabled, and one exists.Please don't $session->start();
INFO - 2023-06-05 10:33:19 --> Session: Class initialized using 'CodeIgniter\Session\Handlers\FileHandler' driver.
WARNING - 2023-06-05 10:33:19 --> Session: Sessions is enabled, and one exists.Please don't $session->start();
INFO - 2023-06-05 03:33:20 --> Session: Class initialized using 'CodeIgniter\Session\Handlers\FileHandler' driver.
WARNING - 2023-06-05 10:33:20 --> Session: Sessions is enabled, and one exists.Please don't $session->start();
INFO - 2023-06-05 03:33:24 --> Session: Class initialized using 'CodeIgniter\Session\Handlers\FileHandler' driver.
WARNING - 2023-06-05 10:33:24 --> Session: Sessions is enabled, and one exists.Please don't $session->start();
INFO - 2023-06-05 03:33:36 --> Session: Class initialized using 'CodeIgniter\Session\Handlers\FileHandler' driver.
WARNING - 2023-06-05 10:33:36 --> Session: Sessions is enabled, and one exists.Please don't $session->start();
INFO - 2023-06-05 03:35:48 --> Session: Class initialized using 'CodeIgniter\Session\Handlers\FileHandler' driver.
WARNING - 2023-06-05 10:35:48 --> Session: Sessions is enabled, and one exists.Please don't $session->start();
INFO - 2023-06-05 10:35:49 --> Session: Class initialized using 'CodeIgniter\Session\Handlers\FileHandler' driver.
WARNING - 2023-06-05 10:35:49 --> Session: Sessions is enabled, and one exists.Please don't $session->start();
INFO - 2023-06-05 03:35:51 --> Session: Class initialized using 'CodeIgniter\Session\Handlers\FileHandler' driver.
WARNING - 2023-06-05 10:35:51 --> Session: Sessions is enabled, and one exists.Please don't $session->start();
INFO - 2023-06-05 03:36:05 --> Session: Class initialized using 'CodeIgniter\Session\Handlers\FileHandler' driver.
WARNING - 2023-06-05 10:36:05 --> Session: Sessions is enabled, and one exists.Please don't $session->start();
INFO - 2023-06-05 03:36:23 --> Session: Class initialized using 'CodeIgniter\Session\Handlers\FileHandler' driver.
WARNING - 2023-06-05 10:36:23 --> Session: Sessions is enabled, and one exists.Please don't $session->start();
INFO - 2023-06-05 03:36:57 --> Session: Class initialized using 'CodeIgniter\Session\Handlers\FileHandler' driver.
WARNING - 2023-06-05 10:36:57 --> Session: Sessions is enabled, and one exists.Please don't $session->start();
INFO - 2023-06-05 10:36:58 --> Session: Class initialized using 'CodeIgniter\Session\Handlers\FileHandler' driver.
WARNING - 2023-06-05 10:36:58 --> Session: Sessions is enabled, and one exists.Please don't $session->start();
INFO - 2023-06-05 03:48:46 --> Session: Class initialized using 'CodeIgniter\Session\Handlers\FileHandler' driver.
WARNING - 2023-06-05 10:48:46 --> Session: Sessions is enabled, and one exists.Please don't $session->start();
INFO - 2023-06-05 03:49:05 --> Session: Class initialized using 'CodeIgniter\Session\Handlers\FileHandler' driver.
WARNING - 2023-06-05 10:49:05 --> Session: Sessions is enabled, and one exists.Please don't $session->start();
INFO - 2023-06-05 03:49:41 --> Session: Class initialized using 'CodeIgniter\Session\Handlers\FileHandler' driver.
WARNING - 2023-06-05 10:49:41 --> Session: Sessions is enabled, and one exists.Please don't $session->start();
INFO - 2023-06-05 10:49:42 --> Session: Class initialized using 'CodeIgniter\Session\Handlers\FileHandler' driver.
WARNING - 2023-06-05 10:49:42 --> Session: Sessions is enabled, and one exists.Please don't $session->start();
INFO - 2023-06-05 03:49:44 --> Session: Class initialized using 'CodeIgniter\Session\Handlers\FileHandler' driver.
WARNING - 2023-06-05 10:49:44 --> Session: Sessions is enabled, and one exists.Please don't $session->start();
INFO - 2023-06-05 03:49:49 --> Session: Class initialized using 'CodeIgniter\Session\Handlers\FileHandler' driver.
WARNING - 2023-06-05 10:49:49 --> Session: Sessions is enabled, and one exists.Please don't $session->start();
INFO - 2023-06-05 03:51:41 --> Session: Class initialized using 'CodeIgniter\Session\Handlers\FileHandler' driver.
WARNING - 2023-06-05 10:51:41 --> Session: Sessions is enabled, and one exists.Please don't $session->start();
INFO - 2023-06-05 10:51:41 --> Session: Class initialized using 'CodeIgniter\Session\Handlers\FileHandler' driver.
WARNING - 2023-06-05 10:51:41 --> Session: Sessions is enabled, and one exists.Please don't $session->start();
INFO - 2023-06-05 03:51:47 --> Session: Class initialized using 'CodeIgniter\Session\Handlers\FileHandler' driver.
WARNING - 2023-06-05 10:51:47 --> Session: Sessions is enabled, and one exists.Please don't $session->start();
INFO - 2023-06-05 03:51:54 --> Session: Class initialized using 'CodeIgniter\Session\Handlers\FileHandler' driver.
WARNING - 2023-06-05 10:51:54 --> Session: Sessions is enabled, and one exists.Please don't $session->start();
INFO - 2023-06-05 04:02:35 --> Session: Class initialized using 'CodeIgniter\Session\Handlers\FileHandler' driver.
WARNING - 2023-06-05 11:02:35 --> Session: Sessions is enabled, and one exists.Please don't $session->start();
INFO - 2023-06-05 11:02:36 --> Session: Class initialized using 'CodeIgniter\Session\Handlers\FileHandler' driver.
WARNING - 2023-06-05 11:02:36 --> Session: Sessions is enabled, and one exists.Please don't $session->start();
INFO - 2023-06-05 04:02:37 --> Session: Class initialized using 'CodeIgniter\Session\Handlers\FileHandler' driver.
WARNING - 2023-06-05 11:02:37 --> Session: Sessions is enabled, and one exists.Please don't $session->start();
INFO - 2023-06-05 04:02:42 --> Session: Class initialized using 'CodeIgniter\Session\Handlers\FileHandler' driver.
WARNING - 2023-06-05 11:02:42 --> Session: Sessions is enabled, and one exists.Please don't $session->start();
INFO - 2023-06-05 11:02:42 --> Session: Class initialized using 'CodeIgniter\Session\Handlers\FileHandler' driver.
WARNING - 2023-06-05 11:02:42 --> Session: Sessions is enabled, and one exists.Please don't $session->start();
CRITICAL - 2023-06-05 11:02:43 --> Trying to access array offset on value of type null
in APPPATH\Views\pembiayaan\anggota_view_data_detail_pembiayaan.php on line 32.
 1 APPPATH\Views\pembiayaan\anggota_view_data_detail_pembiayaan.php(32): CodeIgniter\Debug\Exceptions->errorHandler(2, 'Trying to access array offset on value of type null', 'APPPATH\\Views\\pembiayaan\\anggota_view_data_detail_pembiayaan.php', 32)
 2 SYSTEMPATH\View\View.php(213): include('APPPATH\\Views\\pembiayaan\\anggota_view_data_detail_pembiayaan.php')
 3 SYSTEMPATH\View\View.php(216): CodeIgniter\View\View->CodeIgniter\View\{closure}()
 4 SYSTEMPATH\Common.php(1177): CodeIgniter\View\View->render('pembiayaan/anggota_view_data_detail_pembiayaan', [], true)
 5 APPPATH\Controllers\Pembiayaan.php(165): view('pembiayaan/anggota_view_data_detail_pembiayaan', [...])
 6 SYSTEMPATH\CodeIgniter.php(934): App\Controllers\Pembiayaan->anggota_detail('detail4')
 7 SYSTEMPATH\CodeIgniter.php(499): CodeIgniter\CodeIgniter->runController(Object(App\Controllers\Pembiayaan))
 8 SYSTEMPATH\CodeIgniter.php(368): CodeIgniter\CodeIgniter->handleRequest(null, Object(Config\Cache), false)
 9 FCPATH\index.php(67): CodeIgniter\CodeIgniter->run()
10 SYSTEMPATH\Commands\Server\rewrite.php(47): require_once('FCPATH\\index.php')
INFO - 2023-06-05 11:02:51 --> Session: Class initialized using 'CodeIgniter\Session\Handlers\FileHandler' driver.
WARNING - 2023-06-05 11:02:51 --> Session: Sessions is enabled, and one exists.Please don't $session->start();
CRITICAL - 2023-06-05 11:02:51 --> Trying to access array offset on value of type null
in APPPATH\Views\pembiayaan\anggota_view_data_detail_pembiayaan.php on line 32.
 1 APPPATH\Views\pembiayaan\anggota_view_data_detail_pembiayaan.php(32): CodeIgniter\Debug\Exceptions->errorHandler(2, 'Trying to access array offset on value of type null', 'APPPATH\\Views\\pembiayaan\\anggota_view_data_detail_pembiayaan.php', 32)
 2 SYSTEMPATH\View\View.php(213): include('APPPATH\\Views\\pembiayaan\\anggota_view_data_detail_pembiayaan.php')
 3 SYSTEMPATH\View\View.php(216): CodeIgniter\View\View->CodeIgniter\View\{closure}()
 4 SYSTEMPATH\Common.php(1177): CodeIgniter\View\View->render('pembiayaan/anggota_view_data_detail_pembiayaan', [], true)
 5 APPPATH\Controllers\Pembiayaan.php(165): view('pembiayaan/anggota_view_data_detail_pembiayaan', [...])
 6 SYSTEMPATH\CodeIgniter.php(934): App\Controllers\Pembiayaan->anggota_detail('detail', '4')
 7 SYSTEMPATH\CodeIgniter.php(499): CodeIgniter\CodeIgniter->runController(Object(App\Controllers\Pembiayaan))
 8 SYSTEMPATH\CodeIgniter.php(368): CodeIgniter\CodeIgniter->handleRequest(null, Object(Config\Cache), false)
 9 FCPATH\index.php(67): CodeIgniter\CodeIgniter->run()
10 SYSTEMPATH\Commands\Server\rewrite.php(47): require_once('FCPATH\\index.php')
INFO - 2023-06-05 11:03:53 --> Session: Class initialized using 'CodeIgniter\Session\Handlers\FileHandler' driver.
WARNING - 2023-06-05 11:03:53 --> Session: Sessions is enabled, and one exists.Please don't $session->start();
CRITICAL - 2023-06-05 11:03:53 --> Trying to access array offset on value of type null
in APPPATH\Views\pembiayaan\anggota_view_data_detail_pembiayaan.php on line 32.
 1 APPPATH\Views\pembiayaan\anggota_view_data_detail_pembiayaan.php(32): CodeIgniter\Debug\Exceptions->errorHandler(2, 'Trying to access array offset on value of type null', 'APPPATH\\Views\\pembiayaan\\anggota_view_data_detail_pembiayaan.php', 32)
 2 SYSTEMPATH\View\View.php(213): include('APPPATH\\Views\\pembiayaan\\anggota_view_data_detail_pembiayaan.php')
 3 SYSTEMPATH\View\View.php(216): CodeIgniter\View\View->CodeIgniter\View\{closure}()
 4 SYSTEMPATH\Common.php(1177): CodeIgniter\View\View->render('pembiayaan/anggota_view_data_detail_pembiayaan', [], true)
 5 APPPATH\Controllers\Pembiayaan.php(165): view('pembiayaan/anggota_view_data_detail_pembiayaan', [...])
 6 SYSTEMPATH\CodeIgniter.php(934): App\Controllers\Pembiayaan->anggota_detail('detail4')
 7 SYSTEMPATH\CodeIgniter.php(499): CodeIgniter\CodeIgniter->runController(Object(App\Controllers\Pembiayaan))
 8 SYSTEMPATH\CodeIgniter.php(368): CodeIgniter\CodeIgniter->handleRequest(null, Object(Config\Cache), false)
 9 FCPATH\index.php(67): CodeIgniter\CodeIgniter->run()
10 SYSTEMPATH\Commands\Server\rewrite.php(47): require_once('FCPATH\\index.php')
INFO - 2023-06-05 04:03:55 --> Session: Class initialized using 'CodeIgniter\Session\Handlers\FileHandler' driver.
WARNING - 2023-06-05 11:03:55 --> Session: Sessions is enabled, and one exists.Please don't $session->start();
INFO - 2023-06-05 11:03:55 --> Session: Class initialized using 'CodeIgniter\Session\Handlers\FileHandler' driver.
WARNING - 2023-06-05 11:03:55 --> Session: Sessions is enabled, and one exists.Please don't $session->start();
INFO - 2023-06-05 11:04:05 --> Session: Class initialized using 'CodeIgniter\Session\Handlers\FileHandler' driver.
WARNING - 2023-06-05 11:04:05 --> Session: Sessions is enabled, and one exists.Please don't $session->start();
CRITICAL - 2023-06-05 11:04:05 --> Trying to access array offset on value of type null
in APPPATH\Views\pembiayaan\anggota_view_data_detail_pembiayaan.php on line 32.
 1 APPPATH\Views\pembiayaan\anggota_view_data_detail_pembiayaan.php(32): CodeIgniter\Debug\Exceptions->errorHandler(2, 'Trying to access array offset on value of type null', 'APPPATH\\Views\\pembiayaan\\anggota_view_data_detail_pembiayaan.php', 32)
 2 SYSTEMPATH\View\View.php(213): include('APPPATH\\Views\\pembiayaan\\anggota_view_data_detail_pembiayaan.php')
 3 SYSTEMPATH\View\View.php(216): CodeIgniter\View\View->CodeIgniter\View\{closure}()
 4 SYSTEMPATH\Common.php(1177): CodeIgniter\View\View->render('pembiayaan/anggota_view_data_detail_pembiayaan', [], true)
 5 APPPATH\Controllers\Pembiayaan.php(165): view('pembiayaan/anggota_view_data_detail_pembiayaan', [...])
 6 SYSTEMPATH\CodeIgniter.php(934): App\Controllers\Pembiayaan->anggota_detail('detail4')
 7 SYSTEMPATH\CodeIgniter.php(499): CodeIgniter\CodeIgniter->runController(Object(App\Controllers\Pembiayaan))
 8 SYSTEMPATH\CodeIgniter.php(368): CodeIgniter\CodeIgniter->handleRequest(null, Object(Config\Cache), false)
 9 FCPATH\index.php(67): CodeIgniter\CodeIgniter->run()
10 SYSTEMPATH\Commands\Server\rewrite.php(47): require_once('FCPATH\\index.php')
INFO - 2023-06-05 11:04:05 --> Session: Class initialized using 'CodeIgniter\Session\Handlers\FileHandler' driver.
WARNING - 2023-06-05 11:04:05 --> Session: Sessions is enabled, and one exists.Please don't $session->start();
CRITICAL - 2023-06-05 11:04:05 --> Trying to access array offset on value of type null
in APPPATH\Views\pembiayaan\anggota_view_data_detail_pembiayaan.php on line 32.
 1 APPPATH\Views\pembiayaan\anggota_view_data_detail_pembiayaan.php(32): CodeIgniter\Debug\Exceptions->errorHandler(2, 'Trying to access array offset on value of type null', 'APPPATH\\Views\\pembiayaan\\anggota_view_data_detail_pembiayaan.php', 32)
 2 SYSTEMPATH\View\View.php(213): include('APPPATH\\Views\\pembiayaan\\anggota_view_data_detail_pembiayaan.php')
 3 SYSTEMPATH\View\View.php(216): CodeIgniter\View\View->CodeIgniter\View\{closure}()
 4 SYSTEMPATH\Common.php(1177): CodeIgniter\View\View->render('pembiayaan/anggota_view_data_detail_pembiayaan', [], true)
 5 APPPATH\Controllers\Pembiayaan.php(165): view('pembiayaan/anggota_view_data_detail_pembiayaan', [...])
 6 SYSTEMPATH\CodeIgniter.php(934): App\Controllers\Pembiayaan->anggota_detail('detail', '4')
 7 SYSTEMPATH\CodeIgniter.php(499): CodeIgniter\CodeIgniter->runController(Object(App\Controllers\Pembiayaan))
 8 SYSTEMPATH\CodeIgniter.php(368): CodeIgniter\CodeIgniter->handleRequest(null, Object(Config\Cache), false)
 9 FCPATH\index.php(67): CodeIgniter\CodeIgniter->run()
10 SYSTEMPATH\Commands\Server\rewrite.php(47): require_once('FCPATH\\index.php')
INFO - 2023-06-05 11:04:06 --> Session: Class initialized using 'CodeIgniter\Session\Handlers\FileHandler' driver.
WARNING - 2023-06-05 11:04:06 --> Session: Sessions is enabled, and one exists.Please don't $session->start();
CRITICAL - 2023-06-05 11:04:06 --> Trying to access array offset on value of type null
in APPPATH\Views\pembiayaan\anggota_view_data_detail_pembiayaan.php on line 32.
 1 APPPATH\Views\pembiayaan\anggota_view_data_detail_pembiayaan.php(32): CodeIgniter\Debug\Exceptions->errorHandler(2, 'Trying to access array offset on value of type null', 'APPPATH\\Views\\pembiayaan\\anggota_view_data_detail_pembiayaan.php', 32)
 2 SYSTEMPATH\View\View.php(213): include('APPPATH\\Views\\pembiayaan\\anggota_view_data_detail_pembiayaan.php')
 3 SYSTEMPATH\View\View.php(216): CodeIgniter\View\View->CodeIgniter\View\{closure}()
 4 SYSTEMPATH\Common.php(1177): CodeIgniter\View\View->render('pembiayaan/anggota_view_data_detail_pembiayaan', [], true)
 5 APPPATH\Controllers\Pembiayaan.php(165): view('pembiayaan/anggota_view_data_detail_pembiayaan', [...])
 6 SYSTEMPATH\CodeIgniter.php(934): App\Controllers\Pembiayaan->anggota_detail('detail4')
 7 SYSTEMPATH\CodeIgniter.php(499): CodeIgniter\CodeIgniter->runController(Object(App\Controllers\Pembiayaan))
 8 SYSTEMPATH\CodeIgniter.php(368): CodeIgniter\CodeIgniter->handleRequest(null, Object(Config\Cache), false)
 9 FCPATH\index.php(67): CodeIgniter\CodeIgniter->run()
10 SYSTEMPATH\Commands\Server\rewrite.php(47): require_once('FCPATH\\index.php')
INFO - 2023-06-05 04:04:06 --> Session: Class initialized using 'CodeIgniter\Session\Handlers\FileHandler' driver.
WARNING - 2023-06-05 11:04:06 --> Session: Sessions is enabled, and one exists.Please don't $session->start();
INFO - 2023-06-05 11:04:07 --> Session: Class initialized using 'CodeIgniter\Session\Handlers\FileHandler' driver.
WARNING - 2023-06-05 11:04:07 --> Session: Sessions is enabled, and one exists.Please don't $session->start();
INFO - 2023-06-05 04:04:21 --> Session: Class initialized using 'CodeIgniter\Session\Handlers\FileHandler' driver.
WARNING - 2023-06-05 11:04:21 --> Session: Sessions is enabled, and one exists.Please don't $session->start();
INFO - 2023-06-05 11:04:21 --> Session: Class initialized using 'CodeIgniter\Session\Handlers\FileHandler' driver.
WARNING - 2023-06-05 11:04:21 --> Session: Sessions is enabled, and one exists.Please don't $session->start();
INFO - 2023-06-05 04:04:24 --> Session: Class initialized using 'CodeIgniter\Session\Handlers\FileHandler' driver.
WARNING - 2023-06-05 11:04:24 --> Session: Sessions is enabled, and one exists.Please don't $session->start();
INFO - 2023-06-05 04:04:29 --> Session: Class initialized using 'CodeIgniter\Session\Handlers\FileHandler' driver.
WARNING - 2023-06-05 11:04:29 --> Session: Sessions is enabled, and one exists.Please don't $session->start();
INFO - 2023-06-05 11:04:30 --> Session: Class initialized using 'CodeIgniter\Session\Handlers\FileHandler' driver.
WARNING - 2023-06-05 11:04:30 --> Session: Sessions is enabled, and one exists.Please don't $session->start();
INFO - 2023-06-05 11:04:30 --> Session: Class initialized using 'CodeIgniter\Session\Handlers\FileHandler' driver.
WARNING - 2023-06-05 11:04:30 --> Session: Sessions is enabled, and one exists.Please don't $session->start();
INFO - 2023-06-05 04:04:34 --> Session: Class initialized using 'CodeIgniter\Session\Handlers\FileHandler' driver.
WARNING - 2023-06-05 11:04:34 --> Session: Sessions is enabled, and one exists.Please don't $session->start();
INFO - 2023-06-05 11:04:35 --> Session: Class initialized using 'CodeIgniter\Session\Handlers\FileHandler' driver.
WARNING - 2023-06-05 11:04:35 --> Session: Sessions is enabled, and one exists.Please don't $session->start();
INFO - 2023-06-05 04:04:54 --> Session: Class initialized using 'CodeIgniter\Session\Handlers\FileHandler' driver.
WARNING - 2023-06-05 11:04:54 --> Session: Sessions is enabled, and one exists.Please don't $session->start();
INFO - 2023-06-05 04:05:02 --> Session: Class initialized using 'CodeIgniter\Session\Handlers\FileHandler' driver.
WARNING - 2023-06-05 11:05:02 --> Session: Sessions is enabled, and one exists.Please don't $session->start();
INFO - 2023-06-05 04:05:15 --> Session: Class initialized using 'CodeIgniter\Session\Handlers\FileHandler' driver.
WARNING - 2023-06-05 11:05:15 --> Session: Sessions is enabled, and one exists.Please don't $session->start();
INFO - 2023-06-05 11:05:16 --> Session: Class initialized using 'CodeIgniter\Session\Handlers\FileHandler' driver.
WARNING - 2023-06-05 11:05:16 --> Session: Sessions is enabled, and one exists.Please don't $session->start();
INFO - 2023-06-05 11:05:17 --> Session: Class initialized using 'CodeIgniter\Session\Handlers\FileHandler' driver.
WARNING - 2023-06-05 11:05:17 --> Session: Sessions is enabled, and one exists.Please don't $session->start();
INFO - 2023-06-05 04:06:10 --> Session: Class initialized using 'CodeIgniter\Session\Handlers\FileHandler' driver.
WARNING - 2023-06-05 11:06:10 --> Session: Sessions is enabled, and one exists.Please don't $session->start();
INFO - 2023-06-05 11:06:11 --> Session: Class initialized using 'CodeIgniter\Session\Handlers\FileHandler' driver.
WARNING - 2023-06-05 11:06:11 --> Session: Sessions is enabled, and one exists.Please don't $session->start();
INFO - 2023-06-05 04:06:12 --> Session: Class initialized using 'CodeIgniter\Session\Handlers\FileHandler' driver.
WARNING - 2023-06-05 11:06:12 --> Session: Sessions is enabled, and one exists.Please don't $session->start();
INFO - 2023-06-05 04:06:19 --> Session: Class initialized using 'CodeIgniter\Session\Handlers\FileHandler' driver.
WARNING - 2023-06-05 11:06:19 --> Session: Sessions is enabled, and one exists.Please don't $session->start();
INFO - 2023-06-05 04:07:30 --> Session: Class initialized using 'CodeIgniter\Session\Handlers\FileHandler' driver.
WARNING - 2023-06-05 11:07:30 --> Session: Sessions is enabled, and one exists.Please don't $session->start();
INFO - 2023-06-05 11:07:31 --> Session: Class initialized using 'CodeIgniter\Session\Handlers\FileHandler' driver.
WARNING - 2023-06-05 11:07:31 --> Session: Sessions is enabled, and one exists.Please don't $session->start();
INFO - 2023-06-05 04:07:36 --> Session: Class initialized using 'CodeIgniter\Session\Handlers\FileHandler' driver.
WARNING - 2023-06-05 11:07:36 --> Session: Sessions is enabled, and one exists.Please don't $session->start();
INFO - 2023-06-05 04:07:41 --> Session: Class initialized using 'CodeIgniter\Session\Handlers\FileHandler' driver.
WARNING - 2023-06-05 11:07:41 --> Session: Sessions is enabled, and one exists.Please don't $session->start();
INFO - 2023-06-05 04:08:40 --> Session: Class initialized using 'CodeIgniter\Session\Handlers\FileHandler' driver.
WARNING - 2023-06-05 11:08:40 --> Session: Sessions is enabled, and one exists.Please don't $session->start();
INFO - 2023-06-05 11:08:41 --> Session: Class initialized using 'CodeIgniter\Session\Handlers\FileHandler' driver.
WARNING - 2023-06-05 11:08:41 --> Session: Sessions is enabled, and one exists.Please don't $session->start();
INFO - 2023-06-05 04:09:36 --> Session: Class initialized using 'CodeIgniter\Session\Handlers\FileHandler' driver.
WARNING - 2023-06-05 11:09:36 --> Session: Sessions is enabled, and one exists.Please don't $session->start();
INFO - 2023-06-05 11:09:36 --> Session: Class initialized using 'CodeIgniter\Session\Handlers\FileHandler' driver.
WARNING - 2023-06-05 11:09:36 --> Session: Sessions is enabled, and one exists.Please don't $session->start();
INFO - 2023-06-05 04:09:38 --> Session: Class initialized using 'CodeIgniter\Session\Handlers\FileHandler' driver.
WARNING - 2023-06-05 11:09:38 --> Session: Sessions is enabled, and one exists.Please don't $session->start();
INFO - 2023-06-05 04:09:43 --> Session: Class initialized using 'CodeIgniter\Session\Handlers\FileHandler' driver.
WARNING - 2023-06-05 11:09:43 --> Session: Sessions is enabled, and one exists.Please don't $session->start();
INFO - 2023-06-05 04:09:51 --> Session: Class initialized using 'CodeIgniter\Session\Handlers\FileHandler' driver.
WARNING - 2023-06-05 11:09:51 --> Session: Sessions is enabled, and one exists.Please don't $session->start();
INFO - 2023-06-05 11:09:51 --> Session: Class initialized using 'CodeIgniter\Session\Handlers\FileHandler' driver.
WARNING - 2023-06-05 11:09:51 --> Session: Sessions is enabled, and one exists.Please don't $session->start();
INFO - 2023-06-05 04:09:55 --> Session: Class initialized using 'CodeIgniter\Session\Handlers\FileHandler' driver.
WARNING - 2023-06-05 11:09:55 --> Session: Sessions is enabled, and one exists.Please don't $session->start();
INFO - 2023-06-05 04:09:59 --> Session: Class initialized using 'CodeIgniter\Session\Handlers\FileHandler' driver.
WARNING - 2023-06-05 11:09:59 --> Session: Sessions is enabled, and one exists.Please don't $session->start();
INFO - 2023-06-05 04:10:39 --> Session: Class initialized using 'CodeIgniter\Session\Handlers\FileHandler' driver.
WARNING - 2023-06-05 11:10:39 --> Session: Sessions is enabled, and one exists.Please don't $session->start();
INFO - 2023-06-05 11:10:40 --> Session: Class initialized using 'CodeIgniter\Session\Handlers\FileHandler' driver.
WARNING - 2023-06-05 11:10:40 --> Session: Sessions is enabled, and one exists.Please don't $session->start();
INFO - 2023-06-05 04:10:53 --> Session: Class initialized using 'CodeIgniter\Session\Handlers\FileHandler' driver.
WARNING - 2023-06-05 11:10:53 --> Session: Sessions is enabled, and one exists.Please don't $session->start();
INFO - 2023-06-05 11:10:54 --> Session: Class initialized using 'CodeIgniter\Session\Handlers\FileHandler' driver.
WARNING - 2023-06-05 11:10:54 --> Session: Sessions is enabled, and one exists.Please don't $session->start();
INFO - 2023-06-05 04:10:56 --> Session: Class initialized using 'CodeIgniter\Session\Handlers\FileHandler' driver.
WARNING - 2023-06-05 11:10:56 --> Session: Sessions is enabled, and one exists.Please don't $session->start();
INFO - 2023-06-05 04:12:17 --> Session: Class initialized using 'CodeIgniter\Session\Handlers\FileHandler' driver.
WARNING - 2023-06-05 11:12:17 --> Session: Sessions is enabled, and one exists.Please don't $session->start();
INFO - 2023-06-05 11:12:17 --> Session: Class initialized using 'CodeIgniter\Session\Handlers\FileHandler' driver.
WARNING - 2023-06-05 11:12:17 --> Session: Sessions is enabled, and one exists.Please don't $session->start();
INFO - 2023-06-05 11:12:18 --> Session: Class initialized using 'CodeIgniter\Session\Handlers\FileHandler' driver.
WARNING - 2023-06-05 11:12:18 --> Session: Sessions is enabled, and one exists.Please don't $session->start();
INFO - 2023-06-05 11:13:03 --> Session: Class initialized using 'CodeIgniter\Session\Handlers\FileHandler' driver.
WARNING - 2023-06-05 11:13:03 --> Session: Sessions is enabled, and one exists.Please don't $session->start();
INFO - 2023-06-05 11:13:03 --> Session: Class initialized using 'CodeIgniter\Session\Handlers\FileHandler' driver.
WARNING - 2023-06-05 11:13:03 --> Session: Sessions is enabled, and one exists.Please don't $session->start();
INFO - 2023-06-05 04:13:05 --> Session: Class initialized using 'CodeIgniter\Session\Handlers\FileHandler' driver.
WARNING - 2023-06-05 11:13:05 --> Session: Sessions is enabled, and one exists.Please don't $session->start();
INFO - 2023-06-05 11:13:06 --> Session: Class initialized using 'CodeIgniter\Session\Handlers\FileHandler' driver.
WARNING - 2023-06-05 11:13:06 --> Session: Sessions is enabled, and one exists.Please don't $session->start();
INFO - 2023-06-05 04:14:06 --> Session: Class initialized using 'CodeIgniter\Session\Handlers\FileHandler' driver.
WARNING - 2023-06-05 04:14:06 --> Session: Sessions is enabled, and one exists.Please don't $session->start();
INFO - 2023-06-05 04:14:06 --> Session: Class initialized using 'CodeIgniter\Session\Handlers\FileHandler' driver.
WARNING - 2023-06-05 04:14:06 --> Session: Sessions is enabled, and one exists.Please don't $session->start();
INFO - 2023-06-05 04:14:10 --> Session: Class initialized using 'CodeIgniter\Session\Handlers\FileHandler' driver.
WARNING - 2023-06-05 04:14:10 --> Session: Sessions is enabled, and one exists.Please don't $session->start();
INFO - 2023-06-05 04:14:10 --> Session: Class initialized using 'CodeIgniter\Session\Handlers\FileHandler' driver.
WARNING - 2023-06-05 04:14:10 --> Session: Sessions is enabled, and one exists.Please don't $session->start();
WARNING - 2023-06-05 11:14:10 --> Session: Sessions is enabled, and one exists.Please don't $session->start();
INFO - 2023-06-05 04:14:13 --> Session: Class initialized using 'CodeIgniter\Session\Handlers\FileHandler' driver.
WARNING - 2023-06-05 11:14:13 --> Session: Sessions is enabled, and one exists.Please don't $session->start();
INFO - 2023-06-05 11:14:16 --> Session: Class initialized using 'CodeIgniter\Session\Handlers\FileHandler' driver.
WARNING - 2023-06-05 11:14:16 --> Session: Sessions is enabled, and one exists.Please don't $session->start();
INFO - 2023-06-05 11:14:37 --> Session: Class initialized using 'CodeIgniter\Session\Handlers\FileHandler' driver.
WARNING - 2023-06-05 11:14:37 --> Session: Sessions is enabled, and one exists.Please don't $session->start();
INFO - 2023-06-05 11:14:38 --> Session: Class initialized using 'CodeIgniter\Session\Handlers\FileHandler' driver.
WARNING - 2023-06-05 11:14:38 --> Session: Sessions is enabled, and one exists.Please don't $session->start();
INFO - 2023-06-05 11:14:40 --> Session: Class initialized using 'CodeIgniter\Session\Handlers\FileHandler' driver.
WARNING - 2023-06-05 11:14:40 --> Session: Sessions is enabled, and one exists.Please don't $session->start();
INFO - 2023-06-05 11:14:57 --> Session: Class initialized using 'CodeIgniter\Session\Handlers\FileHandler' driver.
WARNING - 2023-06-05 11:14:57 --> Session: Sessions is enabled, and one exists.Please don't $session->start();
INFO - 2023-06-05 11:14:57 --> Session: Class initialized using 'CodeIgniter\Session\Handlers\FileHandler' driver.
WARNING - 2023-06-05 11:14:57 --> Session: Sessions is enabled, and one exists.Please don't $session->start();
INFO - 2023-06-05 04:15:00 --> Session: Class initialized using 'CodeIgniter\Session\Handlers\FileHandler' driver.
WARNING - 2023-06-05 11:15:00 --> Session: Sessions is enabled, and one exists.Please don't $session->start();
INFO - 2023-06-05 04:15:02 --> Session: Class initialized using 'CodeIgniter\Session\Handlers\FileHandler' driver.
WARNING - 2023-06-05 11:15:02 --> Session: Sessions is enabled, and one exists.Please don't $session->start();
INFO - 2023-06-05 04:15:06 --> Session: Class initialized using 'CodeIgniter\Session\Handlers\FileHandler' driver.
WARNING - 2023-06-05 04:15:06 --> Session: Sessions is enabled, and one exists.Please don't $session->start();
INFO - 2023-06-05 04:15:06 --> Session: Class initialized using 'CodeIgniter\Session\Handlers\FileHandler' driver.
WARNING - 2023-06-05 04:15:06 --> Session: Sessions is enabled, and one exists.Please don't $session->start();
INFO - 2023-06-05 04:15:11 --> Session: Class initialized using 'CodeIgniter\Session\Handlers\FileHandler' driver.
WARNING - 2023-06-05 04:15:11 --> Session: Sessions is enabled, and one exists.Please don't $session->start();
INFO - 2023-06-05 04:15:11 --> Session: Class initialized using 'CodeIgniter\Session\Handlers\FileHandler' driver.
WARNING - 2023-06-05 04:15:11 --> Session: Sessions is enabled, and one exists.Please don't $session->start();
WARNING - 2023-06-05 11:15:11 --> Session: Sessions is enabled, and one exists.Please don't $session->start();
INFO - 2023-06-05 04:15:13 --> Session: Class initialized using 'CodeIgniter\Session\Handlers\FileHandler' driver.
WARNING - 2023-06-05 04:15:13 --> Session: Sessions is enabled, and one exists.Please don't $session->start();
INFO - 2023-06-05 04:15:21 --> Session: Class initialized using 'CodeIgniter\Session\Handlers\FileHandler' driver.
WARNING - 2023-06-05 04:15:21 --> Session: Sessions is enabled, and one exists.Please don't $session->start();
WARNING - 2023-06-05 11:15:21 --> Session: Sessions is enabled, and one exists.Please don't $session->start();
INFO - 2023-06-05 04:15:22 --> Session: Class initialized using 'CodeIgniter\Session\Handlers\FileHandler' driver.
WARNING - 2023-06-05 04:15:22 --> Session: Sessions is enabled, and one exists.Please don't $session->start();
WARNING - 2023-06-05 11:15:22 --> Session: Sessions is enabled, and one exists.Please don't $session->start();
INFO - 2023-06-05 04:15:22 --> Session: Class initialized using 'CodeIgniter\Session\Handlers\FileHandler' driver.
WARNING - 2023-06-05 04:15:22 --> Session: Sessions is enabled, and one exists.Please don't $session->start();
INFO - 2023-06-05 04:15:33 --> Session: Class initialized using 'CodeIgniter\Session\Handlers\FileHandler' driver.
WARNING - 2023-06-05 04:15:33 --> Session: Sessions is enabled, and one exists.Please don't $session->start();
INFO - 2023-06-05 04:15:34 --> Session: Class initialized using 'CodeIgniter\Session\Handlers\FileHandler' driver.
WARNING - 2023-06-05 04:15:34 --> Session: Sessions is enabled, and one exists.Please don't $session->start();
WARNING - 2023-06-05 11:15:34 --> Session: Sessions is enabled, and one exists.Please don't $session->start();
INFO - 2023-06-05 04:15:35 --> Session: Class initialized using 'CodeIgniter\Session\Handlers\FileHandler' driver.
WARNING - 2023-06-05 04:15:35 --> Session: Sessions is enabled, and one exists.Please don't $session->start();
INFO - 2023-06-05 04:15:42 --> Session: Class initialized using 'CodeIgniter\Session\Handlers\FileHandler' driver.
WARNING - 2023-06-05 04:15:42 --> Session: Sessions is enabled, and one exists.Please don't $session->start();
WARNING - 2023-06-05 11:15:42 --> Session: Sessions is enabled, and one exists.Please don't $session->start();
INFO - 2023-06-05 04:15:42 --> Session: Class initialized using 'CodeIgniter\Session\Handlers\FileHandler' driver.
WARNING - 2023-06-05 04:15:42 --> Session: Sessions is enabled, and one exists.Please don't $session->start();
WARNING - 2023-06-05 11:15:42 --> Session: Sessions is enabled, and one exists.Please don't $session->start();
INFO - 2023-06-05 04:15:42 --> Session: Class initialized using 'CodeIgniter\Session\Handlers\FileHandler' driver.
WARNING - 2023-06-05 04:15:42 --> Session: Sessions is enabled, and one exists.Please don't $session->start();
INFO - 2023-06-05 04:17:42 --> Session: Class initialized using 'CodeIgniter\Session\Handlers\FileHandler' driver.
WARNING - 2023-06-05 04:17:42 --> Session: Sessions is enabled, and one exists.Please don't $session->start();
INFO - 2023-06-05 04:17:42 --> Session: Class initialized using 'CodeIgniter\Session\Handlers\FileHandler' driver.
WARNING - 2023-06-05 04:17:42 --> Session: Sessions is enabled, and one exists.Please don't $session->start();
WARNING - 2023-06-05 11:17:42 --> Session: Sessions is enabled, and one exists.Please don't $session->start();
INFO - 2023-06-05 04:17:45 --> Session: Class initialized using 'CodeIgniter\Session\Handlers\FileHandler' driver.
WARNING - 2023-06-05 11:17:45 --> Session: Sessions is enabled, and one exists.Please don't $session->start();
INFO - 2023-06-05 04:17:47 --> Session: Class initialized using 'CodeIgniter\Session\Handlers\FileHandler' driver.
WARNING - 2023-06-05 11:17:47 --> Session: Sessions is enabled, and one exists.Please don't $session->start();
INFO - 2023-06-05 11:17:58 --> Session: Class initialized using 'CodeIgniter\Session\Handlers\FileHandler' driver.
WARNING - 2023-06-05 11:17:58 --> Session: Sessions is enabled, and one exists.Please don't $session->start();
INFO - 2023-06-05 04:17:59 --> Session: Class initialized using 'CodeIgniter\Session\Handlers\FileHandler' driver.
WARNING - 2023-06-05 11:17:59 --> Session: Sessions is enabled, and one exists.Please don't $session->start();
INFO - 2023-06-05 04:18:02 --> Session: Class initialized using 'CodeIgniter\Session\Handlers\FileHandler' driver.
WARNING - 2023-06-05 11:18:02 --> Session: Sessions is enabled, and one exists.Please don't $session->start();
INFO - 2023-06-05 11:20:00 --> Session: Class initialized using 'CodeIgniter\Session\Handlers\FileHandler' driver.
WARNING - 2023-06-05 11:20:00 --> Session: Sessions is enabled, and one exists.Please don't $session->start();
INFO - 2023-06-05 04:20:00 --> Session: Class initialized using 'CodeIgniter\Session\Handlers\FileHandler' driver.
WARNING - 2023-06-05 11:20:00 --> Session: Sessions is enabled, and one exists.Please don't $session->start();
INFO - 2023-06-05 04:20:37 --> Session: Class initialized using 'CodeIgniter\Session\Handlers\FileHandler' driver.
WARNING - 2023-06-05 04:20:37 --> Session: Sessions is enabled, and one exists.Please don't $session->start();
INFO - 2023-06-05 04:20:37 --> Session: Class initialized using 'CodeIgniter\Session\Handlers\FileHandler' driver.
WARNING - 2023-06-05 04:20:37 --> Session: Sessions is enabled, and one exists.Please don't $session->start();
INFO - 2023-06-05 04:20:46 --> Session: Class initialized using 'CodeIgniter\Session\Handlers\FileHandler' driver.
WARNING - 2023-06-05 04:20:46 --> Session: Sessions is enabled, and one exists.Please don't $session->start();
INFO - 2023-06-05 04:20:46 --> Session: Class initialized using 'CodeIgniter\Session\Handlers\FileHandler' driver.
WARNING - 2023-06-05 04:20:46 --> Session: Sessions is enabled, and one exists.Please don't $session->start();
WARNING - 2023-06-05 11:20:46 --> Session: Sessions is enabled, and one exists.Please don't $session->start();
INFO - 2023-06-05 04:20:49 --> Session: Class initialized using 'CodeIgniter\Session\Handlers\FileHandler' driver.
WARNING - 2023-06-05 11:20:49 --> Session: Sessions is enabled, and one exists.Please don't $session->start();
INFO - 2023-06-05 04:20:53 --> Session: Class initialized using 'CodeIgniter\Session\Handlers\FileHandler' driver.
WARNING - 2023-06-05 11:20:53 --> Session: Sessions is enabled, and one exists.Please don't $session->start();
INFO - 2023-06-05 11:20:53 --> Session: Class initialized using 'CodeIgniter\Session\Handlers\FileHandler' driver.
WARNING - 2023-06-05 11:20:53 --> Session: Sessions is enabled, and one exists.Please don't $session->start();
INFO - 2023-06-05 04:22:09 --> Session: Class initialized using 'CodeIgniter\Session\Handlers\FileHandler' driver.
WARNING - 2023-06-05 11:22:09 --> Session: Sessions is enabled, and one exists.Please don't $session->start();
INFO - 2023-06-05 04:22:17 --> Session: Class initialized using 'CodeIgniter\Session\Handlers\FileHandler' driver.
WARNING - 2023-06-05 11:22:17 --> Session: Sessions is enabled, and one exists.Please don't $session->start();
INFO - 2023-06-05 04:29:25 --> Session: Class initialized using 'CodeIgniter\Session\Handlers\FileHandler' driver.
WARNING - 2023-06-05 11:29:25 --> Session: Sessions is enabled, and one exists.Please don't $session->start();
INFO - 2023-06-05 11:29:26 --> Session: Class initialized using 'CodeIgniter\Session\Handlers\FileHandler' driver.
WARNING - 2023-06-05 11:29:26 --> Session: Sessions is enabled, and one exists.Please don't $session->start();
INFO - 2023-06-05 04:29:27 --> Session: Class initialized using 'CodeIgniter\Session\Handlers\FileHandler' driver.
WARNING - 2023-06-05 11:29:27 --> Session: Sessions is enabled, and one exists.Please don't $session->start();
INFO - 2023-06-05 04:29:37 --> Session: Class initialized using 'CodeIgniter\Session\Handlers\FileHandler' driver.
WARNING - 2023-06-05 11:29:37 --> Session: Sessions is enabled, and one exists.Please don't $session->start();
INFO - 2023-06-05 04:29:37 --> Session: Class initialized using 'CodeIgniter\Session\Handlers\FileHandler' driver.
WARNING - 2023-06-05 11:29:37 --> Session: Sessions is enabled, and one exists.Please don't $session->start();
INFO - 2023-06-05 11:29:38 --> Session: Class initialized using 'CodeIgniter\Session\Handlers\FileHandler' driver.
WARNING - 2023-06-05 11:29:38 --> Session: Sessions is enabled, and one exists.Please don't $session->start();
INFO - 2023-06-05 04:30:20 --> Session: Class initialized using 'CodeIgniter\Session\Handlers\FileHandler' driver.
WARNING - 2023-06-05 11:30:20 --> Session: Sessions is enabled, and one exists.Please don't $session->start();
INFO - 2023-06-05 11:30:20 --> Session: Class initialized using 'CodeIgniter\Session\Handlers\FileHandler' driver.
WARNING - 2023-06-05 11:30:20 --> Session: Sessions is enabled, and one exists.Please don't $session->start();
INFO - 2023-06-05 04:30:23 --> Session: Class initialized using 'CodeIgniter\Session\Handlers\FileHandler' driver.
WARNING - 2023-06-05 11:30:23 --> Session: Sessions is enabled, and one exists.Please don't $session->start();
INFO - 2023-06-05 04:31:08 --> Session: Class initialized using 'CodeIgniter\Session\Handlers\FileHandler' driver.
WARNING - 2023-06-05 11:31:08 --> Session: Sessions is enabled, and one exists.Please don't $session->start();
INFO - 2023-06-05 04:31:15 --> Session: Class initialized using 'CodeIgniter\Session\Handlers\FileHandler' driver.
WARNING - 2023-06-05 11:31:15 --> Session: Sessions is enabled, and one exists.Please don't $session->start();
INFO - 2023-06-05 04:31:15 --> Session: Class initialized using 'CodeIgniter\Session\Handlers\FileHandler' driver.
WARNING - 2023-06-05 11:31:15 --> Session: Sessions is enabled, and one exists.Please don't $session->start();
INFO - 2023-06-05 11:31:16 --> Session: Class initialized using 'CodeIgniter\Session\Handlers\FileHandler' driver.
WARNING - 2023-06-05 11:31:16 --> Session: Sessions is enabled, and one exists.Please don't $session->start();
INFO - 2023-06-05 04:32:37 --> Session: Class initialized using 'CodeIgniter\Session\Handlers\FileHandler' driver.
WARNING - 2023-06-05 11:32:37 --> Session: Sessions is enabled, and one exists.Please don't $session->start();
INFO - 2023-06-05 04:32:45 --> Session: Class initialized using 'CodeIgniter\Session\Handlers\FileHandler' driver.
WARNING - 2023-06-05 04:32:45 --> Session: Sessions is enabled, and one exists.Please don't $session->start();
INFO - 2023-06-05 04:32:45 --> Session: Class initialized using 'CodeIgniter\Session\Handlers\FileHandler' driver.
WARNING - 2023-06-05 04:32:45 --> Session: Sessions is enabled, and one exists.Please don't $session->start();
INFO - 2023-06-05 04:33:32 --> Session: Class initialized using 'CodeIgniter\Session\Handlers\FileHandler' driver.
WARNING - 2023-06-05 04:33:32 --> Session: Sessions is enabled, and one exists.Please don't $session->start();
INFO - 2023-06-05 04:33:32 --> Session: Class initialized using 'CodeIgniter\Session\Handlers\FileHandler' driver.
WARNING - 2023-06-05 04:33:32 --> Session: Sessions is enabled, and one exists.Please don't $session->start();
WARNING - 2023-06-05 11:33:32 --> Session: Sessions is enabled, and one exists.Please don't $session->start();
INFO - 2023-06-05 04:33:38 --> Session: Class initialized using 'CodeIgniter\Session\Handlers\FileHandler' driver.
WARNING - 2023-06-05 11:33:38 --> Session: Sessions is enabled, and one exists.Please don't $session->start();
