INFO - 2023-08-12 07:52:40 --> Session: Class initialized using 'CodeIgniter\Session\Handlers\FileHandler' driver.
WARNING - 2023-08-12 07:52:40 --> Session: Sessions is enabled, and one exists. Please don't $session->start();
INFO - 2023-08-12 07:56:17 --> Session: Class initialized using 'CodeIgniter\Session\Handlers\FileHandler' driver.
WARNING - 2023-08-12 07:56:17 --> Session: Sessions is enabled, and one exists. Please don't $session->start();
INFO - 2023-08-12 07:56:17 --> Session: Class initialized using 'CodeIgniter\Session\Handlers\FileHandler' driver.
WARNING - 2023-08-12 07:56:17 --> Session: Sessions is enabled, and one exists. Please don't $session->start();
WARNING - 2023-08-12 14:56:17 --> Session: Sessions is enabled, and one exists. Please don't $session->start();
WARNING - 2023-08-12 14:56:17 --> [DEPRECATED] number_format(): Passing null to parameter #1 ($num) of type float is deprecated in APPPATH\Views\dashboard\index.php on line 27.
 1 APPPATH\Views\dashboard\index.php(27): number_format(null, 0, ',', '.')
 2 SYSTEMPATH\View\View.php(224): include('D:\\data\\ci4\\koperasi\\app\\Views\\dashboard\\index.php')
 3 SYSTEMPATH\View\View.php(227): CodeIgniter\View\View->CodeIgniter\View\{closure}()
 4 SYSTEMPATH\Common.php(1180): CodeIgniter\View\View->render('dashboard/index', [], true)
 5 APPPATH\Controllers\Dashboard.php(56): view('dashboard/index', [...])
 6 SYSTEMPATH\CodeIgniter.php(932): App\Controllers\Dashboard->index()
 7 SYSTEMPATH\CodeIgniter.php(497): CodeIgniter\CodeIgniter->runController(Object(App\Controllers\Dashboard))
 8 SYSTEMPATH\CodeIgniter.php(366): CodeIgniter\CodeIgniter->handleRequest(null, Object(Config\Cache), false)
 9 FCPATH\index.php(67): CodeIgniter\CodeIgniter->run()
10 SYSTEMPATH\Commands\Server\rewrite.php(47): require_once('D:\\data\\ci4\\koperasi\\public\\index.php')
WARNING - 2023-08-12 14:56:17 --> [DEPRECATED] number_format(): Passing null to parameter #1 ($num) of type float is deprecated in APPPATH\Views\dashboard\index.php on line 65.
 1 APPPATH\Views\dashboard\index.php(65): number_format(null, 0, ',', '.')
 2 SYSTEMPATH\View\View.php(224): include('D:\\data\\ci4\\koperasi\\app\\Views\\dashboard\\index.php')
 3 SYSTEMPATH\View\View.php(227): CodeIgniter\View\View->CodeIgniter\View\{closure}()
 4 SYSTEMPATH\Common.php(1180): CodeIgniter\View\View->render('dashboard/index', [], true)
 5 APPPATH\Controllers\Dashboard.php(56): view('dashboard/index', [...])
 6 SYSTEMPATH\CodeIgniter.php(932): App\Controllers\Dashboard->index()
 7 SYSTEMPATH\CodeIgniter.php(497): CodeIgniter\CodeIgniter->runController(Object(App\Controllers\Dashboard))
 8 SYSTEMPATH\CodeIgniter.php(366): CodeIgniter\CodeIgniter->handleRequest(null, Object(Config\Cache), false)
 9 FCPATH\index.php(67): CodeIgniter\CodeIgniter->run()
10 SYSTEMPATH\Commands\Server\rewrite.php(47): require_once('D:\\data\\ci4\\koperasi\\public\\index.php')
WARNING - 2023-08-12 14:56:17 --> [DEPRECATED] number_format(): Passing null to parameter #1 ($num) of type float is deprecated in APPPATH\Views\dashboard\index.php on line 103.
 1 APPPATH\Views\dashboard\index.php(103): number_format(null, 0, ',', '.')
 2 SYSTEMPATH\View\View.php(224): include('D:\\data\\ci4\\koperasi\\app\\Views\\dashboard\\index.php')
 3 SYSTEMPATH\View\View.php(227): CodeIgniter\View\View->CodeIgniter\View\{closure}()
 4 SYSTEMPATH\Common.php(1180): CodeIgniter\View\View->render('dashboard/index', [], true)
 5 APPPATH\Controllers\Dashboard.php(56): view('dashboard/index', [...])
 6 SYSTEMPATH\CodeIgniter.php(932): App\Controllers\Dashboard->index()
 7 SYSTEMPATH\CodeIgniter.php(497): CodeIgniter\CodeIgniter->runController(Object(App\Controllers\Dashboard))
 8 SYSTEMPATH\CodeIgniter.php(366): CodeIgniter\CodeIgniter->handleRequest(null, Object(Config\Cache), false)
 9 FCPATH\index.php(67): CodeIgniter\CodeIgniter->run()
10 SYSTEMPATH\Commands\Server\rewrite.php(47): require_once('D:\\data\\ci4\\koperasi\\public\\index.php')
INFO - 2023-08-12 07:56:26 --> Session: Class initialized using 'CodeIgniter\Session\Handlers\FileHandler' driver.
WARNING - 2023-08-12 07:56:26 --> Session: Sessions is enabled, and one exists. Please don't $session->start();
WARNING - 2023-08-12 14:56:26 --> Session: Sessions is enabled, and one exists. Please don't $session->start();
ERROR - 2023-08-12 14:56:26 --> mysqli_sql_exception: Unknown column 'rm.jenis' in 'where clause' in D:\data\ci4\koperasi\vendor\codeigniter4\framework\system\Database\MySQLi\Connection.php:295
Stack trace:
#0 D:\data\ci4\koperasi\vendor\codeigniter4\framework\system\Database\MySQLi\Connection.php(295): mysqli->query('SELECT u.full_n...', 0)
#1 D:\data\ci4\koperasi\vendor\codeigniter4\framework\system\Database\BaseConnection.php(692): CodeIgniter\Database\MySQLi\Connection->execute('SELECT u.full_n...')
#2 D:\data\ci4\koperasi\vendor\codeigniter4\framework\system\Database\BaseConnection.php(606): CodeIgniter\Database\BaseConnection->simpleQuery('SELECT u.full_n...')
#3 D:\data\ci4\koperasi\app\Controllers\Simpanan.php(384): CodeIgniter\Database\BaseConnection->query('SELECT u.full_n...')
#4 D:\data\ci4\koperasi\vendor\codeigniter4\framework\system\CodeIgniter.php(932): App\Controllers\Simpanan->verifikasi_manasuka()
#5 D:\data\ci4\koperasi\vendor\codeigniter4\framework\system\CodeIgniter.php(497): CodeIgniter\CodeIgniter->runController(Object(App\Controllers\Simpanan))
#6 D:\data\ci4\koperasi\vendor\codeigniter4\framework\system\CodeIgniter.php(366): CodeIgniter\CodeIgniter->handleRequest(NULL, Object(Config\Cache), false)
#7 D:\data\ci4\koperasi\public\index.php(67): CodeIgniter\CodeIgniter->run()
#8 D:\data\ci4\koperasi\vendor\codeigniter4\framework\system\Commands\Server\rewrite.php(47): require_once('D:\\data\\ci4\\kop...')
#9 {main}
CRITICAL - 2023-08-12 14:56:26 --> Unknown column 'rm.jenis' in 'where clause'
in SYSTEMPATH\Database\MySQLi\Connection.php on line 295.
 1 SYSTEMPATH\Database\MySQLi\Connection.php(295): mysqli->query('SELECT u.full_name, rm.* FROM simpanan_manasuka rm left join users u on rm.id_user=u.id_user where rm.jenis = "Keluar" order by rm.status DESC', 0)
 2 SYSTEMPATH\Database\BaseConnection.php(692): CodeIgniter\Database\MySQLi\Connection->execute('SELECT u.full_name, rm.* FROM simpanan_manasuka rm left join users u on rm.id_user=u.id_user where rm.jenis = "Keluar" order by rm.status DESC')
 3 SYSTEMPATH\Database\BaseConnection.php(606): CodeIgniter\Database\BaseConnection->simpleQuery('SELECT u.full_name, rm.* FROM simpanan_manasuka rm left join users u on rm.id_user=u.id_user where rm.jenis = "Keluar" order by rm.status DESC')
 4 APPPATH\Controllers\Simpanan.php(384): CodeIgniter\Database\BaseConnection->query('SELECT u.full_name, rm.* FROM simpanan_manasuka rm left join users u on rm.id_user=u.id_user where rm.jenis = "Keluar" order by rm.status DESC')
 5 SYSTEMPATH\CodeIgniter.php(932): App\Controllers\Simpanan->verifikasi_manasuka()
 6 SYSTEMPATH\CodeIgniter.php(497): CodeIgniter\CodeIgniter->runController(Object(App\Controllers\Simpanan))
 7 SYSTEMPATH\CodeIgniter.php(366): CodeIgniter\CodeIgniter->handleRequest(null, Object(Config\Cache), false)
 8 FCPATH\index.php(67): CodeIgniter\CodeIgniter->run()
 9 SYSTEMPATH\Commands\Server\rewrite.php(47): require_once('D:\\data\\ci4\\koperasi\\public\\index.php')
INFO - 2023-08-12 07:56:49 --> Session: Class initialized using 'CodeIgniter\Session\Handlers\FileHandler' driver.
WARNING - 2023-08-12 07:56:49 --> Session: Sessions is enabled, and one exists. Please don't $session->start();
WARNING - 2023-08-12 14:56:49 --> Session: Sessions is enabled, and one exists. Please don't $session->start();
WARNING - 2023-08-12 14:56:49 --> [DEPRECATED] number_format(): Passing null to parameter #1 ($num) of type float is deprecated in APPPATH\Views\dashboard\index.php on line 27.
 1 APPPATH\Views\dashboard\index.php(27): number_format(null, 0, ',', '.')
 2 SYSTEMPATH\View\View.php(224): include('D:\\data\\ci4\\koperasi\\app\\Views\\dashboard\\index.php')
 3 SYSTEMPATH\View\View.php(227): CodeIgniter\View\View->CodeIgniter\View\{closure}()
 4 SYSTEMPATH\Common.php(1180): CodeIgniter\View\View->render('dashboard/index', [], true)
 5 APPPATH\Controllers\Dashboard.php(56): view('dashboard/index', [...])
 6 SYSTEMPATH\CodeIgniter.php(932): App\Controllers\Dashboard->index()
 7 SYSTEMPATH\CodeIgniter.php(497): CodeIgniter\CodeIgniter->runController(Object(App\Controllers\Dashboard))
 8 SYSTEMPATH\CodeIgniter.php(366): CodeIgniter\CodeIgniter->handleRequest(null, Object(Config\Cache), false)
 9 FCPATH\index.php(67): CodeIgniter\CodeIgniter->run()
10 SYSTEMPATH\Commands\Server\rewrite.php(47): require_once('D:\\data\\ci4\\koperasi\\public\\index.php')
WARNING - 2023-08-12 14:56:49 --> [DEPRECATED] number_format(): Passing null to parameter #1 ($num) of type float is deprecated in APPPATH\Views\dashboard\index.php on line 65.
 1 APPPATH\Views\dashboard\index.php(65): number_format(null, 0, ',', '.')
 2 SYSTEMPATH\View\View.php(224): include('D:\\data\\ci4\\koperasi\\app\\Views\\dashboard\\index.php')
 3 SYSTEMPATH\View\View.php(227): CodeIgniter\View\View->CodeIgniter\View\{closure}()
 4 SYSTEMPATH\Common.php(1180): CodeIgniter\View\View->render('dashboard/index', [], true)
 5 APPPATH\Controllers\Dashboard.php(56): view('dashboard/index', [...])
 6 SYSTEMPATH\CodeIgniter.php(932): App\Controllers\Dashboard->index()
 7 SYSTEMPATH\CodeIgniter.php(497): CodeIgniter\CodeIgniter->runController(Object(App\Controllers\Dashboard))
 8 SYSTEMPATH\CodeIgniter.php(366): CodeIgniter\CodeIgniter->handleRequest(null, Object(Config\Cache), false)
 9 FCPATH\index.php(67): CodeIgniter\CodeIgniter->run()
10 SYSTEMPATH\Commands\Server\rewrite.php(47): require_once('D:\\data\\ci4\\koperasi\\public\\index.php')
WARNING - 2023-08-12 14:56:49 --> [DEPRECATED] number_format(): Passing null to parameter #1 ($num) of type float is deprecated in APPPATH\Views\dashboard\index.php on line 103.
 1 APPPATH\Views\dashboard\index.php(103): number_format(null, 0, ',', '.')
 2 SYSTEMPATH\View\View.php(224): include('D:\\data\\ci4\\koperasi\\app\\Views\\dashboard\\index.php')
 3 SYSTEMPATH\View\View.php(227): CodeIgniter\View\View->CodeIgniter\View\{closure}()
 4 SYSTEMPATH\Common.php(1180): CodeIgniter\View\View->render('dashboard/index', [], true)
 5 APPPATH\Controllers\Dashboard.php(56): view('dashboard/index', [...])
 6 SYSTEMPATH\CodeIgniter.php(932): App\Controllers\Dashboard->index()
 7 SYSTEMPATH\CodeIgniter.php(497): CodeIgniter\CodeIgniter->runController(Object(App\Controllers\Dashboard))
 8 SYSTEMPATH\CodeIgniter.php(366): CodeIgniter\CodeIgniter->handleRequest(null, Object(Config\Cache), false)
 9 FCPATH\index.php(67): CodeIgniter\CodeIgniter->run()
10 SYSTEMPATH\Commands\Server\rewrite.php(47): require_once('D:\\data\\ci4\\koperasi\\public\\index.php')
INFO - 2023-08-12 07:56:53 --> Session: Class initialized using 'CodeIgniter\Session\Handlers\FileHandler' driver.
WARNING - 2023-08-12 07:56:53 --> Session: Sessions is enabled, and one exists. Please don't $session->start();
WARNING - 2023-08-12 14:56:53 --> Session: Sessions is enabled, and one exists. Please don't $session->start();
INFO - 2023-08-12 07:56:55 --> Session: Class initialized using 'CodeIgniter\Session\Handlers\FileHandler' driver.
WARNING - 2023-08-12 07:56:55 --> Session: Sessions is enabled, and one exists. Please don't $session->start();
WARNING - 2023-08-12 14:56:55 --> Session: Sessions is enabled, and one exists. Please don't $session->start();
ERROR - 2023-08-12 14:56:55 --> mysqli_sql_exception: Unknown column 'rm.jenis' in 'where clause' in D:\data\ci4\koperasi\vendor\codeigniter4\framework\system\Database\MySQLi\Connection.php:295
Stack trace:
#0 D:\data\ci4\koperasi\vendor\codeigniter4\framework\system\Database\MySQLi\Connection.php(295): mysqli->query('SELECT u.full_n...', 0)
#1 D:\data\ci4\koperasi\vendor\codeigniter4\framework\system\Database\BaseConnection.php(692): CodeIgniter\Database\MySQLi\Connection->execute('SELECT u.full_n...')
#2 D:\data\ci4\koperasi\vendor\codeigniter4\framework\system\Database\BaseConnection.php(606): CodeIgniter\Database\BaseConnection->simpleQuery('SELECT u.full_n...')
#3 D:\data\ci4\koperasi\app\Controllers\Simpanan.php(384): CodeIgniter\Database\BaseConnection->query('SELECT u.full_n...')
#4 D:\data\ci4\koperasi\vendor\codeigniter4\framework\system\CodeIgniter.php(932): App\Controllers\Simpanan->verifikasi_manasuka()
#5 D:\data\ci4\koperasi\vendor\codeigniter4\framework\system\CodeIgniter.php(497): CodeIgniter\CodeIgniter->runController(Object(App\Controllers\Simpanan))
#6 D:\data\ci4\koperasi\vendor\codeigniter4\framework\system\CodeIgniter.php(366): CodeIgniter\CodeIgniter->handleRequest(NULL, Object(Config\Cache), false)
#7 D:\data\ci4\koperasi\public\index.php(67): CodeIgniter\CodeIgniter->run()
#8 D:\data\ci4\koperasi\vendor\codeigniter4\framework\system\Commands\Server\rewrite.php(47): require_once('D:\\data\\ci4\\kop...')
#9 {main}
CRITICAL - 2023-08-12 14:56:55 --> Unknown column 'rm.jenis' in 'where clause'
in SYSTEMPATH\Database\MySQLi\Connection.php on line 295.
 1 SYSTEMPATH\Database\MySQLi\Connection.php(295): mysqli->query('SELECT u.full_name, rm.* FROM simpanan_manasuka rm left join users u on rm.id_user=u.id_user where rm.jenis = "Keluar" order by rm.status DESC', 0)
 2 SYSTEMPATH\Database\BaseConnection.php(692): CodeIgniter\Database\MySQLi\Connection->execute('SELECT u.full_name, rm.* FROM simpanan_manasuka rm left join users u on rm.id_user=u.id_user where rm.jenis = "Keluar" order by rm.status DESC')
 3 SYSTEMPATH\Database\BaseConnection.php(606): CodeIgniter\Database\BaseConnection->simpleQuery('SELECT u.full_name, rm.* FROM simpanan_manasuka rm left join users u on rm.id_user=u.id_user where rm.jenis = "Keluar" order by rm.status DESC')
 4 APPPATH\Controllers\Simpanan.php(384): CodeIgniter\Database\BaseConnection->query('SELECT u.full_name, rm.* FROM simpanan_manasuka rm left join users u on rm.id_user=u.id_user where rm.jenis = "Keluar" order by rm.status DESC')
 5 SYSTEMPATH\CodeIgniter.php(932): App\Controllers\Simpanan->verifikasi_manasuka()
 6 SYSTEMPATH\CodeIgniter.php(497): CodeIgniter\CodeIgniter->runController(Object(App\Controllers\Simpanan))
 7 SYSTEMPATH\CodeIgniter.php(366): CodeIgniter\CodeIgniter->handleRequest(null, Object(Config\Cache), false)
 8 FCPATH\index.php(67): CodeIgniter\CodeIgniter->run()
 9 SYSTEMPATH\Commands\Server\rewrite.php(47): require_once('D:\\data\\ci4\\koperasi\\public\\index.php')
INFO - 2023-08-12 08:01:05 --> Session: Class initialized using 'CodeIgniter\Session\Handlers\FileHandler' driver.
WARNING - 2023-08-12 08:01:05 --> Session: Sessions is enabled, and one exists. Please don't $session->start();
WARNING - 2023-08-12 15:01:05 --> Session: Sessions is enabled, and one exists. Please don't $session->start();
INFO - 2023-08-12 08:01:15 --> Session: Class initialized using 'CodeIgniter\Session\Handlers\FileHandler' driver.
WARNING - 2023-08-12 08:01:15 --> Session: Sessions is enabled, and one exists. Please don't $session->start();
WARNING - 2023-08-12 15:01:15 --> Session: Sessions is enabled, and one exists. Please don't $session->start();
INFO - 2023-08-12 08:01:17 --> Session: Class initialized using 'CodeIgniter\Session\Handlers\FileHandler' driver.
WARNING - 2023-08-12 08:01:17 --> Session: Sessions is enabled, and one exists. Please don't $session->start();
WARNING - 2023-08-12 15:01:17 --> Session: Sessions is enabled, and one exists. Please don't $session->start();
INFO - 2023-08-12 08:01:18 --> Session: Class initialized using 'CodeIgniter\Session\Handlers\FileHandler' driver.
WARNING - 2023-08-12 08:01:18 --> Session: Sessions is enabled, and one exists. Please don't $session->start();
WARNING - 2023-08-12 15:01:18 --> Session: Sessions is enabled, and one exists. Please don't $session->start();
INFO - 2023-08-12 08:01:22 --> Session: Class initialized using 'CodeIgniter\Session\Handlers\FileHandler' driver.
WARNING - 2023-08-12 08:01:22 --> Session: Sessions is enabled, and one exists. Please don't $session->start();
WARNING - 2023-08-12 15:01:22 --> Session: Sessions is enabled, and one exists. Please don't $session->start();
INFO - 2023-08-12 08:01:27 --> Session: Class initialized using 'CodeIgniter\Session\Handlers\FileHandler' driver.
WARNING - 2023-08-12 08:01:27 --> Session: Sessions is enabled, and one exists. Please don't $session->start();
WARNING - 2023-08-12 15:01:27 --> Session: Sessions is enabled, and one exists. Please don't $session->start();
INFO - 2023-08-12 08:01:56 --> Session: Class initialized using 'CodeIgniter\Session\Handlers\FileHandler' driver.
WARNING - 2023-08-12 08:01:56 --> Session: Sessions is enabled, and one exists. Please don't $session->start();
WARNING - 2023-08-12 15:01:56 --> Session: Sessions is enabled, and one exists. Please don't $session->start();
INFO - 2023-08-12 08:04:21 --> Session: Class initialized using 'CodeIgniter\Session\Handlers\FileHandler' driver.
WARNING - 2023-08-12 08:04:21 --> Session: Sessions is enabled, and one exists. Please don't $session->start();
WARNING - 2023-08-12 15:04:21 --> Session: Sessions is enabled, and one exists. Please don't $session->start();
ERROR - 2023-08-12 15:04:21 --> mysqli_sql_exception: You have an error in your SQL syntax; check the manual that corresponds to your MariaDB server version for the right syntax to use near '' at line 1 in D:\data\ci4\koperasi\vendor\codeigniter4\framework\system\Database\MySQLi\Connection.php:295
Stack trace:
#0 D:\data\ci4\koperasi\vendor\codeigniter4\framework\system\Database\MySQLi\Connection.php(295): mysqli->query('SELECT * FROM u...', 0)
#1 D:\data\ci4\koperasi\vendor\codeigniter4\framework\system\Database\BaseConnection.php(692): CodeIgniter\Database\MySQLi\Connection->execute('SELECT * FROM u...')
#2 D:\data\ci4\koperasi\vendor\codeigniter4\framework\system\Database\BaseConnection.php(606): CodeIgniter\Database\BaseConnection->simpleQuery('SELECT * FROM u...')
#3 D:\data\ci4\koperasi\app\Config\MyConfig.php(18): CodeIgniter\Database\BaseConnection->query('SELECT * FROM u...')
#4 D:\data\ci4\koperasi\app\Controllers\Simpanan.php(19): Config\MyConfig->__construct()
#5 D:\data\ci4\koperasi\vendor\codeigniter4\framework\system\CodeIgniter.php(904): App\Controllers\Simpanan->__construct()
#6 D:\data\ci4\koperasi\vendor\codeigniter4\framework\system\CodeIgniter.php(488): CodeIgniter\CodeIgniter->createController()
#7 D:\data\ci4\koperasi\vendor\codeigniter4\framework\system\CodeIgniter.php(366): CodeIgniter\CodeIgniter->handleRequest(NULL, Object(Config\Cache), false)
#8 D:\data\ci4\koperasi\public\index.php(67): CodeIgniter\CodeIgniter->run()
#9 D:\data\ci4\koperasi\vendor\codeigniter4\framework\system\Commands\Server\rewrite.php(47): require_once('D:\\data\\ci4\\kop...')
#10 {main}
CRITICAL - 2023-08-12 15:04:21 --> You have an error in your SQL syntax; check the manual that corresponds to your MariaDB server version for the right syntax to use near '' at line 1
in SYSTEMPATH\Database\MySQLi\Connection.php on line 295.
 1 SYSTEMPATH\Database\MySQLi\Connection.php(295): mysqli->query('SELECT * FROM users where id_user =  ', 0)
 2 SYSTEMPATH\Database\BaseConnection.php(692): CodeIgniter\Database\MySQLi\Connection->execute('SELECT * FROM users where id_user =  ')
 3 SYSTEMPATH\Database\BaseConnection.php(606): CodeIgniter\Database\BaseConnection->simpleQuery('SELECT * FROM users where id_user =  ')
 4 APPPATH\Config\MyConfig.php(18): CodeIgniter\Database\BaseConnection->query('SELECT * FROM users where id_user =  ')
 5 APPPATH\Controllers\Simpanan.php(19): Config\MyConfig->__construct()
 6 SYSTEMPATH\CodeIgniter.php(904): App\Controllers\Simpanan->__construct()
 7 SYSTEMPATH\CodeIgniter.php(488): CodeIgniter\CodeIgniter->createController()
 8 SYSTEMPATH\CodeIgniter.php(366): CodeIgniter\CodeIgniter->handleRequest(null, Object(Config\Cache), false)
 9 FCPATH\index.php(67): CodeIgniter\CodeIgniter->run()
10 SYSTEMPATH\Commands\Server\rewrite.php(47): require_once('D:\\data\\ci4\\koperasi\\public\\index.php')
INFO - 2023-08-12 08:04:24 --> Session: Class initialized using 'CodeIgniter\Session\Handlers\FileHandler' driver.
WARNING - 2023-08-12 08:04:24 --> Session: Sessions is enabled, and one exists. Please don't $session->start();
WARNING - 2023-08-12 15:04:24 --> Session: Sessions is enabled, and one exists. Please don't $session->start();
ERROR - 2023-08-12 15:04:24 --> mysqli_sql_exception: You have an error in your SQL syntax; check the manual that corresponds to your MariaDB server version for the right syntax to use near '' at line 1 in D:\data\ci4\koperasi\vendor\codeigniter4\framework\system\Database\MySQLi\Connection.php:295
Stack trace:
#0 D:\data\ci4\koperasi\vendor\codeigniter4\framework\system\Database\MySQLi\Connection.php(295): mysqli->query('SELECT * FROM u...', 0)
#1 D:\data\ci4\koperasi\vendor\codeigniter4\framework\system\Database\BaseConnection.php(692): CodeIgniter\Database\MySQLi\Connection->execute('SELECT * FROM u...')
#2 D:\data\ci4\koperasi\vendor\codeigniter4\framework\system\Database\BaseConnection.php(606): CodeIgniter\Database\BaseConnection->simpleQuery('SELECT * FROM u...')
#3 D:\data\ci4\koperasi\app\Config\MyConfig.php(18): CodeIgniter\Database\BaseConnection->query('SELECT * FROM u...')
#4 D:\data\ci4\koperasi\app\Controllers\Simpanan.php(19): Config\MyConfig->__construct()
#5 D:\data\ci4\koperasi\vendor\codeigniter4\framework\system\CodeIgniter.php(904): App\Controllers\Simpanan->__construct()
#6 D:\data\ci4\koperasi\vendor\codeigniter4\framework\system\CodeIgniter.php(488): CodeIgniter\CodeIgniter->createController()
#7 D:\data\ci4\koperasi\vendor\codeigniter4\framework\system\CodeIgniter.php(366): CodeIgniter\CodeIgniter->handleRequest(NULL, Object(Config\Cache), false)
#8 D:\data\ci4\koperasi\public\index.php(67): CodeIgniter\CodeIgniter->run()
#9 D:\data\ci4\koperasi\vendor\codeigniter4\framework\system\Commands\Server\rewrite.php(47): require_once('D:\\data\\ci4\\kop...')
#10 {main}
CRITICAL - 2023-08-12 15:04:24 --> You have an error in your SQL syntax; check the manual that corresponds to your MariaDB server version for the right syntax to use near '' at line 1
in SYSTEMPATH\Database\MySQLi\Connection.php on line 295.
 1 SYSTEMPATH\Database\MySQLi\Connection.php(295): mysqli->query('SELECT * FROM users where id_user =  ', 0)
 2 SYSTEMPATH\Database\BaseConnection.php(692): CodeIgniter\Database\MySQLi\Connection->execute('SELECT * FROM users where id_user =  ')
 3 SYSTEMPATH\Database\BaseConnection.php(606): CodeIgniter\Database\BaseConnection->simpleQuery('SELECT * FROM users where id_user =  ')
 4 APPPATH\Config\MyConfig.php(18): CodeIgniter\Database\BaseConnection->query('SELECT * FROM users where id_user =  ')
 5 APPPATH\Controllers\Simpanan.php(19): Config\MyConfig->__construct()
 6 SYSTEMPATH\CodeIgniter.php(904): App\Controllers\Simpanan->__construct()
 7 SYSTEMPATH\CodeIgniter.php(488): CodeIgniter\CodeIgniter->createController()
 8 SYSTEMPATH\CodeIgniter.php(366): CodeIgniter\CodeIgniter->handleRequest(null, Object(Config\Cache), false)
 9 FCPATH\index.php(67): CodeIgniter\CodeIgniter->run()
10 SYSTEMPATH\Commands\Server\rewrite.php(47): require_once('D:\\data\\ci4\\koperasi\\public\\index.php')
INFO - 2023-08-12 08:04:26 --> Session: Class initialized using 'CodeIgniter\Session\Handlers\FileHandler' driver.
WARNING - 2023-08-12 08:04:26 --> Session: Sessions is enabled, and one exists. Please don't $session->start();
INFO - 2023-08-12 08:04:34 --> Session: Class initialized using 'CodeIgniter\Session\Handlers\FileHandler' driver.
WARNING - 2023-08-12 08:04:34 --> Session: Sessions is enabled, and one exists. Please don't $session->start();
INFO - 2023-08-12 08:04:34 --> Session: Class initialized using 'CodeIgniter\Session\Handlers\FileHandler' driver.
WARNING - 2023-08-12 08:04:34 --> Session: Sessions is enabled, and one exists. Please don't $session->start();
INFO - 2023-08-12 08:04:40 --> Session: Class initialized using 'CodeIgniter\Session\Handlers\FileHandler' driver.
WARNING - 2023-08-12 08:04:40 --> Session: Sessions is enabled, and one exists. Please don't $session->start();
INFO - 2023-08-12 08:04:40 --> Session: Class initialized using 'CodeIgniter\Session\Handlers\FileHandler' driver.
WARNING - 2023-08-12 08:04:40 --> Session: Sessions is enabled, and one exists. Please don't $session->start();
INFO - 2023-08-12 08:05:20 --> Session: Class initialized using 'CodeIgniter\Session\Handlers\FileHandler' driver.
WARNING - 2023-08-12 08:05:20 --> Session: Sessions is enabled, and one exists. Please don't $session->start();
INFO - 2023-08-12 08:05:20 --> Session: Class initialized using 'CodeIgniter\Session\Handlers\FileHandler' driver.
WARNING - 2023-08-12 08:05:20 --> Session: Sessions is enabled, and one exists. Please don't $session->start();
WARNING - 2023-08-12 15:05:20 --> Session: Sessions is enabled, and one exists. Please don't $session->start();
INFO - 2023-08-12 08:05:23 --> Session: Class initialized using 'CodeIgniter\Session\Handlers\FileHandler' driver.
WARNING - 2023-08-12 08:05:23 --> Session: Sessions is enabled, and one exists. Please don't $session->start();
WARNING - 2023-08-12 15:05:23 --> Session: Sessions is enabled, and one exists. Please don't $session->start();
INFO - 2023-08-12 08:05:47 --> Session: Class initialized using 'CodeIgniter\Session\Handlers\FileHandler' driver.
WARNING - 2023-08-12 08:05:47 --> Session: Sessions is enabled, and one exists. Please don't $session->start();
WARNING - 2023-08-12 15:05:47 --> Session: Sessions is enabled, and one exists. Please don't $session->start();
INFO - 2023-08-12 08:05:47 --> Session: Class initialized using 'CodeIgniter\Session\Handlers\FileHandler' driver.
WARNING - 2023-08-12 08:05:47 --> Session: Sessions is enabled, and one exists. Please don't $session->start();
WARNING - 2023-08-12 15:05:47 --> Session: Sessions is enabled, and one exists. Please don't $session->start();
INFO - 2023-08-12 08:05:52 --> Session: Class initialized using 'CodeIgniter\Session\Handlers\FileHandler' driver.
WARNING - 2023-08-12 08:05:52 --> Session: Sessions is enabled, and one exists. Please don't $session->start();
WARNING - 2023-08-12 15:05:52 --> Session: Sessions is enabled, and one exists. Please don't $session->start();
INFO - 2023-08-12 08:06:00 --> Session: Class initialized using 'CodeIgniter\Session\Handlers\FileHandler' driver.
WARNING - 2023-08-12 08:06:00 --> Session: Sessions is enabled, and one exists. Please don't $session->start();
WARNING - 2023-08-12 15:06:00 --> Session: Sessions is enabled, and one exists. Please don't $session->start();
INFO - 2023-08-12 08:06:00 --> Session: Class initialized using 'CodeIgniter\Session\Handlers\FileHandler' driver.
WARNING - 2023-08-12 08:06:00 --> Session: Sessions is enabled, and one exists. Please don't $session->start();
WARNING - 2023-08-12 15:06:00 --> Session: Sessions is enabled, and one exists. Please don't $session->start();
INFO - 2023-08-12 08:13:54 --> Session: Class initialized using 'CodeIgniter\Session\Handlers\FileHandler' driver.
WARNING - 2023-08-12 08:13:54 --> Session: Sessions is enabled, and one exists. Please don't $session->start();
WARNING - 2023-08-12 15:13:54 --> Session: Sessions is enabled, and one exists. Please don't $session->start();
INFO - 2023-08-12 08:14:25 --> Session: Class initialized using 'CodeIgniter\Session\Handlers\FileHandler' driver.
WARNING - 2023-08-12 08:14:25 --> Session: Sessions is enabled, and one exists. Please don't $session->start();
WARNING - 2023-08-12 15:14:25 --> Session: Sessions is enabled, and one exists. Please don't $session->start();
CRITICAL - 2023-08-12 15:14:25 --> Call to undefined method CodeIgniter\HTTP\IncomingRequest::get()
in APPPATH\Controllers\Simpanan.php on line 402.
 1 SYSTEMPATH\CodeIgniter.php(932): App\Controllers\Simpanan->upload_image('36')
 2 SYSTEMPATH\CodeIgniter.php(497): CodeIgniter\CodeIgniter->runController(Object(App\Controllers\Simpanan))
 3 SYSTEMPATH\CodeIgniter.php(366): CodeIgniter\CodeIgniter->handleRequest(null, Object(Config\Cache), false)
 4 FCPATH\index.php(67): CodeIgniter\CodeIgniter->run()
 5 SYSTEMPATH\Commands\Server\rewrite.php(47): require_once('D:\\data\\ci4\\koperasi\\public\\index.php')
INFO - 2023-08-12 08:14:52 --> Session: Class initialized using 'CodeIgniter\Session\Handlers\FileHandler' driver.
WARNING - 2023-08-12 08:14:52 --> Session: Sessions is enabled, and one exists. Please don't $session->start();
WARNING - 2023-08-12 15:14:52 --> Session: Sessions is enabled, and one exists. Please don't $session->start();
INFO - 2023-08-12 08:15:16 --> Session: Class initialized using 'CodeIgniter\Session\Handlers\FileHandler' driver.
WARNING - 2023-08-12 08:15:16 --> Session: Sessions is enabled, and one exists. Please don't $session->start();
WARNING - 2023-08-12 15:15:16 --> Session: Sessions is enabled, and one exists. Please don't $session->start();
INFO - 2023-08-12 08:15:16 --> Session: Class initialized using 'CodeIgniter\Session\Handlers\FileHandler' driver.
WARNING - 2023-08-12 08:15:16 --> Session: Sessions is enabled, and one exists. Please don't $session->start();
WARNING - 2023-08-12 15:15:16 --> Session: Sessions is enabled, and one exists. Please don't $session->start();
INFO - 2023-08-12 08:19:22 --> Session: Class initialized using 'CodeIgniter\Session\Handlers\FileHandler' driver.
WARNING - 2023-08-12 08:19:22 --> Session: Sessions is enabled, and one exists. Please don't $session->start();
WARNING - 2023-08-12 15:19:22 --> Session: Sessions is enabled, and one exists. Please don't $session->start();
INFO - 2023-08-12 08:19:35 --> Session: Class initialized using 'CodeIgniter\Session\Handlers\FileHandler' driver.
WARNING - 2023-08-12 08:19:35 --> Session: Sessions is enabled, and one exists. Please don't $session->start();
WARNING - 2023-08-12 15:19:35 --> Session: Sessions is enabled, and one exists. Please don't $session->start();
INFO - 2023-08-12 08:19:35 --> Session: Class initialized using 'CodeIgniter\Session\Handlers\FileHandler' driver.
WARNING - 2023-08-12 08:19:35 --> Session: Sessions is enabled, and one exists. Please don't $session->start();
WARNING - 2023-08-12 15:19:35 --> Session: Sessions is enabled, and one exists. Please don't $session->start();
INFO - 2023-08-12 08:19:41 --> Session: Class initialized using 'CodeIgniter\Session\Handlers\FileHandler' driver.
WARNING - 2023-08-12 08:19:41 --> Session: Sessions is enabled, and one exists. Please don't $session->start();
WARNING - 2023-08-12 15:19:41 --> Session: Sessions is enabled, and one exists. Please don't $session->start();
INFO - 2023-08-12 08:20:36 --> Session: Class initialized using 'CodeIgniter\Session\Handlers\FileHandler' driver.
WARNING - 2023-08-12 08:20:36 --> Session: Sessions is enabled, and one exists. Please don't $session->start();
WARNING - 2023-08-12 15:20:36 --> Session: Sessions is enabled, and one exists. Please don't $session->start();
INFO - 2023-08-12 08:20:38 --> Session: Class initialized using 'CodeIgniter\Session\Handlers\FileHandler' driver.
WARNING - 2023-08-12 08:20:38 --> Session: Sessions is enabled, and one exists. Please don't $session->start();
WARNING - 2023-08-12 15:20:38 --> Session: Sessions is enabled, and one exists. Please don't $session->start();
INFO - 2023-08-12 08:20:38 --> Session: Class initialized using 'CodeIgniter\Session\Handlers\FileHandler' driver.
WARNING - 2023-08-12 08:20:38 --> Session: Sessions is enabled, and one exists. Please don't $session->start();
WARNING - 2023-08-12 15:20:38 --> Session: Sessions is enabled, and one exists. Please don't $session->start();
INFO - 2023-08-12 08:20:46 --> Session: Class initialized using 'CodeIgniter\Session\Handlers\FileHandler' driver.
WARNING - 2023-08-12 08:20:46 --> Session: Sessions is enabled, and one exists. Please don't $session->start();
WARNING - 2023-08-12 15:20:46 --> Session: Sessions is enabled, and one exists. Please don't $session->start();
INFO - 2023-08-12 08:20:47 --> Session: Class initialized using 'CodeIgniter\Session\Handlers\FileHandler' driver.
WARNING - 2023-08-12 08:20:47 --> Session: Sessions is enabled, and one exists. Please don't $session->start();
WARNING - 2023-08-12 15:20:47 --> Session: Sessions is enabled, and one exists. Please don't $session->start();
INFO - 2023-08-12 08:21:16 --> Session: Class initialized using 'CodeIgniter\Session\Handlers\FileHandler' driver.
WARNING - 2023-08-12 08:21:16 --> Session: Sessions is enabled, and one exists. Please don't $session->start();
WARNING - 2023-08-12 15:21:16 --> Session: Sessions is enabled, and one exists. Please don't $session->start();
INFO - 2023-08-12 08:21:47 --> Session: Class initialized using 'CodeIgniter\Session\Handlers\FileHandler' driver.
WARNING - 2023-08-12 08:21:47 --> Session: Sessions is enabled, and one exists. Please don't $session->start();
WARNING - 2023-08-12 15:21:47 --> Session: Sessions is enabled, and one exists. Please don't $session->start();
INFO - 2023-08-12 08:22:45 --> Session: Class initialized using 'CodeIgniter\Session\Handlers\FileHandler' driver.
WARNING - 2023-08-12 08:22:45 --> Session: Sessions is enabled, and one exists. Please don't $session->start();
WARNING - 2023-08-12 15:22:45 --> Session: Sessions is enabled, and one exists. Please don't $session->start();
INFO - 2023-08-12 08:22:52 --> Session: Class initialized using 'CodeIgniter\Session\Handlers\FileHandler' driver.
WARNING - 2023-08-12 08:22:52 --> Session: Sessions is enabled, and one exists. Please don't $session->start();
WARNING - 2023-08-12 15:22:52 --> Session: Sessions is enabled, and one exists. Please don't $session->start();
INFO - 2023-08-12 08:23:21 --> Session: Class initialized using 'CodeIgniter\Session\Handlers\FileHandler' driver.
WARNING - 2023-08-12 08:23:21 --> Session: Sessions is enabled, and one exists. Please don't $session->start();
WARNING - 2023-08-12 15:23:21 --> Session: Sessions is enabled, and one exists. Please don't $session->start();
INFO - 2023-08-12 08:23:33 --> Session: Class initialized using 'CodeIgniter\Session\Handlers\FileHandler' driver.
WARNING - 2023-08-12 08:23:33 --> Session: Sessions is enabled, and one exists. Please don't $session->start();
WARNING - 2023-08-12 15:23:33 --> Session: Sessions is enabled, and one exists. Please don't $session->start();
INFO - 2023-08-12 08:23:41 --> Session: Class initialized using 'CodeIgniter\Session\Handlers\FileHandler' driver.
WARNING - 2023-08-12 08:23:41 --> Session: Sessions is enabled, and one exists. Please don't $session->start();
WARNING - 2023-08-12 15:23:41 --> Session: Sessions is enabled, and one exists. Please don't $session->start();
INFO - 2023-08-12 08:23:49 --> Session: Class initialized using 'CodeIgniter\Session\Handlers\FileHandler' driver.
WARNING - 2023-08-12 08:23:49 --> Session: Sessions is enabled, and one exists. Please don't $session->start();
WARNING - 2023-08-12 15:23:49 --> Session: Sessions is enabled, and one exists. Please don't $session->start();
INFO - 2023-08-12 08:23:51 --> Session: Class initialized using 'CodeIgniter\Session\Handlers\FileHandler' driver.
WARNING - 2023-08-12 08:23:51 --> Session: Sessions is enabled, and one exists. Please don't $session->start();
WARNING - 2023-08-12 15:23:51 --> Session: Sessions is enabled, and one exists. Please don't $session->start();
INFO - 2023-08-12 08:25:00 --> Session: Class initialized using 'CodeIgniter\Session\Handlers\FileHandler' driver.
WARNING - 2023-08-12 08:25:00 --> Session: Sessions is enabled, and one exists. Please don't $session->start();
WARNING - 2023-08-12 15:25:00 --> Session: Sessions is enabled, and one exists. Please don't $session->start();
INFO - 2023-08-12 08:25:10 --> Session: Class initialized using 'CodeIgniter\Session\Handlers\FileHandler' driver.
WARNING - 2023-08-12 08:25:10 --> Session: Sessions is enabled, and one exists. Please don't $session->start();
WARNING - 2023-08-12 15:25:10 --> Session: Sessions is enabled, and one exists. Please don't $session->start();
INFO - 2023-08-12 08:26:45 --> Session: Class initialized using 'CodeIgniter\Session\Handlers\FileHandler' driver.
WARNING - 2023-08-12 08:26:45 --> Session: Sessions is enabled, and one exists. Please don't $session->start();
WARNING - 2023-08-12 15:26:45 --> Session: Sessions is enabled, and one exists. Please don't $session->start();
INFO - 2023-08-12 08:26:53 --> Session: Class initialized using 'CodeIgniter\Session\Handlers\FileHandler' driver.
WARNING - 2023-08-12 08:26:53 --> Session: Sessions is enabled, and one exists. Please don't $session->start();
WARNING - 2023-08-12 15:26:53 --> Session: Sessions is enabled, and one exists. Please don't $session->start();
INFO - 2023-08-12 08:27:43 --> Session: Class initialized using 'CodeIgniter\Session\Handlers\FileHandler' driver.
WARNING - 2023-08-12 08:27:43 --> Session: Sessions is enabled, and one exists. Please don't $session->start();
WARNING - 2023-08-12 15:27:43 --> Session: Sessions is enabled, and one exists. Please don't $session->start();
INFO - 2023-08-12 08:27:54 --> Session: Class initialized using 'CodeIgniter\Session\Handlers\FileHandler' driver.
WARNING - 2023-08-12 08:27:54 --> Session: Sessions is enabled, and one exists. Please don't $session->start();
WARNING - 2023-08-12 15:27:54 --> Session: Sessions is enabled, and one exists. Please don't $session->start();
INFO - 2023-08-12 08:28:23 --> Session: Class initialized using 'CodeIgniter\Session\Handlers\FileHandler' driver.
WARNING - 2023-08-12 08:28:23 --> Session: Sessions is enabled, and one exists. Please don't $session->start();
WARNING - 2023-08-12 15:28:23 --> Session: Sessions is enabled, and one exists. Please don't $session->start();
INFO - 2023-08-12 08:28:28 --> Session: Class initialized using 'CodeIgniter\Session\Handlers\FileHandler' driver.
WARNING - 2023-08-12 08:28:28 --> Session: Sessions is enabled, and one exists. Please don't $session->start();
WARNING - 2023-08-12 15:28:28 --> Session: Sessions is enabled, and one exists. Please don't $session->start();
INFO - 2023-08-12 08:28:58 --> Session: Class initialized using 'CodeIgniter\Session\Handlers\FileHandler' driver.
WARNING - 2023-08-12 08:28:58 --> Session: Sessions is enabled, and one exists. Please don't $session->start();
WARNING - 2023-08-12 15:28:58 --> Session: Sessions is enabled, and one exists. Please don't $session->start();
INFO - 2023-08-12 08:29:15 --> Session: Class initialized using 'CodeIgniter\Session\Handlers\FileHandler' driver.
WARNING - 2023-08-12 08:29:15 --> Session: Sessions is enabled, and one exists. Please don't $session->start();
WARNING - 2023-08-12 15:29:15 --> Session: Sessions is enabled, and one exists. Please don't $session->start();
INFO - 2023-08-12 08:29:55 --> Session: Class initialized using 'CodeIgniter\Session\Handlers\FileHandler' driver.
WARNING - 2023-08-12 08:29:55 --> Session: Sessions is enabled, and one exists. Please don't $session->start();
WARNING - 2023-08-12 15:29:55 --> Session: Sessions is enabled, and one exists. Please don't $session->start();
INFO - 2023-08-12 08:32:05 --> Session: Class initialized using 'CodeIgniter\Session\Handlers\FileHandler' driver.
WARNING - 2023-08-12 08:32:05 --> Session: Sessions is enabled, and one exists. Please don't $session->start();
WARNING - 2023-08-12 15:32:05 --> Session: Sessions is enabled, and one exists. Please don't $session->start();
INFO - 2023-08-12 08:33:11 --> Session: Class initialized using 'CodeIgniter\Session\Handlers\FileHandler' driver.
WARNING - 2023-08-12 08:33:11 --> Session: Sessions is enabled, and one exists. Please don't $session->start();
WARNING - 2023-08-12 15:33:11 --> Session: Sessions is enabled, and one exists. Please don't $session->start();
INFO - 2023-08-12 08:33:20 --> Session: Class initialized using 'CodeIgniter\Session\Handlers\FileHandler' driver.
WARNING - 2023-08-12 08:33:20 --> Session: Sessions is enabled, and one exists. Please don't $session->start();
WARNING - 2023-08-12 15:33:20 --> Session: Sessions is enabled, and one exists. Please don't $session->start();
INFO - 2023-08-12 08:37:25 --> Session: Class initialized using 'CodeIgniter\Session\Handlers\FileHandler' driver.
WARNING - 2023-08-12 08:37:25 --> Session: Sessions is enabled, and one exists. Please don't $session->start();
WARNING - 2023-08-12 15:37:25 --> Session: Sessions is enabled, and one exists. Please don't $session->start();
INFO - 2023-08-12 08:37:50 --> Session: Class initialized using 'CodeIgniter\Session\Handlers\FileHandler' driver.
WARNING - 2023-08-12 08:37:50 --> Session: Sessions is enabled, and one exists. Please don't $session->start();
WARNING - 2023-08-12 15:37:50 --> Session: Sessions is enabled, and one exists. Please don't $session->start();
INFO - 2023-08-12 08:37:57 --> Session: Class initialized using 'CodeIgniter\Session\Handlers\FileHandler' driver.
WARNING - 2023-08-12 08:37:57 --> Session: Sessions is enabled, and one exists. Please don't $session->start();
WARNING - 2023-08-12 15:37:57 --> Session: Sessions is enabled, and one exists. Please don't $session->start();
INFO - 2023-08-12 08:38:33 --> Session: Class initialized using 'CodeIgniter\Session\Handlers\FileHandler' driver.
WARNING - 2023-08-12 08:38:33 --> Session: Sessions is enabled, and one exists. Please don't $session->start();
WARNING - 2023-08-12 15:38:33 --> Session: Sessions is enabled, and one exists. Please don't $session->start();
INFO - 2023-08-12 08:39:13 --> Session: Class initialized using 'CodeIgniter\Session\Handlers\FileHandler' driver.
WARNING - 2023-08-12 08:39:13 --> Session: Sessions is enabled, and one exists. Please don't $session->start();
WARNING - 2023-08-12 15:39:13 --> Session: Sessions is enabled, and one exists. Please don't $session->start();
INFO - 2023-08-12 08:39:52 --> Session: Class initialized using 'CodeIgniter\Session\Handlers\FileHandler' driver.
WARNING - 2023-08-12 08:39:52 --> Session: Sessions is enabled, and one exists. Please don't $session->start();
INFO - 2023-08-12 08:39:52 --> Session: Class initialized using 'CodeIgniter\Session\Handlers\FileHandler' driver.
WARNING - 2023-08-12 08:39:52 --> Session: Sessions is enabled, and one exists. Please don't $session->start();
INFO - 2023-08-12 08:40:03 --> Session: Class initialized using 'CodeIgniter\Session\Handlers\FileHandler' driver.
WARNING - 2023-08-12 08:40:03 --> Session: Sessions is enabled, and one exists. Please don't $session->start();
WARNING - 2023-08-12 15:40:03 --> Session: Sessions is enabled, and one exists. Please don't $session->start();
INFO - 2023-08-12 08:40:04 --> Session: Class initialized using 'CodeIgniter\Session\Handlers\FileHandler' driver.
WARNING - 2023-08-12 08:40:04 --> Session: Sessions is enabled, and one exists. Please don't $session->start();
WARNING - 2023-08-12 15:40:04 --> Session: Sessions is enabled, and one exists. Please don't $session->start();
INFO - 2023-08-12 08:40:06 --> Session: Class initialized using 'CodeIgniter\Session\Handlers\FileHandler' driver.
WARNING - 2023-08-12 08:40:06 --> Session: Sessions is enabled, and one exists. Please don't $session->start();
WARNING - 2023-08-12 15:40:06 --> Session: Sessions is enabled, and one exists. Please don't $session->start();
INFO - 2023-08-12 08:41:03 --> Session: Class initialized using 'CodeIgniter\Session\Handlers\FileHandler' driver.
WARNING - 2023-08-12 08:41:03 --> Session: Sessions is enabled, and one exists. Please don't $session->start();
INFO - 2023-08-12 08:41:03 --> Session: Class initialized using 'CodeIgniter\Session\Handlers\FileHandler' driver.
WARNING - 2023-08-12 08:41:03 --> Session: Sessions is enabled, and one exists. Please don't $session->start();
WARNING - 2023-08-12 15:41:03 --> Session: Sessions is enabled, and one exists. Please don't $session->start();
INFO - 2023-08-12 08:41:13 --> Session: Class initialized using 'CodeIgniter\Session\Handlers\FileHandler' driver.
WARNING - 2023-08-12 08:41:13 --> Session: Sessions is enabled, and one exists. Please don't $session->start();
WARNING - 2023-08-12 15:41:13 --> Session: Sessions is enabled, and one exists. Please don't $session->start();
INFO - 2023-08-12 08:42:34 --> Session: Class initialized using 'CodeIgniter\Session\Handlers\FileHandler' driver.
WARNING - 2023-08-12 08:42:34 --> Session: Sessions is enabled, and one exists. Please don't $session->start();
WARNING - 2023-08-12 15:42:34 --> Session: Sessions is enabled, and one exists. Please don't $session->start();
INFO - 2023-08-12 08:44:06 --> Session: Class initialized using 'CodeIgniter\Session\Handlers\FileHandler' driver.
WARNING - 2023-08-12 08:44:06 --> Session: Sessions is enabled, and one exists. Please don't $session->start();
WARNING - 2023-08-12 15:44:06 --> Session: Sessions is enabled, and one exists. Please don't $session->start();
INFO - 2023-08-12 08:44:15 --> Session: Class initialized using 'CodeIgniter\Session\Handlers\FileHandler' driver.
WARNING - 2023-08-12 08:44:15 --> Session: Sessions is enabled, and one exists. Please don't $session->start();
WARNING - 2023-08-12 15:44:15 --> Session: Sessions is enabled, and one exists. Please don't $session->start();
INFO - 2023-08-12 08:44:23 --> Session: Class initialized using 'CodeIgniter\Session\Handlers\FileHandler' driver.
WARNING - 2023-08-12 08:44:23 --> Session: Sessions is enabled, and one exists. Please don't $session->start();
WARNING - 2023-08-12 15:44:23 --> Session: Sessions is enabled, and one exists. Please don't $session->start();
INFO - 2023-08-12 08:44:36 --> Session: Class initialized using 'CodeIgniter\Session\Handlers\FileHandler' driver.
WARNING - 2023-08-12 08:44:36 --> Session: Sessions is enabled, and one exists. Please don't $session->start();
WARNING - 2023-08-12 15:44:36 --> Session: Sessions is enabled, and one exists. Please don't $session->start();
INFO - 2023-08-12 08:44:50 --> Session: Class initialized using 'CodeIgniter\Session\Handlers\FileHandler' driver.
WARNING - 2023-08-12 08:44:50 --> Session: Sessions is enabled, and one exists. Please don't $session->start();
WARNING - 2023-08-12 15:44:50 --> Session: Sessions is enabled, and one exists. Please don't $session->start();
INFO - 2023-08-12 08:45:06 --> Session: Class initialized using 'CodeIgniter\Session\Handlers\FileHandler' driver.
WARNING - 2023-08-12 08:45:06 --> Session: Sessions is enabled, and one exists. Please don't $session->start();
WARNING - 2023-08-12 15:45:06 --> Session: Sessions is enabled, and one exists. Please don't $session->start();
INFO - 2023-08-12 08:47:15 --> Session: Class initialized using 'CodeIgniter\Session\Handlers\FileHandler' driver.
WARNING - 2023-08-12 15:47:15 --> Session: Sessions is enabled, and one exists. Please don't $session->start();
INFO - 2023-08-12 08:47:22 --> Session: Class initialized using 'CodeIgniter\Session\Handlers\FileHandler' driver.
WARNING - 2023-08-12 15:47:22 --> Session: Sessions is enabled, and one exists. Please don't $session->start();
