INFO - 2023-05-17 13:24:45 --> Session: Class initialized using 'CodeIgniter\Session\Handlers\FileHandler' driver.
WARNING - 2023-05-17 13:24:45 --> Session: Sessions is enabled, and one exists.Please don't $session->start();
INFO - 2023-05-17 13:24:54 --> Session: Class initialized using 'CodeIgniter\Session\Handlers\FileHandler' driver.
WARNING - 2023-05-17 13:24:54 --> Session: Sessions is enabled, and one exists.Please don't $session->start();
ERROR - 2023-05-17 20:24:54 --> Error connecting to the database: mysqli_sql_exception: Unknown database 'koperasi' in C:\xampp8\htdocs\koperasi\vendor\codeigniter4\framework\system\Database\MySQLi\Connection.php:174
Stack trace:
#0 C:\xampp8\htdocs\koperasi\vendor\codeigniter4\framework\system\Database\MySQLi\Connection.php(174): mysqli->real_connect('127.0.0.1', 'root', '', 'koperasi', 3306, '', 0)
#1 C:\xampp8\htdocs\koperasi\vendor\codeigniter4\framework\system\Database\BaseConnection.php(391): CodeIgniter\Database\MySQLi\Connection->connect(false)
#2 C:\xampp8\htdocs\koperasi\vendor\codeigniter4\framework\system\Database\BaseConnection.php(573): CodeIgniter\Database\BaseConnection->initialize()
#3 C:\xampp8\htdocs\koperasi\vendor\codeigniter4\framework\system\Database\BaseBuilder.php(1601): CodeIgniter\Database\BaseConnection->query('SELECT *\nFROM `...', Array, false)
#4 C:\xampp8\htdocs\koperasi\vendor\codeigniter4\framework\system\Model.php(267): CodeIgniter\Database\BaseBuilder->get()
#5 C:\xampp8\htdocs\koperasi\vendor\codeigniter4\framework\system\BaseModel.php(656): CodeIgniter\Model->doFirst()
#6 C:\xampp8\htdocs\koperasi\app\Models\UserModel.php(19): CodeIgniter\BaseModel->first()
#7 C:\xampp8\htdocs\koperasi\app\Controllers\Auth.php(60): App\Models\UserModel->getUser('admin')
#8 C:\xampp8\htdocs\koperasi\vendor\codeigniter4\framework\system\CodeIgniter.php(934): App\Controllers\Auth->login()
#9 C:\xampp8\htdocs\koperasi\vendor\codeigniter4\framework\system\CodeIgniter.php(499): CodeIgniter\CodeIgniter->runController(Object(App\Controllers\Auth))
#10 C:\xampp8\htdocs\koperasi\vendor\codeigniter4\framework\system\CodeIgniter.php(368): CodeIgniter\CodeIgniter->handleRequest(NULL, Object(Config\Cache), false)
#11 C:\xampp8\htdocs\koperasi\public\index.php(67): CodeIgniter\CodeIgniter->run()
#12 C:\xampp8\htdocs\koperasi\vendor\codeigniter4\framework\system\Commands\Server\rewrite.php(47): require_once('C:\\xampp8\\htdoc...')
#13 {main}

Next CodeIgniter\Database\Exceptions\DatabaseException: Unknown database 'koperasi' in C:\xampp8\htdocs\koperasi\vendor\codeigniter4\framework\system\Database\MySQLi\Connection.php:218
Stack trace:
#0 C:\xampp8\htdocs\koperasi\vendor\codeigniter4\framework\system\Database\BaseConnection.php(391): CodeIgniter\Database\MySQLi\Connection->connect(false)
#1 C:\xampp8\htdocs\koperasi\vendor\codeigniter4\framework\system\Database\BaseConnection.php(573): CodeIgniter\Database\BaseConnection->initialize()
#2 C:\xampp8\htdocs\koperasi\vendor\codeigniter4\framework\system\Database\BaseBuilder.php(1601): CodeIgniter\Database\BaseConnection->query('SELECT *\nFROM `...', Array, false)
#3 C:\xampp8\htdocs\koperasi\vendor\codeigniter4\framework\system\Model.php(267): CodeIgniter\Database\BaseBuilder->get()
#4 C:\xampp8\htdocs\koperasi\vendor\codeigniter4\framework\system\BaseModel.php(656): CodeIgniter\Model->doFirst()
#5 C:\xampp8\htdocs\koperasi\app\Models\UserModel.php(19): CodeIgniter\BaseModel->first()
#6 C:\xampp8\htdocs\koperasi\app\Controllers\Auth.php(60): App\Models\UserModel->getUser('admin')
#7 C:\xampp8\htdocs\koperasi\vendor\codeigniter4\framework\system\CodeIgniter.php(934): App\Controllers\Auth->login()
#8 C:\xampp8\htdocs\koperasi\vendor\codeigniter4\framework\system\CodeIgniter.php(499): CodeIgniter\CodeIgniter->runController(Object(App\Controllers\Auth))
#9 C:\xampp8\htdocs\koperasi\vendor\codeigniter4\framework\system\CodeIgniter.php(368): CodeIgniter\CodeIgniter->handleRequest(NULL, Object(Config\Cache), false)
#10 C:\xampp8\htdocs\koperasi\public\index.php(67): CodeIgniter\CodeIgniter->run()
#11 C:\xampp8\htdocs\koperasi\vendor\codeigniter4\framework\system\Commands\Server\rewrite.php(47): require_once('C:\\xampp8\\htdoc...')
#12 {main}
CRITICAL - 2023-05-17 20:24:54 --> Unable to connect to the database.
Main connection [MySQLi]: Unknown database 'koperasi'
in SYSTEMPATH\Database\BaseConnection.php on line 427.
 1 SYSTEMPATH\Database\BaseConnection.php(573): CodeIgniter\Database\BaseConnection->initialize()
 2 SYSTEMPATH\Database\BaseBuilder.php(1601): CodeIgniter\Database\BaseConnection->query('SELECT *
FROM `users`
WHERE `username` = :username:
 LIMIT 1', [...], false)
 3 SYSTEMPATH\Model.php(267): CodeIgniter\Database\BaseBuilder->get()
 4 SYSTEMPATH\BaseModel.php(656): CodeIgniter\Model->doFirst()
 5 APPPATH\Models\UserModel.php(19): CodeIgniter\BaseModel->first()
 6 APPPATH\Controllers\Auth.php(60): App\Models\UserModel->getUser('admin')
 7 SYSTEMPATH\CodeIgniter.php(934): App\Controllers\Auth->login()
 8 SYSTEMPATH\CodeIgniter.php(499): CodeIgniter\CodeIgniter->runController(Object(App\Controllers\Auth))
 9 SYSTEMPATH\CodeIgniter.php(368): CodeIgniter\CodeIgniter->handleRequest(null, Object(Config\Cache), false)
10 FCPATH\index.php(67): CodeIgniter\CodeIgniter->run()
11 SYSTEMPATH\Commands\Server\rewrite.php(47): require_once('FCPATH\\index.php')
INFO - 2023-05-17 13:25:35 --> Session: Class initialized using 'CodeIgniter\Session\Handlers\FileHandler' driver.
WARNING - 2023-05-17 13:25:35 --> Session: Sessions is enabled, and one exists.Please don't $session->start();
INFO - 2023-05-17 13:25:35 --> Session: Class initialized using 'CodeIgniter\Session\Handlers\FileHandler' driver.
WARNING - 2023-05-17 13:25:35 --> Session: Sessions is enabled, and one exists.Please don't $session->start();
WARNING - 2023-05-17 20:25:35 --> Session: Sessions is enabled, and one exists.Please don't $session->start();
INFO - 2023-05-17 13:25:44 --> Session: Class initialized using 'CodeIgniter\Session\Handlers\FileHandler' driver.
WARNING - 2023-05-17 20:25:44 --> Session: Sessions is enabled, and one exists.Please don't $session->start();
INFO - 2023-05-17 13:26:25 --> Session: Class initialized using 'CodeIgniter\Session\Handlers\FileHandler' driver.
WARNING - 2023-05-17 20:26:25 --> Session: Sessions is enabled, and one exists.Please don't $session->start();
INFO - 2023-05-17 13:26:29 --> Session: Class initialized using 'CodeIgniter\Session\Handlers\FileHandler' driver.
WARNING - 2023-05-17 20:26:29 --> Session: Sessions is enabled, and one exists.Please don't $session->start();
INFO - 2023-05-17 13:30:02 --> Session: Class initialized using 'CodeIgniter\Session\Handlers\FileHandler' driver.
WARNING - 2023-05-17 20:30:02 --> Session: Sessions is enabled, and one exists.Please don't $session->start();
INFO - 2023-05-17 13:30:04 --> Session: Class initialized using 'CodeIgniter\Session\Handlers\FileHandler' driver.
WARNING - 2023-05-17 20:30:04 --> Session: Sessions is enabled, and one exists.Please don't $session->start();
INFO - 2023-05-17 13:30:06 --> Session: Class initialized using 'CodeIgniter\Session\Handlers\FileHandler' driver.
WARNING - 2023-05-17 20:30:06 --> Session: Sessions is enabled, and one exists.Please don't $session->start();
INFO - 2023-05-17 13:30:07 --> Session: Class initialized using 'CodeIgniter\Session\Handlers\FileHandler' driver.
WARNING - 2023-05-17 20:30:07 --> Session: Sessions is enabled, and one exists.Please don't $session->start();
INFO - 2023-05-17 13:30:09 --> Session: Class initialized using 'CodeIgniter\Session\Handlers\FileHandler' driver.
WARNING - 2023-05-17 20:30:09 --> Session: Sessions is enabled, and one exists.Please don't $session->start();
INFO - 2023-05-17 13:30:10 --> Session: Class initialized using 'CodeIgniter\Session\Handlers\FileHandler' driver.
WARNING - 2023-05-17 20:30:10 --> Session: Sessions is enabled, and one exists.Please don't $session->start();
INFO - 2023-05-17 13:31:53 --> Session: Class initialized using 'CodeIgniter\Session\Handlers\FileHandler' driver.
WARNING - 2023-05-17 20:31:53 --> Session: Sessions is enabled, and one exists.Please don't $session->start();
INFO - 2023-05-17 13:31:55 --> Session: Class initialized using 'CodeIgniter\Session\Handlers\FileHandler' driver.
WARNING - 2023-05-17 20:31:55 --> Session: Sessions is enabled, and one exists.Please don't $session->start();
INFO - 2023-05-17 13:31:57 --> Session: Class initialized using 'CodeIgniter\Session\Handlers\FileHandler' driver.
WARNING - 2023-05-17 20:31:57 --> Session: Sessions is enabled, and one exists.Please don't $session->start();
INFO - 2023-05-17 13:31:58 --> Session: Class initialized using 'CodeIgniter\Session\Handlers\FileHandler' driver.
WARNING - 2023-05-17 20:31:58 --> Session: Sessions is enabled, and one exists.Please don't $session->start();
INFO - 2023-05-17 13:32:00 --> Session: Class initialized using 'CodeIgniter\Session\Handlers\FileHandler' driver.
WARNING - 2023-05-17 20:32:00 --> Session: Sessions is enabled, and one exists.Please don't $session->start();
INFO - 2023-05-17 13:37:31 --> Session: Class initialized using 'CodeIgniter\Session\Handlers\FileHandler' driver.
WARNING - 2023-05-17 20:37:31 --> Session: Sessions is enabled, and one exists.Please don't $session->start();
INFO - 2023-05-17 13:38:31 --> Session: Class initialized using 'CodeIgniter\Session\Handlers\FileHandler' driver.
WARNING - 2023-05-17 20:38:31 --> Session: Sessions is enabled, and one exists.Please don't $session->start();
INFO - 2023-05-17 13:38:48 --> Session: Class initialized using 'CodeIgniter\Session\Handlers\FileHandler' driver.
WARNING - 2023-05-17 20:38:48 --> Session: Sessions is enabled, and one exists.Please don't $session->start();
INFO - 2023-05-17 13:39:31 --> Session: Class initialized using 'CodeIgniter\Session\Handlers\FileHandler' driver.
WARNING - 2023-05-17 20:39:31 --> Session: Sessions is enabled, and one exists.Please don't $session->start();
INFO - 2023-05-17 13:39:49 --> Session: Class initialized using 'CodeIgniter\Session\Handlers\FileHandler' driver.
WARNING - 2023-05-17 20:39:49 --> Session: Sessions is enabled, and one exists.Please don't $session->start();
CRITICAL - 2023-05-17 20:39:49 --> Call to undefined method App\Models\UserModel::getAnggotaPembiayaan
in SYSTEMPATH\Model.php on line 840.
 1 APPPATH\Controllers\Pembiayaan.php(40): CodeIgniter\Model->__call('getAnggotaPembiayaan', [])
 2 SYSTEMPATH\CodeIgniter.php(934): App\Controllers\Pembiayaan->add()
 3 SYSTEMPATH\CodeIgniter.php(499): CodeIgniter\CodeIgniter->runController(Object(App\Controllers\Pembiayaan))
 4 SYSTEMPATH\CodeIgniter.php(368): CodeIgniter\CodeIgniter->handleRequest(null, Object(Config\Cache), false)
 5 FCPATH\index.php(67): CodeIgniter\CodeIgniter->run()
 6 SYSTEMPATH\Commands\Server\rewrite.php(47): require_once('FCPATH\\index.php')
INFO - 2023-05-17 13:40:14 --> Session: Class initialized using 'CodeIgniter\Session\Handlers\FileHandler' driver.
WARNING - 2023-05-17 20:40:14 --> Session: Sessions is enabled, and one exists.Please don't $session->start();
INFO - 2023-05-17 13:40:31 --> Session: Class initialized using 'CodeIgniter\Session\Handlers\FileHandler' driver.
WARNING - 2023-05-17 20:40:31 --> Session: Sessions is enabled, and one exists.Please don't $session->start();
INFO - 2023-05-17 13:40:57 --> Session: Class initialized using 'CodeIgniter\Session\Handlers\FileHandler' driver.
WARNING - 2023-05-17 20:40:57 --> Session: Sessions is enabled, and one exists.Please don't $session->start();
INFO - 2023-05-17 13:41:03 --> Session: Class initialized using 'CodeIgniter\Session\Handlers\FileHandler' driver.
WARNING - 2023-05-17 20:41:03 --> Session: Sessions is enabled, and one exists.Please don't $session->start();
INFO - 2023-05-17 13:41:30 --> Session: Class initialized using 'CodeIgniter\Session\Handlers\FileHandler' driver.
WARNING - 2023-05-17 20:41:30 --> Session: Sessions is enabled, and one exists.Please don't $session->start();
INFO - 2023-05-17 13:41:49 --> Session: Class initialized using 'CodeIgniter\Session\Handlers\FileHandler' driver.
WARNING - 2023-05-17 20:41:49 --> Session: Sessions is enabled, and one exists.Please don't $session->start();
INFO - 2023-05-17 13:42:12 --> Session: Class initialized using 'CodeIgniter\Session\Handlers\FileHandler' driver.
WARNING - 2023-05-17 20:42:12 --> Session: Sessions is enabled, and one exists.Please don't $session->start();
INFO - 2023-05-17 13:45:51 --> Session: Class initialized using 'CodeIgniter\Session\Handlers\FileHandler' driver.
WARNING - 2023-05-17 20:45:51 --> Session: Sessions is enabled, and one exists.Please don't $session->start();
INFO - 2023-05-17 13:46:00 --> Session: Class initialized using 'CodeIgniter\Session\Handlers\FileHandler' driver.
WARNING - 2023-05-17 20:46:00 --> Session: Sessions is enabled, and one exists.Please don't $session->start();
INFO - 2023-05-17 13:46:02 --> Session: Class initialized using 'CodeIgniter\Session\Handlers\FileHandler' driver.
WARNING - 2023-05-17 20:46:02 --> Session: Sessions is enabled, and one exists.Please don't $session->start();
INFO - 2023-05-17 20:46:03 --> Session: Class initialized using 'CodeIgniter\Session\Handlers\FileHandler' driver.
WARNING - 2023-05-17 20:46:03 --> Session: Sessions is enabled, and one exists.Please don't $session->start();
INFO - 2023-05-17 20:46:03 --> Session: Class initialized using 'CodeIgniter\Session\Handlers\FileHandler' driver.
WARNING - 2023-05-17 20:46:03 --> Session: Sessions is enabled, and one exists.Please don't $session->start();
INFO - 2023-05-17 20:46:03 --> Session: Class initialized using 'CodeIgniter\Session\Handlers\FileHandler' driver.
WARNING - 2023-05-17 20:46:03 --> Session: Sessions is enabled, and one exists.Please don't $session->start();
INFO - 2023-05-17 13:50:44 --> Session: Class initialized using 'CodeIgniter\Session\Handlers\FileHandler' driver.
WARNING - 2023-05-17 20:50:44 --> Session: Sessions is enabled, and one exists.Please don't $session->start();
INFO - 2023-05-17 13:54:38 --> Session: Class initialized using 'CodeIgniter\Session\Handlers\FileHandler' driver.
WARNING - 2023-05-17 20:54:38 --> Session: Sessions is enabled, and one exists.Please don't $session->start();
INFO - 2023-05-17 20:54:38 --> Session: Class initialized using 'CodeIgniter\Session\Handlers\FileHandler' driver.
WARNING - 2023-05-17 20:54:38 --> Session: Sessions is enabled, and one exists.Please don't $session->start();
INFO - 2023-05-17 20:54:39 --> Session: Class initialized using 'CodeIgniter\Session\Handlers\FileHandler' driver.
WARNING - 2023-05-17 20:54:39 --> Session: Sessions is enabled, and one exists.Please don't $session->start();
INFO - 2023-05-17 20:54:39 --> Session: Class initialized using 'CodeIgniter\Session\Handlers\FileHandler' driver.
WARNING - 2023-05-17 20:54:39 --> Session: Sessions is enabled, and one exists.Please don't $session->start();
INFO - 2023-05-17 20:54:45 --> Session: Class initialized using 'CodeIgniter\Session\Handlers\FileHandler' driver.
WARNING - 2023-05-17 20:54:45 --> Session: Sessions is enabled, and one exists.Please don't $session->start();
INFO - 2023-05-17 20:55:21 --> Session: Class initialized using 'CodeIgniter\Session\Handlers\FileHandler' driver.
WARNING - 2023-05-17 20:55:21 --> Session: Sessions is enabled, and one exists.Please don't $session->start();
INFO - 2023-05-17 20:56:24 --> Session: Class initialized using 'CodeIgniter\Session\Handlers\FileHandler' driver.
WARNING - 2023-05-17 20:56:24 --> Session: Sessions is enabled, and one exists.Please don't $session->start();
INFO - 2023-05-17 13:56:43 --> Session: Class initialized using 'CodeIgniter\Session\Handlers\FileHandler' driver.
WARNING - 2023-05-17 20:56:43 --> Session: Sessions is enabled, and one exists.Please don't $session->start();
INFO - 2023-05-17 20:56:44 --> Session: Class initialized using 'CodeIgniter\Session\Handlers\FileHandler' driver.
WARNING - 2023-05-17 20:56:44 --> Session: Sessions is enabled, and one exists.Please don't $session->start();
INFO - 2023-05-17 20:56:44 --> Session: Class initialized using 'CodeIgniter\Session\Handlers\FileHandler' driver.
WARNING - 2023-05-17 20:56:44 --> Session: Sessions is enabled, and one exists.Please don't $session->start();
INFO - 2023-05-17 20:56:44 --> Session: Class initialized using 'CodeIgniter\Session\Handlers\FileHandler' driver.
WARNING - 2023-05-17 20:56:44 --> Session: Sessions is enabled, and one exists.Please don't $session->start();
INFO - 2023-05-17 13:56:46 --> Session: Class initialized using 'CodeIgniter\Session\Handlers\FileHandler' driver.
WARNING - 2023-05-17 20:56:46 --> Session: Sessions is enabled, and one exists.Please don't $session->start();
INFO - 2023-05-17 20:56:46 --> Session: Class initialized using 'CodeIgniter\Session\Handlers\FileHandler' driver.
WARNING - 2023-05-17 20:56:46 --> Session: Sessions is enabled, and one exists.Please don't $session->start();
INFO - 2023-05-17 20:56:47 --> Session: Class initialized using 'CodeIgniter\Session\Handlers\FileHandler' driver.
WARNING - 2023-05-17 20:56:47 --> Session: Sessions is enabled, and one exists.Please don't $session->start();
INFO - 2023-05-17 20:56:47 --> Session: Class initialized using 'CodeIgniter\Session\Handlers\FileHandler' driver.
WARNING - 2023-05-17 20:56:47 --> Session: Sessions is enabled, and one exists.Please don't $session->start();
INFO - 2023-05-17 20:56:49 --> Session: Class initialized using 'CodeIgniter\Session\Handlers\FileHandler' driver.
WARNING - 2023-05-17 20:56:49 --> Session: Sessions is enabled, and one exists.Please don't $session->start();
INFO - 2023-05-17 13:56:49 --> Session: Class initialized using 'CodeIgniter\Session\Handlers\FileHandler' driver.
WARNING - 2023-05-17 20:56:49 --> Session: Sessions is enabled, and one exists.Please don't $session->start();
INFO - 2023-05-17 20:56:50 --> Session: Class initialized using 'CodeIgniter\Session\Handlers\FileHandler' driver.
WARNING - 2023-05-17 20:56:50 --> Session: Sessions is enabled, and one exists.Please don't $session->start();
INFO - 2023-05-17 20:56:50 --> Session: Class initialized using 'CodeIgniter\Session\Handlers\FileHandler' driver.
WARNING - 2023-05-17 20:56:50 --> Session: Sessions is enabled, and one exists.Please don't $session->start();
INFO - 2023-05-17 20:56:50 --> Session: Class initialized using 'CodeIgniter\Session\Handlers\FileHandler' driver.
WARNING - 2023-05-17 20:56:50 --> Session: Sessions is enabled, and one exists.Please don't $session->start();
INFO - 2023-05-17 20:56:54 --> Session: Class initialized using 'CodeIgniter\Session\Handlers\FileHandler' driver.
WARNING - 2023-05-17 20:56:54 --> Session: Sessions is enabled, and one exists.Please don't $session->start();
INFO - 2023-05-17 13:56:54 --> Session: Class initialized using 'CodeIgniter\Session\Handlers\FileHandler' driver.
WARNING - 2023-05-17 20:56:54 --> Session: Sessions is enabled, and one exists.Please don't $session->start();
INFO - 2023-05-17 20:56:55 --> Session: Class initialized using 'CodeIgniter\Session\Handlers\FileHandler' driver.
WARNING - 2023-05-17 20:56:55 --> Session: Sessions is enabled, and one exists.Please don't $session->start();
INFO - 2023-05-17 20:56:55 --> Session: Class initialized using 'CodeIgniter\Session\Handlers\FileHandler' driver.
WARNING - 2023-05-17 20:56:55 --> Session: Sessions is enabled, and one exists.Please don't $session->start();
INFO - 2023-05-17 20:56:55 --> Session: Class initialized using 'CodeIgniter\Session\Handlers\FileHandler' driver.
WARNING - 2023-05-17 20:56:55 --> Session: Sessions is enabled, and one exists.Please don't $session->start();
INFO - 2023-05-17 13:58:08 --> Session: Class initialized using 'CodeIgniter\Session\Handlers\FileHandler' driver.
WARNING - 2023-05-17 20:58:08 --> Session: Sessions is enabled, and one exists.Please don't $session->start();
INFO - 2023-05-17 13:58:13 --> Session: Class initialized using 'CodeIgniter\Session\Handlers\FileHandler' driver.
WARNING - 2023-05-17 20:58:13 --> Session: Sessions is enabled, and one exists.Please don't $session->start();
INFO - 2023-05-17 13:58:24 --> Session: Class initialized using 'CodeIgniter\Session\Handlers\FileHandler' driver.
WARNING - 2023-05-17 20:58:24 --> Session: Sessions is enabled, and one exists.Please don't $session->start();
INFO - 2023-05-17 13:58:26 --> Session: Class initialized using 'CodeIgniter\Session\Handlers\FileHandler' driver.
WARNING - 2023-05-17 20:58:26 --> Session: Sessions is enabled, and one exists.Please don't $session->start();
INFO - 2023-05-17 20:58:26 --> Session: Class initialized using 'CodeIgniter\Session\Handlers\FileHandler' driver.
WARNING - 2023-05-17 20:58:26 --> Session: Sessions is enabled, and one exists.Please don't $session->start();
INFO - 2023-05-17 20:58:26 --> Session: Class initialized using 'CodeIgniter\Session\Handlers\FileHandler' driver.
WARNING - 2023-05-17 20:58:26 --> Session: Sessions is enabled, and one exists.Please don't $session->start();
INFO - 2023-05-17 20:58:27 --> Session: Class initialized using 'CodeIgniter\Session\Handlers\FileHandler' driver.
WARNING - 2023-05-17 20:58:27 --> Session: Sessions is enabled, and one exists.Please don't $session->start();
INFO - 2023-05-17 13:58:30 --> Session: Class initialized using 'CodeIgniter\Session\Handlers\FileHandler' driver.
WARNING - 2023-05-17 20:58:30 --> Session: Sessions is enabled, and one exists.Please don't $session->start();
INFO - 2023-05-17 13:58:37 --> Session: Class initialized using 'CodeIgniter\Session\Handlers\FileHandler' driver.
WARNING - 2023-05-17 20:58:37 --> Session: Sessions is enabled, and one exists.Please don't $session->start();
INFO - 2023-05-17 20:58:37 --> Session: Class initialized using 'CodeIgniter\Session\Handlers\FileHandler' driver.
WARNING - 2023-05-17 20:58:37 --> Session: Sessions is enabled, and one exists.Please don't $session->start();
INFO - 2023-05-17 20:58:38 --> Session: Class initialized using 'CodeIgniter\Session\Handlers\FileHandler' driver.
WARNING - 2023-05-17 20:58:38 --> Session: Sessions is enabled, and one exists.Please don't $session->start();
INFO - 2023-05-17 20:58:38 --> Session: Class initialized using 'CodeIgniter\Session\Handlers\FileHandler' driver.
WARNING - 2023-05-17 20:58:38 --> Session: Sessions is enabled, and one exists.Please don't $session->start();
INFO - 2023-05-17 14:05:27 --> Session: Class initialized using 'CodeIgniter\Session\Handlers\FileHandler' driver.
WARNING - 2023-05-17 21:05:27 --> Session: Sessions is enabled, and one exists.Please don't $session->start();
INFO - 2023-05-17 21:05:28 --> Session: Class initialized using 'CodeIgniter\Session\Handlers\FileHandler' driver.
WARNING - 2023-05-17 21:05:28 --> Session: Sessions is enabled, and one exists.Please don't $session->start();
INFO - 2023-05-17 21:05:28 --> Session: Class initialized using 'CodeIgniter\Session\Handlers\FileHandler' driver.
WARNING - 2023-05-17 21:05:28 --> Session: Sessions is enabled, and one exists.Please don't $session->start();
INFO - 2023-05-17 21:05:28 --> Session: Class initialized using 'CodeIgniter\Session\Handlers\FileHandler' driver.
WARNING - 2023-05-17 21:05:28 --> Session: Sessions is enabled, and one exists.Please don't $session->start();
INFO - 2023-05-17 21:05:31 --> Session: Class initialized using 'CodeIgniter\Session\Handlers\FileHandler' driver.
WARNING - 2023-05-17 21:05:31 --> Session: Sessions is enabled, and one exists.Please don't $session->start();
INFO - 2023-05-17 14:05:31 --> Session: Class initialized using 'CodeIgniter\Session\Handlers\FileHandler' driver.
WARNING - 2023-05-17 21:05:31 --> Session: Sessions is enabled, and one exists.Please don't $session->start();
INFO - 2023-05-17 21:05:32 --> Session: Class initialized using 'CodeIgniter\Session\Handlers\FileHandler' driver.
WARNING - 2023-05-17 21:05:32 --> Session: Sessions is enabled, and one exists.Please don't $session->start();
INFO - 2023-05-17 21:05:32 --> Session: Class initialized using 'CodeIgniter\Session\Handlers\FileHandler' driver.
WARNING - 2023-05-17 21:05:32 --> Session: Sessions is enabled, and one exists.Please don't $session->start();
INFO - 2023-05-17 21:05:32 --> Session: Class initialized using 'CodeIgniter\Session\Handlers\FileHandler' driver.
WARNING - 2023-05-17 21:05:32 --> Session: Sessions is enabled, and one exists.Please don't $session->start();
INFO - 2023-05-17 21:05:35 --> Session: Class initialized using 'CodeIgniter\Session\Handlers\FileHandler' driver.
WARNING - 2023-05-17 21:05:35 --> Session: Sessions is enabled, and one exists.Please don't $session->start();
INFO - 2023-05-17 14:05:35 --> Session: Class initialized using 'CodeIgniter\Session\Handlers\FileHandler' driver.
WARNING - 2023-05-17 21:05:36 --> Session: Sessions is enabled, and one exists.Please don't $session->start();
INFO - 2023-05-17 21:05:36 --> Session: Class initialized using 'CodeIgniter\Session\Handlers\FileHandler' driver.
WARNING - 2023-05-17 21:05:36 --> Session: Sessions is enabled, and one exists.Please don't $session->start();
INFO - 2023-05-17 21:05:36 --> Session: Class initialized using 'CodeIgniter\Session\Handlers\FileHandler' driver.
WARNING - 2023-05-17 21:05:36 --> Session: Sessions is enabled, and one exists.Please don't $session->start();
INFO - 2023-05-17 21:05:36 --> Session: Class initialized using 'CodeIgniter\Session\Handlers\FileHandler' driver.
WARNING - 2023-05-17 21:05:36 --> Session: Sessions is enabled, and one exists.Please don't $session->start();
INFO - 2023-05-17 14:07:06 --> Session: Class initialized using 'CodeIgniter\Session\Handlers\FileHandler' driver.
WARNING - 2023-05-17 21:07:06 --> Session: Sessions is enabled, and one exists.Please don't $session->start();
INFO - 2023-05-17 21:07:07 --> Session: Class initialized using 'CodeIgniter\Session\Handlers\FileHandler' driver.
WARNING - 2023-05-17 21:07:07 --> Session: Sessions is enabled, and one exists.Please don't $session->start();
INFO - 2023-05-17 21:07:07 --> Session: Class initialized using 'CodeIgniter\Session\Handlers\FileHandler' driver.
WARNING - 2023-05-17 21:07:07 --> Session: Sessions is enabled, and one exists.Please don't $session->start();
INFO - 2023-05-17 21:07:07 --> Session: Class initialized using 'CodeIgniter\Session\Handlers\FileHandler' driver.
WARNING - 2023-05-17 21:07:07 --> Session: Sessions is enabled, and one exists.Please don't $session->start();
INFO - 2023-05-17 14:09:38 --> Session: Class initialized using 'CodeIgniter\Session\Handlers\FileHandler' driver.
WARNING - 2023-05-17 21:09:38 --> Session: Sessions is enabled, and one exists.Please don't $session->start();
INFO - 2023-05-17 21:09:39 --> Session: Class initialized using 'CodeIgniter\Session\Handlers\FileHandler' driver.
WARNING - 2023-05-17 21:09:39 --> Session: Sessions is enabled, and one exists.Please don't $session->start();
INFO - 2023-05-17 21:09:39 --> Session: Class initialized using 'CodeIgniter\Session\Handlers\FileHandler' driver.
WARNING - 2023-05-17 21:09:39 --> Session: Sessions is enabled, and one exists.Please don't $session->start();
INFO - 2023-05-17 21:09:39 --> Session: Class initialized using 'CodeIgniter\Session\Handlers\FileHandler' driver.
WARNING - 2023-05-17 21:09:39 --> Session: Sessions is enabled, and one exists.Please don't $session->start();
INFO - 2023-05-17 21:09:42 --> Session: Class initialized using 'CodeIgniter\Session\Handlers\FileHandler' driver.
WARNING - 2023-05-17 21:09:42 --> Session: Sessions is enabled, and one exists.Please don't $session->start();
INFO - 2023-05-17 21:10:04 --> Session: Class initialized using 'CodeIgniter\Session\Handlers\FileHandler' driver.
WARNING - 2023-05-17 21:10:04 --> Session: Sessions is enabled, and one exists.Please don't $session->start();
CRITICAL - 2023-05-17 21:10:04 --> Attempt to read property "id" on null
in APPPATH\Controllers\Pembiayaan.php on line 94.
 1 APPPATH\Controllers\Pembiayaan.php(94): CodeIgniter\Debug\Exceptions->errorHandler(2, 'Attempt to read property "id" on null', 'APPPATH\\Controllers\\Pembiayaan.php', 94)
 2 SYSTEMPATH\CodeIgniter.php(934): App\Controllers\Pembiayaan->update()
 3 SYSTEMPATH\CodeIgniter.php(499): CodeIgniter\CodeIgniter->runController(Object(App\Controllers\Pembiayaan))
 4 SYSTEMPATH\CodeIgniter.php(368): CodeIgniter\CodeIgniter->handleRequest(null, Object(Config\Cache), false)
 5 FCPATH\index.php(67): CodeIgniter\CodeIgniter->run()
 6 SYSTEMPATH\Commands\Server\rewrite.php(47): require_once('FCPATH\\index.php')
INFO - 2023-05-17 14:10:13 --> Session: Class initialized using 'CodeIgniter\Session\Handlers\FileHandler' driver.
WARNING - 2023-05-17 21:10:13 --> Session: Sessions is enabled, and one exists.Please don't $session->start();
INFO - 2023-05-17 21:10:14 --> Session: Class initialized using 'CodeIgniter\Session\Handlers\FileHandler' driver.
WARNING - 2023-05-17 21:10:14 --> Session: Sessions is enabled, and one exists.Please don't $session->start();
INFO - 2023-05-17 21:10:14 --> Session: Class initialized using 'CodeIgniter\Session\Handlers\FileHandler' driver.
WARNING - 2023-05-17 21:10:14 --> Session: Sessions is enabled, and one exists.Please don't $session->start();
INFO - 2023-05-17 21:10:14 --> Session: Class initialized using 'CodeIgniter\Session\Handlers\FileHandler' driver.
WARNING - 2023-05-17 21:10:14 --> Session: Sessions is enabled, and one exists.Please don't $session->start();
INFO - 2023-05-17 14:10:42 --> Session: Class initialized using 'CodeIgniter\Session\Handlers\FileHandler' driver.
WARNING - 2023-05-17 21:10:42 --> Session: Sessions is enabled, and one exists.Please don't $session->start();
INFO - 2023-05-17 21:10:42 --> Session: Class initialized using 'CodeIgniter\Session\Handlers\FileHandler' driver.
WARNING - 2023-05-17 21:10:42 --> Session: Sessions is enabled, and one exists.Please don't $session->start();
INFO - 2023-05-17 21:10:43 --> Session: Class initialized using 'CodeIgniter\Session\Handlers\FileHandler' driver.
WARNING - 2023-05-17 21:10:43 --> Session: Sessions is enabled, and one exists.Please don't $session->start();
INFO - 2023-05-17 21:10:43 --> Session: Class initialized using 'CodeIgniter\Session\Handlers\FileHandler' driver.
WARNING - 2023-05-17 21:10:43 --> Session: Sessions is enabled, and one exists.Please don't $session->start();
INFO - 2023-05-17 21:10:45 --> Session: Class initialized using 'CodeIgniter\Session\Handlers\FileHandler' driver.
WARNING - 2023-05-17 21:10:45 --> Session: Sessions is enabled, and one exists.Please don't $session->start();
INFO - 2023-05-17 14:10:45 --> Session: Class initialized using 'CodeIgniter\Session\Handlers\FileHandler' driver.
WARNING - 2023-05-17 21:10:45 --> Session: Sessions is enabled, and one exists.Please don't $session->start();
INFO - 2023-05-17 21:10:46 --> Session: Class initialized using 'CodeIgniter\Session\Handlers\FileHandler' driver.
WARNING - 2023-05-17 21:10:46 --> Session: Sessions is enabled, and one exists.Please don't $session->start();
INFO - 2023-05-17 21:10:46 --> Session: Class initialized using 'CodeIgniter\Session\Handlers\FileHandler' driver.
WARNING - 2023-05-17 21:10:46 --> Session: Sessions is enabled, and one exists.Please don't $session->start();
INFO - 2023-05-17 21:10:46 --> Session: Class initialized using 'CodeIgniter\Session\Handlers\FileHandler' driver.
WARNING - 2023-05-17 21:10:46 --> Session: Sessions is enabled, and one exists.Please don't $session->start();
INFO - 2023-05-17 14:15:22 --> Session: Class initialized using 'CodeIgniter\Session\Handlers\FileHandler' driver.
WARNING - 2023-05-17 21:15:22 --> Session: Sessions is enabled, and one exists.Please don't $session->start();
INFO - 2023-05-17 21:15:23 --> Session: Class initialized using 'CodeIgniter\Session\Handlers\FileHandler' driver.
WARNING - 2023-05-17 21:15:23 --> Session: Sessions is enabled, and one exists.Please don't $session->start();
INFO - 2023-05-17 21:15:23 --> Session: Class initialized using 'CodeIgniter\Session\Handlers\FileHandler' driver.
WARNING - 2023-05-17 21:15:23 --> Session: Sessions is enabled, and one exists.Please don't $session->start();
INFO - 2023-05-17 21:15:23 --> Session: Class initialized using 'CodeIgniter\Session\Handlers\FileHandler' driver.
WARNING - 2023-05-17 21:15:23 --> Session: Sessions is enabled, and one exists.Please don't $session->start();
INFO - 2023-05-17 14:19:18 --> Session: Class initialized using 'CodeIgniter\Session\Handlers\FileHandler' driver.
WARNING - 2023-05-17 21:19:18 --> Session: Sessions is enabled, and one exists.Please don't $session->start();
INFO - 2023-05-17 21:19:19 --> Session: Class initialized using 'CodeIgniter\Session\Handlers\FileHandler' driver.
WARNING - 2023-05-17 21:19:19 --> Session: Sessions is enabled, and one exists.Please don't $session->start();
INFO - 2023-05-17 21:19:19 --> Session: Class initialized using 'CodeIgniter\Session\Handlers\FileHandler' driver.
WARNING - 2023-05-17 21:19:19 --> Session: Sessions is enabled, and one exists.Please don't $session->start();
INFO - 2023-05-17 21:19:19 --> Session: Class initialized using 'CodeIgniter\Session\Handlers\FileHandler' driver.
WARNING - 2023-05-17 21:19:19 --> Session: Sessions is enabled, and one exists.Please don't $session->start();
INFO - 2023-05-17 14:19:33 --> Session: Class initialized using 'CodeIgniter\Session\Handlers\FileHandler' driver.
WARNING - 2023-05-17 21:19:33 --> Session: Sessions is enabled, and one exists.Please don't $session->start();
INFO - 2023-05-17 21:19:33 --> Session: Class initialized using 'CodeIgniter\Session\Handlers\FileHandler' driver.
WARNING - 2023-05-17 21:19:33 --> Session: Sessions is enabled, and one exists.Please don't $session->start();
INFO - 2023-05-17 21:19:34 --> Session: Class initialized using 'CodeIgniter\Session\Handlers\FileHandler' driver.
WARNING - 2023-05-17 21:19:34 --> Session: Sessions is enabled, and one exists.Please don't $session->start();
INFO - 2023-05-17 21:19:34 --> Session: Class initialized using 'CodeIgniter\Session\Handlers\FileHandler' driver.
WARNING - 2023-05-17 21:19:34 --> Session: Sessions is enabled, and one exists.Please don't $session->start();
INFO - 2023-05-17 21:19:36 --> Session: Class initialized using 'CodeIgniter\Session\Handlers\FileHandler' driver.
WARNING - 2023-05-17 21:19:36 --> Session: Sessions is enabled, and one exists.Please don't $session->start();
INFO - 2023-05-17 14:19:36 --> Session: Class initialized using 'CodeIgniter\Session\Handlers\FileHandler' driver.
WARNING - 2023-05-17 21:19:36 --> Session: Sessions is enabled, and one exists.Please don't $session->start();
INFO - 2023-05-17 21:19:37 --> Session: Class initialized using 'CodeIgniter\Session\Handlers\FileHandler' driver.
WARNING - 2023-05-17 21:19:37 --> Session: Sessions is enabled, and one exists.Please don't $session->start();
INFO - 2023-05-17 21:19:37 --> Session: Class initialized using 'CodeIgniter\Session\Handlers\FileHandler' driver.
WARNING - 2023-05-17 21:19:37 --> Session: Sessions is enabled, and one exists.Please don't $session->start();
INFO - 2023-05-17 21:19:37 --> Session: Class initialized using 'CodeIgniter\Session\Handlers\FileHandler' driver.
WARNING - 2023-05-17 21:19:37 --> Session: Sessions is enabled, and one exists.Please don't $session->start();
INFO - 2023-05-17 14:23:26 --> Session: Class initialized using 'CodeIgniter\Session\Handlers\FileHandler' driver.
WARNING - 2023-05-17 21:23:26 --> Session: Sessions is enabled, and one exists.Please don't $session->start();
INFO - 2023-05-17 21:23:26 --> Session: Class initialized using 'CodeIgniter\Session\Handlers\FileHandler' driver.
WARNING - 2023-05-17 21:23:26 --> Session: Sessions is enabled, and one exists.Please don't $session->start();
INFO - 2023-05-17 21:23:26 --> Session: Class initialized using 'CodeIgniter\Session\Handlers\FileHandler' driver.
WARNING - 2023-05-17 21:23:26 --> Session: Sessions is enabled, and one exists.Please don't $session->start();
INFO - 2023-05-17 21:23:26 --> Session: Class initialized using 'CodeIgniter\Session\Handlers\FileHandler' driver.
WARNING - 2023-05-17 21:23:26 --> Session: Sessions is enabled, and one exists.Please don't $session->start();
INFO - 2023-05-17 14:23:38 --> Session: Class initialized using 'CodeIgniter\Session\Handlers\FileHandler' driver.
WARNING - 2023-05-17 21:23:38 --> Session: Sessions is enabled, and one exists.Please don't $session->start();
INFO - 2023-05-17 21:23:39 --> Session: Class initialized using 'CodeIgniter\Session\Handlers\FileHandler' driver.
WARNING - 2023-05-17 21:23:39 --> Session: Sessions is enabled, and one exists.Please don't $session->start();
INFO - 2023-05-17 21:23:39 --> Session: Class initialized using 'CodeIgniter\Session\Handlers\FileHandler' driver.
WARNING - 2023-05-17 21:23:39 --> Session: Sessions is enabled, and one exists.Please don't $session->start();
INFO - 2023-05-17 21:23:39 --> Session: Class initialized using 'CodeIgniter\Session\Handlers\FileHandler' driver.
WARNING - 2023-05-17 21:23:39 --> Session: Sessions is enabled, and one exists.Please don't $session->start();
INFO - 2023-05-17 21:23:41 --> Session: Class initialized using 'CodeIgniter\Session\Handlers\FileHandler' driver.
WARNING - 2023-05-17 21:23:41 --> Session: Sessions is enabled, and one exists.Please don't $session->start();
INFO - 2023-05-17 14:24:20 --> Session: Class initialized using 'CodeIgniter\Session\Handlers\FileHandler' driver.
WARNING - 2023-05-17 21:24:20 --> Session: Sessions is enabled, and one exists.Please don't $session->start();
INFO - 2023-05-17 21:24:21 --> Session: Class initialized using 'CodeIgniter\Session\Handlers\FileHandler' driver.
WARNING - 2023-05-17 21:24:21 --> Session: Sessions is enabled, and one exists.Please don't $session->start();
INFO - 2023-05-17 21:24:21 --> Session: Class initialized using 'CodeIgniter\Session\Handlers\FileHandler' driver.
WARNING - 2023-05-17 21:24:21 --> Session: Sessions is enabled, and one exists.Please don't $session->start();
INFO - 2023-05-17 21:24:21 --> Session: Class initialized using 'CodeIgniter\Session\Handlers\FileHandler' driver.
WARNING - 2023-05-17 21:24:21 --> Session: Sessions is enabled, and one exists.Please don't $session->start();
INFO - 2023-05-17 14:24:22 --> Session: Class initialized using 'CodeIgniter\Session\Handlers\FileHandler' driver.
WARNING - 2023-05-17 21:24:22 --> Session: Sessions is enabled, and one exists.Please don't $session->start();
INFO - 2023-05-17 21:24:22 --> Session: Class initialized using 'CodeIgniter\Session\Handlers\FileHandler' driver.
WARNING - 2023-05-17 21:24:22 --> Session: Sessions is enabled, and one exists.Please don't $session->start();
INFO - 2023-05-17 21:24:23 --> Session: Class initialized using 'CodeIgniter\Session\Handlers\FileHandler' driver.
WARNING - 2023-05-17 21:24:23 --> Session: Sessions is enabled, and one exists.Please don't $session->start();
INFO - 2023-05-17 21:24:23 --> Session: Class initialized using 'CodeIgniter\Session\Handlers\FileHandler' driver.
WARNING - 2023-05-17 21:24:23 --> Session: Sessions is enabled, and one exists.Please don't $session->start();
INFO - 2023-05-17 14:24:59 --> Session: Class initialized using 'CodeIgniter\Session\Handlers\FileHandler' driver.
WARNING - 2023-05-17 21:24:59 --> Session: Sessions is enabled, and one exists.Please don't $session->start();
INFO - 2023-05-17 21:24:59 --> Session: Class initialized using 'CodeIgniter\Session\Handlers\FileHandler' driver.
WARNING - 2023-05-17 21:24:59 --> Session: Sessions is enabled, and one exists.Please don't $session->start();
INFO - 2023-05-17 21:24:59 --> Session: Class initialized using 'CodeIgniter\Session\Handlers\FileHandler' driver.
WARNING - 2023-05-17 21:24:59 --> Session: Sessions is enabled, and one exists.Please don't $session->start();
INFO - 2023-05-17 21:25:00 --> Session: Class initialized using 'CodeIgniter\Session\Handlers\FileHandler' driver.
WARNING - 2023-05-17 21:25:00 --> Session: Sessions is enabled, and one exists.Please don't $session->start();
INFO - 2023-05-17 14:25:19 --> Session: Class initialized using 'CodeIgniter\Session\Handlers\FileHandler' driver.
WARNING - 2023-05-17 21:25:19 --> Session: Sessions is enabled, and one exists.Please don't $session->start();
INFO - 2023-05-17 21:25:19 --> Session: Class initialized using 'CodeIgniter\Session\Handlers\FileHandler' driver.
WARNING - 2023-05-17 21:25:19 --> Session: Sessions is enabled, and one exists.Please don't $session->start();
INFO - 2023-05-17 21:25:20 --> Session: Class initialized using 'CodeIgniter\Session\Handlers\FileHandler' driver.
WARNING - 2023-05-17 21:25:20 --> Session: Sessions is enabled, and one exists.Please don't $session->start();
INFO - 2023-05-17 21:25:20 --> Session: Class initialized using 'CodeIgniter\Session\Handlers\FileHandler' driver.
WARNING - 2023-05-17 21:25:20 --> Session: Sessions is enabled, and one exists.Please don't $session->start();
INFO - 2023-05-17 14:26:15 --> Session: Class initialized using 'CodeIgniter\Session\Handlers\FileHandler' driver.
WARNING - 2023-05-17 21:26:15 --> Session: Sessions is enabled, and one exists.Please don't $session->start();
INFO - 2023-05-17 21:26:16 --> Session: Class initialized using 'CodeIgniter\Session\Handlers\FileHandler' driver.
WARNING - 2023-05-17 21:26:16 --> Session: Sessions is enabled, and one exists.Please don't $session->start();
INFO - 2023-05-17 21:26:16 --> Session: Class initialized using 'CodeIgniter\Session\Handlers\FileHandler' driver.
WARNING - 2023-05-17 21:26:16 --> Session: Sessions is enabled, and one exists.Please don't $session->start();
INFO - 2023-05-17 21:26:16 --> Session: Class initialized using 'CodeIgniter\Session\Handlers\FileHandler' driver.
WARNING - 2023-05-17 21:26:16 --> Session: Sessions is enabled, and one exists.Please don't $session->start();
INFO - 2023-05-17 21:26:18 --> Session: Class initialized using 'CodeIgniter\Session\Handlers\FileHandler' driver.
WARNING - 2023-05-17 21:26:18 --> Session: Sessions is enabled, and one exists.Please don't $session->start();
INFO - 2023-05-17 14:26:18 --> Session: Class initialized using 'CodeIgniter\Session\Handlers\FileHandler' driver.
WARNING - 2023-05-17 21:26:18 --> Session: Sessions is enabled, and one exists.Please don't $session->start();
INFO - 2023-05-17 21:26:19 --> Session: Class initialized using 'CodeIgniter\Session\Handlers\FileHandler' driver.
WARNING - 2023-05-17 21:26:19 --> Session: Sessions is enabled, and one exists.Please don't $session->start();
INFO - 2023-05-17 21:26:19 --> Session: Class initialized using 'CodeIgniter\Session\Handlers\FileHandler' driver.
WARNING - 2023-05-17 21:26:19 --> Session: Sessions is enabled, and one exists.Please don't $session->start();
INFO - 2023-05-17 21:26:19 --> Session: Class initialized using 'CodeIgniter\Session\Handlers\FileHandler' driver.
WARNING - 2023-05-17 21:26:19 --> Session: Sessions is enabled, and one exists.Please don't $session->start();
INFO - 2023-05-17 14:26:51 --> Session: Class initialized using 'CodeIgniter\Session\Handlers\FileHandler' driver.
WARNING - 2023-05-17 21:26:51 --> Session: Sessions is enabled, and one exists.Please don't $session->start();
INFO - 2023-05-17 21:26:52 --> Session: Class initialized using 'CodeIgniter\Session\Handlers\FileHandler' driver.
WARNING - 2023-05-17 21:26:52 --> Session: Sessions is enabled, and one exists.Please don't $session->start();
INFO - 2023-05-17 21:26:52 --> Session: Class initialized using 'CodeIgniter\Session\Handlers\FileHandler' driver.
WARNING - 2023-05-17 21:26:52 --> Session: Sessions is enabled, and one exists.Please don't $session->start();
INFO - 2023-05-17 21:26:52 --> Session: Class initialized using 'CodeIgniter\Session\Handlers\FileHandler' driver.
WARNING - 2023-05-17 21:26:52 --> Session: Sessions is enabled, and one exists.Please don't $session->start();
INFO - 2023-05-17 21:26:54 --> Session: Class initialized using 'CodeIgniter\Session\Handlers\FileHandler' driver.
WARNING - 2023-05-17 21:26:54 --> Session: Sessions is enabled, and one exists.Please don't $session->start();
INFO - 2023-05-17 14:30:07 --> Session: Class initialized using 'CodeIgniter\Session\Handlers\FileHandler' driver.
WARNING - 2023-05-17 21:30:07 --> Session: Sessions is enabled, and one exists.Please don't $session->start();
INFO - 2023-05-17 21:30:07 --> Session: Class initialized using 'CodeIgniter\Session\Handlers\FileHandler' driver.
WARNING - 2023-05-17 21:30:07 --> Session: Sessions is enabled, and one exists.Please don't $session->start();
INFO - 2023-05-17 21:30:07 --> Session: Class initialized using 'CodeIgniter\Session\Handlers\FileHandler' driver.
WARNING - 2023-05-17 21:30:07 --> Session: Sessions is enabled, and one exists.Please don't $session->start();
INFO - 2023-05-17 21:30:07 --> Session: Class initialized using 'CodeIgniter\Session\Handlers\FileHandler' driver.
WARNING - 2023-05-17 21:30:07 --> Session: Sessions is enabled, and one exists.Please don't $session->start();
INFO - 2023-05-17 14:30:08 --> Session: Class initialized using 'CodeIgniter\Session\Handlers\FileHandler' driver.
WARNING - 2023-05-17 21:30:08 --> Session: Sessions is enabled, and one exists.Please don't $session->start();
INFO - 2023-05-17 21:30:09 --> Session: Class initialized using 'CodeIgniter\Session\Handlers\FileHandler' driver.
WARNING - 2023-05-17 21:30:09 --> Session: Sessions is enabled, and one exists.Please don't $session->start();
INFO - 2023-05-17 21:30:09 --> Session: Class initialized using 'CodeIgniter\Session\Handlers\FileHandler' driver.
WARNING - 2023-05-17 21:30:09 --> Session: Sessions is enabled, and one exists.Please don't $session->start();
INFO - 2023-05-17 21:30:09 --> Session: Class initialized using 'CodeIgniter\Session\Handlers\FileHandler' driver.
WARNING - 2023-05-17 21:30:09 --> Session: Sessions is enabled, and one exists.Please don't $session->start();
INFO - 2023-05-17 21:30:15 --> Session: Class initialized using 'CodeIgniter\Session\Handlers\FileHandler' driver.
WARNING - 2023-05-17 21:30:15 --> Session: Sessions is enabled, and one exists.Please don't $session->start();
INFO - 2023-05-17 14:30:15 --> Session: Class initialized using 'CodeIgniter\Session\Handlers\FileHandler' driver.
WARNING - 2023-05-17 21:30:15 --> Session: Sessions is enabled, and one exists.Please don't $session->start();
INFO - 2023-05-17 21:30:16 --> Session: Class initialized using 'CodeIgniter\Session\Handlers\FileHandler' driver.
WARNING - 2023-05-17 21:30:16 --> Session: Sessions is enabled, and one exists.Please don't $session->start();
INFO - 2023-05-17 21:30:16 --> Session: Class initialized using 'CodeIgniter\Session\Handlers\FileHandler' driver.
WARNING - 2023-05-17 21:30:16 --> Session: Sessions is enabled, and one exists.Please don't $session->start();
INFO - 2023-05-17 21:30:16 --> Session: Class initialized using 'CodeIgniter\Session\Handlers\FileHandler' driver.
WARNING - 2023-05-17 21:30:16 --> Session: Sessions is enabled, and one exists.Please don't $session->start();
INFO - 2023-05-17 14:30:23 --> Session: Class initialized using 'CodeIgniter\Session\Handlers\FileHandler' driver.
WARNING - 2023-05-17 21:30:23 --> Session: Sessions is enabled, and one exists.Please don't $session->start();
INFO - 2023-05-17 14:30:27 --> Session: Class initialized using 'CodeIgniter\Session\Handlers\FileHandler' driver.
WARNING - 2023-05-17 21:30:27 --> Session: Sessions is enabled, and one exists.Please don't $session->start();
INFO - 2023-05-17 21:30:27 --> Session: Class initialized using 'CodeIgniter\Session\Handlers\FileHandler' driver.
WARNING - 2023-05-17 21:30:27 --> Session: Sessions is enabled, and one exists.Please don't $session->start();
INFO - 2023-05-17 21:30:27 --> Session: Class initialized using 'CodeIgniter\Session\Handlers\FileHandler' driver.
WARNING - 2023-05-17 21:30:27 --> Session: Sessions is enabled, and one exists.Please don't $session->start();
INFO - 2023-05-17 21:30:28 --> Session: Class initialized using 'CodeIgniter\Session\Handlers\FileHandler' driver.
WARNING - 2023-05-17 21:30:28 --> Session: Sessions is enabled, and one exists.Please don't $session->start();
INFO - 2023-05-17 14:30:30 --> Session: Class initialized using 'CodeIgniter\Session\Handlers\FileHandler' driver.
WARNING - 2023-05-17 21:30:30 --> Session: Sessions is enabled, and one exists.Please don't $session->start();
INFO - 2023-05-17 14:32:38 --> Session: Class initialized using 'CodeIgniter\Session\Handlers\FileHandler' driver.
WARNING - 2023-05-17 21:32:38 --> Session: Sessions is enabled, and one exists.Please don't $session->start();
INFO - 2023-05-17 14:33:30 --> Session: Class initialized using 'CodeIgniter\Session\Handlers\FileHandler' driver.
WARNING - 2023-05-17 21:33:30 --> Session: Sessions is enabled, and one exists.Please don't $session->start();
INFO - 2023-05-17 14:33:46 --> Session: Class initialized using 'CodeIgniter\Session\Handlers\FileHandler' driver.
WARNING - 2023-05-17 21:33:46 --> Session: Sessions is enabled, and one exists.Please don't $session->start();
INFO - 2023-05-17 14:35:40 --> Session: Class initialized using 'CodeIgniter\Session\Handlers\FileHandler' driver.
WARNING - 2023-05-17 21:35:40 --> Session: Sessions is enabled, and one exists.Please don't $session->start();
INFO - 2023-05-17 14:44:26 --> Session: Class initialized using 'CodeIgniter\Session\Handlers\FileHandler' driver.
WARNING - 2023-05-17 21:44:26 --> Session: Sessions is enabled, and one exists.Please don't $session->start();
INFO - 2023-05-17 14:44:32 --> Session: Class initialized using 'CodeIgniter\Session\Handlers\FileHandler' driver.
WARNING - 2023-05-17 21:44:32 --> Session: Sessions is enabled, and one exists.Please don't $session->start();
INFO - 2023-05-17 14:51:40 --> Session: Class initialized using 'CodeIgniter\Session\Handlers\FileHandler' driver.
WARNING - 2023-05-17 21:51:40 --> Session: Sessions is enabled, and one exists.Please don't $session->start();
INFO - 2023-05-17 14:52:16 --> Session: Class initialized using 'CodeIgniter\Session\Handlers\FileHandler' driver.
WARNING - 2023-05-17 21:52:16 --> Session: Sessions is enabled, and one exists.Please don't $session->start();
INFO - 2023-05-17 14:53:12 --> Session: Class initialized using 'CodeIgniter\Session\Handlers\FileHandler' driver.
WARNING - 2023-05-17 21:53:12 --> Session: Sessions is enabled, and one exists.Please don't $session->start();
INFO - 2023-05-17 14:53:19 --> Session: Class initialized using 'CodeIgniter\Session\Handlers\FileHandler' driver.
WARNING - 2023-05-17 21:53:19 --> Session: Sessions is enabled, and one exists.Please don't $session->start();
INFO - 2023-05-17 14:54:03 --> Session: Class initialized using 'CodeIgniter\Session\Handlers\FileHandler' driver.
WARNING - 2023-05-17 21:54:03 --> Session: Sessions is enabled, and one exists.Please don't $session->start();
INFO - 2023-05-17 14:54:59 --> Session: Class initialized using 'CodeIgniter\Session\Handlers\FileHandler' driver.
WARNING - 2023-05-17 21:54:59 --> Session: Sessions is enabled, and one exists.Please don't $session->start();
INFO - 2023-05-17 15:20:13 --> Session: Class initialized using 'CodeIgniter\Session\Handlers\FileHandler' driver.
WARNING - 2023-05-17 22:20:13 --> Session: Sessions is enabled, and one exists.Please don't $session->start();
INFO - 2023-05-17 15:20:18 --> Session: Class initialized using 'CodeIgniter\Session\Handlers\FileHandler' driver.
WARNING - 2023-05-17 22:20:18 --> Session: Sessions is enabled, and one exists.Please don't $session->start();
INFO - 2023-05-17 15:20:29 --> Session: Class initialized using 'CodeIgniter\Session\Handlers\FileHandler' driver.
WARNING - 2023-05-17 22:20:29 --> Session: Sessions is enabled, and one exists.Please don't $session->start();
INFO - 2023-05-17 15:21:25 --> Session: Class initialized using 'CodeIgniter\Session\Handlers\FileHandler' driver.
WARNING - 2023-05-17 22:21:25 --> Session: Sessions is enabled, and one exists.Please don't $session->start();
ERROR - 2023-05-17 22:21:25 --> mysqli_sql_exception: Unknown column 'detail_pembiayaan.tgl_pembiayaan' in 'where clause' in C:\xampp8\htdocs\koperasi\vendor\codeigniter4\framework\system\Database\MySQLi\Connection.php:295
Stack trace:
#0 C:\xampp8\htdocs\koperasi\vendor\codeigniter4\framework\system\Database\MySQLi\Connection.php(295): mysqli->query('SELECT `detail_...', 0)
#1 C:\xampp8\htdocs\koperasi\vendor\codeigniter4\framework\system\Database\BaseConnection.php(691): CodeIgniter\Database\MySQLi\Connection->execute('SELECT `detail_...')
#2 C:\xampp8\htdocs\koperasi\vendor\codeigniter4\framework\system\Database\BaseConnection.php(605): CodeIgniter\Database\BaseConnection->simpleQuery('SELECT `detail_...')
#3 C:\xampp8\htdocs\koperasi\vendor\codeigniter4\framework\system\Database\BaseBuilder.php(1601): CodeIgniter\Database\BaseConnection->query('SELECT `detail_...', Array, false)
#4 C:\xampp8\htdocs\koperasi\app\Models\PembiayaanModel.php(74): CodeIgniter\Database\BaseBuilder->get()
#5 C:\xampp8\htdocs\koperasi\app\Controllers\LaporanPembiayaan.php(39): App\Models\PembiayaanModel->getLapPembiayaan('5', '2023')
#6 C:\xampp8\htdocs\koperasi\vendor\codeigniter4\framework\system\CodeIgniter.php(934): App\Controllers\LaporanPembiayaan->show_data_laporan_pembiayaan()
#7 C:\xampp8\htdocs\koperasi\vendor\codeigniter4\framework\system\CodeIgniter.php(499): CodeIgniter\CodeIgniter->runController(Object(App\Controllers\LaporanPembiayaan))
#8 C:\xampp8\htdocs\koperasi\vendor\codeigniter4\framework\system\CodeIgniter.php(368): CodeIgniter\CodeIgniter->handleRequest(NULL, Object(Config\Cache), false)
#9 C:\xampp8\htdocs\koperasi\public\index.php(67): CodeIgniter\CodeIgniter->run()
#10 C:\xampp8\htdocs\koperasi\vendor\codeigniter4\framework\system\Commands\Server\rewrite.php(47): require_once('C:\\xampp8\\htdoc...')
#11 {main}
CRITICAL - 2023-05-17 22:21:25 --> Unknown column 'detail_pembiayaan.tgl_pembiayaan' in 'where clause'
in SYSTEMPATH\Database\BaseConnection.php on line 645.
 1 SYSTEMPATH\Database\BaseBuilder.php(1601): CodeIgniter\Database\BaseConnection->query('SELECT `detail_pembiayaan`.*, `pembiayaan`.`jumlah_pembiayaan`, `pembiayaan`.`angsuran`, `pembiayaan`.`total_pembiayaan`, `users`.`full_name`
FROM `detail_pembiayaan`
JOIN `pembiayaan` ON `detail_pembiayaan`.`pembiayaan_id`=`pembiayaan`.`id`
JOIN `users` ON `users`.`id_user`=`pembiayaan`.`user_id`
WHERE month(detail_pembiayaan.tgl_pembiayaan) = :month(detail_pembiayaan.tgl_pembiayaan):
AND year(detail_pembiayaan.tgl_pembiayaan) = :year(detail_pembiayaan.tgl_pembiayaan):
AND `detail_pembiayaan`.`status` = :detail_pembiayaan.status:', [...], false)
 2 APPPATH\Models\PembiayaanModel.php(74): CodeIgniter\Database\BaseBuilder->get()
 3 APPPATH\Controllers\LaporanPembiayaan.php(39): App\Models\PembiayaanModel->getLapPembiayaan('5', '2023')
 4 SYSTEMPATH\CodeIgniter.php(934): App\Controllers\LaporanPembiayaan->show_data_laporan_pembiayaan()
 5 SYSTEMPATH\CodeIgniter.php(499): CodeIgniter\CodeIgniter->runController(Object(App\Controllers\LaporanPembiayaan))
 6 SYSTEMPATH\CodeIgniter.php(368): CodeIgniter\CodeIgniter->handleRequest(null, Object(Config\Cache), false)
 7 FCPATH\index.php(67): CodeIgniter\CodeIgniter->run()
 8 SYSTEMPATH\Commands\Server\rewrite.php(47): require_once('FCPATH\\index.php')
INFO - 2023-05-17 15:21:44 --> Session: Class initialized using 'CodeIgniter\Session\Handlers\FileHandler' driver.
WARNING - 2023-05-17 22:21:44 --> Session: Sessions is enabled, and one exists.Please don't $session->start();
INFO - 2023-05-17 15:21:47 --> Session: Class initialized using 'CodeIgniter\Session\Handlers\FileHandler' driver.
WARNING - 2023-05-17 22:21:47 --> Session: Sessions is enabled, and one exists.Please don't $session->start();
INFO - 2023-05-17 15:23:36 --> Session: Class initialized using 'CodeIgniter\Session\Handlers\FileHandler' driver.
WARNING - 2023-05-17 22:23:36 --> Session: Sessions is enabled, and one exists.Please don't $session->start();
INFO - 2023-05-17 15:23:53 --> Session: Class initialized using 'CodeIgniter\Session\Handlers\FileHandler' driver.
WARNING - 2023-05-17 22:23:53 --> Session: Sessions is enabled, and one exists.Please don't $session->start();
INFO - 2023-05-17 15:24:14 --> Session: Class initialized using 'CodeIgniter\Session\Handlers\FileHandler' driver.
WARNING - 2023-05-17 22:24:14 --> Session: Sessions is enabled, and one exists.Please don't $session->start();
INFO - 2023-05-17 15:24:39 --> Session: Class initialized using 'CodeIgniter\Session\Handlers\FileHandler' driver.
WARNING - 2023-05-17 22:24:39 --> Session: Sessions is enabled, and one exists.Please don't $session->start();
INFO - 2023-05-17 15:24:46 --> Session: Class initialized using 'CodeIgniter\Session\Handlers\FileHandler' driver.
WARNING - 2023-05-17 22:24:46 --> Session: Sessions is enabled, and one exists.Please don't $session->start();
INFO - 2023-05-17 15:24:54 --> Session: Class initialized using 'CodeIgniter\Session\Handlers\FileHandler' driver.
WARNING - 2023-05-17 22:24:54 --> Session: Sessions is enabled, and one exists.Please don't $session->start();
INFO - 2023-05-17 15:25:00 --> Session: Class initialized using 'CodeIgniter\Session\Handlers\FileHandler' driver.
WARNING - 2023-05-17 22:25:00 --> Session: Sessions is enabled, and one exists.Please don't $session->start();
INFO - 2023-05-17 15:25:04 --> Session: Class initialized using 'CodeIgniter\Session\Handlers\FileHandler' driver.
WARNING - 2023-05-17 22:25:04 --> Session: Sessions is enabled, and one exists.Please don't $session->start();
INFO - 2023-05-17 15:25:08 --> Session: Class initialized using 'CodeIgniter\Session\Handlers\FileHandler' driver.
WARNING - 2023-05-17 22:25:08 --> Session: Sessions is enabled, and one exists.Please don't $session->start();
INFO - 2023-05-17 15:25:13 --> Session: Class initialized using 'CodeIgniter\Session\Handlers\FileHandler' driver.
WARNING - 2023-05-17 22:25:13 --> Session: Sessions is enabled, and one exists.Please don't $session->start();
INFO - 2023-05-17 15:25:19 --> Session: Class initialized using 'CodeIgniter\Session\Handlers\FileHandler' driver.
WARNING - 2023-05-17 22:25:19 --> Session: Sessions is enabled, and one exists.Please don't $session->start();
INFO - 2023-05-17 15:25:38 --> Session: Class initialized using 'CodeIgniter\Session\Handlers\FileHandler' driver.
WARNING - 2023-05-17 22:25:38 --> Session: Sessions is enabled, and one exists.Please don't $session->start();
INFO - 2023-05-17 15:26:52 --> Session: Class initialized using 'CodeIgniter\Session\Handlers\FileHandler' driver.
WARNING - 2023-05-17 22:26:52 --> Session: Sessions is enabled, and one exists.Please don't $session->start();
INFO - 2023-05-17 15:26:58 --> Session: Class initialized using 'CodeIgniter\Session\Handlers\FileHandler' driver.
WARNING - 2023-05-17 22:26:58 --> Session: Sessions is enabled, and one exists.Please don't $session->start();
INFO - 2023-05-17 15:27:04 --> Session: Class initialized using 'CodeIgniter\Session\Handlers\FileHandler' driver.
WARNING - 2023-05-17 22:27:04 --> Session: Sessions is enabled, and one exists.Please don't $session->start();
INFO - 2023-05-17 15:27:35 --> Session: Class initialized using 'CodeIgniter\Session\Handlers\FileHandler' driver.
WARNING - 2023-05-17 22:27:35 --> Session: Sessions is enabled, and one exists.Please don't $session->start();
INFO - 2023-05-17 15:27:45 --> Session: Class initialized using 'CodeIgniter\Session\Handlers\FileHandler' driver.
WARNING - 2023-05-17 22:27:45 --> Session: Sessions is enabled, and one exists.Please don't $session->start();
INFO - 2023-05-17 15:28:08 --> Session: Class initialized using 'CodeIgniter\Session\Handlers\FileHandler' driver.
WARNING - 2023-05-17 22:28:08 --> Session: Sessions is enabled, and one exists.Please don't $session->start();
INFO - 2023-05-17 15:48:14 --> Session: Class initialized using 'CodeIgniter\Session\Handlers\FileHandler' driver.
WARNING - 2023-05-17 22:48:14 --> Session: Sessions is enabled, and one exists.Please don't $session->start();
INFO - 2023-05-17 15:48:15 --> Session: Class initialized using 'CodeIgniter\Session\Handlers\FileHandler' driver.
WARNING - 2023-05-17 22:48:15 --> Session: Sessions is enabled, and one exists.Please don't $session->start();
INFO - 2023-05-17 15:48:55 --> Session: Class initialized using 'CodeIgniter\Session\Handlers\FileHandler' driver.
WARNING - 2023-05-17 22:48:55 --> Session: Sessions is enabled, and one exists.Please don't $session->start();
INFO - 2023-05-17 15:49:57 --> Session: Class initialized using 'CodeIgniter\Session\Handlers\FileHandler' driver.
WARNING - 2023-05-17 22:49:57 --> Session: Sessions is enabled, and one exists.Please don't $session->start();
INFO - 2023-05-17 15:50:41 --> Session: Class initialized using 'CodeIgniter\Session\Handlers\FileHandler' driver.
WARNING - 2023-05-17 22:50:41 --> Session: Sessions is enabled, and one exists.Please don't $session->start();
INFO - 2023-05-17 15:51:06 --> Session: Class initialized using 'CodeIgniter\Session\Handlers\FileHandler' driver.
WARNING - 2023-05-17 22:51:06 --> Session: Sessions is enabled, and one exists.Please don't $session->start();
INFO - 2023-05-17 15:51:16 --> Session: Class initialized using 'CodeIgniter\Session\Handlers\FileHandler' driver.
WARNING - 2023-05-17 22:51:16 --> Session: Sessions is enabled, and one exists.Please don't $session->start();
INFO - 2023-05-17 16:01:20 --> Session: Class initialized using 'CodeIgniter\Session\Handlers\FileHandler' driver.
WARNING - 2023-05-17 16:01:20 --> Session: Sessions is enabled, and one exists.Please don't $session->start();
INFO - 2023-05-17 16:01:20 --> Session: Class initialized using 'CodeIgniter\Session\Handlers\FileHandler' driver.
WARNING - 2023-05-17 16:01:20 --> Session: Sessions is enabled, and one exists.Please don't $session->start();
INFO - 2023-05-17 16:01:26 --> Session: Class initialized using 'CodeIgniter\Session\Handlers\FileHandler' driver.
WARNING - 2023-05-17 16:01:26 --> Session: Sessions is enabled, and one exists.Please don't $session->start();
INFO - 2023-05-17 16:01:26 --> Session: Class initialized using 'CodeIgniter\Session\Handlers\FileHandler' driver.
WARNING - 2023-05-17 16:01:26 --> Session: Sessions is enabled, and one exists.Please don't $session->start();
INFO - 2023-05-17 16:01:38 --> Session: Class initialized using 'CodeIgniter\Session\Handlers\FileHandler' driver.
WARNING - 2023-05-17 16:01:38 --> Session: Sessions is enabled, and one exists.Please don't $session->start();
INFO - 2023-05-17 16:01:38 --> Session: Class initialized using 'CodeIgniter\Session\Handlers\FileHandler' driver.
WARNING - 2023-05-17 16:01:38 --> Session: Sessions is enabled, and one exists.Please don't $session->start();
INFO - 2023-05-17 16:01:51 --> Session: Class initialized using 'CodeIgniter\Session\Handlers\FileHandler' driver.
WARNING - 2023-05-17 16:01:51 --> Session: Sessions is enabled, and one exists.Please don't $session->start();
INFO - 2023-05-17 16:01:51 --> Session: Class initialized using 'CodeIgniter\Session\Handlers\FileHandler' driver.
WARNING - 2023-05-17 16:01:51 --> Session: Sessions is enabled, and one exists.Please don't $session->start();
INFO - 2023-05-17 16:02:06 --> Session: Class initialized using 'CodeIgniter\Session\Handlers\FileHandler' driver.
WARNING - 2023-05-17 16:02:06 --> Session: Sessions is enabled, and one exists.Please don't $session->start();
INFO - 2023-05-17 16:02:07 --> Session: Class initialized using 'CodeIgniter\Session\Handlers\FileHandler' driver.
WARNING - 2023-05-17 16:02:07 --> Session: Sessions is enabled, and one exists.Please don't $session->start();
WARNING - 2023-05-17 23:02:07 --> Session: Sessions is enabled, and one exists.Please don't $session->start();
INFO - 2023-05-17 16:02:09 --> Session: Class initialized using 'CodeIgniter\Session\Handlers\FileHandler' driver.
WARNING - 2023-05-17 23:02:09 --> Session: Sessions is enabled, and one exists.Please don't $session->start();
INFO - 2023-05-17 23:02:13 --> Session: Class initialized using 'CodeIgniter\Session\Handlers\FileHandler' driver.
WARNING - 2023-05-17 23:02:13 --> Session: Sessions is enabled, and one exists.Please don't $session->start();
INFO - 2023-05-17 23:03:06 --> Session: Class initialized using 'CodeIgniter\Session\Handlers\FileHandler' driver.
WARNING - 2023-05-17 23:03:06 --> Session: Sessions is enabled, and one exists.Please don't $session->start();
INFO - 2023-05-17 23:03:07 --> Session: Class initialized using 'CodeIgniter\Session\Handlers\FileHandler' driver.
WARNING - 2023-05-17 23:03:07 --> Session: Sessions is enabled, and one exists.Please don't $session->start();
INFO - 2023-05-17 16:03:12 --> Session: Class initialized using 'CodeIgniter\Session\Handlers\FileHandler' driver.
WARNING - 2023-05-17 16:03:12 --> Session: Sessions is enabled, and one exists.Please don't $session->start();
INFO - 2023-05-17 16:03:12 --> Session: Class initialized using 'CodeIgniter\Session\Handlers\FileHandler' driver.
WARNING - 2023-05-17 16:03:12 --> Session: Sessions is enabled, and one exists.Please don't $session->start();
INFO - 2023-05-17 16:03:16 --> Session: Class initialized using 'CodeIgniter\Session\Handlers\FileHandler' driver.
WARNING - 2023-05-17 16:03:16 --> Session: Sessions is enabled, and one exists.Please don't $session->start();
INFO - 2023-05-17 16:03:16 --> Session: Class initialized using 'CodeIgniter\Session\Handlers\FileHandler' driver.
WARNING - 2023-05-17 16:03:16 --> Session: Sessions is enabled, and one exists.Please don't $session->start();
WARNING - 2023-05-17 23:03:16 --> Session: Sessions is enabled, and one exists.Please don't $session->start();
INFO - 2023-05-17 16:04:14 --> Session: Class initialized using 'CodeIgniter\Session\Handlers\FileHandler' driver.
WARNING - 2023-05-17 16:04:14 --> Session: Sessions is enabled, and one exists.Please don't $session->start();
INFO - 2023-05-17 16:04:29 --> Session: Class initialized using 'CodeIgniter\Session\Handlers\FileHandler' driver.
WARNING - 2023-05-17 16:04:29 --> Session: Sessions is enabled, and one exists.Please don't $session->start();
WARNING - 2023-05-17 23:04:29 --> Session: Sessions is enabled, and one exists.Please don't $session->start();
INFO - 2023-05-17 16:04:29 --> Session: Class initialized using 'CodeIgniter\Session\Handlers\FileHandler' driver.
WARNING - 2023-05-17 16:04:29 --> Session: Sessions is enabled, and one exists.Please don't $session->start();
WARNING - 2023-05-17 23:04:29 --> Session: Sessions is enabled, and one exists.Please don't $session->start();
INFO - 2023-05-17 16:04:29 --> Session: Class initialized using 'CodeIgniter\Session\Handlers\FileHandler' driver.
WARNING - 2023-05-17 16:04:29 --> Session: Sessions is enabled, and one exists.Please don't $session->start();
INFO - 2023-05-17 16:04:58 --> Session: Class initialized using 'CodeIgniter\Session\Handlers\FileHandler' driver.
WARNING - 2023-05-17 16:04:58 --> Session: Sessions is enabled, and one exists.Please don't $session->start();
INFO - 2023-05-17 16:04:58 --> Session: Class initialized using 'CodeIgniter\Session\Handlers\FileHandler' driver.
WARNING - 2023-05-17 16:04:58 --> Session: Sessions is enabled, and one exists.Please don't $session->start();
WARNING - 2023-05-17 23:04:58 --> Session: Sessions is enabled, and one exists.Please don't $session->start();
INFO - 2023-05-17 16:05:04 --> Session: Class initialized using 'CodeIgniter\Session\Handlers\FileHandler' driver.
WARNING - 2023-05-17 16:05:04 --> Session: Sessions is enabled, and one exists.Please don't $session->start();
INFO - 2023-05-17 16:05:09 --> Session: Class initialized using 'CodeIgniter\Session\Handlers\FileHandler' driver.
WARNING - 2023-05-17 16:05:09 --> Session: Sessions is enabled, and one exists.Please don't $session->start();
INFO - 2023-05-17 16:05:09 --> Session: Class initialized using 'CodeIgniter\Session\Handlers\FileHandler' driver.
WARNING - 2023-05-17 16:05:09 --> Session: Sessions is enabled, and one exists.Please don't $session->start();
INFO - 2023-05-17 16:05:13 --> Session: Class initialized using 'CodeIgniter\Session\Handlers\FileHandler' driver.
WARNING - 2023-05-17 16:05:13 --> Session: Sessions is enabled, and one exists.Please don't $session->start();
INFO - 2023-05-17 16:05:14 --> Session: Class initialized using 'CodeIgniter\Session\Handlers\FileHandler' driver.
WARNING - 2023-05-17 16:05:14 --> Session: Sessions is enabled, and one exists.Please don't $session->start();
WARNING - 2023-05-17 23:05:14 --> Session: Sessions is enabled, and one exists.Please don't $session->start();
INFO - 2023-05-17 16:05:16 --> Session: Class initialized using 'CodeIgniter\Session\Handlers\FileHandler' driver.
WARNING - 2023-05-17 16:05:16 --> Session: Sessions is enabled, and one exists.Please don't $session->start();
WARNING - 2023-05-17 23:05:16 --> Session: Sessions is enabled, and one exists.Please don't $session->start();
INFO - 2023-05-17 16:05:18 --> Session: Class initialized using 'CodeIgniter\Session\Handlers\FileHandler' driver.
WARNING - 2023-05-17 16:05:18 --> Session: Sessions is enabled, and one exists.Please don't $session->start();
WARNING - 2023-05-17 23:05:18 --> Session: Sessions is enabled, and one exists.Please don't $session->start();
