INFO - 2023-06-25 03:11:19 --> Session: Class initialized using 'CodeIgniter\Session\Handlers\FileHandler' driver.
WARNING - 2023-06-25 03:11:19 --> Session: Sessions is enabled, and one exists.Please don't $session->start();
INFO - 2023-06-25 03:15:39 --> Session: Class initialized using 'CodeIgniter\Session\Handlers\FileHandler' driver.
WARNING - 2023-06-25 03:15:39 --> Session: Sessions is enabled, and one exists.Please don't $session->start();
INFO - 2023-06-25 03:15:40 --> Session: Class initialized using 'CodeIgniter\Session\Handlers\FileHandler' driver.
WARNING - 2023-06-25 03:15:40 --> Session: Sessions is enabled, and one exists.Please don't $session->start();
WARNING - 2023-06-25 10:15:40 --> Session: Sessions is enabled, and one exists.Please don't $session->start();
INFO - 2023-06-25 03:34:16 --> Session: Class initialized using 'CodeIgniter\Session\Handlers\FileHandler' driver.
WARNING - 2023-06-25 10:34:16 --> Session: Sessions is enabled, and one exists.Please don't $session->start();
INFO - 2023-06-25 03:34:19 --> Session: Class initialized using 'CodeIgniter\Session\Handlers\FileHandler' driver.
WARNING - 2023-06-25 10:34:19 --> Session: Sessions is enabled, and one exists.Please don't $session->start();
INFO - 2023-06-25 03:36:22 --> Session: Class initialized using 'CodeIgniter\Session\Handlers\FileHandler' driver.
WARNING - 2023-06-25 10:36:22 --> Session: Sessions is enabled, and one exists.Please don't $session->start();
INFO - 2023-06-25 03:38:25 --> Session: Class initialized using 'CodeIgniter\Session\Handlers\FileHandler' driver.
WARNING - 2023-06-25 10:38:25 --> Session: Sessions is enabled, and one exists.Please don't $session->start();
INFO - 2023-06-25 03:38:33 --> Session: Class initialized using 'CodeIgniter\Session\Handlers\FileHandler' driver.
WARNING - 2023-06-25 10:38:33 --> Session: Sessions is enabled, and one exists.Please don't $session->start();
INFO - 2023-06-25 03:38:47 --> Session: Class initialized using 'CodeIgniter\Session\Handlers\FileHandler' driver.
WARNING - 2023-06-25 10:38:47 --> Session: Sessions is enabled, and one exists.Please don't $session->start();
INFO - 2023-06-25 03:38:50 --> Session: Class initialized using 'CodeIgniter\Session\Handlers\FileHandler' driver.
WARNING - 2023-06-25 10:38:50 --> Session: Sessions is enabled, and one exists.Please don't $session->start();
INFO - 2023-06-25 03:39:12 --> Session: Class initialized using 'CodeIgniter\Session\Handlers\FileHandler' driver.
WARNING - 2023-06-25 10:39:12 --> Session: Sessions is enabled, and one exists.Please don't $session->start();
INFO - 2023-06-25 03:39:17 --> Session: Class initialized using 'CodeIgniter\Session\Handlers\FileHandler' driver.
WARNING - 2023-06-25 10:39:17 --> Session: Sessions is enabled, and one exists.Please don't $session->start();
INFO - 2023-06-25 03:39:19 --> Session: Class initialized using 'CodeIgniter\Session\Handlers\FileHandler' driver.
WARNING - 2023-06-25 10:39:19 --> Session: Sessions is enabled, and one exists.Please don't $session->start();
INFO - 2023-06-25 03:39:20 --> Session: Class initialized using 'CodeIgniter\Session\Handlers\FileHandler' driver.
WARNING - 2023-06-25 10:39:20 --> Session: Sessions is enabled, and one exists.Please don't $session->start();
INFO - 2023-06-25 03:39:22 --> Session: Class initialized using 'CodeIgniter\Session\Handlers\FileHandler' driver.
WARNING - 2023-06-25 10:39:22 --> Session: Sessions is enabled, and one exists.Please don't $session->start();
INFO - 2023-06-25 03:40:32 --> Session: Class initialized using 'CodeIgniter\Session\Handlers\FileHandler' driver.
WARNING - 2023-06-25 10:40:32 --> Session: Sessions is enabled, and one exists.Please don't $session->start();
INFO - 2023-06-25 03:40:35 --> Session: Class initialized using 'CodeIgniter\Session\Handlers\FileHandler' driver.
WARNING - 2023-06-25 10:40:35 --> Session: Sessions is enabled, and one exists.Please don't $session->start();
INFO - 2023-06-25 03:40:37 --> Session: Class initialized using 'CodeIgniter\Session\Handlers\FileHandler' driver.
WARNING - 2023-06-25 10:40:37 --> Session: Sessions is enabled, and one exists.Please don't $session->start();
INFO - 2023-06-25 03:40:39 --> Session: Class initialized using 'CodeIgniter\Session\Handlers\FileHandler' driver.
WARNING - 2023-06-25 10:40:39 --> Session: Sessions is enabled, and one exists.Please don't $session->start();
INFO - 2023-06-25 03:40:41 --> Session: Class initialized using 'CodeIgniter\Session\Handlers\FileHandler' driver.
WARNING - 2023-06-25 10:40:41 --> Session: Sessions is enabled, and one exists.Please don't $session->start();
INFO - 2023-06-25 03:41:42 --> Session: Class initialized using 'CodeIgniter\Session\Handlers\FileHandler' driver.
WARNING - 2023-06-25 10:41:42 --> Session: Sessions is enabled, and one exists.Please don't $session->start();
INFO - 2023-06-25 03:41:44 --> Session: Class initialized using 'CodeIgniter\Session\Handlers\FileHandler' driver.
WARNING - 2023-06-25 10:41:44 --> Session: Sessions is enabled, and one exists.Please don't $session->start();
INFO - 2023-06-25 03:41:46 --> Session: Class initialized using 'CodeIgniter\Session\Handlers\FileHandler' driver.
WARNING - 2023-06-25 10:41:46 --> Session: Sessions is enabled, and one exists.Please don't $session->start();
INFO - 2023-06-25 03:45:44 --> Session: Class initialized using 'CodeIgniter\Session\Handlers\FileHandler' driver.
WARNING - 2023-06-25 10:45:44 --> Session: Sessions is enabled, and one exists.Please don't $session->start();
INFO - 2023-06-25 03:45:46 --> Session: Class initialized using 'CodeIgniter\Session\Handlers\FileHandler' driver.
WARNING - 2023-06-25 10:45:46 --> Session: Sessions is enabled, and one exists.Please don't $session->start();
INFO - 2023-06-25 03:45:48 --> Session: Class initialized using 'CodeIgniter\Session\Handlers\FileHandler' driver.
WARNING - 2023-06-25 10:45:48 --> Session: Sessions is enabled, and one exists.Please don't $session->start();
INFO - 2023-06-25 03:46:42 --> Session: Class initialized using 'CodeIgniter\Session\Handlers\FileHandler' driver.
WARNING - 2023-06-25 10:46:42 --> Session: Sessions is enabled, and one exists.Please don't $session->start();
INFO - 2023-06-25 03:46:45 --> Session: Class initialized using 'CodeIgniter\Session\Handlers\FileHandler' driver.
WARNING - 2023-06-25 10:46:45 --> Session: Sessions is enabled, and one exists.Please don't $session->start();
INFO - 2023-06-25 10:46:47 --> Session: Class initialized using 'CodeIgniter\Session\Handlers\FileHandler' driver.
WARNING - 2023-06-25 10:46:47 --> Session: Sessions is enabled, and one exists.Please don't $session->start();
INFO - 2023-06-25 03:46:56 --> Session: Class initialized using 'CodeIgniter\Session\Handlers\FileHandler' driver.
WARNING - 2023-06-25 10:46:56 --> Session: Sessions is enabled, and one exists.Please don't $session->start();
INFO - 2023-06-25 03:46:59 --> Session: Class initialized using 'CodeIgniter\Session\Handlers\FileHandler' driver.
WARNING - 2023-06-25 10:46:59 --> Session: Sessions is enabled, and one exists.Please don't $session->start();
INFO - 2023-06-25 03:48:16 --> Session: Class initialized using 'CodeIgniter\Session\Handlers\FileHandler' driver.
WARNING - 2023-06-25 10:48:16 --> Session: Sessions is enabled, and one exists.Please don't $session->start();
INFO - 2023-06-25 03:48:19 --> Session: Class initialized using 'CodeIgniter\Session\Handlers\FileHandler' driver.
WARNING - 2023-06-25 10:48:19 --> Session: Sessions is enabled, and one exists.Please don't $session->start();
INFO - 2023-06-25 03:49:06 --> Session: Class initialized using 'CodeIgniter\Session\Handlers\FileHandler' driver.
WARNING - 2023-06-25 10:49:06 --> Session: Sessions is enabled, and one exists.Please don't $session->start();
INFO - 2023-06-25 03:49:09 --> Session: Class initialized using 'CodeIgniter\Session\Handlers\FileHandler' driver.
WARNING - 2023-06-25 10:49:09 --> Session: Sessions is enabled, and one exists.Please don't $session->start();
INFO - 2023-06-25 03:49:30 --> Session: Class initialized using 'CodeIgniter\Session\Handlers\FileHandler' driver.
WARNING - 2023-06-25 10:49:30 --> Session: Sessions is enabled, and one exists.Please don't $session->start();
INFO - 2023-06-25 03:49:33 --> Session: Class initialized using 'CodeIgniter\Session\Handlers\FileHandler' driver.
WARNING - 2023-06-25 10:49:33 --> Session: Sessions is enabled, and one exists.Please don't $session->start();
INFO - 2023-06-25 03:49:54 --> Session: Class initialized using 'CodeIgniter\Session\Handlers\FileHandler' driver.
WARNING - 2023-06-25 10:49:54 --> Session: Sessions is enabled, and one exists.Please don't $session->start();
INFO - 2023-06-25 03:49:58 --> Session: Class initialized using 'CodeIgniter\Session\Handlers\FileHandler' driver.
WARNING - 2023-06-25 10:49:58 --> Session: Sessions is enabled, and one exists.Please don't $session->start();
INFO - 2023-06-25 03:50:18 --> Session: Class initialized using 'CodeIgniter\Session\Handlers\FileHandler' driver.
WARNING - 2023-06-25 10:50:18 --> Session: Sessions is enabled, and one exists.Please don't $session->start();
INFO - 2023-06-25 03:50:52 --> Session: Class initialized using 'CodeIgniter\Session\Handlers\FileHandler' driver.
WARNING - 2023-06-25 10:50:52 --> Session: Sessions is enabled, and one exists.Please don't $session->start();
INFO - 2023-06-25 03:51:22 --> Session: Class initialized using 'CodeIgniter\Session\Handlers\FileHandler' driver.
WARNING - 2023-06-25 10:51:22 --> Session: Sessions is enabled, and one exists.Please don't $session->start();
INFO - 2023-06-25 03:51:25 --> Session: Class initialized using 'CodeIgniter\Session\Handlers\FileHandler' driver.
WARNING - 2023-06-25 10:51:25 --> Session: Sessions is enabled, and one exists.Please don't $session->start();
INFO - 2023-06-25 03:51:36 --> Session: Class initialized using 'CodeIgniter\Session\Handlers\FileHandler' driver.
WARNING - 2023-06-25 10:51:36 --> Session: Sessions is enabled, and one exists.Please don't $session->start();
INFO - 2023-06-25 03:51:38 --> Session: Class initialized using 'CodeIgniter\Session\Handlers\FileHandler' driver.
WARNING - 2023-06-25 10:51:38 --> Session: Sessions is enabled, and one exists.Please don't $session->start();
INFO - 2023-06-25 03:51:51 --> Session: Class initialized using 'CodeIgniter\Session\Handlers\FileHandler' driver.
WARNING - 2023-06-25 10:51:51 --> Session: Sessions is enabled, and one exists.Please don't $session->start();
INFO - 2023-06-25 03:51:54 --> Session: Class initialized using 'CodeIgniter\Session\Handlers\FileHandler' driver.
WARNING - 2023-06-25 10:51:54 --> Session: Sessions is enabled, and one exists.Please don't $session->start();
INFO - 2023-06-25 03:52:15 --> Session: Class initialized using 'CodeIgniter\Session\Handlers\FileHandler' driver.
WARNING - 2023-06-25 10:52:15 --> Session: Sessions is enabled, and one exists.Please don't $session->start();
INFO - 2023-06-25 03:52:18 --> Session: Class initialized using 'CodeIgniter\Session\Handlers\FileHandler' driver.
WARNING - 2023-06-25 10:52:18 --> Session: Sessions is enabled, and one exists.Please don't $session->start();
INFO - 2023-06-25 03:52:24 --> Session: Class initialized using 'CodeIgniter\Session\Handlers\FileHandler' driver.
WARNING - 2023-06-25 10:52:24 --> Session: Sessions is enabled, and one exists.Please don't $session->start();
INFO - 2023-06-25 03:52:27 --> Session: Class initialized using 'CodeIgniter\Session\Handlers\FileHandler' driver.
WARNING - 2023-06-25 10:52:27 --> Session: Sessions is enabled, and one exists.Please don't $session->start();
INFO - 2023-06-25 03:54:10 --> Session: Class initialized using 'CodeIgniter\Session\Handlers\FileHandler' driver.
WARNING - 2023-06-25 10:54:10 --> Session: Sessions is enabled, and one exists.Please don't $session->start();
INFO - 2023-06-25 03:54:24 --> Session: Class initialized using 'CodeIgniter\Session\Handlers\FileHandler' driver.
WARNING - 2023-06-25 10:54:24 --> Session: Sessions is enabled, and one exists.Please don't $session->start();
INFO - 2023-06-25 03:54:28 --> Session: Class initialized using 'CodeIgniter\Session\Handlers\FileHandler' driver.
WARNING - 2023-06-25 10:54:28 --> Session: Sessions is enabled, and one exists.Please don't $session->start();
INFO - 2023-06-25 03:55:11 --> Session: Class initialized using 'CodeIgniter\Session\Handlers\FileHandler' driver.
WARNING - 2023-06-25 10:55:11 --> Session: Sessions is enabled, and one exists.Please don't $session->start();
INFO - 2023-06-25 03:55:14 --> Session: Class initialized using 'CodeIgniter\Session\Handlers\FileHandler' driver.
WARNING - 2023-06-25 10:55:14 --> Session: Sessions is enabled, and one exists.Please don't $session->start();
INFO - 2023-06-25 03:58:34 --> Session: Class initialized using 'CodeIgniter\Session\Handlers\FileHandler' driver.
WARNING - 2023-06-25 10:58:34 --> Session: Sessions is enabled, and one exists.Please don't $session->start();
INFO - 2023-06-25 03:58:37 --> Session: Class initialized using 'CodeIgniter\Session\Handlers\FileHandler' driver.
WARNING - 2023-06-25 10:58:37 --> Session: Sessions is enabled, and one exists.Please don't $session->start();
INFO - 2023-06-25 03:59:06 --> Session: Class initialized using 'CodeIgniter\Session\Handlers\FileHandler' driver.
WARNING - 2023-06-25 10:59:06 --> Session: Sessions is enabled, and one exists.Please don't $session->start();
INFO - 2023-06-25 03:59:09 --> Session: Class initialized using 'CodeIgniter\Session\Handlers\FileHandler' driver.
WARNING - 2023-06-25 10:59:09 --> Session: Sessions is enabled, and one exists.Please don't $session->start();
INFO - 2023-06-25 04:01:13 --> Session: Class initialized using 'CodeIgniter\Session\Handlers\FileHandler' driver.
WARNING - 2023-06-25 11:01:13 --> Session: Sessions is enabled, and one exists.Please don't $session->start();
INFO - 2023-06-25 04:01:15 --> Session: Class initialized using 'CodeIgniter\Session\Handlers\FileHandler' driver.
WARNING - 2023-06-25 11:01:15 --> Session: Sessions is enabled, and one exists.Please don't $session->start();
INFO - 2023-06-25 04:04:41 --> Session: Class initialized using 'CodeIgniter\Session\Handlers\FileHandler' driver.
WARNING - 2023-06-25 11:04:41 --> Session: Sessions is enabled, and one exists.Please don't $session->start();
INFO - 2023-06-25 04:04:43 --> Session: Class initialized using 'CodeIgniter\Session\Handlers\FileHandler' driver.
WARNING - 2023-06-25 11:04:43 --> Session: Sessions is enabled, and one exists.Please don't $session->start();
INFO - 2023-06-25 04:05:23 --> Session: Class initialized using 'CodeIgniter\Session\Handlers\FileHandler' driver.
WARNING - 2023-06-25 11:05:23 --> Session: Sessions is enabled, and one exists.Please don't $session->start();
INFO - 2023-06-25 04:05:26 --> Session: Class initialized using 'CodeIgniter\Session\Handlers\FileHandler' driver.
WARNING - 2023-06-25 11:05:26 --> Session: Sessions is enabled, and one exists.Please don't $session->start();
INFO - 2023-06-25 04:07:05 --> Session: Class initialized using 'CodeIgniter\Session\Handlers\FileHandler' driver.
WARNING - 2023-06-25 11:07:05 --> Session: Sessions is enabled, and one exists.Please don't $session->start();
INFO - 2023-06-25 04:07:08 --> Session: Class initialized using 'CodeIgniter\Session\Handlers\FileHandler' driver.
WARNING - 2023-06-25 11:07:08 --> Session: Sessions is enabled, and one exists.Please don't $session->start();
INFO - 2023-06-25 04:07:49 --> Session: Class initialized using 'CodeIgniter\Session\Handlers\FileHandler' driver.
WARNING - 2023-06-25 11:07:49 --> Session: Sessions is enabled, and one exists.Please don't $session->start();
INFO - 2023-06-25 04:07:51 --> Session: Class initialized using 'CodeIgniter\Session\Handlers\FileHandler' driver.
WARNING - 2023-06-25 11:07:51 --> Session: Sessions is enabled, and one exists.Please don't $session->start();
INFO - 2023-06-25 04:08:32 --> Session: Class initialized using 'CodeIgniter\Session\Handlers\FileHandler' driver.
WARNING - 2023-06-25 11:08:32 --> Session: Sessions is enabled, and one exists.Please don't $session->start();
INFO - 2023-06-25 04:08:35 --> Session: Class initialized using 'CodeIgniter\Session\Handlers\FileHandler' driver.
WARNING - 2023-06-25 11:08:35 --> Session: Sessions is enabled, and one exists.Please don't $session->start();
INFO - 2023-06-25 04:10:16 --> Session: Class initialized using 'CodeIgniter\Session\Handlers\FileHandler' driver.
WARNING - 2023-06-25 11:10:16 --> Session: Sessions is enabled, and one exists.Please don't $session->start();
INFO - 2023-06-25 04:10:19 --> Session: Class initialized using 'CodeIgniter\Session\Handlers\FileHandler' driver.
WARNING - 2023-06-25 11:10:19 --> Session: Sessions is enabled, and one exists.Please don't $session->start();
INFO - 2023-06-25 04:12:05 --> Session: Class initialized using 'CodeIgniter\Session\Handlers\FileHandler' driver.
WARNING - 2023-06-25 11:12:05 --> Session: Sessions is enabled, and one exists.Please don't $session->start();
INFO - 2023-06-25 04:12:08 --> Session: Class initialized using 'CodeIgniter\Session\Handlers\FileHandler' driver.
WARNING - 2023-06-25 11:12:08 --> Session: Sessions is enabled, and one exists.Please don't $session->start();
INFO - 2023-06-25 04:13:21 --> Session: Class initialized using 'CodeIgniter\Session\Handlers\FileHandler' driver.
WARNING - 2023-06-25 11:13:21 --> Session: Sessions is enabled, and one exists.Please don't $session->start();
INFO - 2023-06-25 04:13:23 --> Session: Class initialized using 'CodeIgniter\Session\Handlers\FileHandler' driver.
WARNING - 2023-06-25 11:13:23 --> Session: Sessions is enabled, and one exists.Please don't $session->start();
INFO - 2023-06-25 04:13:49 --> Session: Class initialized using 'CodeIgniter\Session\Handlers\FileHandler' driver.
WARNING - 2023-06-25 11:13:49 --> Session: Sessions is enabled, and one exists.Please don't $session->start();
INFO - 2023-06-25 04:13:51 --> Session: Class initialized using 'CodeIgniter\Session\Handlers\FileHandler' driver.
WARNING - 2023-06-25 11:13:51 --> Session: Sessions is enabled, and one exists.Please don't $session->start();
INFO - 2023-06-25 04:14:15 --> Session: Class initialized using 'CodeIgniter\Session\Handlers\FileHandler' driver.
WARNING - 2023-06-25 11:14:15 --> Session: Sessions is enabled, and one exists.Please don't $session->start();
INFO - 2023-06-25 04:14:17 --> Session: Class initialized using 'CodeIgniter\Session\Handlers\FileHandler' driver.
WARNING - 2023-06-25 11:14:17 --> Session: Sessions is enabled, and one exists.Please don't $session->start();
INFO - 2023-06-25 04:15:06 --> Session: Class initialized using 'CodeIgniter\Session\Handlers\FileHandler' driver.
WARNING - 2023-06-25 11:15:06 --> Session: Sessions is enabled, and one exists.Please don't $session->start();
INFO - 2023-06-25 04:15:09 --> Session: Class initialized using 'CodeIgniter\Session\Handlers\FileHandler' driver.
WARNING - 2023-06-25 11:15:09 --> Session: Sessions is enabled, and one exists.Please don't $session->start();
INFO - 2023-06-25 04:16:01 --> Session: Class initialized using 'CodeIgniter\Session\Handlers\FileHandler' driver.
WARNING - 2023-06-25 11:16:01 --> Session: Sessions is enabled, and one exists.Please don't $session->start();
INFO - 2023-06-25 04:16:04 --> Session: Class initialized using 'CodeIgniter\Session\Handlers\FileHandler' driver.
WARNING - 2023-06-25 11:16:04 --> Session: Sessions is enabled, and one exists.Please don't $session->start();
INFO - 2023-06-25 11:16:34 --> Session: Class initialized using 'CodeIgniter\Session\Handlers\FileHandler' driver.
WARNING - 2023-06-25 11:16:34 --> Session: Sessions is enabled, and one exists.Please don't $session->start();
INFO - 2023-06-25 04:16:35 --> Session: Class initialized using 'CodeIgniter\Session\Handlers\FileHandler' driver.
WARNING - 2023-06-25 11:16:35 --> Session: Sessions is enabled, and one exists.Please don't $session->start();
INFO - 2023-06-25 04:16:41 --> Session: Class initialized using 'CodeIgniter\Session\Handlers\FileHandler' driver.
WARNING - 2023-06-25 11:16:42 --> Session: Sessions is enabled, and one exists.Please don't $session->start();
CRITICAL - 2023-06-25 11:16:42 --> Undefined array key "bukti"
in APPPATH\Views\pembiayaan\view_data_detail_pembiayaan.php on line 106.
 1 APPPATH\Views\pembiayaan\view_data_detail_pembiayaan.php(106): CodeIgniter\Debug\Exceptions->errorHandler(2, 'Undefined array key "bukti"', 'APPPATH\\Views\\pembiayaan\\view_data_detail_pembiayaan.php', 106)
 2 SYSTEMPATH\View\View.php(213): include('APPPATH\\Views\\pembiayaan\\view_data_detail_pembiayaan.php')
 3 SYSTEMPATH\View\View.php(216): CodeIgniter\View\View->CodeIgniter\View\{closure}()
 4 SYSTEMPATH\Common.php(1177): CodeIgniter\View\View->render('pembiayaan/view_data_detail_pembiayaan', [], true)
 5 APPPATH\Controllers\Pembiayaan.php(124): view('pembiayaan/view_data_detail_pembiayaan', [...])
 6 SYSTEMPATH\CodeIgniter.php(934): App\Controllers\Pembiayaan->detail('8')
 7 SYSTEMPATH\CodeIgniter.php(499): CodeIgniter\CodeIgniter->runController(Object(App\Controllers\Pembiayaan))
 8 SYSTEMPATH\CodeIgniter.php(368): CodeIgniter\CodeIgniter->handleRequest(null, Object(Config\Cache), false)
 9 FCPATH\index.php(67): CodeIgniter\CodeIgniter->run()
10 SYSTEMPATH\Commands\Server\rewrite.php(47): require_once('FCPATH\\index.php')
INFO - 2023-06-25 04:17:11 --> Session: Class initialized using 'CodeIgniter\Session\Handlers\FileHandler' driver.
WARNING - 2023-06-25 11:17:11 --> Session: Sessions is enabled, and one exists.Please don't $session->start();
INFO - 2023-06-25 04:18:16 --> Session: Class initialized using 'CodeIgniter\Session\Handlers\FileHandler' driver.
WARNING - 2023-06-25 04:18:16 --> Session: Sessions is enabled, and one exists.Please don't $session->start();
INFO - 2023-06-25 04:18:16 --> Session: Class initialized using 'CodeIgniter\Session\Handlers\FileHandler' driver.
WARNING - 2023-06-25 04:18:16 --> Session: Sessions is enabled, and one exists.Please don't $session->start();
INFO - 2023-06-25 04:18:19 --> Session: Class initialized using 'CodeIgniter\Session\Handlers\FileHandler' driver.
WARNING - 2023-06-25 04:18:19 --> Session: Sessions is enabled, and one exists.Please don't $session->start();
INFO - 2023-06-25 04:18:19 --> Session: Class initialized using 'CodeIgniter\Session\Handlers\FileHandler' driver.
WARNING - 2023-06-25 04:18:19 --> Session: Sessions is enabled, and one exists.Please don't $session->start();
INFO - 2023-06-25 04:18:23 --> Session: Class initialized using 'CodeIgniter\Session\Handlers\FileHandler' driver.
WARNING - 2023-06-25 04:18:23 --> Session: Sessions is enabled, and one exists.Please don't $session->start();
INFO - 2023-06-25 04:18:24 --> Session: Class initialized using 'CodeIgniter\Session\Handlers\FileHandler' driver.
WARNING - 2023-06-25 04:18:24 --> Session: Sessions is enabled, and one exists.Please don't $session->start();
WARNING - 2023-06-25 11:18:24 --> Session: Sessions is enabled, and one exists.Please don't $session->start();
INFO - 2023-06-25 04:18:28 --> Session: Class initialized using 'CodeIgniter\Session\Handlers\FileHandler' driver.
WARNING - 2023-06-25 11:18:28 --> Session: Sessions is enabled, and one exists.Please don't $session->start();
INFO - 2023-06-25 11:18:29 --> Session: Class initialized using 'CodeIgniter\Session\Handlers\FileHandler' driver.
WARNING - 2023-06-25 11:18:29 --> Session: Sessions is enabled, and one exists.Please don't $session->start();
INFO - 2023-06-25 11:18:49 --> Session: Class initialized using 'CodeIgniter\Session\Handlers\FileHandler' driver.
WARNING - 2023-06-25 11:18:49 --> Session: Sessions is enabled, and one exists.Please don't $session->start();
INFO - 2023-06-25 11:18:49 --> Session: Class initialized using 'CodeIgniter\Session\Handlers\FileHandler' driver.
WARNING - 2023-06-25 11:18:49 --> Session: Sessions is enabled, and one exists.Please don't $session->start();
INFO - 2023-06-25 04:18:55 --> Session: Class initialized using 'CodeIgniter\Session\Handlers\FileHandler' driver.
WARNING - 2023-06-25 04:18:55 --> Session: Sessions is enabled, and one exists.Please don't $session->start();
INFO - 2023-06-25 04:18:55 --> Session: Class initialized using 'CodeIgniter\Session\Handlers\FileHandler' driver.
WARNING - 2023-06-25 04:18:55 --> Session: Sessions is enabled, and one exists.Please don't $session->start();
INFO - 2023-06-25 04:19:23 --> Session: Class initialized using 'CodeIgniter\Session\Handlers\FileHandler' driver.
WARNING - 2023-06-25 04:19:23 --> Session: Sessions is enabled, and one exists.Please don't $session->start();
INFO - 2023-06-25 04:19:23 --> Session: Class initialized using 'CodeIgniter\Session\Handlers\FileHandler' driver.
WARNING - 2023-06-25 04:19:23 --> Session: Sessions is enabled, and one exists.Please don't $session->start();
WARNING - 2023-06-25 11:19:23 --> Session: Sessions is enabled, and one exists.Please don't $session->start();
INFO - 2023-06-25 04:19:26 --> Session: Class initialized using 'CodeIgniter\Session\Handlers\FileHandler' driver.
WARNING - 2023-06-25 11:19:26 --> Session: Sessions is enabled, and one exists.Please don't $session->start();
INFO - 2023-06-25 04:19:30 --> Session: Class initialized using 'CodeIgniter\Session\Handlers\FileHandler' driver.
WARNING - 2023-06-25 04:19:30 --> Session: Sessions is enabled, and one exists.Please don't $session->start();
INFO - 2023-06-25 04:19:31 --> Session: Class initialized using 'CodeIgniter\Session\Handlers\FileHandler' driver.
WARNING - 2023-06-25 04:19:31 --> Session: Sessions is enabled, and one exists.Please don't $session->start();
INFO - 2023-06-25 04:19:36 --> Session: Class initialized using 'CodeIgniter\Session\Handlers\FileHandler' driver.
WARNING - 2023-06-25 04:19:36 --> Session: Sessions is enabled, and one exists.Please don't $session->start();
INFO - 2023-06-25 04:19:36 --> Session: Class initialized using 'CodeIgniter\Session\Handlers\FileHandler' driver.
WARNING - 2023-06-25 04:19:36 --> Session: Sessions is enabled, and one exists.Please don't $session->start();
WARNING - 2023-06-25 11:19:36 --> Session: Sessions is enabled, and one exists.Please don't $session->start();
INFO - 2023-06-25 04:19:39 --> Session: Class initialized using 'CodeIgniter\Session\Handlers\FileHandler' driver.
WARNING - 2023-06-25 11:19:39 --> Session: Sessions is enabled, and one exists.Please don't $session->start();
INFO - 2023-06-25 04:19:41 --> Session: Class initialized using 'CodeIgniter\Session\Handlers\FileHandler' driver.
WARNING - 2023-06-25 11:19:41 --> Session: Sessions is enabled, and one exists.Please don't $session->start();
CRITICAL - 2023-06-25 11:19:41 --> Undefined array key "bukti"
in APPPATH\Views\pembiayaan\view_data_detail_pembiayaan.php on line 106.
 1 APPPATH\Views\pembiayaan\view_data_detail_pembiayaan.php(106): CodeIgniter\Debug\Exceptions->errorHandler(2, 'Undefined array key "bukti"', 'APPPATH\\Views\\pembiayaan\\view_data_detail_pembiayaan.php', 106)
 2 SYSTEMPATH\View\View.php(213): include('APPPATH\\Views\\pembiayaan\\view_data_detail_pembiayaan.php')
 3 SYSTEMPATH\View\View.php(216): CodeIgniter\View\View->CodeIgniter\View\{closure}()
 4 SYSTEMPATH\Common.php(1177): CodeIgniter\View\View->render('pembiayaan/view_data_detail_pembiayaan', [], true)
 5 APPPATH\Controllers\Pembiayaan.php(124): view('pembiayaan/view_data_detail_pembiayaan', [...])
 6 SYSTEMPATH\CodeIgniter.php(934): App\Controllers\Pembiayaan->detail('8')
 7 SYSTEMPATH\CodeIgniter.php(499): CodeIgniter\CodeIgniter->runController(Object(App\Controllers\Pembiayaan))
 8 SYSTEMPATH\CodeIgniter.php(368): CodeIgniter\CodeIgniter->handleRequest(null, Object(Config\Cache), false)
 9 FCPATH\index.php(67): CodeIgniter\CodeIgniter->run()
10 SYSTEMPATH\Commands\Server\rewrite.php(47): require_once('FCPATH\\index.php')
INFO - 2023-06-25 04:19:42 --> Session: Class initialized using 'CodeIgniter\Session\Handlers\FileHandler' driver.
WARNING - 2023-06-25 11:19:42 --> Session: Sessions is enabled, and one exists.Please don't $session->start();
INFO - 2023-06-25 04:19:43 --> Session: Class initialized using 'CodeIgniter\Session\Handlers\FileHandler' driver.
WARNING - 2023-06-25 11:19:43 --> Session: Sessions is enabled, and one exists.Please don't $session->start();
INFO - 2023-06-25 04:19:46 --> Session: Class initialized using 'CodeIgniter\Session\Handlers\FileHandler' driver.
WARNING - 2023-06-25 11:19:46 --> Session: Sessions is enabled, and one exists.Please don't $session->start();
INFO - 2023-06-25 04:20:03 --> Session: Class initialized using 'CodeIgniter\Session\Handlers\FileHandler' driver.
WARNING - 2023-06-25 11:20:03 --> Session: Sessions is enabled, and one exists.Please don't $session->start();
INFO - 2023-06-25 04:20:05 --> Session: Class initialized using 'CodeIgniter\Session\Handlers\FileHandler' driver.
WARNING - 2023-06-25 11:20:05 --> Session: Sessions is enabled, and one exists.Please don't $session->start();
INFO - 2023-06-25 11:20:49 --> Session: Class initialized using 'CodeIgniter\Session\Handlers\FileHandler' driver.
WARNING - 2023-06-25 11:20:49 --> Session: Sessions is enabled, and one exists.Please don't $session->start();
INFO - 2023-06-25 04:20:49 --> Session: Class initialized using 'CodeIgniter\Session\Handlers\FileHandler' driver.
WARNING - 2023-06-25 11:20:49 --> Session: Sessions is enabled, and one exists.Please don't $session->start();
INFO - 2023-06-25 04:21:03 --> Session: Class initialized using 'CodeIgniter\Session\Handlers\FileHandler' driver.
WARNING - 2023-06-25 04:21:03 --> Session: Sessions is enabled, and one exists.Please don't $session->start();
INFO - 2023-06-25 04:21:08 --> Session: Class initialized using 'CodeIgniter\Session\Handlers\FileHandler' driver.
WARNING - 2023-06-25 04:21:08 --> Session: Sessions is enabled, and one exists.Please don't $session->start();
INFO - 2023-06-25 04:21:09 --> Session: Class initialized using 'CodeIgniter\Session\Handlers\FileHandler' driver.
WARNING - 2023-06-25 04:21:09 --> Session: Sessions is enabled, and one exists.Please don't $session->start();
WARNING - 2023-06-25 11:21:09 --> Session: Sessions is enabled, and one exists.Please don't $session->start();
INFO - 2023-06-25 04:21:11 --> Session: Class initialized using 'CodeIgniter\Session\Handlers\FileHandler' driver.
WARNING - 2023-06-25 11:21:11 --> Session: Sessions is enabled, and one exists.Please don't $session->start();
INFO - 2023-06-25 04:21:14 --> Session: Class initialized using 'CodeIgniter\Session\Handlers\FileHandler' driver.
WARNING - 2023-06-25 11:21:14 --> Session: Sessions is enabled, and one exists.Please don't $session->start();
INFO - 2023-06-25 11:21:14 --> Session: Class initialized using 'CodeIgniter\Session\Handlers\FileHandler' driver.
WARNING - 2023-06-25 11:21:14 --> Session: Sessions is enabled, and one exists.Please don't $session->start();
INFO - 2023-06-25 04:21:23 --> Session: Class initialized using 'CodeIgniter\Session\Handlers\FileHandler' driver.
WARNING - 2023-06-25 11:21:23 --> Session: Sessions is enabled, and one exists.Please don't $session->start();
CRITICAL - 2023-06-25 11:21:23 --> Undefined array key "bukti"
in APPPATH\Views\pembiayaan\view_data_detail_pembiayaan.php on line 106.
 1 APPPATH\Views\pembiayaan\view_data_detail_pembiayaan.php(106): CodeIgniter\Debug\Exceptions->errorHandler(2, 'Undefined array key "bukti"', 'APPPATH\\Views\\pembiayaan\\view_data_detail_pembiayaan.php', 106)
 2 SYSTEMPATH\View\View.php(213): include('APPPATH\\Views\\pembiayaan\\view_data_detail_pembiayaan.php')
 3 SYSTEMPATH\View\View.php(216): CodeIgniter\View\View->CodeIgniter\View\{closure}()
 4 SYSTEMPATH\Common.php(1177): CodeIgniter\View\View->render('pembiayaan/view_data_detail_pembiayaan', [], true)
 5 APPPATH\Controllers\Pembiayaan.php(124): view('pembiayaan/view_data_detail_pembiayaan', [...])
 6 SYSTEMPATH\CodeIgniter.php(934): App\Controllers\Pembiayaan->detail('8')
 7 SYSTEMPATH\CodeIgniter.php(499): CodeIgniter\CodeIgniter->runController(Object(App\Controllers\Pembiayaan))
 8 SYSTEMPATH\CodeIgniter.php(368): CodeIgniter\CodeIgniter->handleRequest(null, Object(Config\Cache), false)
 9 FCPATH\index.php(67): CodeIgniter\CodeIgniter->run()
10 SYSTEMPATH\Commands\Server\rewrite.php(47): require_once('FCPATH\\index.php')
INFO - 2023-06-25 04:22:19 --> Session: Class initialized using 'CodeIgniter\Session\Handlers\FileHandler' driver.
WARNING - 2023-06-25 11:22:19 --> Session: Sessions is enabled, and one exists.Please don't $session->start();
INFO - 2023-06-25 04:22:24 --> Session: Class initialized using 'CodeIgniter\Session\Handlers\FileHandler' driver.
WARNING - 2023-06-25 11:22:24 --> Session: Sessions is enabled, and one exists.Please don't $session->start();
INFO - 2023-06-25 04:24:18 --> Session: Class initialized using 'CodeIgniter\Session\Handlers\FileHandler' driver.
WARNING - 2023-06-25 11:24:18 --> Session: Sessions is enabled, and one exists.Please don't $session->start();
INFO - 2023-06-25 11:24:19 --> Session: Class initialized using 'CodeIgniter\Session\Handlers\FileHandler' driver.
WARNING - 2023-06-25 11:24:19 --> Session: Sessions is enabled, and one exists.Please don't $session->start();
INFO - 2023-06-25 04:27:20 --> Session: Class initialized using 'CodeIgniter\Session\Handlers\FileHandler' driver.
WARNING - 2023-06-25 11:27:20 --> Session: Sessions is enabled, and one exists.Please don't $session->start();
INFO - 2023-06-25 11:27:21 --> Session: Class initialized using 'CodeIgniter\Session\Handlers\FileHandler' driver.
WARNING - 2023-06-25 11:27:21 --> Session: Sessions is enabled, and one exists.Please don't $session->start();
INFO - 2023-06-25 04:28:50 --> Session: Class initialized using 'CodeIgniter\Session\Handlers\FileHandler' driver.
WARNING - 2023-06-25 11:28:50 --> Session: Sessions is enabled, and one exists.Please don't $session->start();
INFO - 2023-06-25 11:28:50 --> Session: Class initialized using 'CodeIgniter\Session\Handlers\FileHandler' driver.
WARNING - 2023-06-25 11:28:50 --> Session: Sessions is enabled, and one exists.Please don't $session->start();
INFO - 2023-06-25 04:29:16 --> Session: Class initialized using 'CodeIgniter\Session\Handlers\FileHandler' driver.
WARNING - 2023-06-25 11:29:16 --> Session: Sessions is enabled, and one exists.Please don't $session->start();
INFO - 2023-06-25 11:29:17 --> Session: Class initialized using 'CodeIgniter\Session\Handlers\FileHandler' driver.
WARNING - 2023-06-25 11:29:17 --> Session: Sessions is enabled, and one exists.Please don't $session->start();
INFO - 2023-06-25 04:30:11 --> Session: Class initialized using 'CodeIgniter\Session\Handlers\FileHandler' driver.
WARNING - 2023-06-25 11:30:11 --> Session: Sessions is enabled, and one exists.Please don't $session->start();
INFO - 2023-06-25 11:30:12 --> Session: Class initialized using 'CodeIgniter\Session\Handlers\FileHandler' driver.
WARNING - 2023-06-25 11:30:12 --> Session: Sessions is enabled, and one exists.Please don't $session->start();
INFO - 2023-06-25 04:35:14 --> Session: Class initialized using 'CodeIgniter\Session\Handlers\FileHandler' driver.
WARNING - 2023-06-25 11:35:14 --> Session: Sessions is enabled, and one exists.Please don't $session->start();
INFO - 2023-06-25 11:35:15 --> Session: Class initialized using 'CodeIgniter\Session\Handlers\FileHandler' driver.
WARNING - 2023-06-25 11:35:15 --> Session: Sessions is enabled, and one exists.Please don't $session->start();
INFO - 2023-06-25 11:37:27 --> Session: Class initialized using 'CodeIgniter\Session\Handlers\FileHandler' driver.
WARNING - 2023-06-25 11:37:27 --> Session: Sessions is enabled, and one exists.Please don't $session->start();
INFO - 2023-06-25 04:37:27 --> Session: Class initialized using 'CodeIgniter\Session\Handlers\FileHandler' driver.
WARNING - 2023-06-25 11:37:27 --> Session: Sessions is enabled, and one exists.Please don't $session->start();
INFO - 2023-06-25 11:37:27 --> Session: Class initialized using 'CodeIgniter\Session\Handlers\FileHandler' driver.
WARNING - 2023-06-25 11:37:27 --> Session: Sessions is enabled, and one exists.Please don't $session->start();
INFO - 2023-06-25 04:38:22 --> Session: Class initialized using 'CodeIgniter\Session\Handlers\FileHandler' driver.
WARNING - 2023-06-25 11:38:22 --> Session: Sessions is enabled, and one exists.Please don't $session->start();
INFO - 2023-06-25 11:38:23 --> Session: Class initialized using 'CodeIgniter\Session\Handlers\FileHandler' driver.
WARNING - 2023-06-25 11:38:23 --> Session: Sessions is enabled, and one exists.Please don't $session->start();
INFO - 2023-06-25 04:40:06 --> Session: Class initialized using 'CodeIgniter\Session\Handlers\FileHandler' driver.
WARNING - 2023-06-25 11:40:06 --> Session: Sessions is enabled, and one exists.Please don't $session->start();
INFO - 2023-06-25 11:40:07 --> Session: Class initialized using 'CodeIgniter\Session\Handlers\FileHandler' driver.
WARNING - 2023-06-25 11:40:07 --> Session: Sessions is enabled, and one exists.Please don't $session->start();
INFO - 2023-06-25 11:40:09 --> Session: Class initialized using 'CodeIgniter\Session\Handlers\FileHandler' driver.
WARNING - 2023-06-25 11:40:09 --> Session: Sessions is enabled, and one exists.Please don't $session->start();
INFO - 2023-06-25 04:40:16 --> Session: Class initialized using 'CodeIgniter\Session\Handlers\FileHandler' driver.
WARNING - 2023-06-25 11:40:17 --> Session: Sessions is enabled, and one exists.Please don't $session->start();
INFO - 2023-06-25 11:40:17 --> Session: Class initialized using 'CodeIgniter\Session\Handlers\FileHandler' driver.
WARNING - 2023-06-25 11:40:17 --> Session: Sessions is enabled, and one exists.Please don't $session->start();
INFO - 2023-06-25 04:40:19 --> Session: Class initialized using 'CodeIgniter\Session\Handlers\FileHandler' driver.
WARNING - 2023-06-25 11:40:19 --> Session: Sessions is enabled, and one exists.Please don't $session->start();
INFO - 2023-06-25 11:40:20 --> Session: Class initialized using 'CodeIgniter\Session\Handlers\FileHandler' driver.
WARNING - 2023-06-25 11:40:20 --> Session: Sessions is enabled, and one exists.Please don't $session->start();
INFO - 2023-06-25 04:40:32 --> Session: Class initialized using 'CodeIgniter\Session\Handlers\FileHandler' driver.
WARNING - 2023-06-25 11:40:32 --> Session: Sessions is enabled, and one exists.Please don't $session->start();
INFO - 2023-06-25 11:40:33 --> Session: Class initialized using 'CodeIgniter\Session\Handlers\FileHandler' driver.
WARNING - 2023-06-25 11:40:33 --> Session: Sessions is enabled, and one exists.Please don't $session->start();
INFO - 2023-06-25 04:40:39 --> Session: Class initialized using 'CodeIgniter\Session\Handlers\FileHandler' driver.
WARNING - 2023-06-25 11:40:39 --> Session: Sessions is enabled, and one exists.Please don't $session->start();
INFO - 2023-06-25 11:40:40 --> Session: Class initialized using 'CodeIgniter\Session\Handlers\FileHandler' driver.
WARNING - 2023-06-25 11:40:40 --> Session: Sessions is enabled, and one exists.Please don't $session->start();
INFO - 2023-06-25 11:40:42 --> Session: Class initialized using 'CodeIgniter\Session\Handlers\FileHandler' driver.
WARNING - 2023-06-25 11:40:42 --> Session: Sessions is enabled, and one exists.Please don't $session->start();
INFO - 2023-06-25 04:42:46 --> Session: Class initialized using 'CodeIgniter\Session\Handlers\FileHandler' driver.
WARNING - 2023-06-25 11:42:46 --> Session: Sessions is enabled, and one exists.Please don't $session->start();
INFO - 2023-06-25 11:42:46 --> Session: Class initialized using 'CodeIgniter\Session\Handlers\FileHandler' driver.
WARNING - 2023-06-25 11:42:46 --> Session: Sessions is enabled, and one exists.Please don't $session->start();
INFO - 2023-06-25 04:42:47 --> Session: Class initialized using 'CodeIgniter\Session\Handlers\FileHandler' driver.
WARNING - 2023-06-25 11:42:47 --> Session: Sessions is enabled, and one exists.Please don't $session->start();
INFO - 2023-06-25 11:42:48 --> Session: Class initialized using 'CodeIgniter\Session\Handlers\FileHandler' driver.
WARNING - 2023-06-25 11:42:48 --> Session: Sessions is enabled, and one exists.Please don't $session->start();
INFO - 2023-06-25 04:43:00 --> Session: Class initialized using 'CodeIgniter\Session\Handlers\FileHandler' driver.
WARNING - 2023-06-25 11:43:00 --> Session: Sessions is enabled, and one exists.Please don't $session->start();
INFO - 2023-06-25 11:43:00 --> Session: Class initialized using 'CodeIgniter\Session\Handlers\FileHandler' driver.
WARNING - 2023-06-25 11:43:00 --> Session: Sessions is enabled, and one exists.Please don't $session->start();
INFO - 2023-06-25 06:55:00 --> Session: Class initialized using 'CodeIgniter\Session\Handlers\FileHandler' driver.
INFO - 2023-06-25 06:55:00 --> Session: Class initialized using 'CodeIgniter\Session\Handlers\FileHandler' driver.
WARNING - 2023-06-25 06:55:00 --> Session: Sessions is enabled, and one exists.Please don't $session->start();
INFO - 2023-06-25 06:55:05 --> Session: Class initialized using 'CodeIgniter\Session\Handlers\FileHandler' driver.
WARNING - 2023-06-25 06:55:05 --> Session: Sessions is enabled, and one exists.Please don't $session->start();
INFO - 2023-06-25 06:55:05 --> Session: Class initialized using 'CodeIgniter\Session\Handlers\FileHandler' driver.
WARNING - 2023-06-25 06:55:05 --> Session: Sessions is enabled, and one exists.Please don't $session->start();
WARNING - 2023-06-25 13:55:05 --> Session: Sessions is enabled, and one exists.Please don't $session->start();
INFO - 2023-06-25 06:55:13 --> Session: Class initialized using 'CodeIgniter\Session\Handlers\FileHandler' driver.
WARNING - 2023-06-25 13:55:13 --> Session: Sessions is enabled, and one exists.Please don't $session->start();
INFO - 2023-06-25 06:55:17 --> Session: Class initialized using 'CodeIgniter\Session\Handlers\FileHandler' driver.
WARNING - 2023-06-25 13:55:17 --> Session: Sessions is enabled, and one exists.Please don't $session->start();
INFO - 2023-06-25 13:55:18 --> Session: Class initialized using 'CodeIgniter\Session\Handlers\FileHandler' driver.
WARNING - 2023-06-25 13:55:18 --> Session: Sessions is enabled, and one exists.Please don't $session->start();
INFO - 2023-06-25 13:55:26 --> Session: Class initialized using 'CodeIgniter\Session\Handlers\FileHandler' driver.
WARNING - 2023-06-25 13:55:26 --> Session: Sessions is enabled, and one exists.Please don't $session->start();
INFO - 2023-06-25 06:55:26 --> Session: Class initialized using 'CodeIgniter\Session\Handlers\FileHandler' driver.
WARNING - 2023-06-25 13:55:26 --> Session: Sessions is enabled, and one exists.Please don't $session->start();
INFO - 2023-06-25 13:55:27 --> Session: Class initialized using 'CodeIgniter\Session\Handlers\FileHandler' driver.
WARNING - 2023-06-25 13:55:27 --> Session: Sessions is enabled, and one exists.Please don't $session->start();
INFO - 2023-06-25 06:55:47 --> Session: Class initialized using 'CodeIgniter\Session\Handlers\FileHandler' driver.
WARNING - 2023-06-25 13:55:47 --> Session: Sessions is enabled, and one exists.Please don't $session->start();
INFO - 2023-06-25 13:55:48 --> Session: Class initialized using 'CodeIgniter\Session\Handlers\FileHandler' driver.
WARNING - 2023-06-25 13:55:48 --> Session: Sessions is enabled, and one exists.Please don't $session->start();
INFO - 2023-06-25 06:57:00 --> Session: Class initialized using 'CodeIgniter\Session\Handlers\FileHandler' driver.
WARNING - 2023-06-25 06:57:00 --> Session: Sessions is enabled, and one exists.Please don't $session->start();
INFO - 2023-06-25 06:57:01 --> Session: Class initialized using 'CodeIgniter\Session\Handlers\FileHandler' driver.
WARNING - 2023-06-25 06:57:01 --> Session: Sessions is enabled, and one exists.Please don't $session->start();
INFO - 2023-06-25 06:57:22 --> Session: Class initialized using 'CodeIgniter\Session\Handlers\FileHandler' driver.
WARNING - 2023-06-25 06:57:22 --> Session: Sessions is enabled, and one exists.Please don't $session->start();
INFO - 2023-06-25 06:57:22 --> Session: Class initialized using 'CodeIgniter\Session\Handlers\FileHandler' driver.
WARNING - 2023-06-25 06:57:22 --> Session: Sessions is enabled, and one exists.Please don't $session->start();
WARNING - 2023-06-25 13:57:22 --> Session: Sessions is enabled, and one exists.Please don't $session->start();
INFO - 2023-06-25 06:57:24 --> Session: Class initialized using 'CodeIgniter\Session\Handlers\FileHandler' driver.
WARNING - 2023-06-25 13:57:24 --> Session: Sessions is enabled, and one exists.Please don't $session->start();
INFO - 2023-06-25 06:57:40 --> Session: Class initialized using 'CodeIgniter\Session\Handlers\FileHandler' driver.
WARNING - 2023-06-25 13:57:41 --> Session: Sessions is enabled, and one exists.Please don't $session->start();
INFO - 2023-06-25 06:57:49 --> Session: Class initialized using 'CodeIgniter\Session\Handlers\FileHandler' driver.
WARNING - 2023-06-25 13:57:49 --> Session: Sessions is enabled, and one exists.Please don't $session->start();
INFO - 2023-06-25 07:03:41 --> Session: Class initialized using 'CodeIgniter\Session\Handlers\FileHandler' driver.
WARNING - 2023-06-25 14:03:41 --> Session: Sessions is enabled, and one exists.Please don't $session->start();
INFO - 2023-06-25 07:03:43 --> Session: Class initialized using 'CodeIgniter\Session\Handlers\FileHandler' driver.
WARNING - 2023-06-25 14:03:43 --> Session: Sessions is enabled, and one exists.Please don't $session->start();
INFO - 2023-06-25 07:04:30 --> Session: Class initialized using 'CodeIgniter\Session\Handlers\FileHandler' driver.
WARNING - 2023-06-25 14:04:30 --> Session: Sessions is enabled, and one exists.Please don't $session->start();
INFO - 2023-06-25 07:06:07 --> Session: Class initialized using 'CodeIgniter\Session\Handlers\FileHandler' driver.
WARNING - 2023-06-25 14:06:07 --> Session: Sessions is enabled, and one exists.Please don't $session->start();
INFO - 2023-06-25 07:06:14 --> Session: Class initialized using 'CodeIgniter\Session\Handlers\FileHandler' driver.
WARNING - 2023-06-25 14:06:14 --> Session: Sessions is enabled, and one exists.Please don't $session->start();
CRITICAL - 2023-06-25 14:06:14 --> Undefined variable $id_user
in APPPATH\Views\pembiayaan\anggota_add_data_pembiayaan.php on line 55.
 1 APPPATH\Views\pembiayaan\anggota_add_data_pembiayaan.php(55): CodeIgniter\Debug\Exceptions->errorHandler(2, 'Undefined variable $id_user', 'APPPATH\\Views\\pembiayaan\\anggota_add_data_pembiayaan.php', 55)
 2 SYSTEMPATH\View\View.php(213): include('APPPATH\\Views\\pembiayaan\\anggota_add_data_pembiayaan.php')
 3 SYSTEMPATH\View\View.php(216): CodeIgniter\View\View->CodeIgniter\View\{closure}()
 4 SYSTEMPATH\Common.php(1177): CodeIgniter\View\View->render('pembiayaan/anggota_add_data_pembiayaan', [], true)
 5 APPPATH\Controllers\Pembiayaan.php(178): view('pembiayaan/anggota_add_data_pembiayaan', [...])
 6 SYSTEMPATH\CodeIgniter.php(934): App\Controllers\Pembiayaan->anggota_add()
 7 SYSTEMPATH\CodeIgniter.php(499): CodeIgniter\CodeIgniter->runController(Object(App\Controllers\Pembiayaan))
 8 SYSTEMPATH\CodeIgniter.php(368): CodeIgniter\CodeIgniter->handleRequest(null, Object(Config\Cache), false)
 9 FCPATH\index.php(67): CodeIgniter\CodeIgniter->run()
10 SYSTEMPATH\Commands\Server\rewrite.php(47): require_once('FCPATH\\index.php')
INFO - 2023-06-25 07:06:22 --> Session: Class initialized using 'CodeIgniter\Session\Handlers\FileHandler' driver.
WARNING - 2023-06-25 14:06:22 --> Session: Sessions is enabled, and one exists.Please don't $session->start();
INFO - 2023-06-25 07:06:34 --> Session: Class initialized using 'CodeIgniter\Session\Handlers\FileHandler' driver.
WARNING - 2023-06-25 14:06:34 --> Session: Sessions is enabled, and one exists.Please don't $session->start();
INFO - 2023-06-25 07:08:31 --> Session: Class initialized using 'CodeIgniter\Session\Handlers\FileHandler' driver.
WARNING - 2023-06-25 14:08:31 --> Session: Sessions is enabled, and one exists.Please don't $session->start();
INFO - 2023-06-25 07:08:32 --> Session: Class initialized using 'CodeIgniter\Session\Handlers\FileHandler' driver.
WARNING - 2023-06-25 14:08:32 --> Session: Sessions is enabled, and one exists.Please don't $session->start();
INFO - 2023-06-25 07:09:04 --> Session: Class initialized using 'CodeIgniter\Session\Handlers\FileHandler' driver.
WARNING - 2023-06-25 14:09:04 --> Session: Sessions is enabled, and one exists.Please don't $session->start();
INFO - 2023-06-25 07:09:45 --> Session: Class initialized using 'CodeIgniter\Session\Handlers\FileHandler' driver.
WARNING - 2023-06-25 14:09:45 --> Session: Sessions is enabled, and one exists.Please don't $session->start();
INFO - 2023-06-25 07:09:46 --> Session: Class initialized using 'CodeIgniter\Session\Handlers\FileHandler' driver.
WARNING - 2023-06-25 14:09:46 --> Session: Sessions is enabled, and one exists.Please don't $session->start();
INFO - 2023-06-25 07:13:01 --> Session: Class initialized using 'CodeIgniter\Session\Handlers\FileHandler' driver.
WARNING - 2023-06-25 14:13:01 --> Session: Sessions is enabled, and one exists.Please don't $session->start();
INFO - 2023-06-25 07:13:02 --> Session: Class initialized using 'CodeIgniter\Session\Handlers\FileHandler' driver.
WARNING - 2023-06-25 14:13:03 --> Session: Sessions is enabled, and one exists.Please don't $session->start();
INFO - 2023-06-25 07:13:15 --> Session: Class initialized using 'CodeIgniter\Session\Handlers\FileHandler' driver.
WARNING - 2023-06-25 14:13:15 --> Session: Sessions is enabled, and one exists.Please don't $session->start();
INFO - 2023-06-25 07:13:17 --> Session: Class initialized using 'CodeIgniter\Session\Handlers\FileHandler' driver.
WARNING - 2023-06-25 14:13:17 --> Session: Sessions is enabled, and one exists.Please don't $session->start();
INFO - 2023-06-25 07:21:40 --> Session: Class initialized using 'CodeIgniter\Session\Handlers\FileHandler' driver.
WARNING - 2023-06-25 14:21:40 --> Session: Sessions is enabled, and one exists.Please don't $session->start();
INFO - 2023-06-25 07:21:41 --> Session: Class initialized using 'CodeIgniter\Session\Handlers\FileHandler' driver.
WARNING - 2023-06-25 14:21:41 --> Session: Sessions is enabled, and one exists.Please don't $session->start();
INFO - 2023-06-25 14:21:49 --> Session: Class initialized using 'CodeIgniter\Session\Handlers\FileHandler' driver.
WARNING - 2023-06-25 14:21:49 --> Session: Sessions is enabled, and one exists.Please don't $session->start();
ERROR - 2023-06-25 14:21:49 --> mysqli_sql_exception: Unknown column 'status_pengajuan' in 'where clause' in C:\xampp\htdocs\koperasi\vendor\codeigniter4\framework\system\Database\MySQLi\Connection.php:295
Stack trace:
#0 C:\xampp\htdocs\koperasi\vendor\codeigniter4\framework\system\Database\MySQLi\Connection.php(295): mysqli->query('SELECT *\nFROM `...', 0)
#1 C:\xampp\htdocs\koperasi\vendor\codeigniter4\framework\system\Database\BaseConnection.php(691): CodeIgniter\Database\MySQLi\Connection->execute('SELECT *\nFROM `...')
#2 C:\xampp\htdocs\koperasi\vendor\codeigniter4\framework\system\Database\BaseConnection.php(605): CodeIgniter\Database\BaseConnection->simpleQuery('SELECT *\nFROM `...')
#3 C:\xampp\htdocs\koperasi\vendor\codeigniter4\framework\system\Database\BaseBuilder.php(1601): CodeIgniter\Database\BaseConnection->query('SELECT *\nFROM `...', Array, false)
#4 C:\xampp\htdocs\koperasi\vendor\codeigniter4\framework\system\Model.php(838): CodeIgniter\Database\BaseBuilder->get()
#5 C:\xampp\htdocs\koperasi\app\Controllers\Pembiayaan.php(183): CodeIgniter\Model->__call('get', Array)
#6 C:\xampp\htdocs\koperasi\vendor\codeigniter4\framework\system\CodeIgniter.php(934): App\Controllers\Pembiayaan->anggota_create()
#7 C:\xampp\htdocs\koperasi\vendor\codeigniter4\framework\system\CodeIgniter.php(499): CodeIgniter\CodeIgniter->runController(Object(App\Controllers\Pembiayaan))
#8 C:\xampp\htdocs\koperasi\vendor\codeigniter4\framework\system\CodeIgniter.php(368): CodeIgniter\CodeIgniter->handleRequest(NULL, Object(Config\Cache), false)
#9 C:\xampp\htdocs\koperasi\public\index.php(67): CodeIgniter\CodeIgniter->run()
#10 C:\xampp\htdocs\koperasi\vendor\codeigniter4\framework\system\Commands\Server\rewrite.php(47): require_once('C:\\xampp\\htdocs...')
#11 {main}
CRITICAL - 2023-06-25 14:21:49 --> Unknown column 'status_pengajuan' in 'where clause'
in SYSTEMPATH\Database\BaseConnection.php on line 645.
 1 SYSTEMPATH\Database\BaseBuilder.php(1601): CodeIgniter\Database\BaseConnection->query('SELECT *
FROM `pembiayaan`
WHERE `user_id` = :user_id:
AND `status_pengajuan` = :status_pengajuan:', [...], false)
 2 SYSTEMPATH\Model.php(838): CodeIgniter\Database\BaseBuilder->get()
 3 APPPATH\Controllers\Pembiayaan.php(183): CodeIgniter\Model->__call('get', [])
 4 SYSTEMPATH\CodeIgniter.php(934): App\Controllers\Pembiayaan->anggota_create()
 5 SYSTEMPATH\CodeIgniter.php(499): CodeIgniter\CodeIgniter->runController(Object(App\Controllers\Pembiayaan))
 6 SYSTEMPATH\CodeIgniter.php(368): CodeIgniter\CodeIgniter->handleRequest(null, Object(Config\Cache), false)
 7 FCPATH\index.php(67): CodeIgniter\CodeIgniter->run()
 8 SYSTEMPATH\Commands\Server\rewrite.php(47): require_once('FCPATH\\index.php')
INFO - 2023-06-25 14:22:33 --> Session: Class initialized using 'CodeIgniter\Session\Handlers\FileHandler' driver.
WARNING - 2023-06-25 14:22:33 --> Session: Sessions is enabled, and one exists.Please don't $session->start();
INFO - 2023-06-25 07:22:33 --> Session: Class initialized using 'CodeIgniter\Session\Handlers\FileHandler' driver.
WARNING - 2023-06-25 14:22:33 --> Session: Sessions is enabled, and one exists.Please don't $session->start();
INFO - 2023-06-25 07:22:36 --> Session: Class initialized using 'CodeIgniter\Session\Handlers\FileHandler' driver.
WARNING - 2023-06-25 14:22:36 --> Session: Sessions is enabled, and one exists.Please don't $session->start();
INFO - 2023-06-25 07:22:38 --> Session: Class initialized using 'CodeIgniter\Session\Handlers\FileHandler' driver.
WARNING - 2023-06-25 14:22:38 --> Session: Sessions is enabled, and one exists.Please don't $session->start();
INFO - 2023-06-25 14:22:44 --> Session: Class initialized using 'CodeIgniter\Session\Handlers\FileHandler' driver.
WARNING - 2023-06-25 14:22:44 --> Session: Sessions is enabled, and one exists.Please don't $session->start();
INFO - 2023-06-25 07:22:44 --> Session: Class initialized using 'CodeIgniter\Session\Handlers\FileHandler' driver.
WARNING - 2023-06-25 14:22:44 --> Session: Sessions is enabled, and one exists.Please don't $session->start();
INFO - 2023-06-25 07:23:05 --> Session: Class initialized using 'CodeIgniter\Session\Handlers\FileHandler' driver.
WARNING - 2023-06-25 14:23:05 --> Session: Sessions is enabled, and one exists.Please don't $session->start();
INFO - 2023-06-25 07:23:07 --> Session: Class initialized using 'CodeIgniter\Session\Handlers\FileHandler' driver.
WARNING - 2023-06-25 14:23:07 --> Session: Sessions is enabled, and one exists.Please don't $session->start();
INFO - 2023-06-25 07:23:09 --> Session: Class initialized using 'CodeIgniter\Session\Handlers\FileHandler' driver.
WARNING - 2023-06-25 14:23:09 --> Session: Sessions is enabled, and one exists.Please don't $session->start();
INFO - 2023-06-25 14:23:14 --> Session: Class initialized using 'CodeIgniter\Session\Handlers\FileHandler' driver.
WARNING - 2023-06-25 14:23:14 --> Session: Sessions is enabled, and one exists.Please don't $session->start();
INFO - 2023-06-25 07:23:14 --> Session: Class initialized using 'CodeIgniter\Session\Handlers\FileHandler' driver.
WARNING - 2023-06-25 14:23:14 --> Session: Sessions is enabled, and one exists.Please don't $session->start();
INFO - 2023-06-25 07:24:47 --> Session: Class initialized using 'CodeIgniter\Session\Handlers\FileHandler' driver.
WARNING - 2023-06-25 14:24:47 --> Session: Sessions is enabled, and one exists.Please don't $session->start();
INFO - 2023-06-25 07:25:06 --> Session: Class initialized using 'CodeIgniter\Session\Handlers\FileHandler' driver.
WARNING - 2023-06-25 14:25:06 --> Session: Sessions is enabled, and one exists.Please don't $session->start();
INFO - 2023-06-25 07:25:41 --> Session: Class initialized using 'CodeIgniter\Session\Handlers\FileHandler' driver.
WARNING - 2023-06-25 14:25:41 --> Session: Sessions is enabled, and one exists.Please don't $session->start();
INFO - 2023-06-25 07:26:01 --> Session: Class initialized using 'CodeIgniter\Session\Handlers\FileHandler' driver.
INFO - 2023-06-25 07:26:01 --> Session: Class initialized using 'CodeIgniter\Session\Handlers\FileHandler' driver.
WARNING - 2023-06-25 07:26:01 --> Session: Sessions is enabled, and one exists.Please don't $session->start();
INFO - 2023-06-25 07:26:06 --> Session: Class initialized using 'CodeIgniter\Session\Handlers\FileHandler' driver.
WARNING - 2023-06-25 07:26:06 --> Session: Sessions is enabled, and one exists.Please don't $session->start();
INFO - 2023-06-25 07:26:06 --> Session: Class initialized using 'CodeIgniter\Session\Handlers\FileHandler' driver.
WARNING - 2023-06-25 07:26:06 --> Session: Sessions is enabled, and one exists.Please don't $session->start();
WARNING - 2023-06-25 14:26:06 --> Session: Sessions is enabled, and one exists.Please don't $session->start();
INFO - 2023-06-25 07:26:09 --> Session: Class initialized using 'CodeIgniter\Session\Handlers\FileHandler' driver.
WARNING - 2023-06-25 14:26:09 --> Session: Sessions is enabled, and one exists.Please don't $session->start();
INFO - 2023-06-25 07:26:31 --> Session: Class initialized using 'CodeIgniter\Session\Handlers\FileHandler' driver.
WARNING - 2023-06-25 14:26:31 --> Session: Sessions is enabled, and one exists.Please don't $session->start();
INFO - 2023-06-25 07:26:47 --> Session: Class initialized using 'CodeIgniter\Session\Handlers\FileHandler' driver.
WARNING - 2023-06-25 14:26:47 --> Session: Sessions is enabled, and one exists.Please don't $session->start();
INFO - 2023-06-25 07:28:23 --> Session: Class initialized using 'CodeIgniter\Session\Handlers\FileHandler' driver.
WARNING - 2023-06-25 14:28:23 --> Session: Sessions is enabled, and one exists.Please don't $session->start();
INFO - 2023-06-25 07:28:33 --> Session: Class initialized using 'CodeIgniter\Session\Handlers\FileHandler' driver.
WARNING - 2023-06-25 14:28:33 --> Session: Sessions is enabled, and one exists.Please don't $session->start();
INFO - 2023-06-25 07:28:37 --> Session: Class initialized using 'CodeIgniter\Session\Handlers\FileHandler' driver.
WARNING - 2023-06-25 14:28:37 --> Session: Sessions is enabled, and one exists.Please don't $session->start();
INFO - 2023-06-25 07:28:51 --> Session: Class initialized using 'CodeIgniter\Session\Handlers\FileHandler' driver.
WARNING - 2023-06-25 14:28:51 --> Session: Sessions is enabled, and one exists.Please don't $session->start();
INFO - 2023-06-25 07:28:53 --> Session: Class initialized using 'CodeIgniter\Session\Handlers\FileHandler' driver.
WARNING - 2023-06-25 14:28:53 --> Session: Sessions is enabled, and one exists.Please don't $session->start();
INFO - 2023-06-25 07:29:11 --> Session: Class initialized using 'CodeIgniter\Session\Handlers\FileHandler' driver.
WARNING - 2023-06-25 14:29:11 --> Session: Sessions is enabled, and one exists.Please don't $session->start();
INFO - 2023-06-25 07:29:19 --> Session: Class initialized using 'CodeIgniter\Session\Handlers\FileHandler' driver.
WARNING - 2023-06-25 14:29:19 --> Session: Sessions is enabled, and one exists.Please don't $session->start();
INFO - 2023-06-25 07:29:26 --> Session: Class initialized using 'CodeIgniter\Session\Handlers\FileHandler' driver.
WARNING - 2023-06-25 14:29:26 --> Session: Sessions is enabled, and one exists.Please don't $session->start();
INFO - 2023-06-25 07:29:46 --> Session: Class initialized using 'CodeIgniter\Session\Handlers\FileHandler' driver.
WARNING - 2023-06-25 14:29:46 --> Session: Sessions is enabled, and one exists.Please don't $session->start();
INFO - 2023-06-25 07:30:23 --> Session: Class initialized using 'CodeIgniter\Session\Handlers\FileHandler' driver.
WARNING - 2023-06-25 14:30:23 --> Session: Sessions is enabled, and one exists.Please don't $session->start();
INFO - 2023-06-25 07:32:07 --> Session: Class initialized using 'CodeIgniter\Session\Handlers\FileHandler' driver.
WARNING - 2023-06-25 14:32:07 --> Session: Sessions is enabled, and one exists.Please don't $session->start();
INFO - 2023-06-25 07:37:06 --> Session: Class initialized using 'CodeIgniter\Session\Handlers\FileHandler' driver.
WARNING - 2023-06-25 14:37:06 --> Session: Sessions is enabled, and one exists.Please don't $session->start();
ERROR - 2023-06-25 14:37:06 --> mysqli_sql_exception: Unknown column 'pembiyaan_id' in 'where clause' in C:\xampp\htdocs\koperasi\vendor\codeigniter4\framework\system\Database\MySQLi\Connection.php:295
Stack trace:
#0 C:\xampp\htdocs\koperasi\vendor\codeigniter4\framework\system\Database\MySQLi\Connection.php(295): mysqli->query('SELECT *\nFROM `...', 0)
#1 C:\xampp\htdocs\koperasi\vendor\codeigniter4\framework\system\Database\BaseConnection.php(691): CodeIgniter\Database\MySQLi\Connection->execute('SELECT *\nFROM `...')
#2 C:\xampp\htdocs\koperasi\vendor\codeigniter4\framework\system\Database\BaseConnection.php(605): CodeIgniter\Database\BaseConnection->simpleQuery('SELECT *\nFROM `...')
#3 C:\xampp\htdocs\koperasi\vendor\codeigniter4\framework\system\Database\BaseBuilder.php(1601): CodeIgniter\Database\BaseConnection->query('SELECT *\nFROM `...', Array, false)
#4 C:\xampp\htdocs\koperasi\app\Models\PembiayaanModel.php(39): CodeIgniter\Database\BaseBuilder->get()
#5 C:\xampp\htdocs\koperasi\app\Controllers\Pembiayaan.php(29): App\Models\PembiayaanModel->getPembiayaan()
#6 C:\xampp\htdocs\koperasi\vendor\codeigniter4\framework\system\CodeIgniter.php(934): App\Controllers\Pembiayaan->index()
#7 C:\xampp\htdocs\koperasi\vendor\codeigniter4\framework\system\CodeIgniter.php(499): CodeIgniter\CodeIgniter->runController(Object(App\Controllers\Pembiayaan))
#8 C:\xampp\htdocs\koperasi\vendor\codeigniter4\framework\system\CodeIgniter.php(368): CodeIgniter\CodeIgniter->handleRequest(NULL, Object(Config\Cache), false)
#9 C:\xampp\htdocs\koperasi\public\index.php(67): CodeIgniter\CodeIgniter->run()
#10 C:\xampp\htdocs\koperasi\vendor\codeigniter4\framework\system\Commands\Server\rewrite.php(47): require_once('C:\\xampp\\htdocs...')
#11 {main}
CRITICAL - 2023-06-25 14:37:06 --> Unknown column 'pembiyaan_id' in 'where clause'
in SYSTEMPATH\Database\BaseConnection.php on line 645.
 1 SYSTEMPATH\Database\BaseBuilder.php(1601): CodeIgniter\Database\BaseConnection->query('SELECT *
FROM `detail_pembiayaan`
WHERE `pembiyaan_id` = :pembiyaan_id:', [...], false)
 2 APPPATH\Models\PembiayaanModel.php(39): CodeIgniter\Database\BaseBuilder->get()
 3 APPPATH\Controllers\Pembiayaan.php(29): App\Models\PembiayaanModel->getPembiayaan()
 4 SYSTEMPATH\CodeIgniter.php(934): App\Controllers\Pembiayaan->index()
 5 SYSTEMPATH\CodeIgniter.php(499): CodeIgniter\CodeIgniter->runController(Object(App\Controllers\Pembiayaan))
 6 SYSTEMPATH\CodeIgniter.php(368): CodeIgniter\CodeIgniter->handleRequest(null, Object(Config\Cache), false)
 7 FCPATH\index.php(67): CodeIgniter\CodeIgniter->run()
 8 SYSTEMPATH\Commands\Server\rewrite.php(47): require_once('FCPATH\\index.php')
INFO - 2023-06-25 07:37:14 --> Session: Class initialized using 'CodeIgniter\Session\Handlers\FileHandler' driver.
WARNING - 2023-06-25 14:37:14 --> Session: Sessions is enabled, and one exists.Please don't $session->start();
CRITICAL - 2023-06-25 14:37:14 --> Undefined array key "biaya_administrasi "
in APPPATH\Models\PembiayaanModel.php on line 52.
 1 APPPATH\Models\PembiayaanModel.php(52): CodeIgniter\Debug\Exceptions->errorHandler(2, 'Undefined array key "biaya_administrasi "', 'APPPATH\\Models\\PembiayaanModel.php', 52)
 2 APPPATH\Controllers\Pembiayaan.php(29): App\Models\PembiayaanModel->getPembiayaan()
 3 SYSTEMPATH\CodeIgniter.php(934): App\Controllers\Pembiayaan->index()
 4 SYSTEMPATH\CodeIgniter.php(499): CodeIgniter\CodeIgniter->runController(Object(App\Controllers\Pembiayaan))
 5 SYSTEMPATH\CodeIgniter.php(368): CodeIgniter\CodeIgniter->handleRequest(null, Object(Config\Cache), false)
 6 FCPATH\index.php(67): CodeIgniter\CodeIgniter->run()
 7 SYSTEMPATH\Commands\Server\rewrite.php(47): require_once('FCPATH\\index.php')
INFO - 2023-06-25 07:37:21 --> Session: Class initialized using 'CodeIgniter\Session\Handlers\FileHandler' driver.
WARNING - 2023-06-25 14:37:21 --> Session: Sessions is enabled, and one exists.Please don't $session->start();
CRITICAL - 2023-06-25 14:37:21 --> Undefined array key "total_angsuran "
in APPPATH\Models\PembiayaanModel.php on line 53.
 1 APPPATH\Models\PembiayaanModel.php(53): CodeIgniter\Debug\Exceptions->errorHandler(2, 'Undefined array key "total_angsuran "', 'APPPATH\\Models\\PembiayaanModel.php', 53)
 2 APPPATH\Controllers\Pembiayaan.php(29): App\Models\PembiayaanModel->getPembiayaan()
 3 SYSTEMPATH\CodeIgniter.php(934): App\Controllers\Pembiayaan->index()
 4 SYSTEMPATH\CodeIgniter.php(499): CodeIgniter\CodeIgniter->runController(Object(App\Controllers\Pembiayaan))
 5 SYSTEMPATH\CodeIgniter.php(368): CodeIgniter\CodeIgniter->handleRequest(null, Object(Config\Cache), false)
 6 FCPATH\index.php(67): CodeIgniter\CodeIgniter->run()
 7 SYSTEMPATH\Commands\Server\rewrite.php(47): require_once('FCPATH\\index.php')
INFO - 2023-06-25 07:37:29 --> Session: Class initialized using 'CodeIgniter\Session\Handlers\FileHandler' driver.
WARNING - 2023-06-25 14:37:29 --> Session: Sessions is enabled, and one exists.Please don't $session->start();
INFO - 2023-06-25 07:39:01 --> Session: Class initialized using 'CodeIgniter\Session\Handlers\FileHandler' driver.
WARNING - 2023-06-25 14:39:01 --> Session: Sessions is enabled, and one exists.Please don't $session->start();
INFO - 2023-06-25 07:41:02 --> Session: Class initialized using 'CodeIgniter\Session\Handlers\FileHandler' driver.
WARNING - 2023-06-25 14:41:02 --> Session: Sessions is enabled, and one exists.Please don't $session->start();
CRITICAL - 2023-06-25 14:41:02 --> Undefined array key "biaya_administrasi"
in APPPATH\Views\pembiayaan\view_data_pembiayaan.php on line 171.
 1 APPPATH\Views\pembiayaan\view_data_pembiayaan.php(171): CodeIgniter\Debug\Exceptions->errorHandler(2, 'Undefined array key "biaya_administrasi"', 'APPPATH\\Views\\pembiayaan\\view_data_pembiayaan.php', 171)
 2 SYSTEMPATH\View\View.php(213): include('APPPATH\\Views\\pembiayaan\\view_data_pembiayaan.php')
 3 SYSTEMPATH\View\View.php(216): CodeIgniter\View\View->CodeIgniter\View\{closure}()
 4 SYSTEMPATH\Common.php(1177): CodeIgniter\View\View->render('pembiayaan/view_data_pembiayaan', [], true)
 5 APPPATH\Controllers\Pembiayaan.php(32): view('pembiayaan/view_data_pembiayaan', [...])
 6 SYSTEMPATH\CodeIgniter.php(934): App\Controllers\Pembiayaan->index()
 7 SYSTEMPATH\CodeIgniter.php(499): CodeIgniter\CodeIgniter->runController(Object(App\Controllers\Pembiayaan))
 8 SYSTEMPATH\CodeIgniter.php(368): CodeIgniter\CodeIgniter->handleRequest(null, Object(Config\Cache), false)
 9 FCPATH\index.php(67): CodeIgniter\CodeIgniter->run()
10 SYSTEMPATH\Commands\Server\rewrite.php(47): require_once('FCPATH\\index.php')
INFO - 2023-06-25 07:41:12 --> Session: Class initialized using 'CodeIgniter\Session\Handlers\FileHandler' driver.
WARNING - 2023-06-25 14:41:12 --> Session: Sessions is enabled, and one exists.Please don't $session->start();
INFO - 2023-06-25 07:41:32 --> Session: Class initialized using 'CodeIgniter\Session\Handlers\FileHandler' driver.
WARNING - 2023-06-25 14:41:32 --> Session: Sessions is enabled, and one exists.Please don't $session->start();
INFO - 2023-06-25 07:41:58 --> Session: Class initialized using 'CodeIgniter\Session\Handlers\FileHandler' driver.
WARNING - 2023-06-25 14:41:58 --> Session: Sessions is enabled, and one exists.Please don't $session->start();
INFO - 2023-06-25 07:42:30 --> Session: Class initialized using 'CodeIgniter\Session\Handlers\FileHandler' driver.
WARNING - 2023-06-25 14:42:30 --> Session: Sessions is enabled, and one exists.Please don't $session->start();
INFO - 2023-06-25 07:46:09 --> Session: Class initialized using 'CodeIgniter\Session\Handlers\FileHandler' driver.
WARNING - 2023-06-25 14:46:09 --> Session: Sessions is enabled, and one exists.Please don't $session->start();
INFO - 2023-06-25 07:46:36 --> Session: Class initialized using 'CodeIgniter\Session\Handlers\FileHandler' driver.
WARNING - 2023-06-25 14:46:36 --> Session: Sessions is enabled, and one exists.Please don't $session->start();
INFO - 2023-06-25 07:46:54 --> Session: Class initialized using 'CodeIgniter\Session\Handlers\FileHandler' driver.
WARNING - 2023-06-25 14:46:54 --> Session: Sessions is enabled, and one exists.Please don't $session->start();
INFO - 2023-06-25 07:47:08 --> Session: Class initialized using 'CodeIgniter\Session\Handlers\FileHandler' driver.
WARNING - 2023-06-25 14:47:08 --> Session: Sessions is enabled, and one exists.Please don't $session->start();
INFO - 2023-06-25 07:47:20 --> Session: Class initialized using 'CodeIgniter\Session\Handlers\FileHandler' driver.
WARNING - 2023-06-25 14:47:20 --> Session: Sessions is enabled, and one exists.Please don't $session->start();
INFO - 2023-06-25 08:13:21 --> Session: Class initialized using 'CodeIgniter\Session\Handlers\FileHandler' driver.
WARNING - 2023-06-25 15:13:21 --> Session: Sessions is enabled, and one exists.Please don't $session->start();
INFO - 2023-06-25 08:39:41 --> Session: Class initialized using 'CodeIgniter\Session\Handlers\FileHandler' driver.
WARNING - 2023-06-25 15:39:41 --> Session: Sessions is enabled, and one exists.Please don't $session->start();
INFO - 2023-06-25 08:39:44 --> Session: Class initialized using 'CodeIgniter\Session\Handlers\FileHandler' driver.
WARNING - 2023-06-25 15:39:44 --> Session: Sessions is enabled, and one exists.Please don't $session->start();
INFO - 2023-06-25 08:39:44 --> Session: Class initialized using 'CodeIgniter\Session\Handlers\FileHandler' driver.
WARNING - 2023-06-25 15:39:44 --> Session: Sessions is enabled, and one exists.Please don't $session->start();
INFO - 2023-06-25 08:40:40 --> Session: Class initialized using 'CodeIgniter\Session\Handlers\FileHandler' driver.
WARNING - 2023-06-25 15:40:40 --> Session: Sessions is enabled, and one exists.Please don't $session->start();
INFO - 2023-06-25 08:40:44 --> Session: Class initialized using 'CodeIgniter\Session\Handlers\FileHandler' driver.
WARNING - 2023-06-25 15:40:44 --> Session: Sessions is enabled, and one exists.Please don't $session->start();
INFO - 2023-06-25 08:40:44 --> Session: Class initialized using 'CodeIgniter\Session\Handlers\FileHandler' driver.
WARNING - 2023-06-25 15:40:44 --> Session: Sessions is enabled, and one exists.Please don't $session->start();
INFO - 2023-06-25 08:40:48 --> Session: Class initialized using 'CodeIgniter\Session\Handlers\FileHandler' driver.
WARNING - 2023-06-25 15:40:48 --> Session: Sessions is enabled, and one exists.Please don't $session->start();
INFO - 2023-06-25 15:40:50 --> Session: Class initialized using 'CodeIgniter\Session\Handlers\FileHandler' driver.
WARNING - 2023-06-25 15:40:50 --> Session: Sessions is enabled, and one exists.Please don't $session->start();
INFO - 2023-06-25 08:40:51 --> Session: Class initialized using 'CodeIgniter\Session\Handlers\FileHandler' driver.
WARNING - 2023-06-25 15:40:51 --> Session: Sessions is enabled, and one exists.Please don't $session->start();
INFO - 2023-06-25 08:41:31 --> Session: Class initialized using 'CodeIgniter\Session\Handlers\FileHandler' driver.
WARNING - 2023-06-25 15:41:31 --> Session: Sessions is enabled, and one exists.Please don't $session->start();
INFO - 2023-06-25 08:42:30 --> Session: Class initialized using 'CodeIgniter\Session\Handlers\FileHandler' driver.
WARNING - 2023-06-25 15:42:30 --> Session: Sessions is enabled, and one exists.Please don't $session->start();
INFO - 2023-06-25 08:45:40 --> Session: Class initialized using 'CodeIgniter\Session\Handlers\FileHandler' driver.
WARNING - 2023-06-25 15:45:40 --> Session: Sessions is enabled, and one exists.Please don't $session->start();
INFO - 2023-06-25 08:45:54 --> Session: Class initialized using 'CodeIgniter\Session\Handlers\FileHandler' driver.
WARNING - 2023-06-25 15:45:54 --> Session: Sessions is enabled, and one exists.Please don't $session->start();
INFO - 2023-06-25 08:46:11 --> Session: Class initialized using 'CodeIgniter\Session\Handlers\FileHandler' driver.
WARNING - 2023-06-25 15:46:11 --> Session: Sessions is enabled, and one exists.Please don't $session->start();
INFO - 2023-06-25 08:47:04 --> Session: Class initialized using 'CodeIgniter\Session\Handlers\FileHandler' driver.
WARNING - 2023-06-25 15:47:04 --> Session: Sessions is enabled, and one exists.Please don't $session->start();
INFO - 2023-06-25 08:51:36 --> Session: Class initialized using 'CodeIgniter\Session\Handlers\FileHandler' driver.
WARNING - 2023-06-25 15:51:36 --> Session: Sessions is enabled, and one exists.Please don't $session->start();
INFO - 2023-06-25 08:52:12 --> Session: Class initialized using 'CodeIgniter\Session\Handlers\FileHandler' driver.
WARNING - 2023-06-25 15:52:12 --> Session: Sessions is enabled, and one exists.Please don't $session->start();
INFO - 2023-06-25 08:52:23 --> Session: Class initialized using 'CodeIgniter\Session\Handlers\FileHandler' driver.
WARNING - 2023-06-25 15:52:23 --> Session: Sessions is enabled, and one exists.Please don't $session->start();
INFO - 2023-06-25 08:52:34 --> Session: Class initialized using 'CodeIgniter\Session\Handlers\FileHandler' driver.
WARNING - 2023-06-25 15:52:34 --> Session: Sessions is enabled, and one exists.Please don't $session->start();
INFO - 2023-06-25 08:52:35 --> Session: Class initialized using 'CodeIgniter\Session\Handlers\FileHandler' driver.
WARNING - 2023-06-25 15:52:35 --> Session: Sessions is enabled, and one exists.Please don't $session->start();
INFO - 2023-06-25 08:52:39 --> Session: Class initialized using 'CodeIgniter\Session\Handlers\FileHandler' driver.
WARNING - 2023-06-25 15:52:39 --> Session: Sessions is enabled, and one exists.Please don't $session->start();
INFO - 2023-06-25 08:52:42 --> Session: Class initialized using 'CodeIgniter\Session\Handlers\FileHandler' driver.
WARNING - 2023-06-25 15:52:42 --> Session: Sessions is enabled, and one exists.Please don't $session->start();
INFO - 2023-06-25 15:52:43 --> Session: Class initialized using 'CodeIgniter\Session\Handlers\FileHandler' driver.
WARNING - 2023-06-25 15:52:43 --> Session: Sessions is enabled, and one exists.Please don't $session->start();
INFO - 2023-06-25 08:52:53 --> Session: Class initialized using 'CodeIgniter\Session\Handlers\FileHandler' driver.
WARNING - 2023-06-25 15:52:53 --> Session: Sessions is enabled, and one exists.Please don't $session->start();
INFO - 2023-06-25 09:09:56 --> Session: Class initialized using 'CodeIgniter\Session\Handlers\FileHandler' driver.
WARNING - 2023-06-25 16:09:56 --> Session: Sessions is enabled, and one exists.Please don't $session->start();
INFO - 2023-06-25 16:09:57 --> Session: Class initialized using 'CodeIgniter\Session\Handlers\FileHandler' driver.
WARNING - 2023-06-25 16:09:57 --> Session: Sessions is enabled, and one exists.Please don't $session->start();
INFO - 2023-06-25 09:10:00 --> Session: Class initialized using 'CodeIgniter\Session\Handlers\FileHandler' driver.
WARNING - 2023-06-25 16:10:00 --> Session: Sessions is enabled, and one exists.Please don't $session->start();
INFO - 2023-06-25 09:14:13 --> Session: Class initialized using 'CodeIgniter\Session\Handlers\FileHandler' driver.
WARNING - 2023-06-25 16:14:13 --> Session: Sessions is enabled, and one exists.Please don't $session->start();
INFO - 2023-06-25 16:14:15 --> Session: Class initialized using 'CodeIgniter\Session\Handlers\FileHandler' driver.
WARNING - 2023-06-25 16:14:15 --> Session: Sessions is enabled, and one exists.Please don't $session->start();
INFO - 2023-06-25 09:14:15 --> Session: Class initialized using 'CodeIgniter\Session\Handlers\FileHandler' driver.
WARNING - 2023-06-25 16:14:15 --> Session: Sessions is enabled, and one exists.Please don't $session->start();
INFO - 2023-06-25 16:14:16 --> Session: Class initialized using 'CodeIgniter\Session\Handlers\FileHandler' driver.
WARNING - 2023-06-25 16:14:16 --> Session: Sessions is enabled, and one exists.Please don't $session->start();
INFO - 2023-06-25 09:14:20 --> Session: Class initialized using 'CodeIgniter\Session\Handlers\FileHandler' driver.
WARNING - 2023-06-25 16:14:20 --> Session: Sessions is enabled, and one exists.Please don't $session->start();
INFO - 2023-06-25 09:14:27 --> Session: Class initialized using 'CodeIgniter\Session\Handlers\FileHandler' driver.
WARNING - 2023-06-25 16:14:27 --> Session: Sessions is enabled, and one exists.Please don't $session->start();
INFO - 2023-06-25 09:14:28 --> Session: Class initialized using 'CodeIgniter\Session\Handlers\FileHandler' driver.
WARNING - 2023-06-25 16:14:28 --> Session: Sessions is enabled, and one exists.Please don't $session->start();
INFO - 2023-06-25 16:14:29 --> Session: Class initialized using 'CodeIgniter\Session\Handlers\FileHandler' driver.
WARNING - 2023-06-25 16:14:29 --> Session: Sessions is enabled, and one exists.Please don't $session->start();
INFO - 2023-06-25 09:15:41 --> Session: Class initialized using 'CodeIgniter\Session\Handlers\FileHandler' driver.
WARNING - 2023-06-25 16:15:41 --> Session: Sessions is enabled, and one exists.Please don't $session->start();
INFO - 2023-06-25 09:15:43 --> Session: Class initialized using 'CodeIgniter\Session\Handlers\FileHandler' driver.
WARNING - 2023-06-25 16:15:43 --> Session: Sessions is enabled, and one exists.Please don't $session->start();
INFO - 2023-06-25 16:15:44 --> Session: Class initialized using 'CodeIgniter\Session\Handlers\FileHandler' driver.
WARNING - 2023-06-25 16:15:44 --> Session: Sessions is enabled, and one exists.Please don't $session->start();
INFO - 2023-06-25 09:15:47 --> Session: Class initialized using 'CodeIgniter\Session\Handlers\FileHandler' driver.
WARNING - 2023-06-25 16:15:47 --> Session: Sessions is enabled, and one exists.Please don't $session->start();
INFO - 2023-06-25 09:15:57 --> Session: Class initialized using 'CodeIgniter\Session\Handlers\FileHandler' driver.
WARNING - 2023-06-25 16:15:57 --> Session: Sessions is enabled, and one exists.Please don't $session->start();
INFO - 2023-06-25 09:16:01 --> Session: Class initialized using 'CodeIgniter\Session\Handlers\FileHandler' driver.
WARNING - 2023-06-25 16:16:01 --> Session: Sessions is enabled, and one exists.Please don't $session->start();
INFO - 2023-06-25 16:16:02 --> Session: Class initialized using 'CodeIgniter\Session\Handlers\FileHandler' driver.
WARNING - 2023-06-25 16:16:02 --> Session: Sessions is enabled, and one exists.Please don't $session->start();
INFO - 2023-06-25 09:16:42 --> Session: Class initialized using 'CodeIgniter\Session\Handlers\FileHandler' driver.
WARNING - 2023-06-25 16:16:42 --> Session: Sessions is enabled, and one exists.Please don't $session->start();
INFO - 2023-06-25 09:16:44 --> Session: Class initialized using 'CodeIgniter\Session\Handlers\FileHandler' driver.
WARNING - 2023-06-25 09:16:44 --> Session: Sessions is enabled, and one exists.Please don't $session->start();
INFO - 2023-06-25 09:16:44 --> Session: Class initialized using 'CodeIgniter\Session\Handlers\FileHandler' driver.
WARNING - 2023-06-25 09:16:44 --> Session: Sessions is enabled, and one exists.Please don't $session->start();
INFO - 2023-06-25 09:16:49 --> Session: Class initialized using 'CodeIgniter\Session\Handlers\FileHandler' driver.
WARNING - 2023-06-25 09:16:49 --> Session: Sessions is enabled, and one exists.Please don't $session->start();
INFO - 2023-06-25 09:16:49 --> Session: Class initialized using 'CodeIgniter\Session\Handlers\FileHandler' driver.
WARNING - 2023-06-25 09:16:49 --> Session: Sessions is enabled, and one exists.Please don't $session->start();
WARNING - 2023-06-25 16:16:49 --> Session: Sessions is enabled, and one exists.Please don't $session->start();
INFO - 2023-06-25 09:16:56 --> Session: Class initialized using 'CodeIgniter\Session\Handlers\FileHandler' driver.
WARNING - 2023-06-25 16:16:56 --> Session: Sessions is enabled, and one exists.Please don't $session->start();
INFO - 2023-06-25 09:17:02 --> Session: Class initialized using 'CodeIgniter\Session\Handlers\FileHandler' driver.
WARNING - 2023-06-25 16:17:02 --> Session: Sessions is enabled, and one exists.Please don't $session->start();
INFO - 2023-06-25 16:17:03 --> Session: Class initialized using 'CodeIgniter\Session\Handlers\FileHandler' driver.
WARNING - 2023-06-25 16:17:03 --> Session: Sessions is enabled, and one exists.Please don't $session->start();
INFO - 2023-06-25 09:17:54 --> Session: Class initialized using 'CodeIgniter\Session\Handlers\FileHandler' driver.
WARNING - 2023-06-25 16:17:54 --> Session: Sessions is enabled, and one exists.Please don't $session->start();
INFO - 2023-06-25 09:18:04 --> Session: Class initialized using 'CodeIgniter\Session\Handlers\FileHandler' driver.
WARNING - 2023-06-25 16:18:04 --> Session: Sessions is enabled, and one exists.Please don't $session->start();
INFO - 2023-06-25 09:19:33 --> Session: Class initialized using 'CodeIgniter\Session\Handlers\FileHandler' driver.
WARNING - 2023-06-25 16:19:33 --> Session: Sessions is enabled, and one exists.Please don't $session->start();
INFO - 2023-06-25 09:19:42 --> Session: Class initialized using 'CodeIgniter\Session\Handlers\FileHandler' driver.
WARNING - 2023-06-25 16:19:42 --> Session: Sessions is enabled, and one exists.Please don't $session->start();
INFO - 2023-06-25 09:19:44 --> Session: Class initialized using 'CodeIgniter\Session\Handlers\FileHandler' driver.
WARNING - 2023-06-25 16:19:44 --> Session: Sessions is enabled, and one exists.Please don't $session->start();
INFO - 2023-06-25 09:20:30 --> Session: Class initialized using 'CodeIgniter\Session\Handlers\FileHandler' driver.
WARNING - 2023-06-25 16:20:30 --> Session: Sessions is enabled, and one exists.Please don't $session->start();
