WARNING - 2023-01-18 00:00:12 --> Session: Sessions is enabled, and one exists.Please don't $session->start();
WARNING - 2023-01-18 00:00:13 --> Session: Sessions is enabled, and one exists.Please don't $session->start();
WARNING - 2023-01-18 00:00:21 --> Session: Sessions is enabled, and one exists.Please don't $session->start();
CRITICAL - 2023-01-18 00:00:21 --> Cannot use object of type stdClass as array
in APPPATH/Views/layout/template.php on line 9.
 1 SYSTEMPATH/View/View.php(213): include()
 2 SYSTEMPATH/View/View.php(216): CodeIgniter\View\View->CodeIgniter\View\{closure}()
 3 SYSTEMPATH/Common.php(1177): CodeIgniter\View\View->render('layout/template', [], true)
 4 APPPATH/Config/MyConfig.php(21): view('layout/template', [...])
 5 APPPATH/Controllers/Dashboard.php(25): Config\MyConfig->__construct()
 6 SYSTEMPATH/CodeIgniter.php(906): App\Controllers\Dashboard->__construct()
 7 SYSTEMPATH/CodeIgniter.php(490): CodeIgniter\CodeIgniter->createController()
 8 SYSTEMPATH/CodeIgniter.php(368): CodeIgniter\CodeIgniter->handleRequest(null, Object(Config\Cache), false)
 9 FCPATH/index.php(67): CodeIgniter\CodeIgniter->run()
10 SYSTEMPATH/Commands/Server/rewrite.php(47): require_once('FCPATH/index.php')
WARNING - 2023-01-18 00:00:30 --> Session: Sessions is enabled, and one exists.Please don't $session->start();
WARNING - 2023-01-18 00:00:31 --> Session: Sessions is enabled, and one exists.Please don't $session->start();
WARNING - 2023-01-18 00:01:19 --> Session: Sessions is enabled, and one exists.Please don't $session->start();
WARNING - 2023-01-18 00:01:20 --> Session: Sessions is enabled, and one exists.Please don't $session->start();
WARNING - 2023-01-18 00:02:59 --> Session: Sessions is enabled, and one exists.Please don't $session->start();
WARNING - 2023-01-18 00:03:06 --> Session: Sessions is enabled, and one exists.Please don't $session->start();
WARNING - 2023-01-18 00:05:29 --> Session: Sessions is enabled, and one exists.Please don't $session->start();
CRITICAL - 2023-01-18 00:05:31 --> Undefined variable $getusers
in APPPATH/Views/layout/sidebar.php on line 30.
 1 APPPATH/Views/layout/sidebar.php(30): CodeIgniter\Debug\Exceptions->errorHandler(2, 'Undefined variable $getusers', 'APPPATH/Views/layout/sidebar.php', 30)
 2 SYSTEMPATH/View/View.php(213): include('APPPATH/Views/layout/sidebar.php')
 3 SYSTEMPATH/View/View.php(216): CodeIgniter\View\View->CodeIgniter\View\{closure}()
 4 SYSTEMPATH/View/View.php(431): CodeIgniter\View\View->render('layout/sidebar', null, true)
 5 APPPATH/Views/layout/template.php(58): CodeIgniter\View\View->include('layout/sidebar')
 6 SYSTEMPATH/View/View.php(213): include('APPPATH/Views/layout/template.php')
 7 SYSTEMPATH/View/View.php(216): CodeIgniter\View\View->CodeIgniter\View\{closure}()
 8 SYSTEMPATH/View/View.php(229): CodeIgniter\View\View->render('layout/template', [], true)
 9 SYSTEMPATH/Common.php(1177): CodeIgniter\View\View->render('simpanan/simpanan_wajib', [], true)
10 APPPATH/Controllers/Simpanan.php(68): view('simpanan/simpanan_wajib', [...])
11 SYSTEMPATH/CodeIgniter.php(934): App\Controllers\Simpanan->simpanan_wajib()
12 SYSTEMPATH/CodeIgniter.php(499): CodeIgniter\CodeIgniter->runController(Object(App\Controllers\Simpanan))
13 SYSTEMPATH/CodeIgniter.php(368): CodeIgniter\CodeIgniter->handleRequest(null, Object(Config\Cache), false)
14 FCPATH/index.php(67): CodeIgniter\CodeIgniter->run()
15 SYSTEMPATH/Commands/Server/rewrite.php(47): require_once('FCPATH/index.php')
CRITICAL - 2023-01-18 00:05:46 --> Undefined variable $getusers
in APPPATH/Views/layout/sidebar.php on line 30.
 1 APPPATH/Views/layout/sidebar.php(30): CodeIgniter\Debug\Exceptions->errorHandler(2, 'Undefined variable $getusers', 'APPPATH/Views/layout/sidebar.php', 30)
 2 SYSTEMPATH/View/View.php(213): include('APPPATH/Views/layout/sidebar.php')
 3 SYSTEMPATH/View/View.php(216): CodeIgniter\View\View->CodeIgniter\View\{closure}()
 4 SYSTEMPATH/View/View.php(431): CodeIgniter\View\View->render('layout/sidebar', null, true)
 5 APPPATH/Views/layout/template.php(58): CodeIgniter\View\View->include('layout/sidebar')
 6 SYSTEMPATH/View/View.php(213): include('APPPATH/Views/layout/template.php')
 7 SYSTEMPATH/View/View.php(216): CodeIgniter\View\View->CodeIgniter\View\{closure}()
 8 SYSTEMPATH/View/View.php(229): CodeIgniter\View\View->render('layout/template', [], true)
 9 SYSTEMPATH/Common.php(1177): CodeIgniter\View\View->render('simpanan/simpanan_wajib', [], true)
10 APPPATH/Controllers/Simpanan.php(68): view('simpanan/simpanan_wajib', [...])
11 SYSTEMPATH/CodeIgniter.php(934): App\Controllers\Simpanan->simpanan_wajib()
12 SYSTEMPATH/CodeIgniter.php(499): CodeIgniter\CodeIgniter->runController(Object(App\Controllers\Simpanan))
13 SYSTEMPATH/CodeIgniter.php(368): CodeIgniter\CodeIgniter->handleRequest(null, Object(Config\Cache), false)
14 FCPATH/index.php(67): CodeIgniter\CodeIgniter->run()
15 SYSTEMPATH/Commands/Server/rewrite.php(47): require_once('FCPATH/index.php')
CRITICAL - 2023-01-18 00:05:53 --> Undefined variable $getusers
in APPPATH/Views/layout/sidebar.php on line 30.
 1 APPPATH/Views/layout/sidebar.php(30): CodeIgniter\Debug\Exceptions->errorHandler(2, 'Undefined variable $getusers', 'APPPATH/Views/layout/sidebar.php', 30)
 2 SYSTEMPATH/View/View.php(213): include('APPPATH/Views/layout/sidebar.php')
 3 SYSTEMPATH/View/View.php(216): CodeIgniter\View\View->CodeIgniter\View\{closure}()
 4 SYSTEMPATH/View/View.php(431): CodeIgniter\View\View->render('layout/sidebar', null, true)
 5 APPPATH/Views/layout/template.php(58): CodeIgniter\View\View->include('layout/sidebar')
 6 SYSTEMPATH/View/View.php(213): include('APPPATH/Views/layout/template.php')
 7 SYSTEMPATH/View/View.php(216): CodeIgniter\View\View->CodeIgniter\View\{closure}()
 8 SYSTEMPATH/View/View.php(229): CodeIgniter\View\View->render('layout/template', [], true)
 9 SYSTEMPATH/Common.php(1177): CodeIgniter\View\View->render('simpanan/simpanan_wajib', [], true)
10 APPPATH/Controllers/Simpanan.php(68): view('simpanan/simpanan_wajib', [...])
11 SYSTEMPATH/CodeIgniter.php(934): App\Controllers\Simpanan->simpanan_wajib()
12 SYSTEMPATH/CodeIgniter.php(499): CodeIgniter\CodeIgniter->runController(Object(App\Controllers\Simpanan))
13 SYSTEMPATH/CodeIgniter.php(368): CodeIgniter\CodeIgniter->handleRequest(null, Object(Config\Cache), false)
14 FCPATH/index.php(67): CodeIgniter\CodeIgniter->run()
15 SYSTEMPATH/Commands/Server/rewrite.php(47): require_once('FCPATH/index.php')
CRITICAL - 2023-01-18 00:06:25 --> Undefined variable $getusers
in APPPATH/Views/layout/sidebar.php on line 30.
 1 APPPATH/Views/layout/sidebar.php(30): CodeIgniter\Debug\Exceptions->errorHandler(2, 'Undefined variable $getusers', 'APPPATH/Views/layout/sidebar.php', 30)
 2 SYSTEMPATH/View/View.php(213): include('APPPATH/Views/layout/sidebar.php')
 3 SYSTEMPATH/View/View.php(216): CodeIgniter\View\View->CodeIgniter\View\{closure}()
 4 SYSTEMPATH/View/View.php(431): CodeIgniter\View\View->render('layout/sidebar', null, true)
 5 APPPATH/Views/layout/template.php(58): CodeIgniter\View\View->include('layout/sidebar')
 6 SYSTEMPATH/View/View.php(213): include('APPPATH/Views/layout/template.php')
 7 SYSTEMPATH/View/View.php(216): CodeIgniter\View\View->CodeIgniter\View\{closure}()
 8 SYSTEMPATH/View/View.php(229): CodeIgniter\View\View->render('layout/template', [], true)
 9 SYSTEMPATH/Common.php(1177): CodeIgniter\View\View->render('simpanan/simpanan_wajib', [], true)
10 APPPATH/Controllers/Simpanan.php(68): view('simpanan/simpanan_wajib', [...])
11 SYSTEMPATH/CodeIgniter.php(934): App\Controllers\Simpanan->simpanan_wajib()
12 SYSTEMPATH/CodeIgniter.php(499): CodeIgniter\CodeIgniter->runController(Object(App\Controllers\Simpanan))
13 SYSTEMPATH/CodeIgniter.php(368): CodeIgniter\CodeIgniter->handleRequest(null, Object(Config\Cache), false)
14 FCPATH/index.php(67): CodeIgniter\CodeIgniter->run()
15 SYSTEMPATH/Commands/Server/rewrite.php(47): require_once('FCPATH/index.php')
CRITICAL - 2023-01-18 00:06:57 --> Undefined variable $getusers
in APPPATH/Views/layout/sidebar.php on line 30.
 1 APPPATH/Views/layout/sidebar.php(30): CodeIgniter\Debug\Exceptions->errorHandler(2, 'Undefined variable $getusers', 'APPPATH/Views/layout/sidebar.php', 30)
 2 SYSTEMPATH/View/View.php(213): include('APPPATH/Views/layout/sidebar.php')
 3 SYSTEMPATH/View/View.php(216): CodeIgniter\View\View->CodeIgniter\View\{closure}()
 4 SYSTEMPATH/View/View.php(431): CodeIgniter\View\View->render('layout/sidebar', null, true)
 5 APPPATH/Views/layout/template.php(58): CodeIgniter\View\View->include('layout/sidebar')
 6 SYSTEMPATH/View/View.php(213): include('APPPATH/Views/layout/template.php')
 7 SYSTEMPATH/View/View.php(216): CodeIgniter\View\View->CodeIgniter\View\{closure}()
 8 SYSTEMPATH/View/View.php(229): CodeIgniter\View\View->render('layout/template', [], true)
 9 SYSTEMPATH/Common.php(1177): CodeIgniter\View\View->render('simpanan/simpanan_wajib', [], true)
10 APPPATH/Controllers/Simpanan.php(68): view('simpanan/simpanan_wajib', [...])
11 SYSTEMPATH/CodeIgniter.php(934): App\Controllers\Simpanan->simpanan_wajib()
12 SYSTEMPATH/CodeIgniter.php(499): CodeIgniter\CodeIgniter->runController(Object(App\Controllers\Simpanan))
13 SYSTEMPATH/CodeIgniter.php(368): CodeIgniter\CodeIgniter->handleRequest(null, Object(Config\Cache), false)
14 FCPATH/index.php(67): CodeIgniter\CodeIgniter->run()
15 SYSTEMPATH/Commands/Server/rewrite.php(47): require_once('FCPATH/index.php')
CRITICAL - 2023-01-18 00:06:59 --> Undefined variable $getusers
in APPPATH/Views/layout/sidebar.php on line 30.
 1 APPPATH/Views/layout/sidebar.php(30): CodeIgniter\Debug\Exceptions->errorHandler(2, 'Undefined variable $getusers', 'APPPATH/Views/layout/sidebar.php', 30)
 2 SYSTEMPATH/View/View.php(213): include('APPPATH/Views/layout/sidebar.php')
 3 SYSTEMPATH/View/View.php(216): CodeIgniter\View\View->CodeIgniter\View\{closure}()
 4 SYSTEMPATH/View/View.php(431): CodeIgniter\View\View->render('layout/sidebar', null, true)
 5 APPPATH/Views/layout/template.php(58): CodeIgniter\View\View->include('layout/sidebar')
 6 SYSTEMPATH/View/View.php(213): include('APPPATH/Views/layout/template.php')
 7 SYSTEMPATH/View/View.php(216): CodeIgniter\View\View->CodeIgniter\View\{closure}()
 8 SYSTEMPATH/View/View.php(229): CodeIgniter\View\View->render('layout/template', [], true)
 9 SYSTEMPATH/Common.php(1177): CodeIgniter\View\View->render('simpanan/simpanan_wajib', [], true)
10 APPPATH/Controllers/Simpanan.php(68): view('simpanan/simpanan_wajib', [...])
11 SYSTEMPATH/CodeIgniter.php(934): App\Controllers\Simpanan->simpanan_wajib()
12 SYSTEMPATH/CodeIgniter.php(499): CodeIgniter\CodeIgniter->runController(Object(App\Controllers\Simpanan))
13 SYSTEMPATH/CodeIgniter.php(368): CodeIgniter\CodeIgniter->handleRequest(null, Object(Config\Cache), false)
14 FCPATH/index.php(67): CodeIgniter\CodeIgniter->run()
15 SYSTEMPATH/Commands/Server/rewrite.php(47): require_once('FCPATH/index.php')
CRITICAL - 2023-01-18 00:07:14 --> Undefined variable $getusers
in APPPATH/Views/layout/sidebar.php on line 30.
 1 APPPATH/Views/layout/sidebar.php(30): CodeIgniter\Debug\Exceptions->errorHandler(2, 'Undefined variable $getusers', 'APPPATH/Views/layout/sidebar.php', 30)
 2 SYSTEMPATH/View/View.php(213): include('APPPATH/Views/layout/sidebar.php')
 3 SYSTEMPATH/View/View.php(216): CodeIgniter\View\View->CodeIgniter\View\{closure}()
 4 SYSTEMPATH/View/View.php(431): CodeIgniter\View\View->render('layout/sidebar', null, true)
 5 APPPATH/Views/layout/template.php(58): CodeIgniter\View\View->include('layout/sidebar')
 6 SYSTEMPATH/View/View.php(213): include('APPPATH/Views/layout/template.php')
 7 SYSTEMPATH/View/View.php(216): CodeIgniter\View\View->CodeIgniter\View\{closure}()
 8 SYSTEMPATH/View/View.php(229): CodeIgniter\View\View->render('layout/template', [], true)
 9 SYSTEMPATH/Common.php(1177): CodeIgniter\View\View->render('simpanan/simpanan_wajib', [], true)
10 APPPATH/Controllers/Simpanan.php(68): view('simpanan/simpanan_wajib', [...])
11 SYSTEMPATH/CodeIgniter.php(934): App\Controllers\Simpanan->simpanan_wajib()
12 SYSTEMPATH/CodeIgniter.php(499): CodeIgniter\CodeIgniter->runController(Object(App\Controllers\Simpanan))
13 SYSTEMPATH/CodeIgniter.php(368): CodeIgniter\CodeIgniter->handleRequest(null, Object(Config\Cache), false)
14 FCPATH/index.php(67): CodeIgniter\CodeIgniter->run()
15 SYSTEMPATH/Commands/Server/rewrite.php(47): require_once('FCPATH/index.php')
WARNING - 2023-01-18 00:07:15 --> Session: Sessions is enabled, and one exists.Please don't $session->start();
WARNING - 2023-01-18 00:07:17 --> Session: Sessions is enabled, and one exists.Please don't $session->start();
CRITICAL - 2023-01-18 00:07:21 --> Undefined variable $getusers
in APPPATH/Views/layout/sidebar.php on line 30.
 1 APPPATH/Views/layout/sidebar.php(30): CodeIgniter\Debug\Exceptions->errorHandler(2, 'Undefined variable $getusers', 'APPPATH/Views/layout/sidebar.php', 30)
 2 SYSTEMPATH/View/View.php(213): include('APPPATH/Views/layout/sidebar.php')
 3 SYSTEMPATH/View/View.php(216): CodeIgniter\View\View->CodeIgniter\View\{closure}()
 4 SYSTEMPATH/View/View.php(431): CodeIgniter\View\View->render('layout/sidebar', null, true)
 5 APPPATH/Views/layout/template.php(58): CodeIgniter\View\View->include('layout/sidebar')
 6 SYSTEMPATH/View/View.php(213): include('APPPATH/Views/layout/template.php')
 7 SYSTEMPATH/View/View.php(216): CodeIgniter\View\View->CodeIgniter\View\{closure}()
 8 SYSTEMPATH/View/View.php(229): CodeIgniter\View\View->render('layout/template', [], true)
 9 SYSTEMPATH/Common.php(1177): CodeIgniter\View\View->render('simpanan/simpanan_wajib', [], true)
10 APPPATH/Controllers/Simpanan.php(68): view('simpanan/simpanan_wajib', [...])
11 SYSTEMPATH/CodeIgniter.php(934): App\Controllers\Simpanan->simpanan_wajib()
12 SYSTEMPATH/CodeIgniter.php(499): CodeIgniter\CodeIgniter->runController(Object(App\Controllers\Simpanan))
13 SYSTEMPATH/CodeIgniter.php(368): CodeIgniter\CodeIgniter->handleRequest(null, Object(Config\Cache), false)
14 FCPATH/index.php(67): CodeIgniter\CodeIgniter->run()
15 SYSTEMPATH/Commands/Server/rewrite.php(47): require_once('FCPATH/index.php')
CRITICAL - 2023-01-18 00:11:29 --> Undefined variable $getusers
in APPPATH/Views/layout/sidebar.php on line 30.
 1 APPPATH/Views/layout/sidebar.php(30): CodeIgniter\Debug\Exceptions->errorHandler(2, 'Undefined variable $getusers', 'APPPATH/Views/layout/sidebar.php', 30)
 2 SYSTEMPATH/View/View.php(213): include('APPPATH/Views/layout/sidebar.php')
 3 SYSTEMPATH/View/View.php(216): CodeIgniter\View\View->CodeIgniter\View\{closure}()
 4 SYSTEMPATH/View/View.php(431): CodeIgniter\View\View->render('layout/sidebar', null, true)
 5 APPPATH/Views/layout/template.php(58): CodeIgniter\View\View->include('layout/sidebar')
 6 SYSTEMPATH/View/View.php(213): include('APPPATH/Views/layout/template.php')
 7 SYSTEMPATH/View/View.php(216): CodeIgniter\View\View->CodeIgniter\View\{closure}()
 8 SYSTEMPATH/View/View.php(229): CodeIgniter\View\View->render('layout/template', [], true)
 9 SYSTEMPATH/Common.php(1177): CodeIgniter\View\View->render('simpanan/simpanan_wajib', [], true)
10 APPPATH/Controllers/Simpanan.php(68): view('simpanan/simpanan_wajib', [...])
11 SYSTEMPATH/CodeIgniter.php(934): App\Controllers\Simpanan->simpanan_wajib()
12 SYSTEMPATH/CodeIgniter.php(499): CodeIgniter\CodeIgniter->runController(Object(App\Controllers\Simpanan))
13 SYSTEMPATH/CodeIgniter.php(368): CodeIgniter\CodeIgniter->handleRequest(null, Object(Config\Cache), false)
14 FCPATH/index.php(67): CodeIgniter\CodeIgniter->run()
15 SYSTEMPATH/Commands/Server/rewrite.php(47): require_once('FCPATH/index.php')
CRITICAL - 2023-01-18 00:12:11 --> Undefined variable $title
in APPPATH/Views/simpanan/simpanan_wajib.php on line 1.
 1 APPPATH/Views/simpanan/simpanan_wajib.php(1): CodeIgniter\Debug\Exceptions->errorHandler(2, 'Undefined variable $title', 'APPPATH/Views/simpanan/simpanan_wajib.php', 1)
 2 SYSTEMPATH/View/View.php(213): include('APPPATH/Views/simpanan/simpanan_wajib.php')
 3 SYSTEMPATH/View/View.php(216): CodeIgniter\View\View->CodeIgniter\View\{closure}()
 4 SYSTEMPATH/Common.php(1177): CodeIgniter\View\View->render('simpanan/simpanan_wajib', [], true)
 5 APPPATH/Controllers/Simpanan.php(68): view('simpanan/simpanan_wajib', [...])
 6 SYSTEMPATH/CodeIgniter.php(934): App\Controllers\Simpanan->simpanan_wajib()
 7 SYSTEMPATH/CodeIgniter.php(499): CodeIgniter\CodeIgniter->runController(Object(App\Controllers\Simpanan))
 8 SYSTEMPATH/CodeIgniter.php(368): CodeIgniter\CodeIgniter->handleRequest(null, Object(Config\Cache), false)
 9 FCPATH/index.php(67): CodeIgniter\CodeIgniter->run()
10 SYSTEMPATH/Commands/Server/rewrite.php(47): require_once('FCPATH/index.php')
CRITICAL - 2023-01-18 00:12:31 --> Undefined variable $getusers
in APPPATH/Views/layout/sidebar.php on line 30.
 1 APPPATH/Views/layout/sidebar.php(30): CodeIgniter\Debug\Exceptions->errorHandler(2, 'Undefined variable $getusers', 'APPPATH/Views/layout/sidebar.php', 30)
 2 SYSTEMPATH/View/View.php(213): include('APPPATH/Views/layout/sidebar.php')
 3 SYSTEMPATH/View/View.php(216): CodeIgniter\View\View->CodeIgniter\View\{closure}()
 4 SYSTEMPATH/View/View.php(431): CodeIgniter\View\View->render('layout/sidebar', null, true)
 5 APPPATH/Views/layout/template.php(58): CodeIgniter\View\View->include('layout/sidebar')
 6 SYSTEMPATH/View/View.php(213): include('APPPATH/Views/layout/template.php')
 7 SYSTEMPATH/View/View.php(216): CodeIgniter\View\View->CodeIgniter\View\{closure}()
 8 SYSTEMPATH/View/View.php(229): CodeIgniter\View\View->render('layout/template', [], true)
 9 SYSTEMPATH/Common.php(1177): CodeIgniter\View\View->render('simpanan/simpanan_wajib', [], true)
10 APPPATH/Controllers/Simpanan.php(68): view('simpanan/simpanan_wajib', [...])
11 SYSTEMPATH/CodeIgniter.php(934): App\Controllers\Simpanan->simpanan_wajib()
12 SYSTEMPATH/CodeIgniter.php(499): CodeIgniter\CodeIgniter->runController(Object(App\Controllers\Simpanan))
13 SYSTEMPATH/CodeIgniter.php(368): CodeIgniter\CodeIgniter->handleRequest(null, Object(Config\Cache), false)
14 FCPATH/index.php(67): CodeIgniter\CodeIgniter->run()
15 SYSTEMPATH/Commands/Server/rewrite.php(47): require_once('FCPATH/index.php')
CRITICAL - 2023-01-18 00:13:01 --> Undefined variable $getusers
in APPPATH/Views/layout/sidebar.php on line 30.
 1 APPPATH/Views/layout/sidebar.php(30): CodeIgniter\Debug\Exceptions->errorHandler(2, 'Undefined variable $getusers', 'APPPATH/Views/layout/sidebar.php', 30)
 2 SYSTEMPATH/View/View.php(213): include('APPPATH/Views/layout/sidebar.php')
 3 SYSTEMPATH/View/View.php(216): CodeIgniter\View\View->CodeIgniter\View\{closure}()
 4 SYSTEMPATH/View/View.php(431): CodeIgniter\View\View->render('layout/sidebar', null, true)
 5 APPPATH/Views/layout/template.php(58): CodeIgniter\View\View->include('layout/sidebar')
 6 SYSTEMPATH/View/View.php(213): include('APPPATH/Views/layout/template.php')
 7 SYSTEMPATH/View/View.php(216): CodeIgniter\View\View->CodeIgniter\View\{closure}()
 8 SYSTEMPATH/View/View.php(229): CodeIgniter\View\View->render('layout/template', [], true)
 9 SYSTEMPATH/Common.php(1177): CodeIgniter\View\View->render('simpanan/simpanan_wajib', [], true)
10 APPPATH/Controllers/Simpanan.php(68): view('simpanan/simpanan_wajib', [...])
11 SYSTEMPATH/CodeIgniter.php(934): App\Controllers\Simpanan->simpanan_wajib()
12 SYSTEMPATH/CodeIgniter.php(499): CodeIgniter\CodeIgniter->runController(Object(App\Controllers\Simpanan))
13 SYSTEMPATH/CodeIgniter.php(368): CodeIgniter\CodeIgniter->handleRequest(null, Object(Config\Cache), false)
14 FCPATH/index.php(67): CodeIgniter\CodeIgniter->run()
15 SYSTEMPATH/Commands/Server/rewrite.php(47): require_once('FCPATH/index.php')
WARNING - 2023-01-18 00:13:10 --> Session: Sessions is enabled, and one exists.Please don't $session->start();
CRITICAL - 2023-01-18 00:13:14 --> Undefined variable $getusers
in APPPATH/Views/layout/sidebar.php on line 30.
 1 APPPATH/Views/layout/sidebar.php(30): CodeIgniter\Debug\Exceptions->errorHandler(2, 'Undefined variable $getusers', 'APPPATH/Views/layout/sidebar.php', 30)
 2 SYSTEMPATH/View/View.php(213): include('APPPATH/Views/layout/sidebar.php')
 3 SYSTEMPATH/View/View.php(216): CodeIgniter\View\View->CodeIgniter\View\{closure}()
 4 SYSTEMPATH/View/View.php(431): CodeIgniter\View\View->render('layout/sidebar', null, true)
 5 APPPATH/Views/layout/template.php(58): CodeIgniter\View\View->include('layout/sidebar')
 6 SYSTEMPATH/View/View.php(213): include('APPPATH/Views/layout/template.php')
 7 SYSTEMPATH/View/View.php(216): CodeIgniter\View\View->CodeIgniter\View\{closure}()
 8 SYSTEMPATH/View/View.php(229): CodeIgniter\View\View->render('layout/template', [], true)
 9 SYSTEMPATH/Common.php(1177): CodeIgniter\View\View->render('user/index', [], true)
10 APPPATH/Controllers/User.php(27): view('user/index', [...])
11 SYSTEMPATH/CodeIgniter.php(934): App\Controllers\User->index()
12 SYSTEMPATH/CodeIgniter.php(499): CodeIgniter\CodeIgniter->runController(Object(App\Controllers\User))
13 SYSTEMPATH/CodeIgniter.php(368): CodeIgniter\CodeIgniter->handleRequest(null, Object(Config\Cache), false)
14 FCPATH/index.php(67): CodeIgniter\CodeIgniter->run()
15 SYSTEMPATH/Commands/Server/rewrite.php(47): require_once('FCPATH/index.php')
WARNING - 2023-01-18 00:14:17 --> Session: Sessions is enabled, and one exists.Please don't $session->start();
WARNING - 2023-01-18 00:14:41 --> Session: Sessions is enabled, and one exists.Please don't $session->start();
WARNING - 2023-01-18 00:14:45 --> Session: Sessions is enabled, and one exists.Please don't $session->start();
