INFO - 2023-03-28 14:01:56 --> Session: Class initialized using 'CodeIgniter\Session\Handlers\FileHandler' driver.
WARNING - 2023-03-28 14:01:56 --> Session: Sessions is enabled, and one exists.Please don't $session->start();
INFO - 2023-03-28 14:02:01 --> Session: Class initialized using 'CodeIgniter\Session\Handlers\FileHandler' driver.
WARNING - 2023-03-28 14:02:01 --> Session: Sessions is enabled, and one exists.Please don't $session->start();
ERROR - 2023-03-28 21:02:01 --> Error connecting to the database: mysqli_sql_exception: Unknown database 'simpanan' in C:\xampp\htdocs\simpanan\vendor\codeigniter4\framework\system\Database\MySQLi\Connection.php:174
Stack trace:
#0 C:\xampp\htdocs\simpanan\vendor\codeigniter4\framework\system\Database\MySQLi\Connection.php(174): mysqli->real_connect('127.0.0.1', 'root', '', 'simpanan', 3306, '', 0)
#1 C:\xampp\htdocs\simpanan\vendor\codeigniter4\framework\system\Database\BaseConnection.php(391): CodeIgniter\Database\MySQLi\Connection->connect(false)
#2 C:\xampp\htdocs\simpanan\vendor\codeigniter4\framework\system\Database\BaseConnection.php(573): CodeIgniter\Database\BaseConnection->initialize()
#3 C:\xampp\htdocs\simpanan\vendor\codeigniter4\framework\system\Database\BaseBuilder.php(1601): CodeIgniter\Database\BaseConnection->query('SELECT *\nFROM `...', Array, false)
#4 C:\xampp\htdocs\simpanan\vendor\codeigniter4\framework\system\Model.php(267): CodeIgniter\Database\BaseBuilder->get()
#5 C:\xampp\htdocs\simpanan\vendor\codeigniter4\framework\system\BaseModel.php(656): CodeIgniter\Model->doFirst()
#6 C:\xampp\htdocs\simpanan\app\Models\UserModel.php(19): CodeIgniter\BaseModel->first()
#7 C:\xampp\htdocs\simpanan\app\Controllers\Auth.php(60): App\Models\UserModel->getUser('admin')
#8 C:\xampp\htdocs\simpanan\vendor\codeigniter4\framework\system\CodeIgniter.php(934): App\Controllers\Auth->login()
#9 C:\xampp\htdocs\simpanan\vendor\codeigniter4\framework\system\CodeIgniter.php(499): CodeIgniter\CodeIgniter->runController(Object(App\Controllers\Auth))
#10 C:\xampp\htdocs\simpanan\vendor\codeigniter4\framework\system\CodeIgniter.php(368): CodeIgniter\CodeIgniter->handleRequest(NULL, Object(Config\Cache), false)
#11 C:\xampp\htdocs\simpanan\public\index.php(67): CodeIgniter\CodeIgniter->run()
#12 C:\xampp\htdocs\simpanan\vendor\codeigniter4\framework\system\Commands\Server\rewrite.php(47): require_once('C:\\xampp\\htdocs...')
#13 {main}

Next CodeIgniter\Database\Exceptions\DatabaseException: Unknown database 'simpanan' in C:\xampp\htdocs\simpanan\vendor\codeigniter4\framework\system\Database\MySQLi\Connection.php:218
Stack trace:
#0 C:\xampp\htdocs\simpanan\vendor\codeigniter4\framework\system\Database\BaseConnection.php(391): CodeIgniter\Database\MySQLi\Connection->connect(false)
#1 C:\xampp\htdocs\simpanan\vendor\codeigniter4\framework\system\Database\BaseConnection.php(573): CodeIgniter\Database\BaseConnection->initialize()
#2 C:\xampp\htdocs\simpanan\vendor\codeigniter4\framework\system\Database\BaseBuilder.php(1601): CodeIgniter\Database\BaseConnection->query('SELECT *\nFROM `...', Array, false)
#3 C:\xampp\htdocs\simpanan\vendor\codeigniter4\framework\system\Model.php(267): CodeIgniter\Database\BaseBuilder->get()
#4 C:\xampp\htdocs\simpanan\vendor\codeigniter4\framework\system\BaseModel.php(656): CodeIgniter\Model->doFirst()
#5 C:\xampp\htdocs\simpanan\app\Models\UserModel.php(19): CodeIgniter\BaseModel->first()
#6 C:\xampp\htdocs\simpanan\app\Controllers\Auth.php(60): App\Models\UserModel->getUser('admin')
#7 C:\xampp\htdocs\simpanan\vendor\codeigniter4\framework\system\CodeIgniter.php(934): App\Controllers\Auth->login()
#8 C:\xampp\htdocs\simpanan\vendor\codeigniter4\framework\system\CodeIgniter.php(499): CodeIgniter\CodeIgniter->runController(Object(App\Controllers\Auth))
#9 C:\xampp\htdocs\simpanan\vendor\codeigniter4\framework\system\CodeIgniter.php(368): CodeIgniter\CodeIgniter->handleRequest(NULL, Object(Config\Cache), false)
#10 C:\xampp\htdocs\simpanan\public\index.php(67): CodeIgniter\CodeIgniter->run()
#11 C:\xampp\htdocs\simpanan\vendor\codeigniter4\framework\system\Commands\Server\rewrite.php(47): require_once('C:\\xampp\\htdocs...')
#12 {main}
CRITICAL - 2023-03-28 21:02:01 --> Unable to connect to the database.
Main connection [MySQLi]: Unknown database 'simpanan'
in SYSTEMPATH\Database\BaseConnection.php on line 427.
 1 SYSTEMPATH\Database\BaseConnection.php(573): CodeIgniter\Database\BaseConnection->initialize()
 2 SYSTEMPATH\Database\BaseBuilder.php(1601): CodeIgniter\Database\BaseConnection->query('SELECT *
FROM `users`
WHERE `username` = :username:
 LIMIT 1', [...], false)
 3 SYSTEMPATH\Model.php(267): CodeIgniter\Database\BaseBuilder->get()
 4 SYSTEMPATH\BaseModel.php(656): CodeIgniter\Model->doFirst()
 5 APPPATH\Models\UserModel.php(19): CodeIgniter\BaseModel->first()
 6 APPPATH\Controllers\Auth.php(60): App\Models\UserModel->getUser('admin')
 7 SYSTEMPATH\CodeIgniter.php(934): App\Controllers\Auth->login()
 8 SYSTEMPATH\CodeIgniter.php(499): CodeIgniter\CodeIgniter->runController(Object(App\Controllers\Auth))
 9 SYSTEMPATH\CodeIgniter.php(368): CodeIgniter\CodeIgniter->handleRequest(null, Object(Config\Cache), false)
10 FCPATH\index.php(67): CodeIgniter\CodeIgniter->run()
11 SYSTEMPATH\Commands\Server\rewrite.php(47): require_once('FCPATH\\index.php')
INFO - 2023-03-28 14:02:45 --> Session: Class initialized using 'CodeIgniter\Session\Handlers\FileHandler' driver.
WARNING - 2023-03-28 14:02:45 --> Session: Sessions is enabled, and one exists.Please don't $session->start();
INFO - 2023-03-28 14:02:45 --> Session: Class initialized using 'CodeIgniter\Session\Handlers\FileHandler' driver.
WARNING - 2023-03-28 14:02:45 --> Session: Sessions is enabled, and one exists.Please don't $session->start();
INFO - 2023-03-28 14:03:37 --> Session: Class initialized using 'CodeIgniter\Session\Handlers\FileHandler' driver.
WARNING - 2023-03-28 14:03:37 --> Session: Sessions is enabled, and one exists.Please don't $session->start();
INFO - 2023-03-28 14:03:37 --> Session: Class initialized using 'CodeIgniter\Session\Handlers\FileHandler' driver.
WARNING - 2023-03-28 14:03:37 --> Session: Sessions is enabled, and one exists.Please don't $session->start();
WARNING - 2023-03-28 21:03:37 --> Session: Sessions is enabled, and one exists.Please don't $session->start();
INFO - 2023-03-28 14:03:43 --> Session: Class initialized using 'CodeIgniter\Session\Handlers\FileHandler' driver.
WARNING - 2023-03-28 14:03:43 --> Session: Sessions is enabled, and one exists.Please don't $session->start();
WARNING - 2023-03-28 21:03:43 --> Session: Sessions is enabled, and one exists.Please don't $session->start();
INFO - 2023-03-28 14:03:48 --> Session: Class initialized using 'CodeIgniter\Session\Handlers\FileHandler' driver.
WARNING - 2023-03-28 14:03:48 --> Session: Sessions is enabled, and one exists.Please don't $session->start();
WARNING - 2023-03-28 21:03:48 --> Session: Sessions is enabled, and one exists.Please don't $session->start();
INFO - 2023-03-28 14:04:57 --> Session: Class initialized using 'CodeIgniter\Session\Handlers\FileHandler' driver.
WARNING - 2023-03-28 14:04:57 --> Session: Sessions is enabled, and one exists.Please don't $session->start();
WARNING - 2023-03-28 21:04:57 --> Session: Sessions is enabled, and one exists.Please don't $session->start();
INFO - 2023-03-28 14:05:05 --> Session: Class initialized using 'CodeIgniter\Session\Handlers\FileHandler' driver.
WARNING - 2023-03-28 14:05:05 --> Session: Sessions is enabled, and one exists.Please don't $session->start();
WARNING - 2023-03-28 21:05:05 --> Session: Sessions is enabled, and one exists.Please don't $session->start();
INFO - 2023-03-28 14:05:49 --> Session: Class initialized using 'CodeIgniter\Session\Handlers\FileHandler' driver.
WARNING - 2023-03-28 14:05:49 --> Session: Sessions is enabled, and one exists.Please don't $session->start();
INFO - 2023-03-28 14:05:50 --> Session: Class initialized using 'CodeIgniter\Session\Handlers\FileHandler' driver.
WARNING - 2023-03-28 14:05:50 --> Session: Sessions is enabled, and one exists.Please don't $session->start();
INFO - 2023-03-28 14:05:57 --> Session: Class initialized using 'CodeIgniter\Session\Handlers\FileHandler' driver.
WARNING - 2023-03-28 14:05:57 --> Session: Sessions is enabled, and one exists.Please don't $session->start();
INFO - 2023-03-28 14:05:58 --> Session: Class initialized using 'CodeIgniter\Session\Handlers\FileHandler' driver.
WARNING - 2023-03-28 14:05:58 --> Session: Sessions is enabled, and one exists.Please don't $session->start();
INFO - 2023-03-28 14:06:15 --> Session: Class initialized using 'CodeIgniter\Session\Handlers\FileHandler' driver.
WARNING - 2023-03-28 14:06:15 --> Session: Sessions is enabled, and one exists.Please don't $session->start();
INFO - 2023-03-28 14:06:16 --> Session: Class initialized using 'CodeIgniter\Session\Handlers\FileHandler' driver.
WARNING - 2023-03-28 14:06:16 --> Session: Sessions is enabled, and one exists.Please don't $session->start();
INFO - 2023-03-28 14:06:38 --> Session: Class initialized using 'CodeIgniter\Session\Handlers\FileHandler' driver.
WARNING - 2023-03-28 14:06:38 --> Session: Sessions is enabled, and one exists.Please don't $session->start();
INFO - 2023-03-28 14:06:38 --> Session: Class initialized using 'CodeIgniter\Session\Handlers\FileHandler' driver.
WARNING - 2023-03-28 14:06:38 --> Session: Sessions is enabled, and one exists.Please don't $session->start();
WARNING - 2023-03-28 21:06:38 --> Session: Sessions is enabled, and one exists.Please don't $session->start();
INFO - 2023-03-28 14:06:43 --> Session: Class initialized using 'CodeIgniter\Session\Handlers\FileHandler' driver.
WARNING - 2023-03-28 14:06:43 --> Session: Sessions is enabled, and one exists.Please don't $session->start();
WARNING - 2023-03-28 21:06:43 --> Session: Sessions is enabled, and one exists.Please don't $session->start();
INFO - 2023-03-28 14:06:46 --> Session: Class initialized using 'CodeIgniter\Session\Handlers\FileHandler' driver.
WARNING - 2023-03-28 14:06:46 --> Session: Sessions is enabled, and one exists.Please don't $session->start();
WARNING - 2023-03-28 21:06:46 --> Session: Sessions is enabled, and one exists.Please don't $session->start();
INFO - 2023-03-28 14:06:48 --> Session: Class initialized using 'CodeIgniter\Session\Handlers\FileHandler' driver.
WARNING - 2023-03-28 14:06:48 --> Session: Sessions is enabled, and one exists.Please don't $session->start();
WARNING - 2023-03-28 21:06:48 --> Session: Sessions is enabled, and one exists.Please don't $session->start();
INFO - 2023-03-28 14:06:51 --> Session: Class initialized using 'CodeIgniter\Session\Handlers\FileHandler' driver.
WARNING - 2023-03-28 14:06:51 --> Session: Sessions is enabled, and one exists.Please don't $session->start();
WARNING - 2023-03-28 21:06:51 --> Session: Sessions is enabled, and one exists.Please don't $session->start();
INFO - 2023-03-28 14:07:34 --> Session: Class initialized using 'CodeIgniter\Session\Handlers\FileHandler' driver.
WARNING - 2023-03-28 14:07:34 --> Session: Sessions is enabled, and one exists.Please don't $session->start();
INFO - 2023-03-28 14:07:34 --> Session: Class initialized using 'CodeIgniter\Session\Handlers\FileHandler' driver.
WARNING - 2023-03-28 14:07:34 --> Session: Sessions is enabled, and one exists.Please don't $session->start();
INFO - 2023-03-28 14:07:39 --> Session: Class initialized using 'CodeIgniter\Session\Handlers\FileHandler' driver.
WARNING - 2023-03-28 14:07:39 --> Session: Sessions is enabled, and one exists.Please don't $session->start();
INFO - 2023-03-28 14:07:39 --> Session: Class initialized using 'CodeIgniter\Session\Handlers\FileHandler' driver.
WARNING - 2023-03-28 14:07:39 --> Session: Sessions is enabled, and one exists.Please don't $session->start();
WARNING - 2023-03-28 21:07:39 --> Session: Sessions is enabled, and one exists.Please don't $session->start();
INFO - 2023-03-28 14:07:43 --> Session: Class initialized using 'CodeIgniter\Session\Handlers\FileHandler' driver.
WARNING - 2023-03-28 21:07:43 --> Session: Sessions is enabled, and one exists.Please don't $session->start();
INFO - 2023-03-28 21:07:53 --> Session: Class initialized using 'CodeIgniter\Session\Handlers\FileHandler' driver.
WARNING - 2023-03-28 21:07:53 --> Session: Sessions is enabled, and one exists.Please don't $session->start();
INFO - 2023-03-28 21:07:54 --> Session: Class initialized using 'CodeIgniter\Session\Handlers\FileHandler' driver.
WARNING - 2023-03-28 21:07:54 --> Session: Sessions is enabled, and one exists.Please don't $session->start();
INFO - 2023-03-28 21:07:54 --> Session: Class initialized using 'CodeIgniter\Session\Handlers\FileHandler' driver.
WARNING - 2023-03-28 21:07:54 --> Session: Sessions is enabled, and one exists.Please don't $session->start();
INFO - 2023-03-28 21:07:54 --> Session: Class initialized using 'CodeIgniter\Session\Handlers\FileHandler' driver.
WARNING - 2023-03-28 21:07:54 --> Session: Sessions is enabled, and one exists.Please don't $session->start();
INFO - 2023-03-28 14:07:56 --> Session: Class initialized using 'CodeIgniter\Session\Handlers\FileHandler' driver.
WARNING - 2023-03-28 21:07:56 --> Session: Sessions is enabled, and one exists.Please don't $session->start();
INFO - 2023-03-28 14:08:06 --> Session: Class initialized using 'CodeIgniter\Session\Handlers\FileHandler' driver.
WARNING - 2023-03-28 14:08:06 --> Session: Sessions is enabled, and one exists.Please don't $session->start();
WARNING - 2023-03-28 21:08:06 --> Session: Sessions is enabled, and one exists.Please don't $session->start();
INFO - 2023-03-28 14:08:09 --> Session: Class initialized using 'CodeIgniter\Session\Handlers\FileHandler' driver.
WARNING - 2023-03-28 14:08:09 --> Session: Sessions is enabled, and one exists.Please don't $session->start();
WARNING - 2023-03-28 21:08:09 --> Session: Sessions is enabled, and one exists.Please don't $session->start();
INFO - 2023-03-28 14:08:11 --> Session: Class initialized using 'CodeIgniter\Session\Handlers\FileHandler' driver.
WARNING - 2023-03-28 14:08:11 --> Session: Sessions is enabled, and one exists.Please don't $session->start();
WARNING - 2023-03-28 21:08:11 --> Session: Sessions is enabled, and one exists.Please don't $session->start();
INFO - 2023-03-28 14:08:14 --> Session: Class initialized using 'CodeIgniter\Session\Handlers\FileHandler' driver.
WARNING - 2023-03-28 14:08:14 --> Session: Sessions is enabled, and one exists.Please don't $session->start();
WARNING - 2023-03-28 21:08:14 --> Session: Sessions is enabled, and one exists.Please don't $session->start();
INFO - 2023-03-28 14:08:17 --> Session: Class initialized using 'CodeIgniter\Session\Handlers\FileHandler' driver.
WARNING - 2023-03-28 14:08:17 --> Session: Sessions is enabled, and one exists.Please don't $session->start();
WARNING - 2023-03-28 21:08:17 --> Session: Sessions is enabled, and one exists.Please don't $session->start();
INFO - 2023-03-28 14:08:19 --> Session: Class initialized using 'CodeIgniter\Session\Handlers\FileHandler' driver.
WARNING - 2023-03-28 14:08:19 --> Session: Sessions is enabled, and one exists.Please don't $session->start();
WARNING - 2023-03-28 21:08:19 --> Session: Sessions is enabled, and one exists.Please don't $session->start();
