INFO - 2023-06-04 08:22:26 --> Session: Class initialized using 'CodeIgniter\Session\Handlers\FileHandler' driver.
INFO - 2023-06-04 08:22:26 --> Session: Class initialized using 'CodeIgniter\Session\Handlers\FileHandler' driver.
WARNING - 2023-06-04 08:22:26 --> Session: Sessions is enabled, and one exists.Please don't $session->start();
INFO - 2023-06-04 08:22:32 --> Session: Class initialized using 'CodeIgniter\Session\Handlers\FileHandler' driver.
WARNING - 2023-06-04 08:22:32 --> Session: Sessions is enabled, and one exists.Please don't $session->start();
INFO - 2023-06-04 08:22:32 --> Session: Class initialized using 'CodeIgniter\Session\Handlers\FileHandler' driver.
WARNING - 2023-06-04 08:22:32 --> Session: Sessions is enabled, and one exists.Please don't $session->start();
WARNING - 2023-06-04 15:22:33 --> Session: Sessions is enabled, and one exists.Please don't $session->start();
INFO - 2023-06-04 08:24:14 --> Session: Class initialized using 'CodeIgniter\Session\Handlers\FileHandler' driver.
WARNING - 2023-06-04 08:24:14 --> Session: Sessions is enabled, and one exists.Please don't $session->start();
WARNING - 2023-06-04 15:24:14 --> Session: Sessions is enabled, and one exists.Please don't $session->start();
INFO - 2023-06-04 08:24:21 --> Session: Class initialized using 'CodeIgniter\Session\Handlers\FileHandler' driver.
WARNING - 2023-06-04 15:24:21 --> Session: Sessions is enabled, and one exists.Please don't $session->start();
INFO - 2023-06-04 15:24:28 --> Session: Class initialized using 'CodeIgniter\Session\Handlers\FileHandler' driver.
WARNING - 2023-06-04 15:24:28 --> Session: Sessions is enabled, and one exists.Please don't $session->start();
INFO - 2023-06-04 08:24:30 --> Session: Class initialized using 'CodeIgniter\Session\Handlers\FileHandler' driver.
WARNING - 2023-06-04 15:24:30 --> Session: Sessions is enabled, and one exists.Please don't $session->start();
INFO - 2023-06-04 08:24:32 --> Session: Class initialized using 'CodeIgniter\Session\Handlers\FileHandler' driver.
WARNING - 2023-06-04 15:24:32 --> Session: Sessions is enabled, and one exists.Please don't $session->start();
INFO - 2023-06-04 08:24:34 --> Session: Class initialized using 'CodeIgniter\Session\Handlers\FileHandler' driver.
WARNING - 2023-06-04 15:24:34 --> Session: Sessions is enabled, and one exists.Please don't $session->start();
INFO - 2023-06-04 08:24:35 --> Session: Class initialized using 'CodeIgniter\Session\Handlers\FileHandler' driver.
WARNING - 2023-06-04 15:24:35 --> Session: Sessions is enabled, and one exists.Please don't $session->start();
INFO - 2023-06-04 08:24:53 --> Session: Class initialized using 'CodeIgniter\Session\Handlers\FileHandler' driver.
WARNING - 2023-06-04 15:24:53 --> Session: Sessions is enabled, and one exists.Please don't $session->start();
INFO - 2023-06-04 08:24:56 --> Session: Class initialized using 'CodeIgniter\Session\Handlers\FileHandler' driver.
WARNING - 2023-06-04 15:24:56 --> Session: Sessions is enabled, and one exists.Please don't $session->start();
INFO - 2023-06-04 08:24:56 --> Session: Class initialized using 'CodeIgniter\Session\Handlers\FileHandler' driver.
WARNING - 2023-06-04 15:24:56 --> Session: Sessions is enabled, and one exists.Please don't $session->start();
INFO - 2023-06-04 08:25:12 --> Session: Class initialized using 'CodeIgniter\Session\Handlers\FileHandler' driver.
WARNING - 2023-06-04 15:25:12 --> Session: Sessions is enabled, and one exists.Please don't $session->start();
INFO - 2023-06-04 08:25:20 --> Session: Class initialized using 'CodeIgniter\Session\Handlers\FileHandler' driver.
WARNING - 2023-06-04 15:25:20 --> Session: Sessions is enabled, and one exists.Please don't $session->start();
INFO - 2023-06-04 08:25:24 --> Session: Class initialized using 'CodeIgniter\Session\Handlers\FileHandler' driver.
WARNING - 2023-06-04 15:25:24 --> Session: Sessions is enabled, and one exists.Please don't $session->start();
INFO - 2023-06-04 08:25:25 --> Session: Class initialized using 'CodeIgniter\Session\Handlers\FileHandler' driver.
WARNING - 2023-06-04 15:25:25 --> Session: Sessions is enabled, and one exists.Please don't $session->start();
INFO - 2023-06-04 08:25:26 --> Session: Class initialized using 'CodeIgniter\Session\Handlers\FileHandler' driver.
WARNING - 2023-06-04 15:25:26 --> Session: Sessions is enabled, and one exists.Please don't $session->start();
INFO - 2023-06-04 08:25:27 --> Session: Class initialized using 'CodeIgniter\Session\Handlers\FileHandler' driver.
WARNING - 2023-06-04 15:25:27 --> Session: Sessions is enabled, and one exists.Please don't $session->start();
INFO - 2023-06-04 08:25:33 --> Session: Class initialized using 'CodeIgniter\Session\Handlers\FileHandler' driver.
WARNING - 2023-06-04 15:25:33 --> Session: Sessions is enabled, and one exists.Please don't $session->start();
INFO - 2023-06-04 08:26:50 --> Session: Class initialized using 'CodeIgniter\Session\Handlers\FileHandler' driver.
WARNING - 2023-06-04 15:26:50 --> Session: Sessions is enabled, and one exists.Please don't $session->start();
INFO - 2023-06-04 08:26:51 --> Session: Class initialized using 'CodeIgniter\Session\Handlers\FileHandler' driver.
WARNING - 2023-06-04 15:26:51 --> Session: Sessions is enabled, and one exists.Please don't $session->start();
INFO - 2023-06-04 08:27:03 --> Session: Class initialized using 'CodeIgniter\Session\Handlers\FileHandler' driver.
WARNING - 2023-06-04 15:27:03 --> Session: Sessions is enabled, and one exists.Please don't $session->start();
INFO - 2023-06-04 08:27:05 --> Session: Class initialized using 'CodeIgniter\Session\Handlers\FileHandler' driver.
WARNING - 2023-06-04 15:27:05 --> Session: Sessions is enabled, and one exists.Please don't $session->start();
CRITICAL - 2023-06-04 15:27:05 --> Invalid file: "pelanggan/edit_data_pelanggan.php"
in SYSTEMPATH\Exceptions\FrameworkException.php on line 33.
 1 SYSTEMPATH\View\View.php(201): CodeIgniter\Exceptions\FrameworkException::forInvalidFile('pelanggan/edit_data_pelanggan.php')
 2 SYSTEMPATH\Common.php(1177): CodeIgniter\View\View->render('pelanggan/edit_data_pelanggan', [], true)
 3 APPPATH\Controllers\Pengurus.php(82): view('pelanggan/edit_data_pelanggan', [...])
 4 SYSTEMPATH\CodeIgniter.php(934): App\Controllers\Pengurus->create()
 5 SYSTEMPATH\CodeIgniter.php(499): CodeIgniter\CodeIgniter->runController(Object(App\Controllers\Pengurus))
 6 SYSTEMPATH\CodeIgniter.php(368): CodeIgniter\CodeIgniter->handleRequest(null, Object(Config\Cache), false)
 7 FCPATH\index.php(67): CodeIgniter\CodeIgniter->run()
 8 SYSTEMPATH\Commands\Server\rewrite.php(47): require_once('FCPATH\\index.php')
INFO - 2023-06-04 08:27:20 --> Session: Class initialized using 'CodeIgniter\Session\Handlers\FileHandler' driver.
WARNING - 2023-06-04 15:27:20 --> Session: Sessions is enabled, and one exists.Please don't $session->start();
INFO - 2023-06-04 08:27:24 --> Session: Class initialized using 'CodeIgniter\Session\Handlers\FileHandler' driver.
WARNING - 2023-06-04 15:27:24 --> Session: Sessions is enabled, and one exists.Please don't $session->start();
INFO - 2023-06-04 08:27:26 --> Session: Class initialized using 'CodeIgniter\Session\Handlers\FileHandler' driver.
WARNING - 2023-06-04 15:27:26 --> Session: Sessions is enabled, and one exists.Please don't $session->start();
INFO - 2023-06-04 08:27:27 --> Session: Class initialized using 'CodeIgniter\Session\Handlers\FileHandler' driver.
WARNING - 2023-06-04 15:27:27 --> Session: Sessions is enabled, and one exists.Please don't $session->start();
INFO - 2023-06-04 08:27:31 --> Session: Class initialized using 'CodeIgniter\Session\Handlers\FileHandler' driver.
WARNING - 2023-06-04 15:27:31 --> Session: Sessions is enabled, and one exists.Please don't $session->start();
INFO - 2023-06-04 08:27:34 --> Session: Class initialized using 'CodeIgniter\Session\Handlers\FileHandler' driver.
WARNING - 2023-06-04 15:27:34 --> Session: Sessions is enabled, and one exists.Please don't $session->start();
INFO - 2023-06-04 08:27:36 --> Session: Class initialized using 'CodeIgniter\Session\Handlers\FileHandler' driver.
WARNING - 2023-06-04 15:27:36 --> Session: Sessions is enabled, and one exists.Please don't $session->start();
INFO - 2023-06-04 08:27:38 --> Session: Class initialized using 'CodeIgniter\Session\Handlers\FileHandler' driver.
WARNING - 2023-06-04 15:27:38 --> Session: Sessions is enabled, and one exists.Please don't $session->start();
INFO - 2023-06-04 08:32:34 --> Session: Class initialized using 'CodeIgniter\Session\Handlers\FileHandler' driver.
WARNING - 2023-06-04 15:32:34 --> Session: Sessions is enabled, and one exists.Please don't $session->start();
INFO - 2023-06-04 08:32:40 --> Session: Class initialized using 'CodeIgniter\Session\Handlers\FileHandler' driver.
WARNING - 2023-06-04 15:32:40 --> Session: Sessions is enabled, and one exists.Please don't $session->start();
INFO - 2023-06-04 08:33:58 --> Session: Class initialized using 'CodeIgniter\Session\Handlers\FileHandler' driver.
WARNING - 2023-06-04 15:33:58 --> Session: Sessions is enabled, and one exists.Please don't $session->start();
INFO - 2023-06-04 15:33:59 --> Session: Class initialized using 'CodeIgniter\Session\Handlers\FileHandler' driver.
WARNING - 2023-06-04 15:33:59 --> Session: Sessions is enabled, and one exists.Please don't $session->start();
INFO - 2023-06-04 15:33:59 --> Session: Class initialized using 'CodeIgniter\Session\Handlers\FileHandler' driver.
WARNING - 2023-06-04 15:33:59 --> Session: Sessions is enabled, and one exists.Please don't $session->start();
INFO - 2023-06-04 15:33:59 --> Session: Class initialized using 'CodeIgniter\Session\Handlers\FileHandler' driver.
WARNING - 2023-06-04 15:33:59 --> Session: Sessions is enabled, and one exists.Please don't $session->start();
INFO - 2023-06-04 15:33:59 --> Session: Class initialized using 'CodeIgniter\Session\Handlers\FileHandler' driver.
WARNING - 2023-06-04 15:33:59 --> Session: Sessions is enabled, and one exists.Please don't $session->start();
INFO - 2023-06-04 15:33:59 --> Session: Class initialized using 'CodeIgniter\Session\Handlers\FileHandler' driver.
WARNING - 2023-06-04 15:33:59 --> Session: Sessions is enabled, and one exists.Please don't $session->start();
INFO - 2023-06-04 15:33:59 --> Session: Class initialized using 'CodeIgniter\Session\Handlers\FileHandler' driver.
WARNING - 2023-06-04 15:33:59 --> Session: Sessions is enabled, and one exists.Please don't $session->start();
INFO - 2023-06-04 15:34:00 --> Session: Class initialized using 'CodeIgniter\Session\Handlers\FileHandler' driver.
WARNING - 2023-06-04 15:34:00 --> Session: Sessions is enabled, and one exists.Please don't $session->start();
INFO - 2023-06-04 15:34:00 --> Session: Class initialized using 'CodeIgniter\Session\Handlers\FileHandler' driver.
WARNING - 2023-06-04 15:34:00 --> Session: Sessions is enabled, and one exists.Please don't $session->start();
INFO - 2023-06-04 15:34:00 --> Session: Class initialized using 'CodeIgniter\Session\Handlers\FileHandler' driver.
WARNING - 2023-06-04 15:34:00 --> Session: Sessions is enabled, and one exists.Please don't $session->start();
INFO - 2023-06-04 15:34:00 --> Session: Class initialized using 'CodeIgniter\Session\Handlers\FileHandler' driver.
WARNING - 2023-06-04 15:34:00 --> Session: Sessions is enabled, and one exists.Please don't $session->start();
INFO - 2023-06-04 15:34:00 --> Session: Class initialized using 'CodeIgniter\Session\Handlers\FileHandler' driver.
WARNING - 2023-06-04 15:34:00 --> Session: Sessions is enabled, and one exists.Please don't $session->start();
INFO - 2023-06-04 15:34:00 --> Session: Class initialized using 'CodeIgniter\Session\Handlers\FileHandler' driver.
WARNING - 2023-06-04 15:34:00 --> Session: Sessions is enabled, and one exists.Please don't $session->start();
INFO - 2023-06-04 15:34:00 --> Session: Class initialized using 'CodeIgniter\Session\Handlers\FileHandler' driver.
WARNING - 2023-06-04 15:34:00 --> Session: Sessions is enabled, and one exists.Please don't $session->start();
INFO - 2023-06-04 15:34:00 --> Session: Class initialized using 'CodeIgniter\Session\Handlers\FileHandler' driver.
WARNING - 2023-06-04 15:34:00 --> Session: Sessions is enabled, and one exists.Please don't $session->start();
INFO - 2023-06-04 15:34:01 --> Session: Class initialized using 'CodeIgniter\Session\Handlers\FileHandler' driver.
WARNING - 2023-06-04 15:34:01 --> Session: Sessions is enabled, and one exists.Please don't $session->start();
INFO - 2023-06-04 15:34:01 --> Session: Class initialized using 'CodeIgniter\Session\Handlers\FileHandler' driver.
WARNING - 2023-06-04 15:34:01 --> Session: Sessions is enabled, and one exists.Please don't $session->start();
INFO - 2023-06-04 15:34:01 --> Session: Class initialized using 'CodeIgniter\Session\Handlers\FileHandler' driver.
WARNING - 2023-06-04 15:34:01 --> Session: Sessions is enabled, and one exists.Please don't $session->start();
INFO - 2023-06-04 15:34:01 --> Session: Class initialized using 'CodeIgniter\Session\Handlers\FileHandler' driver.
WARNING - 2023-06-04 15:34:01 --> Session: Sessions is enabled, and one exists.Please don't $session->start();
INFO - 2023-06-04 15:34:01 --> Session: Class initialized using 'CodeIgniter\Session\Handlers\FileHandler' driver.
WARNING - 2023-06-04 15:34:01 --> Session: Sessions is enabled, and one exists.Please don't $session->start();
INFO - 2023-06-04 15:34:02 --> Session: Class initialized using 'CodeIgniter\Session\Handlers\FileHandler' driver.
WARNING - 2023-06-04 15:34:02 --> Session: Sessions is enabled, and one exists.Please don't $session->start();
INFO - 2023-06-04 15:34:03 --> Session: Class initialized using 'CodeIgniter\Session\Handlers\FileHandler' driver.
WARNING - 2023-06-04 15:34:03 --> Session: Sessions is enabled, and one exists.Please don't $session->start();
INFO - 2023-06-04 15:34:03 --> Session: Class initialized using 'CodeIgniter\Session\Handlers\FileHandler' driver.
WARNING - 2023-06-04 15:34:03 --> Session: Sessions is enabled, and one exists.Please don't $session->start();
INFO - 2023-06-04 15:34:03 --> Session: Class initialized using 'CodeIgniter\Session\Handlers\FileHandler' driver.
WARNING - 2023-06-04 15:34:03 --> Session: Sessions is enabled, and one exists.Please don't $session->start();
INFO - 2023-06-04 15:34:03 --> Session: Class initialized using 'CodeIgniter\Session\Handlers\FileHandler' driver.
WARNING - 2023-06-04 15:34:03 --> Session: Sessions is enabled, and one exists.Please don't $session->start();
INFO - 2023-06-04 15:34:03 --> Session: Class initialized using 'CodeIgniter\Session\Handlers\FileHandler' driver.
WARNING - 2023-06-04 15:34:03 --> Session: Sessions is enabled, and one exists.Please don't $session->start();
INFO - 2023-06-04 15:34:04 --> Session: Class initialized using 'CodeIgniter\Session\Handlers\FileHandler' driver.
WARNING - 2023-06-04 15:34:04 --> Session: Sessions is enabled, and one exists.Please don't $session->start();
INFO - 2023-06-04 15:34:04 --> Session: Class initialized using 'CodeIgniter\Session\Handlers\FileHandler' driver.
WARNING - 2023-06-04 15:34:04 --> Session: Sessions is enabled, and one exists.Please don't $session->start();
INFO - 2023-06-04 15:34:04 --> Session: Class initialized using 'CodeIgniter\Session\Handlers\FileHandler' driver.
WARNING - 2023-06-04 15:34:04 --> Session: Sessions is enabled, and one exists.Please don't $session->start();
INFO - 2023-06-04 15:34:04 --> Session: Class initialized using 'CodeIgniter\Session\Handlers\FileHandler' driver.
WARNING - 2023-06-04 15:34:04 --> Session: Sessions is enabled, and one exists.Please don't $session->start();
INFO - 2023-06-04 15:34:04 --> Session: Class initialized using 'CodeIgniter\Session\Handlers\FileHandler' driver.
WARNING - 2023-06-04 15:34:04 --> Session: Sessions is enabled, and one exists.Please don't $session->start();
INFO - 2023-06-04 15:34:04 --> Session: Class initialized using 'CodeIgniter\Session\Handlers\FileHandler' driver.
WARNING - 2023-06-04 15:34:04 --> Session: Sessions is enabled, and one exists.Please don't $session->start();
INFO - 2023-06-04 15:34:04 --> Session: Class initialized using 'CodeIgniter\Session\Handlers\FileHandler' driver.
WARNING - 2023-06-04 15:34:04 --> Session: Sessions is enabled, and one exists.Please don't $session->start();
INFO - 2023-06-04 15:34:05 --> Session: Class initialized using 'CodeIgniter\Session\Handlers\FileHandler' driver.
WARNING - 2023-06-04 15:34:05 --> Session: Sessions is enabled, and one exists.Please don't $session->start();
INFO - 2023-06-04 15:34:05 --> Session: Class initialized using 'CodeIgniter\Session\Handlers\FileHandler' driver.
WARNING - 2023-06-04 15:34:05 --> Session: Sessions is enabled, and one exists.Please don't $session->start();
INFO - 2023-06-04 15:34:05 --> Session: Class initialized using 'CodeIgniter\Session\Handlers\FileHandler' driver.
WARNING - 2023-06-04 15:34:05 --> Session: Sessions is enabled, and one exists.Please don't $session->start();
INFO - 2023-06-04 15:34:05 --> Session: Class initialized using 'CodeIgniter\Session\Handlers\FileHandler' driver.
WARNING - 2023-06-04 15:34:05 --> Session: Sessions is enabled, and one exists.Please don't $session->start();
INFO - 2023-06-04 15:34:05 --> Session: Class initialized using 'CodeIgniter\Session\Handlers\FileHandler' driver.
WARNING - 2023-06-04 15:34:05 --> Session: Sessions is enabled, and one exists.Please don't $session->start();
INFO - 2023-06-04 15:34:05 --> Session: Class initialized using 'CodeIgniter\Session\Handlers\FileHandler' driver.
WARNING - 2023-06-04 15:34:05 --> Session: Sessions is enabled, and one exists.Please don't $session->start();
INFO - 2023-06-04 15:34:05 --> Session: Class initialized using 'CodeIgniter\Session\Handlers\FileHandler' driver.
WARNING - 2023-06-04 15:34:05 --> Session: Sessions is enabled, and one exists.Please don't $session->start();
INFO - 2023-06-04 08:34:09 --> Session: Class initialized using 'CodeIgniter\Session\Handlers\FileHandler' driver.
WARNING - 2023-06-04 15:34:09 --> Session: Sessions is enabled, and one exists.Please don't $session->start();
INFO - 2023-06-04 08:34:13 --> Session: Class initialized using 'CodeIgniter\Session\Handlers\FileHandler' driver.
WARNING - 2023-06-04 15:34:13 --> Session: Sessions is enabled, and one exists.Please don't $session->start();
INFO - 2023-06-04 08:34:13 --> Session: Class initialized using 'CodeIgniter\Session\Handlers\FileHandler' driver.
WARNING - 2023-06-04 15:34:13 --> Session: Sessions is enabled, and one exists.Please don't $session->start();
INFO - 2023-06-04 08:34:55 --> Session: Class initialized using 'CodeIgniter\Session\Handlers\FileHandler' driver.
WARNING - 2023-06-04 15:34:55 --> Session: Sessions is enabled, and one exists.Please don't $session->start();
INFO - 2023-06-04 08:34:55 --> Session: Class initialized using 'CodeIgniter\Session\Handlers\FileHandler' driver.
WARNING - 2023-06-04 15:34:55 --> Session: Sessions is enabled, and one exists.Please don't $session->start();
INFO - 2023-06-04 08:34:55 --> Session: Class initialized using 'CodeIgniter\Session\Handlers\FileHandler' driver.
WARNING - 2023-06-04 15:34:55 --> Session: Sessions is enabled, and one exists.Please don't $session->start();
INFO - 2023-06-04 08:34:58 --> Session: Class initialized using 'CodeIgniter\Session\Handlers\FileHandler' driver.
WARNING - 2023-06-04 15:34:58 --> Session: Sessions is enabled, and one exists.Please don't $session->start();
INFO - 2023-06-04 08:34:58 --> Session: Class initialized using 'CodeIgniter\Session\Handlers\FileHandler' driver.
WARNING - 2023-06-04 15:34:58 --> Session: Sessions is enabled, and one exists.Please don't $session->start();
INFO - 2023-06-04 08:37:51 --> Session: Class initialized using 'CodeIgniter\Session\Handlers\FileHandler' driver.
WARNING - 2023-06-04 15:37:51 --> Session: Sessions is enabled, and one exists.Please don't $session->start();
INFO - 2023-06-04 08:37:53 --> Session: Class initialized using 'CodeIgniter\Session\Handlers\FileHandler' driver.
WARNING - 2023-06-04 15:37:53 --> Session: Sessions is enabled, and one exists.Please don't $session->start();
INFO - 2023-06-04 08:37:53 --> Session: Class initialized using 'CodeIgniter\Session\Handlers\FileHandler' driver.
WARNING - 2023-06-04 15:37:53 --> Session: Sessions is enabled, and one exists.Please don't $session->start();
INFO - 2023-06-04 08:37:56 --> Session: Class initialized using 'CodeIgniter\Session\Handlers\FileHandler' driver.
WARNING - 2023-06-04 15:37:56 --> Session: Sessions is enabled, and one exists.Please don't $session->start();
INFO - 2023-06-04 08:37:56 --> Session: Class initialized using 'CodeIgniter\Session\Handlers\FileHandler' driver.
WARNING - 2023-06-04 15:37:56 --> Session: Sessions is enabled, and one exists.Please don't $session->start();
INFO - 2023-06-04 08:45:39 --> Session: Class initialized using 'CodeIgniter\Session\Handlers\FileHandler' driver.
WARNING - 2023-06-04 15:45:39 --> Session: Sessions is enabled, and one exists.Please don't $session->start();
INFO - 2023-06-04 08:45:42 --> Session: Class initialized using 'CodeIgniter\Session\Handlers\FileHandler' driver.
WARNING - 2023-06-04 15:45:42 --> Session: Sessions is enabled, and one exists.Please don't $session->start();
INFO - 2023-06-04 08:45:42 --> Session: Class initialized using 'CodeIgniter\Session\Handlers\FileHandler' driver.
WARNING - 2023-06-04 15:45:42 --> Session: Sessions is enabled, and one exists.Please don't $session->start();
INFO - 2023-06-04 08:47:26 --> Session: Class initialized using 'CodeIgniter\Session\Handlers\FileHandler' driver.
WARNING - 2023-06-04 15:47:26 --> Session: Sessions is enabled, and one exists.Please don't $session->start();
INFO - 2023-06-04 08:47:29 --> Session: Class initialized using 'CodeIgniter\Session\Handlers\FileHandler' driver.
WARNING - 2023-06-04 15:47:29 --> Session: Sessions is enabled, and one exists.Please don't $session->start();
INFO - 2023-06-04 08:47:29 --> Session: Class initialized using 'CodeIgniter\Session\Handlers\FileHandler' driver.
WARNING - 2023-06-04 15:47:29 --> Session: Sessions is enabled, and one exists.Please don't $session->start();
INFO - 2023-06-04 08:47:48 --> Session: Class initialized using 'CodeIgniter\Session\Handlers\FileHandler' driver.
WARNING - 2023-06-04 15:47:48 --> Session: Sessions is enabled, and one exists.Please don't $session->start();
INFO - 2023-06-04 08:47:50 --> Session: Class initialized using 'CodeIgniter\Session\Handlers\FileHandler' driver.
WARNING - 2023-06-04 15:47:50 --> Session: Sessions is enabled, and one exists.Please don't $session->start();
INFO - 2023-06-04 08:47:50 --> Session: Class initialized using 'CodeIgniter\Session\Handlers\FileHandler' driver.
WARNING - 2023-06-04 15:47:50 --> Session: Sessions is enabled, and one exists.Please don't $session->start();
INFO - 2023-06-04 08:48:10 --> Session: Class initialized using 'CodeIgniter\Session\Handlers\FileHandler' driver.
WARNING - 2023-06-04 15:48:10 --> Session: Sessions is enabled, and one exists.Please don't $session->start();
CRITICAL - 2023-06-04 15:48:10 --> Array to string conversion
in APPPATH\Views\pengurus\add_data_pengurus.php on line 19.
 1 APPPATH\Views\pengurus\add_data_pengurus.php(19): CodeIgniter\Debug\Exceptions->errorHandler(2, 'Array to string conversion', 'APPPATH\\Views\\pengurus\\add_data_pengurus.php', 19)
 2 SYSTEMPATH\View\View.php(213): include('APPPATH\\Views\\pengurus\\add_data_pengurus.php')
 3 SYSTEMPATH\View\View.php(216): CodeIgniter\View\View->CodeIgniter\View\{closure}()
 4 SYSTEMPATH\Common.php(1177): CodeIgniter\View\View->render('pengurus/add_data_pengurus', [], true)
 5 APPPATH\Controllers\Pengurus.php(36): view('pengurus/add_data_pengurus', [...])
 6 SYSTEMPATH\CodeIgniter.php(934): App\Controllers\Pengurus->add()
 7 SYSTEMPATH\CodeIgniter.php(499): CodeIgniter\CodeIgniter->runController(Object(App\Controllers\Pengurus))
 8 SYSTEMPATH\CodeIgniter.php(368): CodeIgniter\CodeIgniter->handleRequest(null, Object(Config\Cache), false)
 9 FCPATH\index.php(67): CodeIgniter\CodeIgniter->run()
10 SYSTEMPATH\Commands\Server\rewrite.php(47): require_once('FCPATH\\index.php')
INFO - 2023-06-04 08:49:34 --> Session: Class initialized using 'CodeIgniter\Session\Handlers\FileHandler' driver.
WARNING - 2023-06-04 15:49:34 --> Session: Sessions is enabled, and one exists.Please don't $session->start();
INFO - 2023-06-04 08:49:37 --> Session: Class initialized using 'CodeIgniter\Session\Handlers\FileHandler' driver.
WARNING - 2023-06-04 15:49:37 --> Session: Sessions is enabled, and one exists.Please don't $session->start();
INFO - 2023-06-04 08:49:37 --> Session: Class initialized using 'CodeIgniter\Session\Handlers\FileHandler' driver.
WARNING - 2023-06-04 15:49:37 --> Session: Sessions is enabled, and one exists.Please don't $session->start();
INFO - 2023-06-04 08:50:03 --> Session: Class initialized using 'CodeIgniter\Session\Handlers\FileHandler' driver.
WARNING - 2023-06-04 15:50:03 --> Session: Sessions is enabled, and one exists.Please don't $session->start();
CRITICAL - 2023-06-04 15:50:03 --> Too few arguments to function validation_show_error(), 0 passed in C:\xampp\htdocs\koperasi\app\Views\pengurus\add_data_pengurus.php on line 19 and at least 1 expected
in SYSTEMPATH\Helpers\form_helper.php on line 739.
 1 APPPATH\Views\pengurus\add_data_pengurus.php(19): validation_show_error()
 2 SYSTEMPATH\View\View.php(213): include('APPPATH\\Views\\pengurus\\add_data_pengurus.php')
 3 SYSTEMPATH\View\View.php(216): CodeIgniter\View\View->CodeIgniter\View\{closure}()
 4 SYSTEMPATH\Common.php(1177): CodeIgniter\View\View->render('pengurus/add_data_pengurus', [], true)
 5 APPPATH\Controllers\Pengurus.php(36): view('pengurus/add_data_pengurus', [...])
 6 SYSTEMPATH\CodeIgniter.php(934): App\Controllers\Pengurus->add()
 7 SYSTEMPATH\CodeIgniter.php(499): CodeIgniter\CodeIgniter->runController(Object(App\Controllers\Pengurus))
 8 SYSTEMPATH\CodeIgniter.php(368): CodeIgniter\CodeIgniter->handleRequest(null, Object(Config\Cache), false)
 9 FCPATH\index.php(67): CodeIgniter\CodeIgniter->run()
10 SYSTEMPATH\Commands\Server\rewrite.php(47): require_once('FCPATH\\index.php')
INFO - 2023-06-04 08:50:12 --> Session: Class initialized using 'CodeIgniter\Session\Handlers\FileHandler' driver.
WARNING - 2023-06-04 15:50:12 --> Session: Sessions is enabled, and one exists.Please don't $session->start();
INFO - 2023-06-04 08:50:15 --> Session: Class initialized using 'CodeIgniter\Session\Handlers\FileHandler' driver.
WARNING - 2023-06-04 15:50:15 --> Session: Sessions is enabled, and one exists.Please don't $session->start();
INFO - 2023-06-04 08:50:15 --> Session: Class initialized using 'CodeIgniter\Session\Handlers\FileHandler' driver.
WARNING - 2023-06-04 15:50:15 --> Session: Sessions is enabled, and one exists.Please don't $session->start();
INFO - 2023-06-04 08:50:44 --> Session: Class initialized using 'CodeIgniter\Session\Handlers\FileHandler' driver.
WARNING - 2023-06-04 15:50:44 --> Session: Sessions is enabled, and one exists.Please don't $session->start();
INFO - 2023-06-04 08:50:46 --> Session: Class initialized using 'CodeIgniter\Session\Handlers\FileHandler' driver.
WARNING - 2023-06-04 15:50:46 --> Session: Sessions is enabled, and one exists.Please don't $session->start();
INFO - 2023-06-04 08:50:46 --> Session: Class initialized using 'CodeIgniter\Session\Handlers\FileHandler' driver.
WARNING - 2023-06-04 15:50:46 --> Session: Sessions is enabled, and one exists.Please don't $session->start();
INFO - 2023-06-04 08:51:03 --> Session: Class initialized using 'CodeIgniter\Session\Handlers\FileHandler' driver.
WARNING - 2023-06-04 15:51:03 --> Session: Sessions is enabled, and one exists.Please don't $session->start();
INFO - 2023-06-04 08:51:05 --> Session: Class initialized using 'CodeIgniter\Session\Handlers\FileHandler' driver.
WARNING - 2023-06-04 15:51:05 --> Session: Sessions is enabled, and one exists.Please don't $session->start();
INFO - 2023-06-04 08:51:05 --> Session: Class initialized using 'CodeIgniter\Session\Handlers\FileHandler' driver.
WARNING - 2023-06-04 15:51:05 --> Session: Sessions is enabled, and one exists.Please don't $session->start();
INFO - 2023-06-04 08:51:09 --> Session: Class initialized using 'CodeIgniter\Session\Handlers\FileHandler' driver.
WARNING - 2023-06-04 15:51:09 --> Session: Sessions is enabled, and one exists.Please don't $session->start();
INFO - 2023-06-04 08:51:10 --> Session: Class initialized using 'CodeIgniter\Session\Handlers\FileHandler' driver.
WARNING - 2023-06-04 15:51:10 --> Session: Sessions is enabled, and one exists.Please don't $session->start();
INFO - 2023-06-04 11:57:01 --> Session: Class initialized using 'CodeIgniter\Session\Handlers\FileHandler' driver.
INFO - 2023-06-04 11:57:01 --> Session: Class initialized using 'CodeIgniter\Session\Handlers\FileHandler' driver.
WARNING - 2023-06-04 11:57:01 --> Session: Sessions is enabled, and one exists.Please don't $session->start();
INFO - 2023-06-04 11:57:06 --> Session: Class initialized using 'CodeIgniter\Session\Handlers\FileHandler' driver.
WARNING - 2023-06-04 11:57:06 --> Session: Sessions is enabled, and one exists.Please don't $session->start();
INFO - 2023-06-04 11:57:06 --> Session: Class initialized using 'CodeIgniter\Session\Handlers\FileHandler' driver.
WARNING - 2023-06-04 11:57:06 --> Session: Sessions is enabled, and one exists.Please don't $session->start();
WARNING - 2023-06-04 18:57:06 --> Session: Sessions is enabled, and one exists.Please don't $session->start();
INFO - 2023-06-04 11:57:09 --> Session: Class initialized using 'CodeIgniter\Session\Handlers\FileHandler' driver.
WARNING - 2023-06-04 18:57:09 --> Session: Sessions is enabled, and one exists.Please don't $session->start();
INFO - 2023-06-04 11:57:10 --> Session: Class initialized using 'CodeIgniter\Session\Handlers\FileHandler' driver.
WARNING - 2023-06-04 18:57:10 --> Session: Sessions is enabled, and one exists.Please don't $session->start();
INFO - 2023-06-04 11:57:12 --> Session: Class initialized using 'CodeIgniter\Session\Handlers\FileHandler' driver.
WARNING - 2023-06-04 18:57:12 --> Session: Sessions is enabled, and one exists.Please don't $session->start();
INFO - 2023-06-04 11:57:12 --> Session: Class initialized using 'CodeIgniter\Session\Handlers\FileHandler' driver.
WARNING - 2023-06-04 18:57:12 --> Session: Sessions is enabled, and one exists.Please don't $session->start();
INFO - 2023-06-04 11:57:32 --> Session: Class initialized using 'CodeIgniter\Session\Handlers\FileHandler' driver.
WARNING - 2023-06-04 18:57:32 --> Session: Sessions is enabled, and one exists.Please don't $session->start();
INFO - 2023-06-04 11:57:32 --> Session: Class initialized using 'CodeIgniter\Session\Handlers\FileHandler' driver.
WARNING - 2023-06-04 18:57:32 --> Session: Sessions is enabled, and one exists.Please don't $session->start();
INFO - 2023-06-04 11:57:45 --> Session: Class initialized using 'CodeIgniter\Session\Handlers\FileHandler' driver.
WARNING - 2023-06-04 18:57:45 --> Session: Sessions is enabled, and one exists.Please don't $session->start();
INFO - 2023-06-04 11:57:47 --> Session: Class initialized using 'CodeIgniter\Session\Handlers\FileHandler' driver.
WARNING - 2023-06-04 18:57:47 --> Session: Sessions is enabled, and one exists.Please don't $session->start();
INFO - 2023-06-04 11:57:47 --> Session: Class initialized using 'CodeIgniter\Session\Handlers\FileHandler' driver.
WARNING - 2023-06-04 18:57:47 --> Session: Sessions is enabled, and one exists.Please don't $session->start();
INFO - 2023-06-04 11:58:00 --> Session: Class initialized using 'CodeIgniter\Session\Handlers\FileHandler' driver.
WARNING - 2023-06-04 18:58:00 --> Session: Sessions is enabled, and one exists.Please don't $session->start();
INFO - 2023-06-04 11:58:02 --> Session: Class initialized using 'CodeIgniter\Session\Handlers\FileHandler' driver.
WARNING - 2023-06-04 18:58:02 --> Session: Sessions is enabled, and one exists.Please don't $session->start();
INFO - 2023-06-04 11:58:02 --> Session: Class initialized using 'CodeIgniter\Session\Handlers\FileHandler' driver.
WARNING - 2023-06-04 18:58:02 --> Session: Sessions is enabled, and one exists.Please don't $session->start();
INFO - 2023-06-04 11:58:07 --> Session: Class initialized using 'CodeIgniter\Session\Handlers\FileHandler' driver.
WARNING - 2023-06-04 18:58:07 --> Session: Sessions is enabled, and one exists.Please don't $session->start();
INFO - 2023-06-04 11:58:09 --> Session: Class initialized using 'CodeIgniter\Session\Handlers\FileHandler' driver.
WARNING - 2023-06-04 18:58:09 --> Session: Sessions is enabled, and one exists.Please don't $session->start();
INFO - 2023-06-04 11:58:09 --> Session: Class initialized using 'CodeIgniter\Session\Handlers\FileHandler' driver.
WARNING - 2023-06-04 18:58:09 --> Session: Sessions is enabled, and one exists.Please don't $session->start();
INFO - 2023-06-04 11:58:17 --> Session: Class initialized using 'CodeIgniter\Session\Handlers\FileHandler' driver.
WARNING - 2023-06-04 18:58:17 --> Session: Sessions is enabled, and one exists.Please don't $session->start();
INFO - 2023-06-04 11:58:19 --> Session: Class initialized using 'CodeIgniter\Session\Handlers\FileHandler' driver.
WARNING - 2023-06-04 18:58:19 --> Session: Sessions is enabled, and one exists.Please don't $session->start();
INFO - 2023-06-04 11:58:19 --> Session: Class initialized using 'CodeIgniter\Session\Handlers\FileHandler' driver.
WARNING - 2023-06-04 18:58:19 --> Session: Sessions is enabled, and one exists.Please don't $session->start();
INFO - 2023-06-04 11:59:16 --> Session: Class initialized using 'CodeIgniter\Session\Handlers\FileHandler' driver.
WARNING - 2023-06-04 18:59:16 --> Session: Sessions is enabled, and one exists.Please don't $session->start();
INFO - 2023-06-04 12:02:13 --> Session: Class initialized using 'CodeIgniter\Session\Handlers\FileHandler' driver.
WARNING - 2023-06-04 19:02:13 --> Session: Sessions is enabled, and one exists.Please don't $session->start();
INFO - 2023-06-04 12:02:28 --> Session: Class initialized using 'CodeIgniter\Session\Handlers\FileHandler' driver.
WARNING - 2023-06-04 19:02:28 --> Session: Sessions is enabled, and one exists.Please don't $session->start();
INFO - 2023-06-04 12:04:52 --> Session: Class initialized using 'CodeIgniter\Session\Handlers\FileHandler' driver.
WARNING - 2023-06-04 19:04:52 --> Session: Sessions is enabled, and one exists.Please don't $session->start();
INFO - 2023-06-04 12:05:01 --> Session: Class initialized using 'CodeIgniter\Session\Handlers\FileHandler' driver.
WARNING - 2023-06-04 19:05:01 --> Session: Sessions is enabled, and one exists.Please don't $session->start();
INFO - 2023-06-04 12:06:35 --> Session: Class initialized using 'CodeIgniter\Session\Handlers\FileHandler' driver.
WARNING - 2023-06-04 19:06:35 --> Session: Sessions is enabled, and one exists.Please don't $session->start();
INFO - 2023-06-04 12:06:36 --> Session: Class initialized using 'CodeIgniter\Session\Handlers\FileHandler' driver.
WARNING - 2023-06-04 19:06:36 --> Session: Sessions is enabled, and one exists.Please don't $session->start();
INFO - 2023-06-04 12:06:40 --> Session: Class initialized using 'CodeIgniter\Session\Handlers\FileHandler' driver.
WARNING - 2023-06-04 19:06:40 --> Session: Sessions is enabled, and one exists.Please don't $session->start();
CRITICAL - 2023-06-04 19:06:40 --> Call to a member function getError() on null
in APPPATH\Controllers\Pengurus.php on line 50.
 1 SYSTEMPATH\CodeIgniter.php(934): App\Controllers\Pengurus->create()
 2 SYSTEMPATH\CodeIgniter.php(499): CodeIgniter\CodeIgniter->runController(Object(App\Controllers\Pengurus))
 3 SYSTEMPATH\CodeIgniter.php(368): CodeIgniter\CodeIgniter->handleRequest(null, Object(Config\Cache), false)
 4 FCPATH\index.php(67): CodeIgniter\CodeIgniter->run()
 5 SYSTEMPATH\Commands\Server\rewrite.php(47): require_once('FCPATH\\index.php')
INFO - 2023-06-04 12:09:19 --> Session: Class initialized using 'CodeIgniter\Session\Handlers\FileHandler' driver.
WARNING - 2023-06-04 19:09:19 --> Session: Sessions is enabled, and one exists.Please don't $session->start();
CRITICAL - 2023-06-04 19:09:19 --> Call to a member function getError() on null
in APPPATH\Controllers\Pengurus.php on line 50.
 1 SYSTEMPATH\CodeIgniter.php(934): App\Controllers\Pengurus->create()
 2 SYSTEMPATH\CodeIgniter.php(499): CodeIgniter\CodeIgniter->runController(Object(App\Controllers\Pengurus))
 3 SYSTEMPATH\CodeIgniter.php(368): CodeIgniter\CodeIgniter->handleRequest(null, Object(Config\Cache), false)
 4 FCPATH\index.php(67): CodeIgniter\CodeIgniter->run()
 5 SYSTEMPATH\Commands\Server\rewrite.php(47): require_once('FCPATH\\index.php')
INFO - 2023-06-04 12:09:21 --> Session: Class initialized using 'CodeIgniter\Session\Handlers\FileHandler' driver.
WARNING - 2023-06-04 19:09:21 --> Session: Sessions is enabled, and one exists.Please don't $session->start();
INFO - 2023-06-04 12:09:35 --> Session: Class initialized using 'CodeIgniter\Session\Handlers\FileHandler' driver.
WARNING - 2023-06-04 19:09:35 --> Session: Sessions is enabled, and one exists.Please don't $session->start();
CRITICAL - 2023-06-04 19:09:35 --> Call to a member function getError() on null
in APPPATH\Controllers\Pengurus.php on line 50.
 1 SYSTEMPATH\CodeIgniter.php(934): App\Controllers\Pengurus->create()
 2 SYSTEMPATH\CodeIgniter.php(499): CodeIgniter\CodeIgniter->runController(Object(App\Controllers\Pengurus))
 3 SYSTEMPATH\CodeIgniter.php(368): CodeIgniter\CodeIgniter->handleRequest(null, Object(Config\Cache), false)
 4 FCPATH\index.php(67): CodeIgniter\CodeIgniter->run()
 5 SYSTEMPATH\Commands\Server\rewrite.php(47): require_once('FCPATH\\index.php')
INFO - 2023-06-04 12:09:39 --> Session: Class initialized using 'CodeIgniter\Session\Handlers\FileHandler' driver.
WARNING - 2023-06-04 19:09:39 --> Session: Sessions is enabled, and one exists.Please don't $session->start();
INFO - 2023-06-04 12:09:40 --> Session: Class initialized using 'CodeIgniter\Session\Handlers\FileHandler' driver.
WARNING - 2023-06-04 19:09:40 --> Session: Sessions is enabled, and one exists.Please don't $session->start();
INFO - 2023-06-04 12:09:51 --> Session: Class initialized using 'CodeIgniter\Session\Handlers\FileHandler' driver.
WARNING - 2023-06-04 19:09:51 --> Session: Sessions is enabled, and one exists.Please don't $session->start();
CRITICAL - 2023-06-04 19:09:51 --> Call to a member function getError() on null
in APPPATH\Controllers\Pengurus.php on line 50.
 1 SYSTEMPATH\CodeIgniter.php(934): App\Controllers\Pengurus->create()
 2 SYSTEMPATH\CodeIgniter.php(499): CodeIgniter\CodeIgniter->runController(Object(App\Controllers\Pengurus))
 3 SYSTEMPATH\CodeIgniter.php(368): CodeIgniter\CodeIgniter->handleRequest(null, Object(Config\Cache), false)
 4 FCPATH\index.php(67): CodeIgniter\CodeIgniter->run()
 5 SYSTEMPATH\Commands\Server\rewrite.php(47): require_once('FCPATH\\index.php')
INFO - 2023-06-04 12:10:08 --> Session: Class initialized using 'CodeIgniter\Session\Handlers\FileHandler' driver.
WARNING - 2023-06-04 19:10:08 --> Session: Sessions is enabled, and one exists.Please don't $session->start();
INFO - 2023-06-04 12:10:09 --> Session: Class initialized using 'CodeIgniter\Session\Handlers\FileHandler' driver.
WARNING - 2023-06-04 19:10:09 --> Session: Sessions is enabled, and one exists.Please don't $session->start();
INFO - 2023-06-04 12:10:18 --> Session: Class initialized using 'CodeIgniter\Session\Handlers\FileHandler' driver.
WARNING - 2023-06-04 19:10:18 --> Session: Sessions is enabled, and one exists.Please don't $session->start();
INFO - 2023-06-04 12:10:18 --> Session: Class initialized using 'CodeIgniter\Session\Handlers\FileHandler' driver.
WARNING - 2023-06-04 19:10:18 --> Session: Sessions is enabled, and one exists.Please don't $session->start();
INFO - 2023-06-04 19:10:31 --> Session: Class initialized using 'CodeIgniter\Session\Handlers\FileHandler' driver.
WARNING - 2023-06-04 19:10:31 --> Session: Sessions is enabled, and one exists.Please don't $session->start();
CRITICAL - 2023-06-04 19:10:31 --> Too few arguments to function App\Controllers\Pengurus::edit(), 0 passed in C:\xampp\htdocs\koperasi\vendor\codeigniter4\framework\system\CodeIgniter.php on line 934 and exactly 1 expected
in APPPATH\Controllers\Pengurus.php on line 86.
 1 SYSTEMPATH\CodeIgniter.php(934): App\Controllers\Pengurus->edit()
 2 SYSTEMPATH\CodeIgniter.php(499): CodeIgniter\CodeIgniter->runController(Object(App\Controllers\Pengurus))
 3 SYSTEMPATH\CodeIgniter.php(368): CodeIgniter\CodeIgniter->handleRequest(null, Object(Config\Cache), false)
 4 FCPATH\index.php(67): CodeIgniter\CodeIgniter->run()
 5 SYSTEMPATH\Commands\Server\rewrite.php(47): require_once('FCPATH\\index.php')
INFO - 2023-06-04 12:12:34 --> Session: Class initialized using 'CodeIgniter\Session\Handlers\FileHandler' driver.
WARNING - 2023-06-04 19:12:34 --> Session: Sessions is enabled, and one exists.Please don't $session->start();
INFO - 2023-06-04 12:12:35 --> Session: Class initialized using 'CodeIgniter\Session\Handlers\FileHandler' driver.
WARNING - 2023-06-04 19:12:35 --> Session: Sessions is enabled, and one exists.Please don't $session->start();
INFO - 2023-06-04 12:12:39 --> Session: Class initialized using 'CodeIgniter\Session\Handlers\FileHandler' driver.
WARNING - 2023-06-04 19:12:39 --> Session: Sessions is enabled, and one exists.Please don't $session->start();
ERROR - 2023-06-04 19:12:39 --> mysqli_sql_exception: Unknown column 'id_pengurus' in 'where clause' in C:\xampp\htdocs\koperasi\vendor\codeigniter4\framework\system\Database\MySQLi\Connection.php:295
Stack trace:
#0 C:\xampp\htdocs\koperasi\vendor\codeigniter4\framework\system\Database\MySQLi\Connection.php(295): mysqli->query('SELECT *\nFROM `...', 0)
#1 C:\xampp\htdocs\koperasi\vendor\codeigniter4\framework\system\Database\BaseConnection.php(691): CodeIgniter\Database\MySQLi\Connection->execute('SELECT *\nFROM `...')
#2 C:\xampp\htdocs\koperasi\vendor\codeigniter4\framework\system\Database\BaseConnection.php(605): CodeIgniter\Database\BaseConnection->simpleQuery('SELECT *\nFROM `...')
#3 C:\xampp\htdocs\koperasi\vendor\codeigniter4\framework\system\Database\BaseBuilder.php(1601): CodeIgniter\Database\BaseConnection->query('SELECT *\nFROM `...', Array, false)
#4 C:\xampp\htdocs\koperasi\vendor\codeigniter4\framework\system\Model.php(267): CodeIgniter\Database\BaseBuilder->get()
#5 C:\xampp\htdocs\koperasi\vendor\codeigniter4\framework\system\BaseModel.php(656): CodeIgniter\Model->doFirst()
#6 C:\xampp\htdocs\koperasi\app\Controllers\Pengurus.php(90): CodeIgniter\BaseModel->first()
#7 C:\xampp\htdocs\koperasi\vendor\codeigniter4\framework\system\CodeIgniter.php(934): App\Controllers\Pengurus->edit('14')
#8 C:\xampp\htdocs\koperasi\vendor\codeigniter4\framework\system\CodeIgniter.php(499): CodeIgniter\CodeIgniter->runController(Object(App\Controllers\Pengurus))
#9 C:\xampp\htdocs\koperasi\vendor\codeigniter4\framework\system\CodeIgniter.php(368): CodeIgniter\CodeIgniter->handleRequest(NULL, Object(Config\Cache), false)
#10 C:\xampp\htdocs\koperasi\public\index.php(67): CodeIgniter\CodeIgniter->run()
#11 C:\xampp\htdocs\koperasi\vendor\codeigniter4\framework\system\Commands\Server\rewrite.php(47): require_once('C:\\xampp\\htdocs...')
#12 {main}
CRITICAL - 2023-06-04 19:12:39 --> Unknown column 'id_pengurus' in 'where clause'
in SYSTEMPATH\Database\BaseConnection.php on line 645.
 1 SYSTEMPATH\Database\BaseBuilder.php(1601): CodeIgniter\Database\BaseConnection->query('SELECT *
FROM `pengurus`
WHERE `id_pengurus` = :id_pengurus:
 LIMIT 1', [...], false)
 2 SYSTEMPATH\Model.php(267): CodeIgniter\Database\BaseBuilder->get()
 3 SYSTEMPATH\BaseModel.php(656): CodeIgniter\Model->doFirst()
 4 APPPATH\Controllers\Pengurus.php(90): CodeIgniter\BaseModel->first()
 5 SYSTEMPATH\CodeIgniter.php(934): App\Controllers\Pengurus->edit('14')
 6 SYSTEMPATH\CodeIgniter.php(499): CodeIgniter\CodeIgniter->runController(Object(App\Controllers\Pengurus))
 7 SYSTEMPATH\CodeIgniter.php(368): CodeIgniter\CodeIgniter->handleRequest(null, Object(Config\Cache), false)
 8 FCPATH\index.php(67): CodeIgniter\CodeIgniter->run()
 9 SYSTEMPATH\Commands\Server\rewrite.php(47): require_once('FCPATH\\index.php')
INFO - 2023-06-04 12:13:03 --> Session: Class initialized using 'CodeIgniter\Session\Handlers\FileHandler' driver.
WARNING - 2023-06-04 19:13:03 --> Session: Sessions is enabled, and one exists.Please don't $session->start();
CRITICAL - 2023-06-04 19:13:03 --> Attempt to read property "nama_pengurus" on array
in APPPATH\Views\pengurus\edit_data_pengurus.php on line 32.
 1 APPPATH\Views\pengurus\edit_data_pengurus.php(32): CodeIgniter\Debug\Exceptions->errorHandler(2, 'Attempt to read property "nama_pengurus" on array', 'APPPATH\\Views\\pengurus\\edit_data_pengurus.php', 32)
 2 SYSTEMPATH\View\View.php(213): include('APPPATH\\Views\\pengurus\\edit_data_pengurus.php')
 3 SYSTEMPATH\View\View.php(216): CodeIgniter\View\View->CodeIgniter\View\{closure}()
 4 SYSTEMPATH\Common.php(1177): CodeIgniter\View\View->render('pengurus/edit_data_pengurus', [], true)
 5 APPPATH\Controllers\Pengurus.php(93): view('pengurus/edit_data_pengurus', [...])
 6 SYSTEMPATH\CodeIgniter.php(934): App\Controllers\Pengurus->edit('14')
 7 SYSTEMPATH\CodeIgniter.php(499): CodeIgniter\CodeIgniter->runController(Object(App\Controllers\Pengurus))
 8 SYSTEMPATH\CodeIgniter.php(368): CodeIgniter\CodeIgniter->handleRequest(null, Object(Config\Cache), false)
 9 FCPATH\index.php(67): CodeIgniter\CodeIgniter->run()
10 SYSTEMPATH\Commands\Server\rewrite.php(47): require_once('FCPATH\\index.php')
INFO - 2023-06-04 12:13:33 --> Session: Class initialized using 'CodeIgniter\Session\Handlers\FileHandler' driver.
WARNING - 2023-06-04 19:13:33 --> Session: Sessions is enabled, and one exists.Please don't $session->start();
INFO - 2023-06-04 19:13:33 --> Session: Class initialized using 'CodeIgniter\Session\Handlers\FileHandler' driver.
WARNING - 2023-06-04 19:13:33 --> Session: Sessions is enabled, and one exists.Please don't $session->start();
INFO - 2023-06-04 12:13:41 --> Session: Class initialized using 'CodeIgniter\Session\Handlers\FileHandler' driver.
WARNING - 2023-06-04 19:13:41 --> Session: Sessions is enabled, and one exists.Please don't $session->start();
CRITICAL - 2023-06-04 19:13:41 --> Call to a member function getError() on null
in APPPATH\Controllers\Pengurus.php on line 50.
 1 SYSTEMPATH\CodeIgniter.php(934): App\Controllers\Pengurus->create()
 2 SYSTEMPATH\CodeIgniter.php(499): CodeIgniter\CodeIgniter->runController(Object(App\Controllers\Pengurus))
 3 SYSTEMPATH\CodeIgniter.php(368): CodeIgniter\CodeIgniter->handleRequest(null, Object(Config\Cache), false)
 4 FCPATH\index.php(67): CodeIgniter\CodeIgniter->run()
 5 SYSTEMPATH\Commands\Server\rewrite.php(47): require_once('FCPATH\\index.php')
INFO - 2023-06-04 12:15:56 --> Session: Class initialized using 'CodeIgniter\Session\Handlers\FileHandler' driver.
WARNING - 2023-06-04 19:15:56 --> Session: Sessions is enabled, and one exists.Please don't $session->start();
INFO - 2023-06-04 19:15:57 --> Session: Class initialized using 'CodeIgniter\Session\Handlers\FileHandler' driver.
WARNING - 2023-06-04 19:15:57 --> Session: Sessions is enabled, and one exists.Please don't $session->start();
INFO - 2023-06-04 12:15:57 --> Session: Class initialized using 'CodeIgniter\Session\Handlers\FileHandler' driver.
WARNING - 2023-06-04 19:15:57 --> Session: Sessions is enabled, and one exists.Please don't $session->start();
INFO - 2023-06-04 19:15:58 --> Session: Class initialized using 'CodeIgniter\Session\Handlers\FileHandler' driver.
WARNING - 2023-06-04 19:15:58 --> Session: Sessions is enabled, and one exists.Please don't $session->start();
INFO - 2023-06-04 12:16:04 --> Session: Class initialized using 'CodeIgniter\Session\Handlers\FileHandler' driver.
WARNING - 2023-06-04 19:16:04 --> Session: Sessions is enabled, and one exists.Please don't $session->start();
CRITICAL - 2023-06-04 19:16:04 --> Call to a member function getError() on null
in APPPATH\Controllers\Pengurus.php on line 50.
 1 SYSTEMPATH\CodeIgniter.php(934): App\Controllers\Pengurus->create()
 2 SYSTEMPATH\CodeIgniter.php(499): CodeIgniter\CodeIgniter->runController(Object(App\Controllers\Pengurus))
 3 SYSTEMPATH\CodeIgniter.php(368): CodeIgniter\CodeIgniter->handleRequest(null, Object(Config\Cache), false)
 4 FCPATH\index.php(67): CodeIgniter\CodeIgniter->run()
 5 SYSTEMPATH\Commands\Server\rewrite.php(47): require_once('FCPATH\\index.php')
INFO - 2023-06-04 12:19:18 --> Session: Class initialized using 'CodeIgniter\Session\Handlers\FileHandler' driver.
WARNING - 2023-06-04 19:19:18 --> Session: Sessions is enabled, and one exists.Please don't $session->start();
INFO - 2023-06-04 19:19:19 --> Session: Class initialized using 'CodeIgniter\Session\Handlers\FileHandler' driver.
WARNING - 2023-06-04 19:19:19 --> Session: Sessions is enabled, and one exists.Please don't $session->start();
INFO - 2023-06-04 12:19:19 --> Session: Class initialized using 'CodeIgniter\Session\Handlers\FileHandler' driver.
WARNING - 2023-06-04 19:19:19 --> Session: Sessions is enabled, and one exists.Please don't $session->start();
INFO - 2023-06-04 19:19:20 --> Session: Class initialized using 'CodeIgniter\Session\Handlers\FileHandler' driver.
WARNING - 2023-06-04 19:19:20 --> Session: Sessions is enabled, and one exists.Please don't $session->start();
INFO - 2023-06-04 12:19:25 --> Session: Class initialized using 'CodeIgniter\Session\Handlers\FileHandler' driver.
WARNING - 2023-06-04 19:19:25 --> Session: Sessions is enabled, and one exists.Please don't $session->start();
CRITICAL - 2023-06-04 19:19:25 --> Call to a member function getError() on null
in APPPATH\Controllers\Pengurus.php on line 106.
 1 SYSTEMPATH\CodeIgniter.php(934): App\Controllers\Pengurus->update('14')
 2 SYSTEMPATH\CodeIgniter.php(499): CodeIgniter\CodeIgniter->runController(Object(App\Controllers\Pengurus))
 3 SYSTEMPATH\CodeIgniter.php(368): CodeIgniter\CodeIgniter->handleRequest(null, Object(Config\Cache), false)
 4 FCPATH\index.php(67): CodeIgniter\CodeIgniter->run()
 5 SYSTEMPATH\Commands\Server\rewrite.php(47): require_once('FCPATH\\index.php')
INFO - 2023-06-04 12:19:58 --> Session: Class initialized using 'CodeIgniter\Session\Handlers\FileHandler' driver.
WARNING - 2023-06-04 19:19:58 --> Session: Sessions is enabled, and one exists.Please don't $session->start();
INFO - 2023-06-04 19:19:59 --> Session: Class initialized using 'CodeIgniter\Session\Handlers\FileHandler' driver.
WARNING - 2023-06-04 19:19:59 --> Session: Sessions is enabled, and one exists.Please don't $session->start();
INFO - 2023-06-04 12:19:59 --> Session: Class initialized using 'CodeIgniter\Session\Handlers\FileHandler' driver.
WARNING - 2023-06-04 19:19:59 --> Session: Sessions is enabled, and one exists.Please don't $session->start();
INFO - 2023-06-04 19:20:00 --> Session: Class initialized using 'CodeIgniter\Session\Handlers\FileHandler' driver.
WARNING - 2023-06-04 19:20:00 --> Session: Sessions is enabled, and one exists.Please don't $session->start();
INFO - 2023-06-04 12:20:05 --> Session: Class initialized using 'CodeIgniter\Session\Handlers\FileHandler' driver.
WARNING - 2023-06-04 19:20:05 --> Session: Sessions is enabled, and one exists.Please don't $session->start();
INFO - 2023-06-04 12:20:06 --> Session: Class initialized using 'CodeIgniter\Session\Handlers\FileHandler' driver.
WARNING - 2023-06-04 19:20:06 --> Session: Sessions is enabled, and one exists.Please don't $session->start();
INFO - 2023-06-04 12:20:12 --> Session: Class initialized using 'CodeIgniter\Session\Handlers\FileHandler' driver.
WARNING - 2023-06-04 19:20:12 --> Session: Sessions is enabled, and one exists.Please don't $session->start();
INFO - 2023-06-04 12:20:12 --> Session: Class initialized using 'CodeIgniter\Session\Handlers\FileHandler' driver.
WARNING - 2023-06-04 19:20:12 --> Session: Sessions is enabled, and one exists.Please don't $session->start();
INFO - 2023-06-04 12:24:31 --> Session: Class initialized using 'CodeIgniter\Session\Handlers\FileHandler' driver.
WARNING - 2023-06-04 19:24:31 --> Session: Sessions is enabled, and one exists.Please don't $session->start();
INFO - 2023-06-04 12:26:09 --> Session: Class initialized using 'CodeIgniter\Session\Handlers\FileHandler' driver.
WARNING - 2023-06-04 19:26:09 --> Session: Sessions is enabled, and one exists.Please don't $session->start();
INFO - 2023-06-04 12:26:32 --> Session: Class initialized using 'CodeIgniter\Session\Handlers\FileHandler' driver.
WARNING - 2023-06-04 19:26:32 --> Session: Sessions is enabled, and one exists.Please don't $session->start();
INFO - 2023-06-04 12:26:45 --> Session: Class initialized using 'CodeIgniter\Session\Handlers\FileHandler' driver.
WARNING - 2023-06-04 19:26:45 --> Session: Sessions is enabled, and one exists.Please don't $session->start();
INFO - 2023-06-04 12:26:45 --> Session: Class initialized using 'CodeIgniter\Session\Handlers\FileHandler' driver.
WARNING - 2023-06-04 19:26:45 --> Session: Sessions is enabled, and one exists.Please don't $session->start();
INFO - 2023-06-04 12:28:30 --> Session: Class initialized using 'CodeIgniter\Session\Handlers\FileHandler' driver.
WARNING - 2023-06-04 19:28:30 --> Session: Sessions is enabled, and one exists.Please don't $session->start();
INFO - 2023-06-04 12:29:31 --> Session: Class initialized using 'CodeIgniter\Session\Handlers\FileHandler' driver.
WARNING - 2023-06-04 19:29:31 --> Session: Sessions is enabled, and one exists.Please don't $session->start();
INFO - 2023-06-04 12:29:38 --> Session: Class initialized using 'CodeIgniter\Session\Handlers\FileHandler' driver.
WARNING - 2023-06-04 19:29:38 --> Session: Sessions is enabled, and one exists.Please don't $session->start();
INFO - 2023-06-04 12:29:38 --> Session: Class initialized using 'CodeIgniter\Session\Handlers\FileHandler' driver.
WARNING - 2023-06-04 19:29:38 --> Session: Sessions is enabled, and one exists.Please don't $session->start();
INFO - 2023-06-04 12:30:06 --> Session: Class initialized using 'CodeIgniter\Session\Handlers\FileHandler' driver.
WARNING - 2023-06-04 19:30:06 --> Session: Sessions is enabled, and one exists.Please don't $session->start();
INFO - 2023-06-04 12:30:09 --> Session: Class initialized using 'CodeIgniter\Session\Handlers\FileHandler' driver.
WARNING - 2023-06-04 19:30:09 --> Session: Sessions is enabled, and one exists.Please don't $session->start();
INFO - 2023-06-04 19:30:10 --> Session: Class initialized using 'CodeIgniter\Session\Handlers\FileHandler' driver.
WARNING - 2023-06-04 19:30:10 --> Session: Sessions is enabled, and one exists.Please don't $session->start();
INFO - 2023-06-04 13:07:18 --> Session: Class initialized using 'CodeIgniter\Session\Handlers\FileHandler' driver.
WARNING - 2023-06-04 20:07:18 --> Session: Sessions is enabled, and one exists.Please don't $session->start();
INFO - 2023-06-04 13:07:20 --> Session: Class initialized using 'CodeIgniter\Session\Handlers\FileHandler' driver.
WARNING - 2023-06-04 20:07:20 --> Session: Sessions is enabled, and one exists.Please don't $session->start();
INFO - 2023-06-04 13:13:24 --> Session: Class initialized using 'CodeIgniter\Session\Handlers\FileHandler' driver.
WARNING - 2023-06-04 20:13:24 --> Session: Sessions is enabled, and one exists.Please don't $session->start();
INFO - 2023-06-04 13:13:25 --> Session: Class initialized using 'CodeIgniter\Session\Handlers\FileHandler' driver.
WARNING - 2023-06-04 20:13:25 --> Session: Sessions is enabled, and one exists.Please don't $session->start();
INFO - 2023-06-04 13:13:34 --> Session: Class initialized using 'CodeIgniter\Session\Handlers\FileHandler' driver.
WARNING - 2023-06-04 20:13:34 --> Session: Sessions is enabled, and one exists.Please don't $session->start();
INFO - 2023-06-04 13:13:34 --> Session: Class initialized using 'CodeIgniter\Session\Handlers\FileHandler' driver.
WARNING - 2023-06-04 20:13:34 --> Session: Sessions is enabled, and one exists.Please don't $session->start();
INFO - 2023-06-04 13:13:48 --> Session: Class initialized using 'CodeIgniter\Session\Handlers\FileHandler' driver.
WARNING - 2023-06-04 20:13:48 --> Session: Sessions is enabled, and one exists.Please don't $session->start();
INFO - 2023-06-04 13:13:48 --> Session: Class initialized using 'CodeIgniter\Session\Handlers\FileHandler' driver.
WARNING - 2023-06-04 20:13:48 --> Session: Sessions is enabled, and one exists.Please don't $session->start();
INFO - 2023-06-04 13:13:53 --> Session: Class initialized using 'CodeIgniter\Session\Handlers\FileHandler' driver.
WARNING - 2023-06-04 20:13:53 --> Session: Sessions is enabled, and one exists.Please don't $session->start();
INFO - 2023-06-04 20:13:54 --> Session: Class initialized using 'CodeIgniter\Session\Handlers\FileHandler' driver.
WARNING - 2023-06-04 20:13:54 --> Session: Sessions is enabled, and one exists.Please don't $session->start();
INFO - 2023-06-04 13:13:58 --> Session: Class initialized using 'CodeIgniter\Session\Handlers\FileHandler' driver.
WARNING - 2023-06-04 20:13:59 --> Session: Sessions is enabled, and one exists.Please don't $session->start();
INFO - 2023-06-04 13:13:59 --> Session: Class initialized using 'CodeIgniter\Session\Handlers\FileHandler' driver.
WARNING - 2023-06-04 20:13:59 --> Session: Sessions is enabled, and one exists.Please don't $session->start();
INFO - 2023-06-04 13:14:04 --> Session: Class initialized using 'CodeIgniter\Session\Handlers\FileHandler' driver.
WARNING - 2023-06-04 20:14:04 --> Session: Sessions is enabled, and one exists.Please don't $session->start();
INFO - 2023-06-04 13:14:04 --> Session: Class initialized using 'CodeIgniter\Session\Handlers\FileHandler' driver.
WARNING - 2023-06-04 20:14:04 --> Session: Sessions is enabled, and one exists.Please don't $session->start();
INFO - 2023-06-04 13:15:27 --> Session: Class initialized using 'CodeIgniter\Session\Handlers\FileHandler' driver.
WARNING - 2023-06-04 20:15:27 --> Session: Sessions is enabled, and one exists.Please don't $session->start();
INFO - 2023-06-04 13:15:33 --> Session: Class initialized using 'CodeIgniter\Session\Handlers\FileHandler' driver.
WARNING - 2023-06-04 13:15:33 --> Session: Sessions is enabled, and one exists.Please don't $session->start();
INFO - 2023-06-04 13:15:33 --> Session: Class initialized using 'CodeIgniter\Session\Handlers\FileHandler' driver.
WARNING - 2023-06-04 13:15:33 --> Session: Sessions is enabled, and one exists.Please don't $session->start();
INFO - 2023-06-04 13:15:43 --> Session: Class initialized using 'CodeIgniter\Session\Handlers\FileHandler' driver.
WARNING - 2023-06-04 13:15:43 --> Session: Sessions is enabled, and one exists.Please don't $session->start();
INFO - 2023-06-04 13:15:43 --> Session: Class initialized using 'CodeIgniter\Session\Handlers\FileHandler' driver.
WARNING - 2023-06-04 13:15:43 --> Session: Sessions is enabled, and one exists.Please don't $session->start();
WARNING - 2023-06-04 20:15:43 --> Session: Sessions is enabled, and one exists.Please don't $session->start();
INFO - 2023-06-04 13:15:46 --> Session: Class initialized using 'CodeIgniter\Session\Handlers\FileHandler' driver.
WARNING - 2023-06-04 13:15:46 --> Session: Sessions is enabled, and one exists.Please don't $session->start();
INFO - 2023-06-04 13:15:56 --> Session: Class initialized using 'CodeIgniter\Session\Handlers\FileHandler' driver.
WARNING - 2023-06-04 13:15:56 --> Session: Sessions is enabled, and one exists.Please don't $session->start();
WARNING - 2023-06-04 20:15:56 --> Session: Sessions is enabled, and one exists.Please don't $session->start();
INFO - 2023-06-04 13:15:57 --> Session: Class initialized using 'CodeIgniter\Session\Handlers\FileHandler' driver.
WARNING - 2023-06-04 13:15:57 --> Session: Sessions is enabled, and one exists.Please don't $session->start();
WARNING - 2023-06-04 20:15:57 --> Session: Sessions is enabled, and one exists.Please don't $session->start();
INFO - 2023-06-04 13:15:57 --> Session: Class initialized using 'CodeIgniter\Session\Handlers\FileHandler' driver.
WARNING - 2023-06-04 13:15:57 --> Session: Sessions is enabled, and one exists.Please don't $session->start();
INFO - 2023-06-04 13:16:06 --> Session: Class initialized using 'CodeIgniter\Session\Handlers\FileHandler' driver.
WARNING - 2023-06-04 13:16:06 --> Session: Sessions is enabled, and one exists.Please don't $session->start();
INFO - 2023-06-04 13:16:06 --> Session: Class initialized using 'CodeIgniter\Session\Handlers\FileHandler' driver.
WARNING - 2023-06-04 13:16:06 --> Session: Sessions is enabled, and one exists.Please don't $session->start();
WARNING - 2023-06-04 20:16:06 --> Session: Sessions is enabled, and one exists.Please don't $session->start();
INFO - 2023-06-04 13:16:08 --> Session: Class initialized using 'CodeIgniter\Session\Handlers\FileHandler' driver.
WARNING - 2023-06-04 13:16:08 --> Session: Sessions is enabled, and one exists.Please don't $session->start();
INFO - 2023-06-04 13:16:08 --> Session: Class initialized using 'CodeIgniter\Session\Handlers\FileHandler' driver.
WARNING - 2023-06-04 13:16:08 --> Session: Sessions is enabled, and one exists.Please don't $session->start();
INFO - 2023-06-04 13:16:58 --> Session: Class initialized using 'CodeIgniter\Session\Handlers\FileHandler' driver.
WARNING - 2023-06-04 13:16:58 --> Session: Sessions is enabled, and one exists.Please don't $session->start();
INFO - 2023-06-04 13:16:58 --> Session: Class initialized using 'CodeIgniter\Session\Handlers\FileHandler' driver.
WARNING - 2023-06-04 13:16:58 --> Session: Sessions is enabled, and one exists.Please don't $session->start();
WARNING - 2023-06-04 20:16:58 --> Session: Sessions is enabled, and one exists.Please don't $session->start();
INFO - 2023-06-04 13:17:02 --> Session: Class initialized using 'CodeIgniter\Session\Handlers\FileHandler' driver.
WARNING - 2023-06-04 20:17:02 --> Session: Sessions is enabled, and one exists.Please don't $session->start();
INFO - 2023-06-04 13:17:07 --> Session: Class initialized using 'CodeIgniter\Session\Handlers\FileHandler' driver.
WARNING - 2023-06-04 13:17:07 --> Session: Sessions is enabled, and one exists.Please don't $session->start();
INFO - 2023-06-04 13:17:07 --> Session: Class initialized using 'CodeIgniter\Session\Handlers\FileHandler' driver.
WARNING - 2023-06-04 13:17:07 --> Session: Sessions is enabled, and one exists.Please don't $session->start();
INFO - 2023-06-04 13:17:42 --> Session: Class initialized using 'CodeIgniter\Session\Handlers\FileHandler' driver.
WARNING - 2023-06-04 13:17:42 --> Session: Sessions is enabled, and one exists.Please don't $session->start();
INFO - 2023-06-04 13:17:42 --> Session: Class initialized using 'CodeIgniter\Session\Handlers\FileHandler' driver.
WARNING - 2023-06-04 13:17:42 --> Session: Sessions is enabled, and one exists.Please don't $session->start();
WARNING - 2023-06-04 20:17:42 --> Session: Sessions is enabled, and one exists.Please don't $session->start();
INFO - 2023-06-04 13:17:46 --> Session: Class initialized using 'CodeIgniter\Session\Handlers\FileHandler' driver.
WARNING - 2023-06-04 20:17:46 --> Session: Sessions is enabled, and one exists.Please don't $session->start();
INFO - 2023-06-04 13:17:49 --> Session: Class initialized using 'CodeIgniter\Session\Handlers\FileHandler' driver.
WARNING - 2023-06-04 20:17:49 --> Session: Sessions is enabled, and one exists.Please don't $session->start();
INFO - 2023-06-04 20:18:00 --> Session: Class initialized using 'CodeIgniter\Session\Handlers\FileHandler' driver.
WARNING - 2023-06-04 20:18:00 --> Session: Sessions is enabled, and one exists.Please don't $session->start();
INFO - 2023-06-04 13:18:00 --> Session: Class initialized using 'CodeIgniter\Session\Handlers\FileHandler' driver.
WARNING - 2023-06-04 20:18:00 --> Session: Sessions is enabled, and one exists.Please don't $session->start();
INFO - 2023-06-04 13:18:03 --> Session: Class initialized using 'CodeIgniter\Session\Handlers\FileHandler' driver.
WARNING - 2023-06-04 13:18:03 --> Session: Sessions is enabled, and one exists.Please don't $session->start();
INFO - 2023-06-04 13:18:03 --> Session: Class initialized using 'CodeIgniter\Session\Handlers\FileHandler' driver.
WARNING - 2023-06-04 13:18:03 --> Session: Sessions is enabled, and one exists.Please don't $session->start();
INFO - 2023-06-04 13:18:11 --> Session: Class initialized using 'CodeIgniter\Session\Handlers\FileHandler' driver.
WARNING - 2023-06-04 13:18:11 --> Session: Sessions is enabled, and one exists.Please don't $session->start();
INFO - 2023-06-04 13:18:11 --> Session: Class initialized using 'CodeIgniter\Session\Handlers\FileHandler' driver.
WARNING - 2023-06-04 13:18:11 --> Session: Sessions is enabled, and one exists.Please don't $session->start();
WARNING - 2023-06-04 20:18:11 --> Session: Sessions is enabled, and one exists.Please don't $session->start();
INFO - 2023-06-04 13:22:07 --> Session: Class initialized using 'CodeIgniter\Session\Handlers\FileHandler' driver.
WARNING - 2023-06-04 13:22:07 --> Session: Sessions is enabled, and one exists.Please don't $session->start();
WARNING - 2023-06-04 20:22:07 --> Session: Sessions is enabled, and one exists.Please don't $session->start();
INFO - 2023-06-04 13:22:11 --> Session: Class initialized using 'CodeIgniter\Session\Handlers\FileHandler' driver.
WARNING - 2023-06-04 20:22:11 --> Session: Sessions is enabled, and one exists.Please don't $session->start();
INFO - 2023-06-04 13:22:18 --> Session: Class initialized using 'CodeIgniter\Session\Handlers\FileHandler' driver.
WARNING - 2023-06-04 20:22:18 --> Session: Sessions is enabled, and one exists.Please don't $session->start();
INFO - 2023-06-04 13:22:24 --> Session: Class initialized using 'CodeIgniter\Session\Handlers\FileHandler' driver.
WARNING - 2023-06-04 20:22:24 --> Session: Sessions is enabled, and one exists.Please don't $session->start();
INFO - 2023-06-04 13:22:30 --> Session: Class initialized using 'CodeIgniter\Session\Handlers\FileHandler' driver.
WARNING - 2023-06-04 20:22:30 --> Session: Sessions is enabled, and one exists.Please don't $session->start();
INFO - 2023-06-04 13:22:35 --> Session: Class initialized using 'CodeIgniter\Session\Handlers\FileHandler' driver.
WARNING - 2023-06-04 20:22:35 --> Session: Sessions is enabled, and one exists.Please don't $session->start();
INFO - 2023-06-04 13:22:37 --> Session: Class initialized using 'CodeIgniter\Session\Handlers\FileHandler' driver.
WARNING - 2023-06-04 20:22:37 --> Session: Sessions is enabled, and one exists.Please don't $session->start();
INFO - 2023-06-04 13:22:44 --> Session: Class initialized using 'CodeIgniter\Session\Handlers\FileHandler' driver.
WARNING - 2023-06-04 13:22:44 --> Session: Sessions is enabled, and one exists.Please don't $session->start();
WARNING - 2023-06-04 20:22:44 --> Session: Sessions is enabled, and one exists.Please don't $session->start();
INFO - 2023-06-04 13:22:47 --> Session: Class initialized using 'CodeIgniter\Session\Handlers\FileHandler' driver.
WARNING - 2023-06-04 20:22:47 --> Session: Sessions is enabled, and one exists.Please don't $session->start();
INFO - 2023-06-04 13:22:51 --> Session: Class initialized using 'CodeIgniter\Session\Handlers\FileHandler' driver.
WARNING - 2023-06-04 13:22:51 --> Session: Sessions is enabled, and one exists.Please don't $session->start();
INFO - 2023-06-04 13:22:51 --> Session: Class initialized using 'CodeIgniter\Session\Handlers\FileHandler' driver.
WARNING - 2023-06-04 13:22:51 --> Session: Sessions is enabled, and one exists.Please don't $session->start();
INFO - 2023-06-04 13:22:57 --> Session: Class initialized using 'CodeIgniter\Session\Handlers\FileHandler' driver.
WARNING - 2023-06-04 13:22:57 --> Session: Sessions is enabled, and one exists.Please don't $session->start();
INFO - 2023-06-04 13:22:57 --> Session: Class initialized using 'CodeIgniter\Session\Handlers\FileHandler' driver.
WARNING - 2023-06-04 13:22:57 --> Session: Sessions is enabled, and one exists.Please don't $session->start();
WARNING - 2023-06-04 20:22:57 --> Session: Sessions is enabled, and one exists.Please don't $session->start();
INFO - 2023-06-04 13:23:01 --> Session: Class initialized using 'CodeIgniter\Session\Handlers\FileHandler' driver.
WARNING - 2023-06-04 20:23:01 --> Session: Sessions is enabled, and one exists.Please don't $session->start();
INFO - 2023-06-04 13:23:22 --> Session: Class initialized using 'CodeIgniter\Session\Handlers\FileHandler' driver.
WARNING - 2023-06-04 20:23:22 --> Session: Sessions is enabled, and one exists.Please don't $session->start();
INFO - 2023-06-04 20:23:22 --> Session: Class initialized using 'CodeIgniter\Session\Handlers\FileHandler' driver.
WARNING - 2023-06-04 20:23:22 --> Session: Sessions is enabled, and one exists.Please don't $session->start();
INFO - 2023-06-04 13:57:21 --> Session: Class initialized using 'CodeIgniter\Session\Handlers\FileHandler' driver.
WARNING - 2023-06-04 20:57:21 --> Session: Sessions is enabled, and one exists.Please don't $session->start();
INFO - 2023-06-04 20:57:22 --> Session: Class initialized using 'CodeIgniter\Session\Handlers\FileHandler' driver.
WARNING - 2023-06-04 20:57:22 --> Session: Sessions is enabled, and one exists.Please don't $session->start();
INFO - 2023-06-04 13:57:42 --> Session: Class initialized using 'CodeIgniter\Session\Handlers\FileHandler' driver.
WARNING - 2023-06-04 20:57:42 --> Session: Sessions is enabled, and one exists.Please don't $session->start();
INFO - 2023-06-04 20:57:42 --> Session: Class initialized using 'CodeIgniter\Session\Handlers\FileHandler' driver.
WARNING - 2023-06-04 20:57:42 --> Session: Sessions is enabled, and one exists.Please don't $session->start();
INFO - 2023-06-04 13:58:13 --> Session: Class initialized using 'CodeIgniter\Session\Handlers\FileHandler' driver.
WARNING - 2023-06-04 20:58:13 --> Session: Sessions is enabled, and one exists.Please don't $session->start();
INFO - 2023-06-04 20:58:14 --> Session: Class initialized using 'CodeIgniter\Session\Handlers\FileHandler' driver.
WARNING - 2023-06-04 20:58:14 --> Session: Sessions is enabled, and one exists.Please don't $session->start();
INFO - 2023-06-04 13:58:34 --> Session: Class initialized using 'CodeIgniter\Session\Handlers\FileHandler' driver.
WARNING - 2023-06-04 20:58:34 --> Session: Sessions is enabled, and one exists.Please don't $session->start();
INFO - 2023-06-04 20:58:34 --> Session: Class initialized using 'CodeIgniter\Session\Handlers\FileHandler' driver.
WARNING - 2023-06-04 20:58:34 --> Session: Sessions is enabled, and one exists.Please don't $session->start();
INFO - 2023-06-04 20:58:35 --> Session: Class initialized using 'CodeIgniter\Session\Handlers\FileHandler' driver.
WARNING - 2023-06-04 20:58:35 --> Session: Sessions is enabled, and one exists.Please don't $session->start();
CRITICAL - 2023-06-04 20:58:35 --> Undefined property: App\Controllers\Pembiayaan::$penjualanModel
in APPPATH\Controllers\Pembiayaan.php on line 176.
 1 APPPATH\Controllers\Pembiayaan.php(176): CodeIgniter\Debug\Exceptions->errorHandler(2, 'Undefined property: App\\Controllers\\Pembiayaan::$penjualanModel', 'APPPATH\\Controllers\\Pembiayaan.php', 176)
 2 SYSTEMPATH\CodeIgniter.php(934): App\Controllers\Pembiayaan->payment()
 3 SYSTEMPATH\CodeIgniter.php(499): CodeIgniter\CodeIgniter->runController(Object(App\Controllers\Pembiayaan))
 4 SYSTEMPATH\CodeIgniter.php(368): CodeIgniter\CodeIgniter->handleRequest(null, Object(Config\Cache), false)
 5 FCPATH\index.php(67): CodeIgniter\CodeIgniter->run()
 6 SYSTEMPATH\Commands\Server\rewrite.php(47): require_once('FCPATH\\index.php')
INFO - 2023-06-04 13:59:16 --> Session: Class initialized using 'CodeIgniter\Session\Handlers\FileHandler' driver.
WARNING - 2023-06-04 20:59:16 --> Session: Sessions is enabled, and one exists.Please don't $session->start();
INFO - 2023-06-04 20:59:16 --> Session: Class initialized using 'CodeIgniter\Session\Handlers\FileHandler' driver.
WARNING - 2023-06-04 20:59:16 --> Session: Sessions is enabled, and one exists.Please don't $session->start();
INFO - 2023-06-04 20:59:18 --> Session: Class initialized using 'CodeIgniter\Session\Handlers\FileHandler' driver.
WARNING - 2023-06-04 20:59:18 --> Session: Sessions is enabled, and one exists.Please don't $session->start();
CRITICAL - 2023-06-04 20:59:18 --> Undefined property: App\Controllers\Pembiayaan::$penjualanModel
in APPPATH\Controllers\Pembiayaan.php on line 176.
 1 APPPATH\Controllers\Pembiayaan.php(176): CodeIgniter\Debug\Exceptions->errorHandler(2, 'Undefined property: App\\Controllers\\Pembiayaan::$penjualanModel', 'APPPATH\\Controllers\\Pembiayaan.php', 176)
 2 SYSTEMPATH\CodeIgniter.php(934): App\Controllers\Pembiayaan->payment()
 3 SYSTEMPATH\CodeIgniter.php(499): CodeIgniter\CodeIgniter->runController(Object(App\Controllers\Pembiayaan))
 4 SYSTEMPATH\CodeIgniter.php(368): CodeIgniter\CodeIgniter->handleRequest(null, Object(Config\Cache), false)
 5 FCPATH\index.php(67): CodeIgniter\CodeIgniter->run()
 6 SYSTEMPATH\Commands\Server\rewrite.php(47): require_once('FCPATH\\index.php')
INFO - 2023-06-04 14:00:35 --> Session: Class initialized using 'CodeIgniter\Session\Handlers\FileHandler' driver.
WARNING - 2023-06-04 21:00:35 --> Session: Sessions is enabled, and one exists.Please don't $session->start();
INFO - 2023-06-04 21:00:36 --> Session: Class initialized using 'CodeIgniter\Session\Handlers\FileHandler' driver.
WARNING - 2023-06-04 21:00:36 --> Session: Sessions is enabled, and one exists.Please don't $session->start();
INFO - 2023-06-04 14:00:38 --> Session: Class initialized using 'CodeIgniter\Session\Handlers\FileHandler' driver.
WARNING - 2023-06-04 21:00:38 --> Session: Sessions is enabled, and one exists.Please don't $session->start();
CRITICAL - 2023-06-04 21:00:38 --> Undefined property: App\Controllers\Pembiayaan::$penjualanModel
in APPPATH\Controllers\Pembiayaan.php on line 176.
 1 APPPATH\Controllers\Pembiayaan.php(176): CodeIgniter\Debug\Exceptions->errorHandler(2, 'Undefined property: App\\Controllers\\Pembiayaan::$penjualanModel', 'APPPATH\\Controllers\\Pembiayaan.php', 176)
 2 SYSTEMPATH\CodeIgniter.php(934): App\Controllers\Pembiayaan->payment()
 3 SYSTEMPATH\CodeIgniter.php(499): CodeIgniter\CodeIgniter->runController(Object(App\Controllers\Pembiayaan))
 4 SYSTEMPATH\CodeIgniter.php(368): CodeIgniter\CodeIgniter->handleRequest(null, Object(Config\Cache), false)
 5 FCPATH\index.php(67): CodeIgniter\CodeIgniter->run()
 6 SYSTEMPATH\Commands\Server\rewrite.php(47): require_once('FCPATH\\index.php')
INFO - 2023-06-04 14:12:46 --> Session: Class initialized using 'CodeIgniter\Session\Handlers\FileHandler' driver.
WARNING - 2023-06-04 21:12:46 --> Session: Sessions is enabled, and one exists.Please don't $session->start();
INFO - 2023-06-04 21:12:47 --> Session: Class initialized using 'CodeIgniter\Session\Handlers\FileHandler' driver.
WARNING - 2023-06-04 21:12:47 --> Session: Sessions is enabled, and one exists.Please don't $session->start();
INFO - 2023-06-04 14:12:48 --> Session: Class initialized using 'CodeIgniter\Session\Handlers\FileHandler' driver.
WARNING - 2023-06-04 21:12:48 --> Session: Sessions is enabled, and one exists.Please don't $session->start();
CRITICAL - 2023-06-04 21:12:48 --> Undefined variable $detail_penjualan
in APPPATH\Controllers\Pembiayaan.php on line 181.
 1 APPPATH\Controllers\Pembiayaan.php(181): CodeIgniter\Debug\Exceptions->errorHandler(2, 'Undefined variable $detail_penjualan', 'APPPATH\\Controllers\\Pembiayaan.php', 181)
 2 SYSTEMPATH\CodeIgniter.php(934): App\Controllers\Pembiayaan->payment()
 3 SYSTEMPATH\CodeIgniter.php(499): CodeIgniter\CodeIgniter->runController(Object(App\Controllers\Pembiayaan))
 4 SYSTEMPATH\CodeIgniter.php(368): CodeIgniter\CodeIgniter->handleRequest(null, Object(Config\Cache), false)
 5 FCPATH\index.php(67): CodeIgniter\CodeIgniter->run()
 6 SYSTEMPATH\Commands\Server\rewrite.php(47): require_once('FCPATH\\index.php')
INFO - 2023-06-04 14:13:08 --> Session: Class initialized using 'CodeIgniter\Session\Handlers\FileHandler' driver.
WARNING - 2023-06-04 21:13:08 --> Session: Sessions is enabled, and one exists.Please don't $session->start();
INFO - 2023-06-04 14:13:19 --> Session: Class initialized using 'CodeIgniter\Session\Handlers\FileHandler' driver.
WARNING - 2023-06-04 21:13:19 --> Session: Sessions is enabled, and one exists.Please don't $session->start();
INFO - 2023-06-04 14:17:18 --> Session: Class initialized using 'CodeIgniter\Session\Handlers\FileHandler' driver.
WARNING - 2023-06-04 21:17:18 --> Session: Sessions is enabled, and one exists.Please don't $session->start();
INFO - 2023-06-04 14:17:48 --> Session: Class initialized using 'CodeIgniter\Session\Handlers\FileHandler' driver.
WARNING - 2023-06-04 21:17:48 --> Session: Sessions is enabled, and one exists.Please don't $session->start();
INFO - 2023-06-04 21:17:48 --> Session: Class initialized using 'CodeIgniter\Session\Handlers\FileHandler' driver.
WARNING - 2023-06-04 21:17:48 --> Session: Sessions is enabled, and one exists.Please don't $session->start();
INFO - 2023-06-04 14:17:50 --> Session: Class initialized using 'CodeIgniter\Session\Handlers\FileHandler' driver.
WARNING - 2023-06-04 21:17:50 --> Session: Sessions is enabled, and one exists.Please don't $session->start();
INFO - 2023-06-04 14:18:55 --> Session: Class initialized using 'CodeIgniter\Session\Handlers\FileHandler' driver.
WARNING - 2023-06-04 21:18:55 --> Session: Sessions is enabled, and one exists.Please don't $session->start();
INFO - 2023-06-04 14:18:56 --> Session: Class initialized using 'CodeIgniter\Session\Handlers\FileHandler' driver.
WARNING - 2023-06-04 21:18:56 --> Session: Sessions is enabled, and one exists.Please don't $session->start();
INFO - 2023-06-04 14:19:01 --> Session: Class initialized using 'CodeIgniter\Session\Handlers\FileHandler' driver.
WARNING - 2023-06-04 21:19:01 --> Session: Sessions is enabled, and one exists.Please don't $session->start();
INFO - 2023-06-04 14:20:06 --> Session: Class initialized using 'CodeIgniter\Session\Handlers\FileHandler' driver.
WARNING - 2023-06-04 21:20:06 --> Session: Sessions is enabled, and one exists.Please don't $session->start();
INFO - 2023-06-04 14:20:14 --> Session: Class initialized using 'CodeIgniter\Session\Handlers\FileHandler' driver.
WARNING - 2023-06-04 21:20:14 --> Session: Sessions is enabled, and one exists.Please don't $session->start();
ERROR - 2023-06-04 21:20:15 --> mysqli_sql_exception: Unknown column 'detail_pembiayaan' in 'where clause' in C:\xampp\htdocs\koperasi\vendor\codeigniter4\framework\system\Database\MySQLi\Connection.php:295
Stack trace:
#0 C:\xampp\htdocs\koperasi\vendor\codeigniter4\framework\system\Database\MySQLi\Connection.php(295): mysqli->query('SELECT `detail_...', 0)
#1 C:\xampp\htdocs\koperasi\vendor\codeigniter4\framework\system\Database\BaseConnection.php(691): CodeIgniter\Database\MySQLi\Connection->execute('SELECT `detail_...')
#2 C:\xampp\htdocs\koperasi\vendor\codeigniter4\framework\system\Database\BaseConnection.php(605): CodeIgniter\Database\BaseConnection->simpleQuery('SELECT `detail_...')
#3 C:\xampp\htdocs\koperasi\vendor\codeigniter4\framework\system\Database\BaseBuilder.php(1601): CodeIgniter\Database\BaseConnection->query('SELECT `detail_...', Array, false)
#4 C:\xampp\htdocs\koperasi\app\Models\PembiayaanModel.php(64): CodeIgniter\Database\BaseBuilder->get()
#5 C:\xampp\htdocs\koperasi\app\Controllers\Pembiayaan.php(172): App\Models\PembiayaanModel->getDetailPembiayaanBayar('19')
#6 C:\xampp\htdocs\koperasi\vendor\codeigniter4\framework\system\CodeIgniter.php(934): App\Controllers\Pembiayaan->payment()
#7 C:\xampp\htdocs\koperasi\vendor\codeigniter4\framework\system\CodeIgniter.php(499): CodeIgniter\CodeIgniter->runController(Object(App\Controllers\Pembiayaan))
#8 C:\xampp\htdocs\koperasi\vendor\codeigniter4\framework\system\CodeIgniter.php(368): CodeIgniter\CodeIgniter->handleRequest(NULL, Object(Config\Cache), false)
#9 C:\xampp\htdocs\koperasi\public\index.php(67): CodeIgniter\CodeIgniter->run()
#10 C:\xampp\htdocs\koperasi\vendor\codeigniter4\framework\system\Commands\Server\rewrite.php(47): require_once('C:\\xampp\\htdocs...')
#11 {main}
CRITICAL - 2023-06-04 21:20:15 --> Unknown column 'detail_pembiayaan' in 'where clause'
in SYSTEMPATH\Database\BaseConnection.php on line 645.
 1 SYSTEMPATH\Database\BaseBuilder.php(1601): CodeIgniter\Database\BaseConnection->query('SELECT `detail_pembiayaan`.*, `pembiayaan`.`jumlah_pembiayaan`, `pembiayaan`.`angsuran`, `pembiayaan`.`total_pembiayaan`, `users`.`full_name`
FROM `detail_pembiayaan`
JOIN `pembiayaan` ON `detail_pembiayaan`.`pembiayaan_id`=`pembiayaan`.`id`
JOIN `users` ON `users`.`id_user`=`pembiayaan`.`user_id`
WHERE `detail_pembiayaan` = :detail_pembiayaan:', [...], false)
 2 APPPATH\Models\PembiayaanModel.php(64): CodeIgniter\Database\BaseBuilder->get()
 3 APPPATH\Controllers\Pembiayaan.php(172): App\Models\PembiayaanModel->getDetailPembiayaanBayar('19')
 4 SYSTEMPATH\CodeIgniter.php(934): App\Controllers\Pembiayaan->payment()
 5 SYSTEMPATH\CodeIgniter.php(499): CodeIgniter\CodeIgniter->runController(Object(App\Controllers\Pembiayaan))
 6 SYSTEMPATH\CodeIgniter.php(368): CodeIgniter\CodeIgniter->handleRequest(null, Object(Config\Cache), false)
 7 FCPATH\index.php(67): CodeIgniter\CodeIgniter->run()
 8 SYSTEMPATH\Commands\Server\rewrite.php(47): require_once('FCPATH\\index.php')
INFO - 2023-06-04 14:20:33 --> Session: Class initialized using 'CodeIgniter\Session\Handlers\FileHandler' driver.
WARNING - 2023-06-04 21:20:33 --> Session: Sessions is enabled, and one exists.Please don't $session->start();
INFO - 2023-06-04 14:24:49 --> Session: Class initialized using 'CodeIgniter\Session\Handlers\FileHandler' driver.
WARNING - 2023-06-04 21:24:49 --> Session: Sessions is enabled, and one exists.Please don't $session->start();
ERROR - 2023-06-04 21:24:49 --> mysqli_sql_exception: Column 'status' in where clause is ambiguous in C:\xampp\htdocs\koperasi\vendor\codeigniter4\framework\system\Database\MySQLi\Connection.php:295
Stack trace:
#0 C:\xampp\htdocs\koperasi\vendor\codeigniter4\framework\system\Database\MySQLi\Connection.php(295): mysqli->query('SELECT `detail_...', 0)
#1 C:\xampp\htdocs\koperasi\vendor\codeigniter4\framework\system\Database\BaseConnection.php(691): CodeIgniter\Database\MySQLi\Connection->execute('SELECT `detail_...')
#2 C:\xampp\htdocs\koperasi\vendor\codeigniter4\framework\system\Database\BaseConnection.php(605): CodeIgniter\Database\BaseConnection->simpleQuery('SELECT `detail_...')
#3 C:\xampp\htdocs\koperasi\vendor\codeigniter4\framework\system\Database\BaseBuilder.php(1601): CodeIgniter\Database\BaseConnection->query('SELECT `detail_...', Array, false)
#4 C:\xampp\htdocs\koperasi\app\Models\PembiayaanModel.php(64): CodeIgniter\Database\BaseBuilder->get()
#5 C:\xampp\htdocs\koperasi\app\Controllers\Pembiayaan.php(172): App\Models\PembiayaanModel->getDetailPembiayaanBayar()
#6 C:\xampp\htdocs\koperasi\vendor\codeigniter4\framework\system\CodeIgniter.php(934): App\Controllers\Pembiayaan->payment()
#7 C:\xampp\htdocs\koperasi\vendor\codeigniter4\framework\system\CodeIgniter.php(499): CodeIgniter\CodeIgniter->runController(Object(App\Controllers\Pembiayaan))
#8 C:\xampp\htdocs\koperasi\vendor\codeigniter4\framework\system\CodeIgniter.php(368): CodeIgniter\CodeIgniter->handleRequest(NULL, Object(Config\Cache), false)
#9 C:\xampp\htdocs\koperasi\public\index.php(67): CodeIgniter\CodeIgniter->run()
#10 C:\xampp\htdocs\koperasi\vendor\codeigniter4\framework\system\Commands\Server\rewrite.php(47): require_once('C:\\xampp\\htdocs...')
#11 {main}
CRITICAL - 2023-06-04 21:24:49 --> Column 'status' in where clause is ambiguous
in SYSTEMPATH\Database\BaseConnection.php on line 645.
 1 SYSTEMPATH\Database\BaseBuilder.php(1601): CodeIgniter\Database\BaseConnection->query('SELECT `detail_pembiayaan`.*, `pembiayaan`.`jumlah_pembiayaan`, `pembiayaan`.`angsuran`, `pembiayaan`.`total_pembiayaan`, `users`.`full_name`
FROM `detail_pembiayaan`
JOIN `pembiayaan` ON `detail_pembiayaan`.`pembiayaan_id`=`pembiayaan`.`id`
JOIN `users` ON `users`.`id_user`=`pembiayaan`.`user_id`
WHERE `status` != :status:', [...], false)
 2 APPPATH\Models\PembiayaanModel.php(64): CodeIgniter\Database\BaseBuilder->get()
 3 APPPATH\Controllers\Pembiayaan.php(172): App\Models\PembiayaanModel->getDetailPembiayaanBayar()
 4 SYSTEMPATH\CodeIgniter.php(934): App\Controllers\Pembiayaan->payment()
 5 SYSTEMPATH\CodeIgniter.php(499): CodeIgniter\CodeIgniter->runController(Object(App\Controllers\Pembiayaan))
 6 SYSTEMPATH\CodeIgniter.php(368): CodeIgniter\CodeIgniter->handleRequest(null, Object(Config\Cache), false)
 7 FCPATH\index.php(67): CodeIgniter\CodeIgniter->run()
 8 SYSTEMPATH\Commands\Server\rewrite.php(47): require_once('FCPATH\\index.php')
INFO - 2023-06-04 14:25:07 --> Session: Class initialized using 'CodeIgniter\Session\Handlers\FileHandler' driver.
WARNING - 2023-06-04 21:25:07 --> Session: Sessions is enabled, and one exists.Please don't $session->start();
INFO - 2023-06-04 14:25:29 --> Session: Class initialized using 'CodeIgniter\Session\Handlers\FileHandler' driver.
WARNING - 2023-06-04 21:25:29 --> Session: Sessions is enabled, and one exists.Please don't $session->start();
INFO - 2023-06-04 21:25:30 --> Session: Class initialized using 'CodeIgniter\Session\Handlers\FileHandler' driver.
WARNING - 2023-06-04 21:25:30 --> Session: Sessions is enabled, and one exists.Please don't $session->start();
INFO - 2023-06-04 14:25:45 --> Session: Class initialized using 'CodeIgniter\Session\Handlers\FileHandler' driver.
WARNING - 2023-06-04 21:25:45 --> Session: Sessions is enabled, and one exists.Please don't $session->start();
INFO - 2023-06-04 14:26:11 --> Session: Class initialized using 'CodeIgniter\Session\Handlers\FileHandler' driver.
WARNING - 2023-06-04 21:26:11 --> Session: Sessions is enabled, and one exists.Please don't $session->start();
INFO - 2023-06-04 21:26:12 --> Session: Class initialized using 'CodeIgniter\Session\Handlers\FileHandler' driver.
WARNING - 2023-06-04 21:26:12 --> Session: Sessions is enabled, and one exists.Please don't $session->start();
INFO - 2023-06-04 14:26:17 --> Session: Class initialized using 'CodeIgniter\Session\Handlers\FileHandler' driver.
WARNING - 2023-06-04 21:26:17 --> Session: Sessions is enabled, and one exists.Please don't $session->start();
INFO - 2023-06-04 14:26:27 --> Session: Class initialized using 'CodeIgniter\Session\Handlers\FileHandler' driver.
WARNING - 2023-06-04 21:26:27 --> Session: Sessions is enabled, and one exists.Please don't $session->start();
INFO - 2023-06-04 14:26:43 --> Session: Class initialized using 'CodeIgniter\Session\Handlers\FileHandler' driver.
WARNING - 2023-06-04 21:26:43 --> Session: Sessions is enabled, and one exists.Please don't $session->start();
INFO - 2023-06-04 14:28:14 --> Session: Class initialized using 'CodeIgniter\Session\Handlers\FileHandler' driver.
WARNING - 2023-06-04 21:28:14 --> Session: Sessions is enabled, and one exists.Please don't $session->start();
INFO - 2023-06-04 21:28:14 --> Session: Class initialized using 'CodeIgniter\Session\Handlers\FileHandler' driver.
WARNING - 2023-06-04 21:28:14 --> Session: Sessions is enabled, and one exists.Please don't $session->start();
INFO - 2023-06-04 14:28:24 --> Session: Class initialized using 'CodeIgniter\Session\Handlers\FileHandler' driver.
WARNING - 2023-06-04 21:28:24 --> Session: Sessions is enabled, and one exists.Please don't $session->start();
INFO - 2023-06-04 21:28:25 --> Session: Class initialized using 'CodeIgniter\Session\Handlers\FileHandler' driver.
WARNING - 2023-06-04 21:28:25 --> Session: Sessions is enabled, and one exists.Please don't $session->start();
INFO - 2023-06-04 14:28:29 --> Session: Class initialized using 'CodeIgniter\Session\Handlers\FileHandler' driver.
WARNING - 2023-06-04 21:28:29 --> Session: Sessions is enabled, and one exists.Please don't $session->start();
