INFO - 2023-08-30 14:45:46 --> Session: Class initialized using 'CodeIgniter\Session\Handlers\FileHandler' driver.
WARNING - 2023-08-30 14:45:46 --> Session: Sessions is enabled, and one exists. Please don't $session->start();
INFO - 2023-08-30 14:51:07 --> Session: Class initialized using 'CodeIgniter\Session\Handlers\FileHandler' driver.
WARNING - 2023-08-30 14:51:07 --> Session: Sessions is enabled, and one exists. Please don't $session->start();
INFO - 2023-08-30 14:51:08 --> Session: Class initialized using 'CodeIgniter\Session\Handlers\FileHandler' driver.
WARNING - 2023-08-30 14:51:08 --> Session: Sessions is enabled, and one exists. Please don't $session->start();
WARNING - 2023-08-30 21:51:08 --> Session: Sessions is enabled, and one exists. Please don't $session->start();
ERROR - 2023-08-30 21:51:08 --> mysqli_sql_exception: Unknown column 'u.id' in 'where clause' in D:\data\ci4\koperasi\vendor\codeigniter4\framework\system\Database\MySQLi\Connection.php:295
Stack trace:
#0 D:\data\ci4\koperasi\vendor\codeigniter4\framework\system\Database\MySQLi\Connection.php(295): mysqli->query('SELECT sum(nomi...', 0)
#1 D:\data\ci4\koperasi\vendor\codeigniter4\framework\system\Database\BaseConnection.php(692): CodeIgniter\Database\MySQLi\Connection->execute('SELECT sum(nomi...')
#2 D:\data\ci4\koperasi\vendor\codeigniter4\framework\system\Database\BaseConnection.php(606): CodeIgniter\Database\BaseConnection->simpleQuery('SELECT sum(nomi...')
#3 D:\data\ci4\koperasi\app\Controllers\Dashboard.php(40): CodeIgniter\Database\BaseConnection->query('SELECT sum(nomi...')
#4 D:\data\ci4\koperasi\vendor\codeigniter4\framework\system\CodeIgniter.php(932): App\Controllers\Dashboard->index()
#5 D:\data\ci4\koperasi\vendor\codeigniter4\framework\system\CodeIgniter.php(497): CodeIgniter\CodeIgniter->runController(Object(App\Controllers\Dashboard))
#6 D:\data\ci4\koperasi\vendor\codeigniter4\framework\system\CodeIgniter.php(366): CodeIgniter\CodeIgniter->handleRequest(NULL, Object(Config\Cache), false)
#7 D:\data\ci4\koperasi\public\index.php(67): CodeIgniter\CodeIgniter->run()
#8 D:\data\ci4\koperasi\vendor\codeigniter4\framework\system\Commands\Server\rewrite.php(47): require_once('D:\\data\\ci4\\kop...')
#9 {main}
CRITICAL - 2023-08-30 21:51:08 --> Unknown column 'u.id' in 'where clause'
in SYSTEMPATH\Database\MySQLi\Connection.php on line 295.
 1 SYSTEMPATH\Database\MySQLi\Connection.php(295): mysqli->query('SELECT sum(nominal) as total FROM simpanan_pokok sp, users u where sp.id_user=u.id and sp.status = 1 and u.is_active = 1', 0)
 2 SYSTEMPATH\Database\BaseConnection.php(692): CodeIgniter\Database\MySQLi\Connection->execute('SELECT sum(nominal) as total FROM simpanan_pokok sp, users u where sp.id_user=u.id and sp.status = 1 and u.is_active = 1')
 3 SYSTEMPATH\Database\BaseConnection.php(606): CodeIgniter\Database\BaseConnection->simpleQuery('SELECT sum(nominal) as total FROM simpanan_pokok sp, users u where sp.id_user=u.id and sp.status = 1 and u.is_active = 1')
 4 APPPATH\Controllers\Dashboard.php(40): CodeIgniter\Database\BaseConnection->query('SELECT sum(nominal) as total FROM simpanan_pokok sp, users u where sp.id_user=u.id and sp.status = 1 and u.is_active = 1')
 5 SYSTEMPATH\CodeIgniter.php(932): App\Controllers\Dashboard->index()
 6 SYSTEMPATH\CodeIgniter.php(497): CodeIgniter\CodeIgniter->runController(Object(App\Controllers\Dashboard))
 7 SYSTEMPATH\CodeIgniter.php(366): CodeIgniter\CodeIgniter->handleRequest(null, Object(Config\Cache), false)
 8 FCPATH\index.php(67): CodeIgniter\CodeIgniter->run()
 9 SYSTEMPATH\Commands\Server\rewrite.php(47): require_once('D:\\data\\ci4\\koperasi\\public\\index.php')
INFO - 2023-08-30 14:51:23 --> Session: Class initialized using 'CodeIgniter\Session\Handlers\FileHandler' driver.
WARNING - 2023-08-30 14:51:23 --> Session: Sessions is enabled, and one exists. Please don't $session->start();
WARNING - 2023-08-30 21:51:23 --> Session: Sessions is enabled, and one exists. Please don't $session->start();
INFO - 2023-08-30 15:05:16 --> Session: Class initialized using 'CodeIgniter\Session\Handlers\FileHandler' driver.
WARNING - 2023-08-30 15:05:16 --> Session: Sessions is enabled, and one exists. Please don't $session->start();
WARNING - 2023-08-30 22:05:16 --> Session: Sessions is enabled, and one exists. Please don't $session->start();
ERROR - 2023-08-30 22:05:16 --> mysqli_sql_exception: You have an error in your SQL syntax; check the manual that corresponds to your MariaDB server version for the right syntax to use near 'rs.status = 200 and u.is_active = 1' at line 1 in D:\data\ci4\koperasi\vendor\codeigniter4\framework\system\Database\MySQLi\Connection.php:295
Stack trace:
#0 D:\data\ci4\koperasi\vendor\codeigniter4\framework\system\Database\MySQLi\Connection.php(295): mysqli->query('SELECT sum(rs.n...', 0)
#1 D:\data\ci4\koperasi\vendor\codeigniter4\framework\system\Database\BaseConnection.php(692): CodeIgniter\Database\MySQLi\Connection->execute('SELECT sum(rs.n...')
#2 D:\data\ci4\koperasi\vendor\codeigniter4\framework\system\Database\BaseConnection.php(606): CodeIgniter\Database\BaseConnection->simpleQuery('SELECT sum(rs.n...')
#3 D:\data\ci4\koperasi\app\Controllers\Dashboard.php(45): CodeIgniter\Database\BaseConnection->query('SELECT sum(rs.n...')
#4 D:\data\ci4\koperasi\vendor\codeigniter4\framework\system\CodeIgniter.php(932): App\Controllers\Dashboard->index()
#5 D:\data\ci4\koperasi\vendor\codeigniter4\framework\system\CodeIgniter.php(497): CodeIgniter\CodeIgniter->runController(Object(App\Controllers\Dashboard))
#6 D:\data\ci4\koperasi\vendor\codeigniter4\framework\system\CodeIgniter.php(366): CodeIgniter\CodeIgniter->handleRequest(NULL, Object(Config\Cache), false)
#7 D:\data\ci4\koperasi\public\index.php(67): CodeIgniter\CodeIgniter->run()
#8 D:\data\ci4\koperasi\vendor\codeigniter4\framework\system\Commands\Server\rewrite.php(47): require_once('D:\\data\\ci4\\kop...')
#9 {main}
CRITICAL - 2023-08-30 22:05:16 --> You have an error in your SQL syntax; check the manual that corresponds to your MariaDB server version for the right syntax to use near 'rs.status = 200 and u.is_active = 1' at line 1
in SYSTEMPATH\Database\MySQLi\Connection.php on line 295.
 1 SYSTEMPATH\Database\MySQLi\Connection.php(295): mysqli->query('SELECT sum(rs.nominal) as total FROM riwayat_simpanan rs, users u where rs.id_user=u.id_user rs.status = 200 and u.is_active = 1', 0)
 2 SYSTEMPATH\Database\BaseConnection.php(692): CodeIgniter\Database\MySQLi\Connection->execute('SELECT sum(rs.nominal) as total FROM riwayat_simpanan rs, users u where rs.id_user=u.id_user rs.status = 200 and u.is_active = 1')
 3 SYSTEMPATH\Database\BaseConnection.php(606): CodeIgniter\Database\BaseConnection->simpleQuery('SELECT sum(rs.nominal) as total FROM riwayat_simpanan rs, users u where rs.id_user=u.id_user rs.status = 200 and u.is_active = 1')
 4 APPPATH\Controllers\Dashboard.php(45): CodeIgniter\Database\BaseConnection->query('SELECT sum(rs.nominal) as total FROM riwayat_simpanan rs, users u where rs.id_user=u.id_user rs.status = 200 and u.is_active = 1')
 5 SYSTEMPATH\CodeIgniter.php(932): App\Controllers\Dashboard->index()
 6 SYSTEMPATH\CodeIgniter.php(497): CodeIgniter\CodeIgniter->runController(Object(App\Controllers\Dashboard))
 7 SYSTEMPATH\CodeIgniter.php(366): CodeIgniter\CodeIgniter->handleRequest(null, Object(Config\Cache), false)
 8 FCPATH\index.php(67): CodeIgniter\CodeIgniter->run()
 9 SYSTEMPATH\Commands\Server\rewrite.php(47): require_once('D:\\data\\ci4\\koperasi\\public\\index.php')
INFO - 2023-08-30 15:05:33 --> Session: Class initialized using 'CodeIgniter\Session\Handlers\FileHandler' driver.
WARNING - 2023-08-30 15:05:33 --> Session: Sessions is enabled, and one exists. Please don't $session->start();
WARNING - 2023-08-30 22:05:33 --> Session: Sessions is enabled, and one exists. Please don't $session->start();
INFO - 2023-08-30 15:08:58 --> Session: Class initialized using 'CodeIgniter\Session\Handlers\FileHandler' driver.
WARNING - 2023-08-30 15:08:58 --> Session: Sessions is enabled, and one exists. Please don't $session->start();
WARNING - 2023-08-30 22:08:58 --> Session: Sessions is enabled, and one exists. Please don't $session->start();
ERROR - 2023-08-30 22:08:58 --> mysqli_sql_exception: Unknown column 'am.status' in 'where clause' in D:\data\ci4\koperasi\vendor\codeigniter4\framework\system\Database\MySQLi\Connection.php:295
Stack trace:
#0 D:\data\ci4\koperasi\vendor\codeigniter4\framework\system\Database\MySQLi\Connection.php(295): mysqli->query('SELECT sum(sm.n...', 0)
#1 D:\data\ci4\koperasi\vendor\codeigniter4\framework\system\Database\BaseConnection.php(692): CodeIgniter\Database\MySQLi\Connection->execute('SELECT sum(sm.n...')
#2 D:\data\ci4\koperasi\vendor\codeigniter4\framework\system\Database\BaseConnection.php(606): CodeIgniter\Database\BaseConnection->simpleQuery('SELECT sum(sm.n...')
#3 D:\data\ci4\koperasi\app\Controllers\Dashboard.php(50): CodeIgniter\Database\BaseConnection->query('SELECT sum(sm.n...')
#4 D:\data\ci4\koperasi\vendor\codeigniter4\framework\system\CodeIgniter.php(932): App\Controllers\Dashboard->index()
#5 D:\data\ci4\koperasi\vendor\codeigniter4\framework\system\CodeIgniter.php(497): CodeIgniter\CodeIgniter->runController(Object(App\Controllers\Dashboard))
#6 D:\data\ci4\koperasi\vendor\codeigniter4\framework\system\CodeIgniter.php(366): CodeIgniter\CodeIgniter->handleRequest(NULL, Object(Config\Cache), false)
#7 D:\data\ci4\koperasi\public\index.php(67): CodeIgniter\CodeIgniter->run()
#8 D:\data\ci4\koperasi\vendor\codeigniter4\framework\system\Commands\Server\rewrite.php(47): require_once('D:\\data\\ci4\\kop...')
#9 {main}
CRITICAL - 2023-08-30 22:08:58 --> Unknown column 'am.status' in 'where clause'
in SYSTEMPATH\Database\MySQLi\Connection.php on line 295.
 1 SYSTEMPATH\Database\MySQLi\Connection.php(295): mysqli->query('SELECT sum(sm.nominal) as total FROM simpanan_manasuka sm, users u where sm.id_user=u.id_user and am.status = 1 and u.is_active = 1', 0)
 2 SYSTEMPATH\Database\BaseConnection.php(692): CodeIgniter\Database\MySQLi\Connection->execute('SELECT sum(sm.nominal) as total FROM simpanan_manasuka sm, users u where sm.id_user=u.id_user and am.status = 1 and u.is_active = 1')
 3 SYSTEMPATH\Database\BaseConnection.php(606): CodeIgniter\Database\BaseConnection->simpleQuery('SELECT sum(sm.nominal) as total FROM simpanan_manasuka sm, users u where sm.id_user=u.id_user and am.status = 1 and u.is_active = 1')
 4 APPPATH\Controllers\Dashboard.php(50): CodeIgniter\Database\BaseConnection->query('SELECT sum(sm.nominal) as total FROM simpanan_manasuka sm, users u where sm.id_user=u.id_user and am.status = 1 and u.is_active = 1')
 5 SYSTEMPATH\CodeIgniter.php(932): App\Controllers\Dashboard->index()
 6 SYSTEMPATH\CodeIgniter.php(497): CodeIgniter\CodeIgniter->runController(Object(App\Controllers\Dashboard))
 7 SYSTEMPATH\CodeIgniter.php(366): CodeIgniter\CodeIgniter->handleRequest(null, Object(Config\Cache), false)
 8 FCPATH\index.php(67): CodeIgniter\CodeIgniter->run()
 9 SYSTEMPATH\Commands\Server\rewrite.php(47): require_once('D:\\data\\ci4\\koperasi\\public\\index.php')
INFO - 2023-08-30 15:09:08 --> Session: Class initialized using 'CodeIgniter\Session\Handlers\FileHandler' driver.
WARNING - 2023-08-30 15:09:08 --> Session: Sessions is enabled, and one exists. Please don't $session->start();
WARNING - 2023-08-30 22:09:08 --> Session: Sessions is enabled, and one exists. Please don't $session->start();
INFO - 2023-08-30 15:09:09 --> Session: Class initialized using 'CodeIgniter\Session\Handlers\FileHandler' driver.
WARNING - 2023-08-30 15:09:09 --> Session: Sessions is enabled, and one exists. Please don't $session->start();
WARNING - 2023-08-30 22:09:09 --> Session: Sessions is enabled, and one exists. Please don't $session->start();
INFO - 2023-08-30 15:27:57 --> Session: Class initialized using 'CodeIgniter\Session\Handlers\FileHandler' driver.
WARNING - 2023-08-30 15:27:57 --> Session: Sessions is enabled, and one exists. Please don't $session->start();
WARNING - 2023-08-30 22:27:57 --> Session: Sessions is enabled, and one exists. Please don't $session->start();
INFO - 2023-08-30 16:03:29 --> Session: Class initialized using 'CodeIgniter\Session\Handlers\FileHandler' driver.
WARNING - 2023-08-30 16:03:29 --> Session: Sessions is enabled, and one exists. Please don't $session->start();
WARNING - 2023-08-30 23:03:29 --> Session: Sessions is enabled, and one exists. Please don't $session->start();
INFO - 2023-08-30 16:03:32 --> Session: Class initialized using 'CodeIgniter\Session\Handlers\FileHandler' driver.
WARNING - 2023-08-30 23:03:32 --> Session: Sessions is enabled, and one exists. Please don't $session->start();
INFO - 2023-08-30 16:03:47 --> Session: Class initialized using 'CodeIgniter\Session\Handlers\FileHandler' driver.
WARNING - 2023-08-30 16:03:47 --> Session: Sessions is enabled, and one exists. Please don't $session->start();
INFO - 2023-08-30 16:03:47 --> Session: Class initialized using 'CodeIgniter\Session\Handlers\FileHandler' driver.
WARNING - 2023-08-30 16:03:47 --> Session: Sessions is enabled, and one exists. Please don't $session->start();
INFO - 2023-08-30 16:03:51 --> Session: Class initialized using 'CodeIgniter\Session\Handlers\FileHandler' driver.
WARNING - 2023-08-30 16:03:51 --> Session: Sessions is enabled, and one exists. Please don't $session->start();
INFO - 2023-08-30 16:03:51 --> Session: Class initialized using 'CodeIgniter\Session\Handlers\FileHandler' driver.
WARNING - 2023-08-30 16:03:51 --> Session: Sessions is enabled, and one exists. Please don't $session->start();
WARNING - 2023-08-30 23:03:51 --> Session: Sessions is enabled, and one exists. Please don't $session->start();
INFO - 2023-08-30 16:03:57 --> Session: Class initialized using 'CodeIgniter\Session\Handlers\FileHandler' driver.
WARNING - 2023-08-30 23:03:57 --> Session: Sessions is enabled, and one exists. Please don't $session->start();
INFO - 2023-08-30 16:04:07 --> Session: Class initialized using 'CodeIgniter\Session\Handlers\FileHandler' driver.
WARNING - 2023-08-30 23:04:07 --> Session: Sessions is enabled, and one exists. Please don't $session->start();
INFO - 2023-08-30 16:04:07 --> Session: Class initialized using 'CodeIgniter\Session\Handlers\FileHandler' driver.
WARNING - 2023-08-30 16:04:07 --> Session: Sessions is enabled, and one exists. Please don't $session->start();
INFO - 2023-08-30 16:04:12 --> Session: Class initialized using 'CodeIgniter\Session\Handlers\FileHandler' driver.
WARNING - 2023-08-30 16:04:12 --> Session: Sessions is enabled, and one exists. Please don't $session->start();
INFO - 2023-08-30 16:04:12 --> Session: Class initialized using 'CodeIgniter\Session\Handlers\FileHandler' driver.
WARNING - 2023-08-30 16:04:12 --> Session: Sessions is enabled, and one exists. Please don't $session->start();
WARNING - 2023-08-30 23:04:12 --> Session: Sessions is enabled, and one exists. Please don't $session->start();
INFO - 2023-08-30 16:04:15 --> Session: Class initialized using 'CodeIgniter\Session\Handlers\FileHandler' driver.
WARNING - 2023-08-30 23:04:15 --> Session: Sessions is enabled, and one exists. Please don't $session->start();
INFO - 2023-08-30 16:04:22 --> Session: Class initialized using 'CodeIgniter\Session\Handlers\FileHandler' driver.
WARNING - 2023-08-30 23:04:22 --> Session: Sessions is enabled, and one exists. Please don't $session->start();
INFO - 2023-08-30 16:25:17 --> Session: Class initialized using 'CodeIgniter\Session\Handlers\FileHandler' driver.
WARNING - 2023-08-30 23:25:17 --> Session: Sessions is enabled, and one exists. Please don't $session->start();
INFO - 2023-08-30 16:25:32 --> Session: Class initialized using 'CodeIgniter\Session\Handlers\FileHandler' driver.
WARNING - 2023-08-30 23:25:32 --> Session: Sessions is enabled, and one exists. Please don't $session->start();
INFO - 2023-08-30 16:25:53 --> Session: Class initialized using 'CodeIgniter\Session\Handlers\FileHandler' driver.
WARNING - 2023-08-30 23:25:53 --> Session: Sessions is enabled, and one exists. Please don't $session->start();
INFO - 2023-08-30 16:30:36 --> Session: Class initialized using 'CodeIgniter\Session\Handlers\FileHandler' driver.
WARNING - 2023-08-30 23:30:36 --> Session: Sessions is enabled, and one exists. Please don't $session->start();
INFO - 2023-08-30 16:30:42 --> Session: Class initialized using 'CodeIgniter\Session\Handlers\FileHandler' driver.
WARNING - 2023-08-30 23:30:42 --> Session: Sessions is enabled, and one exists. Please don't $session->start();
INFO - 2023-08-30 16:30:47 --> Session: Class initialized using 'CodeIgniter\Session\Handlers\FileHandler' driver.
WARNING - 2023-08-30 23:30:47 --> Session: Sessions is enabled, and one exists. Please don't $session->start();
INFO - 2023-08-30 16:30:47 --> Session: Class initialized using 'CodeIgniter\Session\Handlers\FileHandler' driver.
WARNING - 2023-08-30 23:30:47 --> Session: Sessions is enabled, and one exists. Please don't $session->start();
INFO - 2023-08-30 16:31:43 --> Session: Class initialized using 'CodeIgniter\Session\Handlers\FileHandler' driver.
WARNING - 2023-08-30 23:31:43 --> Session: Sessions is enabled, and one exists. Please don't $session->start();
INFO - 2023-08-30 16:31:50 --> Session: Class initialized using 'CodeIgniter\Session\Handlers\FileHandler' driver.
WARNING - 2023-08-30 23:31:50 --> Session: Sessions is enabled, and one exists. Please don't $session->start();
INFO - 2023-08-30 16:31:50 --> Session: Class initialized using 'CodeIgniter\Session\Handlers\FileHandler' driver.
WARNING - 2023-08-30 23:31:50 --> Session: Sessions is enabled, and one exists. Please don't $session->start();
