INFO - 2023-01-25 13:13:24 --> Session: Class initialized using 'CodeIgniter\Session\Handlers\FileHandler' driver.
WARNING - 2023-01-25 13:13:24 --> Session: Sessions is enabled, and one exists.Please don't $session->start();
INFO - 2023-01-25 13:13:31 --> Session: Class initialized using 'CodeIgniter\Session\Handlers\FileHandler' driver.
WARNING - 2023-01-25 13:13:31 --> Session: Sessions is enabled, and one exists.Please don't $session->start();
INFO - 2023-01-25 13:13:31 --> Session: Class initialized using 'CodeIgniter\Session\Handlers\FileHandler' driver.
WARNING - 2023-01-25 13:13:31 --> Session: Sessions is enabled, and one exists.Please don't $session->start();
WARNING - 2023-01-25 20:13:31 --> Session: Sessions is enabled, and one exists.Please don't $session->start();
INFO - 2023-01-25 13:20:21 --> Session: Class initialized using 'CodeIgniter\Session\Handlers\FileHandler' driver.
WARNING - 2023-01-25 13:20:21 --> Session: Sessions is enabled, and one exists.Please don't $session->start();
WARNING - 2023-01-25 20:20:21 --> Session: Sessions is enabled, and one exists.Please don't $session->start();
INFO - 2023-01-25 13:22:41 --> Session: Class initialized using 'CodeIgniter\Session\Handlers\FileHandler' driver.
WARNING - 2023-01-25 13:22:41 --> Session: Sessions is enabled, and one exists.Please don't $session->start();
WARNING - 2023-01-25 20:22:41 --> Session: Sessions is enabled, and one exists.Please don't $session->start();
INFO - 2023-01-25 13:22:51 --> Session: Class initialized using 'CodeIgniter\Session\Handlers\FileHandler' driver.
WARNING - 2023-01-25 13:22:51 --> Session: Sessions is enabled, and one exists.Please don't $session->start();
WARNING - 2023-01-25 20:22:51 --> Session: Sessions is enabled, and one exists.Please don't $session->start();
INFO - 2023-01-25 13:30:31 --> Session: Class initialized using 'CodeIgniter\Session\Handlers\FileHandler' driver.
CRITICAL - 2023-01-25 13:30:31 --> Invalid file: "laporan/simpanan_pokok.php"
in SYSTEMPATH/Exceptions/FrameworkException.php on line 33.
 1 SYSTEMPATH/View/View.php(201): CodeIgniter\Exceptions\FrameworkException::forInvalidFile('laporan/simpanan_pokok.php')
 2 SYSTEMPATH/Common.php(1177): CodeIgniter\View\View->render('laporan/simpanan_pokok', [], true)
 3 APPPATH/Controllers/LaporanController.php(11): view('laporan/simpanan_pokok')
 4 SYSTEMPATH/CodeIgniter.php(934): App\Controllers\LaporanController->simpanan_pokok()
 5 SYSTEMPATH/CodeIgniter.php(499): CodeIgniter\CodeIgniter->runController(Object(App\Controllers\LaporanController))
 6 SYSTEMPATH/CodeIgniter.php(368): CodeIgniter\CodeIgniter->handleRequest(null, Object(Config\Cache), false)
 7 FCPATH/index.php(67): CodeIgniter\CodeIgniter->run()
 8 SYSTEMPATH/Commands/Server/rewrite.php(47): require_once('FCPATH/index.php')
INFO - 2023-01-25 13:30:33 --> Session: Class initialized using 'CodeIgniter\Session\Handlers\FileHandler' driver.
CRITICAL - 2023-01-25 13:30:33 --> Invalid file: "laporan/simpanan_pokok.php"
in SYSTEMPATH/Exceptions/FrameworkException.php on line 33.
 1 SYSTEMPATH/View/View.php(201): CodeIgniter\Exceptions\FrameworkException::forInvalidFile('laporan/simpanan_pokok.php')
 2 SYSTEMPATH/Common.php(1177): CodeIgniter\View\View->render('laporan/simpanan_pokok', [], true)
 3 APPPATH/Controllers/LaporanController.php(11): view('laporan/simpanan_pokok')
 4 SYSTEMPATH/CodeIgniter.php(934): App\Controllers\LaporanController->simpanan_pokok()
 5 SYSTEMPATH/CodeIgniter.php(499): CodeIgniter\CodeIgniter->runController(Object(App\Controllers\LaporanController))
 6 SYSTEMPATH/CodeIgniter.php(368): CodeIgniter\CodeIgniter->handleRequest(null, Object(Config\Cache), false)
 7 FCPATH/index.php(67): CodeIgniter\CodeIgniter->run()
 8 SYSTEMPATH/Commands/Server/rewrite.php(47): require_once('FCPATH/index.php')
INFO - 2023-01-25 13:31:51 --> Session: Class initialized using 'CodeIgniter\Session\Handlers\FileHandler' driver.
CRITICAL - 2023-01-25 13:31:51 --> Invalid file: "laporan/simpanan_pokok.php"
in SYSTEMPATH/Exceptions/FrameworkException.php on line 33.
 1 SYSTEMPATH/View/View.php(201): CodeIgniter\Exceptions\FrameworkException::forInvalidFile('laporan/simpanan_pokok.php')
 2 SYSTEMPATH/Common.php(1177): CodeIgniter\View\View->render('laporan/simpanan_pokok', [], true)
 3 APPPATH/Controllers/LaporanController.php(11): view('laporan/simpanan_pokok')
 4 SYSTEMPATH/CodeIgniter.php(934): App\Controllers\LaporanController->simpanan_pokok()
 5 SYSTEMPATH/CodeIgniter.php(499): CodeIgniter\CodeIgniter->runController(Object(App\Controllers\LaporanController))
 6 SYSTEMPATH/CodeIgniter.php(368): CodeIgniter\CodeIgniter->handleRequest(null, Object(Config\Cache), false)
 7 FCPATH/index.php(67): CodeIgniter\CodeIgniter->run()
 8 SYSTEMPATH/Commands/Server/rewrite.php(47): require_once('FCPATH/index.php')
INFO - 2023-01-25 13:31:52 --> Session: Class initialized using 'CodeIgniter\Session\Handlers\FileHandler' driver.
CRITICAL - 2023-01-25 13:31:52 --> Invalid file: "laporan/simpanan_pokok.php"
in SYSTEMPATH/Exceptions/FrameworkException.php on line 33.
 1 SYSTEMPATH/View/View.php(201): CodeIgniter\Exceptions\FrameworkException::forInvalidFile('laporan/simpanan_pokok.php')
 2 SYSTEMPATH/Common.php(1177): CodeIgniter\View\View->render('laporan/simpanan_pokok', [], true)
 3 APPPATH/Controllers/LaporanController.php(11): view('laporan/simpanan_pokok')
 4 SYSTEMPATH/CodeIgniter.php(934): App\Controllers\LaporanController->simpanan_pokok()
 5 SYSTEMPATH/CodeIgniter.php(499): CodeIgniter\CodeIgniter->runController(Object(App\Controllers\LaporanController))
 6 SYSTEMPATH/CodeIgniter.php(368): CodeIgniter\CodeIgniter->handleRequest(null, Object(Config\Cache), false)
 7 FCPATH/index.php(67): CodeIgniter\CodeIgniter->run()
 8 SYSTEMPATH/Commands/Server/rewrite.php(47): require_once('FCPATH/index.php')
INFO - 2023-01-25 13:31:52 --> Session: Class initialized using 'CodeIgniter\Session\Handlers\FileHandler' driver.
CRITICAL - 2023-01-25 13:31:52 --> Invalid file: "laporan/simpanan_pokok.php"
in SYSTEMPATH/Exceptions/FrameworkException.php on line 33.
 1 SYSTEMPATH/View/View.php(201): CodeIgniter\Exceptions\FrameworkException::forInvalidFile('laporan/simpanan_pokok.php')
 2 SYSTEMPATH/Common.php(1177): CodeIgniter\View\View->render('laporan/simpanan_pokok', [], true)
 3 APPPATH/Controllers/LaporanController.php(11): view('laporan/simpanan_pokok')
 4 SYSTEMPATH/CodeIgniter.php(934): App\Controllers\LaporanController->simpanan_pokok()
 5 SYSTEMPATH/CodeIgniter.php(499): CodeIgniter\CodeIgniter->runController(Object(App\Controllers\LaporanController))
 6 SYSTEMPATH/CodeIgniter.php(368): CodeIgniter\CodeIgniter->handleRequest(null, Object(Config\Cache), false)
 7 FCPATH/index.php(67): CodeIgniter\CodeIgniter->run()
 8 SYSTEMPATH/Commands/Server/rewrite.php(47): require_once('FCPATH/index.php')
INFO - 2023-01-25 13:31:53 --> Session: Class initialized using 'CodeIgniter\Session\Handlers\FileHandler' driver.
CRITICAL - 2023-01-25 13:31:53 --> Invalid file: "laporan/simpanan_pokok.php"
in SYSTEMPATH/Exceptions/FrameworkException.php on line 33.
 1 SYSTEMPATH/View/View.php(201): CodeIgniter\Exceptions\FrameworkException::forInvalidFile('laporan/simpanan_pokok.php')
 2 SYSTEMPATH/Common.php(1177): CodeIgniter\View\View->render('laporan/simpanan_pokok', [], true)
 3 APPPATH/Controllers/LaporanController.php(11): view('laporan/simpanan_pokok')
 4 SYSTEMPATH/CodeIgniter.php(934): App\Controllers\LaporanController->simpanan_pokok()
 5 SYSTEMPATH/CodeIgniter.php(499): CodeIgniter\CodeIgniter->runController(Object(App\Controllers\LaporanController))
 6 SYSTEMPATH/CodeIgniter.php(368): CodeIgniter\CodeIgniter->handleRequest(null, Object(Config\Cache), false)
 7 FCPATH/index.php(67): CodeIgniter\CodeIgniter->run()
 8 SYSTEMPATH/Commands/Server/rewrite.php(47): require_once('FCPATH/index.php')
INFO - 2023-01-25 13:32:18 --> Session: Class initialized using 'CodeIgniter\Session\Handlers\FileHandler' driver.
CRITICAL - 2023-01-25 13:32:18 --> Undefined variable $title
in APPPATH/Views/laporan/simpanan_pokok.php on line 1.
 1 APPPATH/Views/laporan/simpanan_pokok.php(1): CodeIgniter\Debug\Exceptions->errorHandler(2, 'Undefined variable $title', 'APPPATH/Views/laporan/simpanan_pokok.php', 1)
 2 SYSTEMPATH/View/View.php(213): include('APPPATH/Views/laporan/simpanan_pokok.php')
 3 SYSTEMPATH/View/View.php(216): CodeIgniter\View\View->CodeIgniter\View\{closure}()
 4 SYSTEMPATH/Common.php(1177): CodeIgniter\View\View->render('laporan/simpanan_pokok', [], true)
 5 APPPATH/Controllers/LaporanController.php(11): view('laporan/simpanan_pokok')
 6 SYSTEMPATH/CodeIgniter.php(934): App\Controllers\LaporanController->simpanan_pokok()
 7 SYSTEMPATH/CodeIgniter.php(499): CodeIgniter\CodeIgniter->runController(Object(App\Controllers\LaporanController))
 8 SYSTEMPATH/CodeIgniter.php(368): CodeIgniter\CodeIgniter->handleRequest(null, Object(Config\Cache), false)
 9 FCPATH/index.php(67): CodeIgniter\CodeIgniter->run()
10 SYSTEMPATH/Commands/Server/rewrite.php(47): require_once('FCPATH/index.php')
INFO - 2023-01-25 13:33:11 --> Session: Class initialized using 'CodeIgniter\Session\Handlers\FileHandler' driver.
CRITICAL - 2023-01-25 13:33:11 --> Undefined variable $simpanan_wajib
in APPPATH/Views/laporan/simpanan_pokok.php on line 37.
 1 APPPATH/Views/laporan/simpanan_pokok.php(37): CodeIgniter\Debug\Exceptions->errorHandler(2, 'Undefined variable $simpanan_wajib', 'APPPATH/Views/laporan/simpanan_pokok.php', 37)
 2 SYSTEMPATH/View/View.php(213): include('APPPATH/Views/laporan/simpanan_pokok.php')
 3 SYSTEMPATH/View/View.php(216): CodeIgniter\View\View->CodeIgniter\View\{closure}()
 4 SYSTEMPATH/Common.php(1177): CodeIgniter\View\View->render('laporan/simpanan_pokok', [], true)
 5 APPPATH/Controllers/LaporanController.php(12): view('laporan/simpanan_pokok', [...])
 6 SYSTEMPATH/CodeIgniter.php(934): App\Controllers\LaporanController->simpanan_pokok()
 7 SYSTEMPATH/CodeIgniter.php(499): CodeIgniter\CodeIgniter->runController(Object(App\Controllers\LaporanController))
 8 SYSTEMPATH/CodeIgniter.php(368): CodeIgniter\CodeIgniter->handleRequest(null, Object(Config\Cache), false)
 9 FCPATH/index.php(67): CodeIgniter\CodeIgniter->run()
10 SYSTEMPATH/Commands/Server/rewrite.php(47): require_once('FCPATH/index.php')
INFO - 2023-01-25 13:33:12 --> Session: Class initialized using 'CodeIgniter\Session\Handlers\FileHandler' driver.
CRITICAL - 2023-01-25 13:33:12 --> Undefined variable $simpanan_wajib
in APPPATH/Views/laporan/simpanan_pokok.php on line 37.
 1 APPPATH/Views/laporan/simpanan_pokok.php(37): CodeIgniter\Debug\Exceptions->errorHandler(2, 'Undefined variable $simpanan_wajib', 'APPPATH/Views/laporan/simpanan_pokok.php', 37)
 2 SYSTEMPATH/View/View.php(213): include('APPPATH/Views/laporan/simpanan_pokok.php')
 3 SYSTEMPATH/View/View.php(216): CodeIgniter\View\View->CodeIgniter\View\{closure}()
 4 SYSTEMPATH/Common.php(1177): CodeIgniter\View\View->render('laporan/simpanan_pokok', [], true)
 5 APPPATH/Controllers/LaporanController.php(12): view('laporan/simpanan_pokok', [...])
 6 SYSTEMPATH/CodeIgniter.php(934): App\Controllers\LaporanController->simpanan_pokok()
 7 SYSTEMPATH/CodeIgniter.php(499): CodeIgniter\CodeIgniter->runController(Object(App\Controllers\LaporanController))
 8 SYSTEMPATH/CodeIgniter.php(368): CodeIgniter\CodeIgniter->handleRequest(null, Object(Config\Cache), false)
 9 FCPATH/index.php(67): CodeIgniter\CodeIgniter->run()
10 SYSTEMPATH/Commands/Server/rewrite.php(47): require_once('FCPATH/index.php')
INFO - 2023-01-25 13:33:12 --> Session: Class initialized using 'CodeIgniter\Session\Handlers\FileHandler' driver.
CRITICAL - 2023-01-25 13:33:12 --> Undefined variable $simpanan_wajib
in APPPATH/Views/laporan/simpanan_pokok.php on line 37.
 1 APPPATH/Views/laporan/simpanan_pokok.php(37): CodeIgniter\Debug\Exceptions->errorHandler(2, 'Undefined variable $simpanan_wajib', 'APPPATH/Views/laporan/simpanan_pokok.php', 37)
 2 SYSTEMPATH/View/View.php(213): include('APPPATH/Views/laporan/simpanan_pokok.php')
 3 SYSTEMPATH/View/View.php(216): CodeIgniter\View\View->CodeIgniter\View\{closure}()
 4 SYSTEMPATH/Common.php(1177): CodeIgniter\View\View->render('laporan/simpanan_pokok', [], true)
 5 APPPATH/Controllers/LaporanController.php(12): view('laporan/simpanan_pokok', [...])
 6 SYSTEMPATH/CodeIgniter.php(934): App\Controllers\LaporanController->simpanan_pokok()
 7 SYSTEMPATH/CodeIgniter.php(499): CodeIgniter\CodeIgniter->runController(Object(App\Controllers\LaporanController))
 8 SYSTEMPATH/CodeIgniter.php(368): CodeIgniter\CodeIgniter->handleRequest(null, Object(Config\Cache), false)
 9 FCPATH/index.php(67): CodeIgniter\CodeIgniter->run()
10 SYSTEMPATH/Commands/Server/rewrite.php(47): require_once('FCPATH/index.php')
INFO - 2023-01-25 14:01:10 --> Session: Class initialized using 'CodeIgniter\Session\Handlers\FileHandler' driver.
CRITICAL - 2023-01-25 14:01:10 --> Call to a member function query() on null
in APPPATH/Controllers/LaporanController.php on line 13.
 1 SYSTEMPATH/CodeIgniter.php(934): App\Controllers\LaporanController->simpanan_pokok()
 2 SYSTEMPATH/CodeIgniter.php(499): CodeIgniter\CodeIgniter->runController(Object(App\Controllers\LaporanController))
 3 SYSTEMPATH/CodeIgniter.php(368): CodeIgniter\CodeIgniter->handleRequest(null, Object(Config\Cache), false)
 4 FCPATH/index.php(67): CodeIgniter\CodeIgniter->run()
 5 SYSTEMPATH/Commands/Server/rewrite.php(47): require_once('FCPATH/index.php')
INFO - 2023-01-25 14:02:24 --> Session: Class initialized using 'CodeIgniter\Session\Handlers\FileHandler' driver.
CRITICAL - 2023-01-25 14:02:24 --> Call to a member function query() on null
in APPPATH/Controllers/LaporanController.php on line 13.
 1 SYSTEMPATH/CodeIgniter.php(934): App\Controllers\LaporanController->simpanan_pokok()
 2 SYSTEMPATH/CodeIgniter.php(499): CodeIgniter\CodeIgniter->runController(Object(App\Controllers\LaporanController))
 3 SYSTEMPATH/CodeIgniter.php(368): CodeIgniter\CodeIgniter->handleRequest(null, Object(Config\Cache), false)
 4 FCPATH/index.php(67): CodeIgniter\CodeIgniter->run()
 5 SYSTEMPATH/Commands/Server/rewrite.php(47): require_once('FCPATH/index.php')
INFO - 2023-01-25 14:02:52 --> Session: Class initialized using 'CodeIgniter\Session\Handlers\FileHandler' driver.
CRITICAL - 2023-01-25 14:02:52 --> Call to a member function query() on null
in APPPATH/Controllers/LaporanController.php on line 12.
 1 SYSTEMPATH/CodeIgniter.php(934): App\Controllers\LaporanController->simpanan_pokok()
 2 SYSTEMPATH/CodeIgniter.php(499): CodeIgniter\CodeIgniter->runController(Object(App\Controllers\LaporanController))
 3 SYSTEMPATH/CodeIgniter.php(368): CodeIgniter\CodeIgniter->handleRequest(null, Object(Config\Cache), false)
 4 FCPATH/index.php(67): CodeIgniter\CodeIgniter->run()
 5 SYSTEMPATH/Commands/Server/rewrite.php(47): require_once('FCPATH/index.php')
INFO - 2023-01-25 14:02:53 --> Session: Class initialized using 'CodeIgniter\Session\Handlers\FileHandler' driver.
CRITICAL - 2023-01-25 14:02:53 --> Call to a member function query() on null
in APPPATH/Controllers/LaporanController.php on line 12.
 1 SYSTEMPATH/CodeIgniter.php(934): App\Controllers\LaporanController->simpanan_pokok()
 2 SYSTEMPATH/CodeIgniter.php(499): CodeIgniter\CodeIgniter->runController(Object(App\Controllers\LaporanController))
 3 SYSTEMPATH/CodeIgniter.php(368): CodeIgniter\CodeIgniter->handleRequest(null, Object(Config\Cache), false)
 4 FCPATH/index.php(67): CodeIgniter\CodeIgniter->run()
 5 SYSTEMPATH/Commands/Server/rewrite.php(47): require_once('FCPATH/index.php')
INFO - 2023-01-25 14:02:53 --> Session: Class initialized using 'CodeIgniter\Session\Handlers\FileHandler' driver.
CRITICAL - 2023-01-25 14:02:53 --> Call to a member function query() on null
in APPPATH/Controllers/LaporanController.php on line 12.
 1 SYSTEMPATH/CodeIgniter.php(934): App\Controllers\LaporanController->simpanan_pokok()
 2 SYSTEMPATH/CodeIgniter.php(499): CodeIgniter\CodeIgniter->runController(Object(App\Controllers\LaporanController))
 3 SYSTEMPATH/CodeIgniter.php(368): CodeIgniter\CodeIgniter->handleRequest(null, Object(Config\Cache), false)
 4 FCPATH/index.php(67): CodeIgniter\CodeIgniter->run()
 5 SYSTEMPATH/Commands/Server/rewrite.php(47): require_once('FCPATH/index.php')
INFO - 2023-01-25 14:02:53 --> Session: Class initialized using 'CodeIgniter\Session\Handlers\FileHandler' driver.
CRITICAL - 2023-01-25 14:02:53 --> Call to a member function query() on null
in APPPATH/Controllers/LaporanController.php on line 12.
 1 SYSTEMPATH/CodeIgniter.php(934): App\Controllers\LaporanController->simpanan_pokok()
 2 SYSTEMPATH/CodeIgniter.php(499): CodeIgniter\CodeIgniter->runController(Object(App\Controllers\LaporanController))
 3 SYSTEMPATH/CodeIgniter.php(368): CodeIgniter\CodeIgniter->handleRequest(null, Object(Config\Cache), false)
 4 FCPATH/index.php(67): CodeIgniter\CodeIgniter->run()
 5 SYSTEMPATH/Commands/Server/rewrite.php(47): require_once('FCPATH/index.php')
INFO - 2023-01-25 14:02:53 --> Session: Class initialized using 'CodeIgniter\Session\Handlers\FileHandler' driver.
CRITICAL - 2023-01-25 14:02:53 --> Call to a member function query() on null
in APPPATH/Controllers/LaporanController.php on line 12.
 1 SYSTEMPATH/CodeIgniter.php(934): App\Controllers\LaporanController->simpanan_pokok()
 2 SYSTEMPATH/CodeIgniter.php(499): CodeIgniter\CodeIgniter->runController(Object(App\Controllers\LaporanController))
 3 SYSTEMPATH/CodeIgniter.php(368): CodeIgniter\CodeIgniter->handleRequest(null, Object(Config\Cache), false)
 4 FCPATH/index.php(67): CodeIgniter\CodeIgniter->run()
 5 SYSTEMPATH/Commands/Server/rewrite.php(47): require_once('FCPATH/index.php')
INFO - 2023-01-25 14:06:06 --> Session: Class initialized using 'CodeIgniter\Session\Handlers\FileHandler' driver.
WARNING - 2023-01-25 14:06:06 --> Session: Sessions is enabled, and one exists.Please don't $session->start();
WARNING - 2023-01-25 21:06:06 --> Session: Sessions is enabled, and one exists.Please don't $session->start();
INFO - 2023-01-25 14:06:16 --> Session: Class initialized using 'CodeIgniter\Session\Handlers\FileHandler' driver.
WARNING - 2023-01-25 14:06:16 --> Session: Sessions is enabled, and one exists.Please don't $session->start();
WARNING - 2023-01-25 21:06:16 --> Session: Sessions is enabled, and one exists.Please don't $session->start();
CRITICAL - 2023-01-25 21:06:16 --> Undefined property: stdClass::$full_name
in APPPATH/Views/laporan/simpanan_pokok.php on line 40.
 1 APPPATH/Views/laporan/simpanan_pokok.php(40): CodeIgniter\Debug\Exceptions->errorHandler(2, 'Undefined property: stdClass::$full_name', 'APPPATH/Views/laporan/simpanan_pokok.php', 40)
 2 SYSTEMPATH/View/View.php(213): include('APPPATH/Views/laporan/simpanan_pokok.php')
 3 SYSTEMPATH/View/View.php(216): CodeIgniter\View\View->CodeIgniter\View\{closure}()
 4 SYSTEMPATH/Common.php(1177): CodeIgniter\View\View->render('laporan/simpanan_pokok', [], true)
 5 APPPATH/Controllers/LaporanController.php(30): view('laporan/simpanan_pokok', [...])
 6 SYSTEMPATH/CodeIgniter.php(934): App\Controllers\LaporanController->simpanan_pokok()
 7 SYSTEMPATH/CodeIgniter.php(499): CodeIgniter\CodeIgniter->runController(Object(App\Controllers\LaporanController))
 8 SYSTEMPATH/CodeIgniter.php(368): CodeIgniter\CodeIgniter->handleRequest(null, Object(Config\Cache), false)
 9 FCPATH/index.php(67): CodeIgniter\CodeIgniter->run()
10 SYSTEMPATH/Commands/Server/rewrite.php(47): require_once('FCPATH/index.php')
INFO - 2023-01-25 14:06:17 --> Session: Class initialized using 'CodeIgniter\Session\Handlers\FileHandler' driver.
WARNING - 2023-01-25 14:06:17 --> Session: Sessions is enabled, and one exists.Please don't $session->start();
WARNING - 2023-01-25 21:06:17 --> Session: Sessions is enabled, and one exists.Please don't $session->start();
CRITICAL - 2023-01-25 21:06:17 --> Undefined property: stdClass::$full_name
in APPPATH/Views/laporan/simpanan_pokok.php on line 40.
 1 APPPATH/Views/laporan/simpanan_pokok.php(40): CodeIgniter\Debug\Exceptions->errorHandler(2, 'Undefined property: stdClass::$full_name', 'APPPATH/Views/laporan/simpanan_pokok.php', 40)
 2 SYSTEMPATH/View/View.php(213): include('APPPATH/Views/laporan/simpanan_pokok.php')
 3 SYSTEMPATH/View/View.php(216): CodeIgniter\View\View->CodeIgniter\View\{closure}()
 4 SYSTEMPATH/Common.php(1177): CodeIgniter\View\View->render('laporan/simpanan_pokok', [], true)
 5 APPPATH/Controllers/LaporanController.php(30): view('laporan/simpanan_pokok', [...])
 6 SYSTEMPATH/CodeIgniter.php(934): App\Controllers\LaporanController->simpanan_pokok()
 7 SYSTEMPATH/CodeIgniter.php(499): CodeIgniter\CodeIgniter->runController(Object(App\Controllers\LaporanController))
 8 SYSTEMPATH/CodeIgniter.php(368): CodeIgniter\CodeIgniter->handleRequest(null, Object(Config\Cache), false)
 9 FCPATH/index.php(67): CodeIgniter\CodeIgniter->run()
10 SYSTEMPATH/Commands/Server/rewrite.php(47): require_once('FCPATH/index.php')
INFO - 2023-01-25 14:07:23 --> Session: Class initialized using 'CodeIgniter\Session\Handlers\FileHandler' driver.
WARNING - 2023-01-25 14:07:23 --> Session: Sessions is enabled, and one exists.Please don't $session->start();
WARNING - 2023-01-25 21:07:23 --> Session: Sessions is enabled, and one exists.Please don't $session->start();
INFO - 2023-01-25 14:08:18 --> Session: Class initialized using 'CodeIgniter\Session\Handlers\FileHandler' driver.
WARNING - 2023-01-25 14:08:18 --> Session: Sessions is enabled, and one exists.Please don't $session->start();
WARNING - 2023-01-25 21:08:18 --> Session: Sessions is enabled, and one exists.Please don't $session->start();
INFO - 2023-01-25 14:08:20 --> Session: Class initialized using 'CodeIgniter\Session\Handlers\FileHandler' driver.
WARNING - 2023-01-25 14:08:20 --> Session: Sessions is enabled, and one exists.Please don't $session->start();
WARNING - 2023-01-25 21:08:20 --> Session: Sessions is enabled, and one exists.Please don't $session->start();
INFO - 2023-01-25 14:23:12 --> Session: Class initialized using 'CodeIgniter\Session\Handlers\FileHandler' driver.
WARNING - 2023-01-25 14:23:12 --> Session: Sessions is enabled, and one exists.Please don't $session->start();
WARNING - 2023-01-25 21:23:12 --> Session: Sessions is enabled, and one exists.Please don't $session->start();
INFO - 2023-01-25 14:25:30 --> Session: Class initialized using 'CodeIgniter\Session\Handlers\FileHandler' driver.
WARNING - 2023-01-25 14:25:30 --> Session: Sessions is enabled, and one exists.Please don't $session->start();
WARNING - 2023-01-25 21:25:30 --> Session: Sessions is enabled, and one exists.Please don't $session->start();
INFO - 2023-01-25 14:29:35 --> Session: Class initialized using 'CodeIgniter\Session\Handlers\FileHandler' driver.
WARNING - 2023-01-25 14:29:35 --> Session: Sessions is enabled, and one exists.Please don't $session->start();
WARNING - 2023-01-25 21:29:35 --> Session: Sessions is enabled, and one exists.Please don't $session->start();
INFO - 2023-01-25 14:30:09 --> Session: Class initialized using 'CodeIgniter\Session\Handlers\FileHandler' driver.
WARNING - 2023-01-25 14:30:09 --> Session: Sessions is enabled, and one exists.Please don't $session->start();
WARNING - 2023-01-25 21:30:09 --> Session: Sessions is enabled, and one exists.Please don't $session->start();
INFO - 2023-01-25 14:46:53 --> Session: Class initialized using 'CodeIgniter\Session\Handlers\FileHandler' driver.
WARNING - 2023-01-25 14:46:53 --> Session: Sessions is enabled, and one exists.Please don't $session->start();
WARNING - 2023-01-25 21:46:53 --> Session: Sessions is enabled, and one exists.Please don't $session->start();
INFO - 2023-01-25 14:48:43 --> Session: Class initialized using 'CodeIgniter\Session\Handlers\FileHandler' driver.
WARNING - 2023-01-25 14:48:43 --> Session: Sessions is enabled, and one exists.Please don't $session->start();
WARNING - 2023-01-25 21:48:43 --> Session: Sessions is enabled, and one exists.Please don't $session->start();
INFO - 2023-01-25 14:49:04 --> Session: Class initialized using 'CodeIgniter\Session\Handlers\FileHandler' driver.
WARNING - 2023-01-25 14:49:04 --> Session: Sessions is enabled, and one exists.Please don't $session->start();
WARNING - 2023-01-25 21:49:04 --> Session: Sessions is enabled, and one exists.Please don't $session->start();
INFO - 2023-01-25 14:50:36 --> Session: Class initialized using 'CodeIgniter\Session\Handlers\FileHandler' driver.
WARNING - 2023-01-25 14:50:36 --> Session: Sessions is enabled, and one exists.Please don't $session->start();
WARNING - 2023-01-25 21:50:36 --> Session: Sessions is enabled, and one exists.Please don't $session->start();
INFO - 2023-01-25 14:51:35 --> Session: Class initialized using 'CodeIgniter\Session\Handlers\FileHandler' driver.
WARNING - 2023-01-25 14:51:35 --> Session: Sessions is enabled, and one exists.Please don't $session->start();
WARNING - 2023-01-25 21:51:35 --> Session: Sessions is enabled, and one exists.Please don't $session->start();
INFO - 2023-01-25 14:53:39 --> Session: Class initialized using 'CodeIgniter\Session\Handlers\FileHandler' driver.
WARNING - 2023-01-25 14:53:39 --> Session: Sessions is enabled, and one exists.Please don't $session->start();
WARNING - 2023-01-25 21:53:39 --> Session: Sessions is enabled, and one exists.Please don't $session->start();
INFO - 2023-01-25 14:54:02 --> Session: Class initialized using 'CodeIgniter\Session\Handlers\FileHandler' driver.
WARNING - 2023-01-25 14:54:02 --> Session: Sessions is enabled, and one exists.Please don't $session->start();
WARNING - 2023-01-25 21:54:02 --> Session: Sessions is enabled, and one exists.Please don't $session->start();
INFO - 2023-01-25 14:54:55 --> Session: Class initialized using 'CodeIgniter\Session\Handlers\FileHandler' driver.
WARNING - 2023-01-25 14:54:55 --> Session: Sessions is enabled, and one exists.Please don't $session->start();
WARNING - 2023-01-25 21:54:55 --> Session: Sessions is enabled, and one exists.Please don't $session->start();
INFO - 2023-01-25 14:55:06 --> Session: Class initialized using 'CodeIgniter\Session\Handlers\FileHandler' driver.
WARNING - 2023-01-25 14:55:06 --> Session: Sessions is enabled, and one exists.Please don't $session->start();
WARNING - 2023-01-25 21:55:06 --> Session: Sessions is enabled, and one exists.Please don't $session->start();
INFO - 2023-01-25 14:56:39 --> Session: Class initialized using 'CodeIgniter\Session\Handlers\FileHandler' driver.
WARNING - 2023-01-25 14:56:39 --> Session: Sessions is enabled, and one exists.Please don't $session->start();
WARNING - 2023-01-25 21:56:39 --> Session: Sessions is enabled, and one exists.Please don't $session->start();
INFO - 2023-01-25 14:56:54 --> Session: Class initialized using 'CodeIgniter\Session\Handlers\FileHandler' driver.
WARNING - 2023-01-25 14:56:54 --> Session: Sessions is enabled, and one exists.Please don't $session->start();
WARNING - 2023-01-25 21:56:54 --> Session: Sessions is enabled, and one exists.Please don't $session->start();
INFO - 2023-01-25 14:57:08 --> Session: Class initialized using 'CodeIgniter\Session\Handlers\FileHandler' driver.
WARNING - 2023-01-25 14:57:08 --> Session: Sessions is enabled, and one exists.Please don't $session->start();
WARNING - 2023-01-25 21:57:08 --> Session: Sessions is enabled, and one exists.Please don't $session->start();
INFO - 2023-01-25 14:57:46 --> Session: Class initialized using 'CodeIgniter\Session\Handlers\FileHandler' driver.
WARNING - 2023-01-25 14:57:46 --> Session: Sessions is enabled, and one exists.Please don't $session->start();
WARNING - 2023-01-25 21:57:46 --> Session: Sessions is enabled, and one exists.Please don't $session->start();
INFO - 2023-01-25 14:57:58 --> Session: Class initialized using 'CodeIgniter\Session\Handlers\FileHandler' driver.
WARNING - 2023-01-25 14:57:58 --> Session: Sessions is enabled, and one exists.Please don't $session->start();
WARNING - 2023-01-25 21:57:58 --> Session: Sessions is enabled, and one exists.Please don't $session->start();
INFO - 2023-01-25 14:58:16 --> Session: Class initialized using 'CodeIgniter\Session\Handlers\FileHandler' driver.
WARNING - 2023-01-25 14:58:16 --> Session: Sessions is enabled, and one exists.Please don't $session->start();
WARNING - 2023-01-25 21:58:16 --> Session: Sessions is enabled, and one exists.Please don't $session->start();
INFO - 2023-01-25 14:58:25 --> Session: Class initialized using 'CodeIgniter\Session\Handlers\FileHandler' driver.
WARNING - 2023-01-25 14:58:25 --> Session: Sessions is enabled, and one exists.Please don't $session->start();
WARNING - 2023-01-25 21:58:25 --> Session: Sessions is enabled, and one exists.Please don't $session->start();
INFO - 2023-01-25 15:14:42 --> Session: Class initialized using 'CodeIgniter\Session\Handlers\FileHandler' driver.
WARNING - 2023-01-25 15:14:42 --> Session: Sessions is enabled, and one exists.Please don't $session->start();
WARNING - 2023-01-25 22:14:42 --> Session: Sessions is enabled, and one exists.Please don't $session->start();
INFO - 2023-01-25 15:19:12 --> Session: Class initialized using 'CodeIgniter\Session\Handlers\FileHandler' driver.
WARNING - 2023-01-25 15:19:12 --> Session: Sessions is enabled, and one exists.Please don't $session->start();
WARNING - 2023-01-25 22:19:12 --> Session: Sessions is enabled, and one exists.Please don't $session->start();
INFO - 2023-01-25 15:19:31 --> Session: Class initialized using 'CodeIgniter\Session\Handlers\FileHandler' driver.
WARNING - 2023-01-25 15:19:31 --> Session: Sessions is enabled, and one exists.Please don't $session->start();
WARNING - 2023-01-25 22:19:31 --> Session: Sessions is enabled, and one exists.Please don't $session->start();
ERROR - 2023-01-25 22:19:31 --> mysqli_sql_exception: Unknown column 'wp.id_user' in 'on clause' in /Users/macbookpro/Documents/data/ci4/simpanan/vendor/codeigniter4/framework/system/Database/MySQLi/Connection.php:295
Stack trace:
#0 /Users/macbookpro/Documents/data/ci4/simpanan/vendor/codeigniter4/framework/system/Database/MySQLi/Connection.php(295): mysqli->query('SELECT sw.*, u....', 0)
#1 /Users/macbookpro/Documents/data/ci4/simpanan/vendor/codeigniter4/framework/system/Database/BaseConnection.php(691): CodeIgniter\Database\MySQLi\Connection->execute('SELECT sw.*, u....')
#2 /Users/macbookpro/Documents/data/ci4/simpanan/vendor/codeigniter4/framework/system/Database/BaseConnection.php(605): CodeIgniter\Database\BaseConnection->simpleQuery('SELECT sw.*, u....')
#3 /Users/macbookpro/Documents/data/ci4/simpanan/app/Controllers/LaporanController.php(35): CodeIgniter\Database\BaseConnection->query('SELECT sw.*, u....')
#4 /Users/macbookpro/Documents/data/ci4/simpanan/vendor/codeigniter4/framework/system/CodeIgniter.php(934): App\Controllers\LaporanController->simpanan_wajib()
#5 /Users/macbookpro/Documents/data/ci4/simpanan/vendor/codeigniter4/framework/system/CodeIgniter.php(499): CodeIgniter\CodeIgniter->runController(Object(App\Controllers\LaporanController))
#6 /Users/macbookpro/Documents/data/ci4/simpanan/vendor/codeigniter4/framework/system/CodeIgniter.php(368): CodeIgniter\CodeIgniter->handleRequest(NULL, Object(Config\Cache), false)
#7 /Users/macbookpro/Documents/data/ci4/simpanan/public/index.php(67): CodeIgniter\CodeIgniter->run()
#8 /Users/macbookpro/Documents/data/ci4/simpanan/vendor/codeigniter4/framework/system/Commands/Server/rewrite.php(47): require_once('/Users/macbookp...')
#9 {main}
CRITICAL - 2023-01-25 22:19:31 --> Unknown column 'wp.id_user' in 'on clause'
in SYSTEMPATH/Database/BaseConnection.php on line 645.
 1 APPPATH/Controllers/LaporanController.php(35): CodeIgniter\Database\BaseConnection->query('SELECT sw.*, u.full_name FROM simpanan_wajib sw left join users u on u.id_user=wp.id_user where u.role = 2')
 2 SYSTEMPATH/CodeIgniter.php(934): App\Controllers\LaporanController->simpanan_wajib()
 3 SYSTEMPATH/CodeIgniter.php(499): CodeIgniter\CodeIgniter->runController(Object(App\Controllers\LaporanController))
 4 SYSTEMPATH/CodeIgniter.php(368): CodeIgniter\CodeIgniter->handleRequest(null, Object(Config\Cache), false)
 5 FCPATH/index.php(67): CodeIgniter\CodeIgniter->run()
 6 SYSTEMPATH/Commands/Server/rewrite.php(47): require_once('FCPATH/index.php')
INFO - 2023-01-25 15:20:01 --> Session: Class initialized using 'CodeIgniter\Session\Handlers\FileHandler' driver.
WARNING - 2023-01-25 15:20:01 --> Session: Sessions is enabled, and one exists.Please don't $session->start();
WARNING - 2023-01-25 22:20:01 --> Session: Sessions is enabled, and one exists.Please don't $session->start();
CRITICAL - 2023-01-25 22:20:01 --> Undefined property: stdClass::$nominal
in APPPATH/Views/laporan/simpanan_wajib.php on line 75.
 1 APPPATH/Views/laporan/simpanan_wajib.php(75): CodeIgniter\Debug\Exceptions->errorHandler(2, 'Undefined property: stdClass::$nominal', 'APPPATH/Views/laporan/simpanan_wajib.php', 75)
 2 SYSTEMPATH/View/View.php(213): include('APPPATH/Views/laporan/simpanan_wajib.php')
 3 SYSTEMPATH/View/View.php(216): CodeIgniter\View\View->CodeIgniter\View\{closure}()
 4 SYSTEMPATH/Common.php(1177): CodeIgniter\View\View->render('laporan/simpanan_wajib', [], true)
 5 APPPATH/Controllers/LaporanController.php(40): view('laporan/simpanan_wajib', [...])
 6 SYSTEMPATH/CodeIgniter.php(934): App\Controllers\LaporanController->simpanan_wajib()
 7 SYSTEMPATH/CodeIgniter.php(499): CodeIgniter\CodeIgniter->runController(Object(App\Controllers\LaporanController))
 8 SYSTEMPATH/CodeIgniter.php(368): CodeIgniter\CodeIgniter->handleRequest(null, Object(Config\Cache), false)
 9 FCPATH/index.php(67): CodeIgniter\CodeIgniter->run()
10 SYSTEMPATH/Commands/Server/rewrite.php(47): require_once('FCPATH/index.php')
INFO - 2023-01-25 15:47:50 --> Session: Class initialized using 'CodeIgniter\Session\Handlers\FileHandler' driver.
WARNING - 2023-01-25 15:47:50 --> Session: Sessions is enabled, and one exists.Please don't $session->start();
WARNING - 2023-01-25 22:47:50 --> Session: Sessions is enabled, and one exists.Please don't $session->start();
INFO - 2023-01-25 15:52:32 --> Session: Class initialized using 'CodeIgniter\Session\Handlers\FileHandler' driver.
WARNING - 2023-01-25 15:52:32 --> Session: Sessions is enabled, and one exists.Please don't $session->start();
WARNING - 2023-01-25 22:52:32 --> Session: Sessions is enabled, and one exists.Please don't $session->start();
INFO - 2023-01-25 15:53:24 --> Session: Class initialized using 'CodeIgniter\Session\Handlers\FileHandler' driver.
WARNING - 2023-01-25 15:53:24 --> Session: Sessions is enabled, and one exists.Please don't $session->start();
WARNING - 2023-01-25 22:53:24 --> Session: Sessions is enabled, and one exists.Please don't $session->start();
INFO - 2023-01-25 15:53:26 --> Session: Class initialized using 'CodeIgniter\Session\Handlers\FileHandler' driver.
WARNING - 2023-01-25 15:53:26 --> Session: Sessions is enabled, and one exists.Please don't $session->start();
WARNING - 2023-01-25 22:53:26 --> Session: Sessions is enabled, and one exists.Please don't $session->start();
INFO - 2023-01-25 15:53:39 --> Session: Class initialized using 'CodeIgniter\Session\Handlers\FileHandler' driver.
WARNING - 2023-01-25 15:53:39 --> Session: Sessions is enabled, and one exists.Please don't $session->start();
WARNING - 2023-01-25 22:53:39 --> Session: Sessions is enabled, and one exists.Please don't $session->start();
INFO - 2023-01-25 15:53:43 --> Session: Class initialized using 'CodeIgniter\Session\Handlers\FileHandler' driver.
WARNING - 2023-01-25 15:53:43 --> Session: Sessions is enabled, and one exists.Please don't $session->start();
WARNING - 2023-01-25 22:53:43 --> Session: Sessions is enabled, and one exists.Please don't $session->start();
INFO - 2023-01-25 15:53:55 --> Session: Class initialized using 'CodeIgniter\Session\Handlers\FileHandler' driver.
WARNING - 2023-01-25 15:53:55 --> Session: Sessions is enabled, and one exists.Please don't $session->start();
WARNING - 2023-01-25 22:53:55 --> Session: Sessions is enabled, and one exists.Please don't $session->start();
