CRITICAL - 2023-05-20 05:33:45 --> Class "Locale" not found
in SYSTEMPATH\CodeIgniter.php on line 194.
 1 ROOTPATH\spark(83): CodeIgniter\CodeIgniter->initialize()
INFO - 2023-05-20 03:34:32 --> Session: Class initialized using 'CodeIgniter\Session\Handlers\FileHandler' driver.
WARNING - 2023-05-20 03:34:32 --> Session: Sessions is enabled, and one exists.Please don't $session->start();
INFO - 2023-05-20 03:35:42 --> Session: Class initialized using 'CodeIgniter\Session\Handlers\FileHandler' driver.
WARNING - 2023-05-20 03:35:42 --> Session: Sessions is enabled, and one exists.Please don't $session->start();
INFO - 2023-05-20 03:35:42 --> Session: Class initialized using 'CodeIgniter\Session\Handlers\FileHandler' driver.
WARNING - 2023-05-20 03:35:42 --> Session: Sessions is enabled, and one exists.Please don't $session->start();
INFO - 2023-05-20 03:35:45 --> Session: Class initialized using 'CodeIgniter\Session\Handlers\FileHandler' driver.
WARNING - 2023-05-20 03:35:45 --> Session: Sessions is enabled, and one exists.Please don't $session->start();
INFO - 2023-05-20 03:35:45 --> Session: Class initialized using 'CodeIgniter\Session\Handlers\FileHandler' driver.
WARNING - 2023-05-20 03:35:45 --> Session: Sessions is enabled, and one exists.Please don't $session->start();
INFO - 2023-05-20 03:35:54 --> Session: Class initialized using 'CodeIgniter\Session\Handlers\FileHandler' driver.
WARNING - 2023-05-20 03:35:54 --> Session: Sessions is enabled, and one exists.Please don't $session->start();
INFO - 2023-05-20 03:35:55 --> Session: Class initialized using 'CodeIgniter\Session\Handlers\FileHandler' driver.
WARNING - 2023-05-20 03:35:55 --> Session: Sessions is enabled, and one exists.Please don't $session->start();
WARNING - 2023-05-20 10:35:55 --> Session: Sessions is enabled, and one exists.Please don't $session->start();
INFO - 2023-05-20 03:35:57 --> Session: Class initialized using 'CodeIgniter\Session\Handlers\FileHandler' driver.
WARNING - 2023-05-20 10:35:57 --> Session: Sessions is enabled, and one exists.Please don't $session->start();
INFO - 2023-05-20 10:36:00 --> Session: Class initialized using 'CodeIgniter\Session\Handlers\FileHandler' driver.
WARNING - 2023-05-20 10:36:00 --> Session: Sessions is enabled, and one exists.Please don't $session->start();
INFO - 2023-05-20 10:36:29 --> Session: Class initialized using 'CodeIgniter\Session\Handlers\FileHandler' driver.
WARNING - 2023-05-20 10:36:29 --> Session: Sessions is enabled, and one exists.Please don't $session->start();
INFO - 2023-05-20 10:36:29 --> Session: Class initialized using 'CodeIgniter\Session\Handlers\FileHandler' driver.
WARNING - 2023-05-20 10:36:29 --> Session: Sessions is enabled, and one exists.Please don't $session->start();
INFO - 2023-05-20 03:42:01 --> Session: Class initialized using 'CodeIgniter\Session\Handlers\FileHandler' driver.
WARNING - 2023-05-20 10:42:01 --> Session: Sessions is enabled, and one exists.Please don't $session->start();
INFO - 2023-05-20 03:42:06 --> Session: Class initialized using 'CodeIgniter\Session\Handlers\FileHandler' driver.
WARNING - 2023-05-20 10:42:06 --> Session: Sessions is enabled, and one exists.Please don't $session->start();
INFO - 2023-05-20 03:42:09 --> Session: Class initialized using 'CodeIgniter\Session\Handlers\FileHandler' driver.
WARNING - 2023-05-20 10:42:09 --> Session: Sessions is enabled, and one exists.Please don't $session->start();
INFO - 2023-05-20 03:42:13 --> Session: Class initialized using 'CodeIgniter\Session\Handlers\FileHandler' driver.
WARNING - 2023-05-20 03:42:13 --> Session: Sessions is enabled, and one exists.Please don't $session->start();
INFO - 2023-05-20 03:42:13 --> Session: Class initialized using 'CodeIgniter\Session\Handlers\FileHandler' driver.
WARNING - 2023-05-20 03:42:13 --> Session: Sessions is enabled, and one exists.Please don't $session->start();
INFO - 2023-05-20 03:42:18 --> Session: Class initialized using 'CodeIgniter\Session\Handlers\FileHandler' driver.
WARNING - 2023-05-20 03:42:18 --> Session: Sessions is enabled, and one exists.Please don't $session->start();
INFO - 2023-05-20 03:42:18 --> Session: Class initialized using 'CodeIgniter\Session\Handlers\FileHandler' driver.
WARNING - 2023-05-20 03:42:18 --> Session: Sessions is enabled, and one exists.Please don't $session->start();
WARNING - 2023-05-20 10:42:18 --> Session: Sessions is enabled, and one exists.Please don't $session->start();
INFO - 2023-05-20 03:42:20 --> Session: Class initialized using 'CodeIgniter\Session\Handlers\FileHandler' driver.
WARNING - 2023-05-20 03:42:20 --> Session: Sessions is enabled, and one exists.Please don't $session->start();
INFO - 2023-05-20 03:42:27 --> Session: Class initialized using 'CodeIgniter\Session\Handlers\FileHandler' driver.
WARNING - 2023-05-20 03:42:27 --> Session: Sessions is enabled, and one exists.Please don't $session->start();
WARNING - 2023-05-20 10:42:27 --> Session: Sessions is enabled, and one exists.Please don't $session->start();
INFO - 2023-05-20 03:42:27 --> Session: Class initialized using 'CodeIgniter\Session\Handlers\FileHandler' driver.
WARNING - 2023-05-20 03:42:27 --> Session: Sessions is enabled, and one exists.Please don't $session->start();
WARNING - 2023-05-20 10:42:27 --> Session: Sessions is enabled, and one exists.Please don't $session->start();
INFO - 2023-05-20 03:42:28 --> Session: Class initialized using 'CodeIgniter\Session\Handlers\FileHandler' driver.
WARNING - 2023-05-20 03:42:28 --> Session: Sessions is enabled, and one exists.Please don't $session->start();
INFO - 2023-05-20 03:42:32 --> Session: Class initialized using 'CodeIgniter\Session\Handlers\FileHandler' driver.
WARNING - 2023-05-20 03:42:32 --> Session: Sessions is enabled, and one exists.Please don't $session->start();
INFO - 2023-05-20 03:42:32 --> Session: Class initialized using 'CodeIgniter\Session\Handlers\FileHandler' driver.
WARNING - 2023-05-20 03:42:32 --> Session: Sessions is enabled, and one exists.Please don't $session->start();
WARNING - 2023-05-20 10:42:32 --> Session: Sessions is enabled, and one exists.Please don't $session->start();
INFO - 2023-05-20 03:42:34 --> Session: Class initialized using 'CodeIgniter\Session\Handlers\FileHandler' driver.
WARNING - 2023-05-20 03:42:34 --> Session: Sessions is enabled, and one exists.Please don't $session->start();
INFO - 2023-05-20 03:42:37 --> Session: Class initialized using 'CodeIgniter\Session\Handlers\FileHandler' driver.
WARNING - 2023-05-20 03:42:37 --> Session: Sessions is enabled, and one exists.Please don't $session->start();
INFO - 2023-05-20 03:42:37 --> Session: Class initialized using 'CodeIgniter\Session\Handlers\FileHandler' driver.
WARNING - 2023-05-20 03:42:37 --> Session: Sessions is enabled, and one exists.Please don't $session->start();
INFO - 2023-05-20 03:43:18 --> Session: Class initialized using 'CodeIgniter\Session\Handlers\FileHandler' driver.
WARNING - 2023-05-20 03:43:18 --> Session: Sessions is enabled, and one exists.Please don't $session->start();
INFO - 2023-05-20 03:43:18 --> Session: Class initialized using 'CodeIgniter\Session\Handlers\FileHandler' driver.
WARNING - 2023-05-20 03:43:18 --> Session: Sessions is enabled, and one exists.Please don't $session->start();
WARNING - 2023-05-20 10:43:18 --> Session: Sessions is enabled, and one exists.Please don't $session->start();
INFO - 2023-05-20 03:43:24 --> Session: Class initialized using 'CodeIgniter\Session\Handlers\FileHandler' driver.
WARNING - 2023-05-20 03:43:24 --> Session: Sessions is enabled, and one exists.Please don't $session->start();
WARNING - 2023-05-20 10:43:24 --> Session: Sessions is enabled, and one exists.Please don't $session->start();
INFO - 2023-05-20 03:43:28 --> Session: Class initialized using 'CodeIgniter\Session\Handlers\FileHandler' driver.
WARNING - 2023-05-20 10:43:28 --> Session: Sessions is enabled, and one exists.Please don't $session->start();
INFO - 2023-05-20 03:43:29 --> Session: Class initialized using 'CodeIgniter\Session\Handlers\FileHandler' driver.
WARNING - 2023-05-20 10:43:29 --> Session: Sessions is enabled, and one exists.Please don't $session->start();
INFO - 2023-05-20 03:43:34 --> Session: Class initialized using 'CodeIgniter\Session\Handlers\FileHandler' driver.
WARNING - 2023-05-20 10:43:34 --> Session: Sessions is enabled, and one exists.Please don't $session->start();
INFO - 2023-05-20 03:43:58 --> Session: Class initialized using 'CodeIgniter\Session\Handlers\FileHandler' driver.
WARNING - 2023-05-20 10:43:58 --> Session: Sessions is enabled, and one exists.Please don't $session->start();
INFO - 2023-05-20 03:44:04 --> Session: Class initialized using 'CodeIgniter\Session\Handlers\FileHandler' driver.
WARNING - 2023-05-20 10:44:04 --> Session: Sessions is enabled, and one exists.Please don't $session->start();
INFO - 2023-05-20 03:44:09 --> Session: Class initialized using 'CodeIgniter\Session\Handlers\FileHandler' driver.
WARNING - 2023-05-20 10:44:09 --> Session: Sessions is enabled, and one exists.Please don't $session->start();
INFO - 2023-05-20 03:44:11 --> Session: Class initialized using 'CodeIgniter\Session\Handlers\FileHandler' driver.
WARNING - 2023-05-20 03:44:11 --> Session: Sessions is enabled, and one exists.Please don't $session->start();
INFO - 2023-05-20 03:44:11 --> Session: Class initialized using 'CodeIgniter\Session\Handlers\FileHandler' driver.
WARNING - 2023-05-20 03:44:11 --> Session: Sessions is enabled, and one exists.Please don't $session->start();
INFO - 2023-05-20 03:44:16 --> Session: Class initialized using 'CodeIgniter\Session\Handlers\FileHandler' driver.
WARNING - 2023-05-20 03:44:16 --> Session: Sessions is enabled, and one exists.Please don't $session->start();
INFO - 2023-05-20 03:44:16 --> Session: Class initialized using 'CodeIgniter\Session\Handlers\FileHandler' driver.
WARNING - 2023-05-20 03:44:16 --> Session: Sessions is enabled, and one exists.Please don't $session->start();
WARNING - 2023-05-20 10:44:16 --> Session: Sessions is enabled, and one exists.Please don't $session->start();
INFO - 2023-05-20 03:44:19 --> Session: Class initialized using 'CodeIgniter\Session\Handlers\FileHandler' driver.
WARNING - 2023-05-20 10:44:19 --> Session: Sessions is enabled, and one exists.Please don't $session->start();
INFO - 2023-05-20 03:46:08 --> Session: Class initialized using 'CodeIgniter\Session\Handlers\FileHandler' driver.
WARNING - 2023-05-20 10:46:08 --> Session: Sessions is enabled, and one exists.Please don't $session->start();
INFO - 2023-05-20 03:46:47 --> Session: Class initialized using 'CodeIgniter\Session\Handlers\FileHandler' driver.
WARNING - 2023-05-20 03:46:47 --> Session: Sessions is enabled, and one exists.Please don't $session->start();
INFO - 2023-05-20 03:46:47 --> Session: Class initialized using 'CodeIgniter\Session\Handlers\FileHandler' driver.
WARNING - 2023-05-20 03:46:47 --> Session: Sessions is enabled, and one exists.Please don't $session->start();
INFO - 2023-05-20 03:46:55 --> Session: Class initialized using 'CodeIgniter\Session\Handlers\FileHandler' driver.
WARNING - 2023-05-20 03:46:55 --> Session: Sessions is enabled, and one exists.Please don't $session->start();
INFO - 2023-05-20 03:46:55 --> Session: Class initialized using 'CodeIgniter\Session\Handlers\FileHandler' driver.
WARNING - 2023-05-20 03:46:55 --> Session: Sessions is enabled, and one exists.Please don't $session->start();
WARNING - 2023-05-20 10:46:55 --> Session: Sessions is enabled, and one exists.Please don't $session->start();
INFO - 2023-05-20 03:47:12 --> Session: Class initialized using 'CodeIgniter\Session\Handlers\FileHandler' driver.
WARNING - 2023-05-20 10:47:12 --> Session: Sessions is enabled, and one exists.Please don't $session->start();
INFO - 2023-05-20 03:47:14 --> Session: Class initialized using 'CodeIgniter\Session\Handlers\FileHandler' driver.
WARNING - 2023-05-20 10:47:14 --> Session: Sessions is enabled, and one exists.Please don't $session->start();
INFO - 2023-05-20 10:47:18 --> Session: Class initialized using 'CodeIgniter\Session\Handlers\FileHandler' driver.
WARNING - 2023-05-20 10:47:18 --> Session: Sessions is enabled, and one exists.Please don't $session->start();
ERROR - 2023-05-20 10:47:18 --> mysqli_sql_exception: Column 'user_id' cannot be null in C:\xampp\htdocs\koperasi\vendor\codeigniter4\framework\system\Database\MySQLi\Connection.php:295
Stack trace:
#0 C:\xampp\htdocs\koperasi\vendor\codeigniter4\framework\system\Database\MySQLi\Connection.php(295): mysqli->query('INSERT INTO `pe...', 0)
#1 C:\xampp\htdocs\koperasi\vendor\codeigniter4\framework\system\Database\BaseConnection.php(691): CodeIgniter\Database\MySQLi\Connection->execute('INSERT INTO `pe...')
#2 C:\xampp\htdocs\koperasi\vendor\codeigniter4\framework\system\Database\BaseConnection.php(605): CodeIgniter\Database\BaseConnection->simpleQuery('INSERT INTO `pe...')
#3 C:\xampp\htdocs\koperasi\vendor\codeigniter4\framework\system\Database\BaseBuilder.php(2294): CodeIgniter\Database\BaseConnection->query('INSERT INTO `pe...', Array, false)
#4 C:\xampp\htdocs\koperasi\app\Models\PembiayaanModel.php(102): CodeIgniter\Database\BaseBuilder->insert(Array)
#5 C:\xampp\htdocs\koperasi\app\Controllers\Pembiayaan.php(63): App\Models\PembiayaanModel->createPembiayaan(Array)
#6 C:\xampp\htdocs\koperasi\vendor\codeigniter4\framework\system\CodeIgniter.php(934): App\Controllers\Pembiayaan->create()
#7 C:\xampp\htdocs\koperasi\vendor\codeigniter4\framework\system\CodeIgniter.php(499): CodeIgniter\CodeIgniter->runController(Object(App\Controllers\Pembiayaan))
#8 C:\xampp\htdocs\koperasi\vendor\codeigniter4\framework\system\CodeIgniter.php(368): CodeIgniter\CodeIgniter->handleRequest(NULL, Object(Config\Cache), false)
#9 C:\xampp\htdocs\koperasi\public\index.php(67): CodeIgniter\CodeIgniter->run()
#10 C:\xampp\htdocs\koperasi\vendor\codeigniter4\framework\system\Commands\Server\rewrite.php(47): require_once('C:\\xampp\\htdocs...')
#11 {main}
CRITICAL - 2023-05-20 10:47:18 --> Column 'user_id' cannot be null
in SYSTEMPATH\Database\BaseConnection.php on line 645.
 1 SYSTEMPATH\Database\BaseBuilder.php(2294): CodeIgniter\Database\BaseConnection->query('INSERT INTO `pembiayaan` (`kode_pembiayaan`, `user_id`, `tgl_pembiayaan`, `jenis_pembiayaan`, `jumlah_pembiayaan`, `angsuran`, `margin`, `biaya_administrasi`, `total_angsuran`, `total_pembiayaan`, `status`) VALUES (:kode_pembiayaan:, :user_id:, :tgl_pembiayaan:, :jenis_pembiayaan:, :jumlah_pembiayaan:, :angsuran:, :margin:, :biaya_administrasi:, :total_angsuran:, :total_pembiayaan:, :status:)', [...], false)
 2 APPPATH\Models\PembiayaanModel.php(102): CodeIgniter\Database\BaseBuilder->insert([...])
 3 APPPATH\Controllers\Pembiayaan.php(63): App\Models\PembiayaanModel->createPembiayaan([...])
 4 SYSTEMPATH\CodeIgniter.php(934): App\Controllers\Pembiayaan->create()
 5 SYSTEMPATH\CodeIgniter.php(499): CodeIgniter\CodeIgniter->runController(Object(App\Controllers\Pembiayaan))
 6 SYSTEMPATH\CodeIgniter.php(368): CodeIgniter\CodeIgniter->handleRequest(null, Object(Config\Cache), false)
 7 FCPATH\index.php(67): CodeIgniter\CodeIgniter->run()
 8 SYSTEMPATH\Commands\Server\rewrite.php(47): require_once('FCPATH\\index.php')
INFO - 2023-05-20 03:47:19 --> Session: Class initialized using 'CodeIgniter\Session\Handlers\FileHandler' driver.
WARNING - 2023-05-20 10:47:19 --> Session: Sessions is enabled, and one exists.Please don't $session->start();
INFO - 2023-05-20 03:47:32 --> Session: Class initialized using 'CodeIgniter\Session\Handlers\FileHandler' driver.
WARNING - 2023-05-20 10:47:32 --> Session: Sessions is enabled, and one exists.Please don't $session->start();
INFO - 2023-05-20 10:47:34 --> Session: Class initialized using 'CodeIgniter\Session\Handlers\FileHandler' driver.
WARNING - 2023-05-20 10:47:34 --> Session: Sessions is enabled, and one exists.Please don't $session->start();
ERROR - 2023-05-20 10:47:34 --> mysqli_sql_exception: Column 'user_id' cannot be null in C:\xampp\htdocs\koperasi\vendor\codeigniter4\framework\system\Database\MySQLi\Connection.php:295
Stack trace:
#0 C:\xampp\htdocs\koperasi\vendor\codeigniter4\framework\system\Database\MySQLi\Connection.php(295): mysqli->query('INSERT INTO `pe...', 0)
#1 C:\xampp\htdocs\koperasi\vendor\codeigniter4\framework\system\Database\BaseConnection.php(691): CodeIgniter\Database\MySQLi\Connection->execute('INSERT INTO `pe...')
#2 C:\xampp\htdocs\koperasi\vendor\codeigniter4\framework\system\Database\BaseConnection.php(605): CodeIgniter\Database\BaseConnection->simpleQuery('INSERT INTO `pe...')
#3 C:\xampp\htdocs\koperasi\vendor\codeigniter4\framework\system\Database\BaseBuilder.php(2294): CodeIgniter\Database\BaseConnection->query('INSERT INTO `pe...', Array, false)
#4 C:\xampp\htdocs\koperasi\app\Models\PembiayaanModel.php(102): CodeIgniter\Database\BaseBuilder->insert(Array)
#5 C:\xampp\htdocs\koperasi\app\Controllers\Pembiayaan.php(63): App\Models\PembiayaanModel->createPembiayaan(Array)
#6 C:\xampp\htdocs\koperasi\vendor\codeigniter4\framework\system\CodeIgniter.php(934): App\Controllers\Pembiayaan->create()
#7 C:\xampp\htdocs\koperasi\vendor\codeigniter4\framework\system\CodeIgniter.php(499): CodeIgniter\CodeIgniter->runController(Object(App\Controllers\Pembiayaan))
#8 C:\xampp\htdocs\koperasi\vendor\codeigniter4\framework\system\CodeIgniter.php(368): CodeIgniter\CodeIgniter->handleRequest(NULL, Object(Config\Cache), false)
#9 C:\xampp\htdocs\koperasi\public\index.php(67): CodeIgniter\CodeIgniter->run()
#10 C:\xampp\htdocs\koperasi\vendor\codeigniter4\framework\system\Commands\Server\rewrite.php(47): require_once('C:\\xampp\\htdocs...')
#11 {main}
CRITICAL - 2023-05-20 10:47:34 --> Column 'user_id' cannot be null
in SYSTEMPATH\Database\BaseConnection.php on line 645.
 1 SYSTEMPATH\Database\BaseBuilder.php(2294): CodeIgniter\Database\BaseConnection->query('INSERT INTO `pembiayaan` (`kode_pembiayaan`, `user_id`, `tgl_pembiayaan`, `jenis_pembiayaan`, `jumlah_pembiayaan`, `angsuran`, `margin`, `biaya_administrasi`, `total_angsuran`, `total_pembiayaan`, `status`) VALUES (:kode_pembiayaan:, :user_id:, :tgl_pembiayaan:, :jenis_pembiayaan:, :jumlah_pembiayaan:, :angsuran:, :margin:, :biaya_administrasi:, :total_angsuran:, :total_pembiayaan:, :status:)', [...], false)
 2 APPPATH\Models\PembiayaanModel.php(102): CodeIgniter\Database\BaseBuilder->insert([...])
 3 APPPATH\Controllers\Pembiayaan.php(63): App\Models\PembiayaanModel->createPembiayaan([...])
 4 SYSTEMPATH\CodeIgniter.php(934): App\Controllers\Pembiayaan->create()
 5 SYSTEMPATH\CodeIgniter.php(499): CodeIgniter\CodeIgniter->runController(Object(App\Controllers\Pembiayaan))
 6 SYSTEMPATH\CodeIgniter.php(368): CodeIgniter\CodeIgniter->handleRequest(null, Object(Config\Cache), false)
 7 FCPATH\index.php(67): CodeIgniter\CodeIgniter->run()
 8 SYSTEMPATH\Commands\Server\rewrite.php(47): require_once('FCPATH\\index.php')
INFO - 2023-05-20 03:47:35 --> Session: Class initialized using 'CodeIgniter\Session\Handlers\FileHandler' driver.
WARNING - 2023-05-20 10:47:35 --> Session: Sessions is enabled, and one exists.Please don't $session->start();
INFO - 2023-05-20 03:47:38 --> Session: Class initialized using 'CodeIgniter\Session\Handlers\FileHandler' driver.
WARNING - 2023-05-20 10:47:38 --> Session: Sessions is enabled, and one exists.Please don't $session->start();
INFO - 2023-05-20 03:47:57 --> Session: Class initialized using 'CodeIgniter\Session\Handlers\FileHandler' driver.
WARNING - 2023-05-20 10:47:57 --> Session: Sessions is enabled, and one exists.Please don't $session->start();
INFO - 2023-05-20 03:48:36 --> Session: Class initialized using 'CodeIgniter\Session\Handlers\FileHandler' driver.
WARNING - 2023-05-20 10:48:36 --> Session: Sessions is enabled, and one exists.Please don't $session->start();
INFO - 2023-05-20 10:49:05 --> Session: Class initialized using 'CodeIgniter\Session\Handlers\FileHandler' driver.
WARNING - 2023-05-20 10:49:05 --> Session: Sessions is enabled, and one exists.Please don't $session->start();
INFO - 2023-05-20 03:49:05 --> Session: Class initialized using 'CodeIgniter\Session\Handlers\FileHandler' driver.
WARNING - 2023-05-20 10:49:05 --> Session: Sessions is enabled, and one exists.Please don't $session->start();
INFO - 2023-05-20 03:49:21 --> Session: Class initialized using 'CodeIgniter\Session\Handlers\FileHandler' driver.
WARNING - 2023-05-20 10:49:21 --> Session: Sessions is enabled, and one exists.Please don't $session->start();
CRITICAL - 2023-05-20 10:49:21 --> Undefined array key "bukti"
in APPPATH\Views\pembiayaan\view_data_detail_pembiayaan.php on line 106.
 1 APPPATH\Views\pembiayaan\view_data_detail_pembiayaan.php(106): CodeIgniter\Debug\Exceptions->errorHandler(2, 'Undefined array key "bukti"', 'APPPATH\\Views\\pembiayaan\\view_data_detail_pembiayaan.php', 106)
 2 SYSTEMPATH\View\View.php(213): include('APPPATH\\Views\\pembiayaan\\view_data_detail_pembiayaan.php')
 3 SYSTEMPATH\View\View.php(216): CodeIgniter\View\View->CodeIgniter\View\{closure}()
 4 SYSTEMPATH\Common.php(1177): CodeIgniter\View\View->render('pembiayaan/view_data_detail_pembiayaan', [], true)
 5 APPPATH\Controllers\Pembiayaan.php(124): view('pembiayaan/view_data_detail_pembiayaan', [...])
 6 SYSTEMPATH\CodeIgniter.php(934): App\Controllers\Pembiayaan->detail('3')
 7 SYSTEMPATH\CodeIgniter.php(499): CodeIgniter\CodeIgniter->runController(Object(App\Controllers\Pembiayaan))
 8 SYSTEMPATH\CodeIgniter.php(368): CodeIgniter\CodeIgniter->handleRequest(null, Object(Config\Cache), false)
 9 FCPATH\index.php(67): CodeIgniter\CodeIgniter->run()
10 SYSTEMPATH\Commands\Server\rewrite.php(47): require_once('FCPATH\\index.php')
INFO - 2023-05-20 03:53:01 --> Session: Class initialized using 'CodeIgniter\Session\Handlers\FileHandler' driver.
WARNING - 2023-05-20 10:53:01 --> Session: Sessions is enabled, and one exists.Please don't $session->start();
INFO - 2023-05-20 10:53:01 --> Session: Class initialized using 'CodeIgniter\Session\Handlers\FileHandler' driver.
WARNING - 2023-05-20 10:53:01 --> Session: Sessions is enabled, and one exists.Please don't $session->start();
INFO - 2023-05-20 10:53:29 --> Session: Class initialized using 'CodeIgniter\Session\Handlers\FileHandler' driver.
WARNING - 2023-05-20 10:53:29 --> Session: Sessions is enabled, and one exists.Please don't $session->start();
INFO - 2023-05-20 03:53:30 --> Session: Class initialized using 'CodeIgniter\Session\Handlers\FileHandler' driver.
WARNING - 2023-05-20 10:53:30 --> Session: Sessions is enabled, and one exists.Please don't $session->start();
INFO - 2023-05-20 10:53:30 --> Session: Class initialized using 'CodeIgniter\Session\Handlers\FileHandler' driver.
WARNING - 2023-05-20 10:53:30 --> Session: Sessions is enabled, and one exists.Please don't $session->start();
INFO - 2023-05-20 03:53:46 --> Session: Class initialized using 'CodeIgniter\Session\Handlers\FileHandler' driver.
WARNING - 2023-05-20 10:53:46 --> Session: Sessions is enabled, and one exists.Please don't $session->start();
INFO - 2023-05-20 10:53:46 --> Session: Class initialized using 'CodeIgniter\Session\Handlers\FileHandler' driver.
WARNING - 2023-05-20 10:53:46 --> Session: Sessions is enabled, and one exists.Please don't $session->start();
INFO - 2023-05-20 10:53:49 --> Session: Class initialized using 'CodeIgniter\Session\Handlers\FileHandler' driver.
WARNING - 2023-05-20 10:53:49 --> Session: Sessions is enabled, and one exists.Please don't $session->start();
INFO - 2023-05-20 03:53:49 --> Session: Class initialized using 'CodeIgniter\Session\Handlers\FileHandler' driver.
WARNING - 2023-05-20 10:53:49 --> Session: Sessions is enabled, and one exists.Please don't $session->start();
INFO - 2023-05-20 10:53:49 --> Session: Class initialized using 'CodeIgniter\Session\Handlers\FileHandler' driver.
WARNING - 2023-05-20 10:53:49 --> Session: Sessions is enabled, and one exists.Please don't $session->start();
INFO - 2023-05-20 10:55:26 --> Session: Class initialized using 'CodeIgniter\Session\Handlers\FileHandler' driver.
WARNING - 2023-05-20 10:55:26 --> Session: Sessions is enabled, and one exists.Please don't $session->start();
INFO - 2023-05-20 03:55:26 --> Session: Class initialized using 'CodeIgniter\Session\Handlers\FileHandler' driver.
WARNING - 2023-05-20 10:55:26 --> Session: Sessions is enabled, and one exists.Please don't $session->start();
INFO - 2023-05-20 10:55:27 --> Session: Class initialized using 'CodeIgniter\Session\Handlers\FileHandler' driver.
WARNING - 2023-05-20 10:55:27 --> Session: Sessions is enabled, and one exists.Please don't $session->start();
INFO - 2023-05-20 10:55:30 --> Session: Class initialized using 'CodeIgniter\Session\Handlers\FileHandler' driver.
WARNING - 2023-05-20 10:55:30 --> Session: Sessions is enabled, and one exists.Please don't $session->start();
INFO - 2023-05-20 03:55:30 --> Session: Class initialized using 'CodeIgniter\Session\Handlers\FileHandler' driver.
WARNING - 2023-05-20 10:55:30 --> Session: Sessions is enabled, and one exists.Please don't $session->start();
INFO - 2023-05-20 10:55:31 --> Session: Class initialized using 'CodeIgniter\Session\Handlers\FileHandler' driver.
WARNING - 2023-05-20 10:55:31 --> Session: Sessions is enabled, and one exists.Please don't $session->start();
INFO - 2023-05-20 03:55:36 --> Session: Class initialized using 'CodeIgniter\Session\Handlers\FileHandler' driver.
WARNING - 2023-05-20 03:55:36 --> Session: Sessions is enabled, and one exists.Please don't $session->start();
INFO - 2023-05-20 03:55:36 --> Session: Class initialized using 'CodeIgniter\Session\Handlers\FileHandler' driver.
WARNING - 2023-05-20 03:55:36 --> Session: Sessions is enabled, and one exists.Please don't $session->start();
INFO - 2023-05-20 03:55:41 --> Session: Class initialized using 'CodeIgniter\Session\Handlers\FileHandler' driver.
WARNING - 2023-05-20 03:55:41 --> Session: Sessions is enabled, and one exists.Please don't $session->start();
INFO - 2023-05-20 03:55:41 --> Session: Class initialized using 'CodeIgniter\Session\Handlers\FileHandler' driver.
WARNING - 2023-05-20 03:55:41 --> Session: Sessions is enabled, and one exists.Please don't $session->start();
WARNING - 2023-05-20 10:55:41 --> Session: Sessions is enabled, and one exists.Please don't $session->start();
INFO - 2023-05-20 03:55:45 --> Session: Class initialized using 'CodeIgniter\Session\Handlers\FileHandler' driver.
WARNING - 2023-05-20 10:55:45 --> Session: Sessions is enabled, and one exists.Please don't $session->start();
INFO - 2023-05-20 03:55:47 --> Session: Class initialized using 'CodeIgniter\Session\Handlers\FileHandler' driver.
WARNING - 2023-05-20 10:55:47 --> Session: Sessions is enabled, and one exists.Please don't $session->start();
INFO - 2023-05-20 10:55:47 --> Session: Class initialized using 'CodeIgniter\Session\Handlers\FileHandler' driver.
WARNING - 2023-05-20 10:55:47 --> Session: Sessions is enabled, and one exists.Please don't $session->start();
INFO - 2023-05-20 03:59:28 --> Session: Class initialized using 'CodeIgniter\Session\Handlers\FileHandler' driver.
WARNING - 2023-05-20 10:59:28 --> Session: Sessions is enabled, and one exists.Please don't $session->start();
INFO - 2023-05-20 03:59:31 --> Session: Class initialized using 'CodeIgniter\Session\Handlers\FileHandler' driver.
WARNING - 2023-05-20 03:59:31 --> Session: Sessions is enabled, and one exists.Please don't $session->start();
INFO - 2023-05-20 03:59:31 --> Session: Class initialized using 'CodeIgniter\Session\Handlers\FileHandler' driver.
WARNING - 2023-05-20 03:59:31 --> Session: Sessions is enabled, and one exists.Please don't $session->start();
INFO - 2023-05-20 03:59:38 --> Session: Class initialized using 'CodeIgniter\Session\Handlers\FileHandler' driver.
WARNING - 2023-05-20 03:59:38 --> Session: Sessions is enabled, and one exists.Please don't $session->start();
INFO - 2023-05-20 03:59:38 --> Session: Class initialized using 'CodeIgniter\Session\Handlers\FileHandler' driver.
WARNING - 2023-05-20 03:59:38 --> Session: Sessions is enabled, and one exists.Please don't $session->start();
WARNING - 2023-05-20 10:59:38 --> Session: Sessions is enabled, and one exists.Please don't $session->start();
INFO - 2023-05-20 03:59:41 --> Session: Class initialized using 'CodeIgniter\Session\Handlers\FileHandler' driver.
WARNING - 2023-05-20 10:59:41 --> Session: Sessions is enabled, and one exists.Please don't $session->start();
INFO - 2023-05-20 03:59:43 --> Session: Class initialized using 'CodeIgniter\Session\Handlers\FileHandler' driver.
WARNING - 2023-05-20 10:59:43 --> Session: Sessions is enabled, and one exists.Please don't $session->start();
INFO - 2023-05-20 10:59:43 --> Session: Class initialized using 'CodeIgniter\Session\Handlers\FileHandler' driver.
WARNING - 2023-05-20 10:59:43 --> Session: Sessions is enabled, and one exists.Please don't $session->start();
INFO - 2023-05-20 03:59:46 --> Session: Class initialized using 'CodeIgniter\Session\Handlers\FileHandler' driver.
WARNING - 2023-05-20 10:59:46 --> Session: Sessions is enabled, and one exists.Please don't $session->start();
INFO - 2023-05-20 03:59:48 --> Session: Class initialized using 'CodeIgniter\Session\Handlers\FileHandler' driver.
WARNING - 2023-05-20 10:59:48 --> Session: Sessions is enabled, and one exists.Please don't $session->start();
INFO - 2023-05-20 10:59:48 --> Session: Class initialized using 'CodeIgniter\Session\Handlers\FileHandler' driver.
WARNING - 2023-05-20 10:59:48 --> Session: Sessions is enabled, and one exists.Please don't $session->start();
INFO - 2023-05-20 10:59:50 --> Session: Class initialized using 'CodeIgniter\Session\Handlers\FileHandler' driver.
WARNING - 2023-05-20 10:59:50 --> Session: Sessions is enabled, and one exists.Please don't $session->start();
INFO - 2023-05-20 03:59:50 --> Session: Class initialized using 'CodeIgniter\Session\Handlers\FileHandler' driver.
WARNING - 2023-05-20 10:59:50 --> Session: Sessions is enabled, and one exists.Please don't $session->start();
INFO - 2023-05-20 10:59:51 --> Session: Class initialized using 'CodeIgniter\Session\Handlers\FileHandler' driver.
WARNING - 2023-05-20 10:59:51 --> Session: Sessions is enabled, and one exists.Please don't $session->start();
INFO - 2023-05-20 04:01:03 --> Session: Class initialized using 'CodeIgniter\Session\Handlers\FileHandler' driver.
WARNING - 2023-05-20 11:01:03 --> Session: Sessions is enabled, and one exists.Please don't $session->start();
INFO - 2023-05-20 04:01:09 --> Session: Class initialized using 'CodeIgniter\Session\Handlers\FileHandler' driver.
WARNING - 2023-05-20 11:01:09 --> Session: Sessions is enabled, and one exists.Please don't $session->start();
INFO - 2023-05-20 11:01:09 --> Session: Class initialized using 'CodeIgniter\Session\Handlers\FileHandler' driver.
WARNING - 2023-05-20 11:01:09 --> Session: Sessions is enabled, and one exists.Please don't $session->start();
INFO - 2023-05-20 11:01:12 --> Session: Class initialized using 'CodeIgniter\Session\Handlers\FileHandler' driver.
WARNING - 2023-05-20 11:01:12 --> Session: Sessions is enabled, and one exists.Please don't $session->start();
ERROR - 2023-05-20 11:01:12 --> mysqli_sql_exception: Unknown column 'tgl_pelunasan' in 'field list' in C:\xampp\htdocs\koperasi\vendor\codeigniter4\framework\system\Database\MySQLi\Connection.php:295
Stack trace:
#0 C:\xampp\htdocs\koperasi\vendor\codeigniter4\framework\system\Database\MySQLi\Connection.php(295): mysqli->query('UPDATE `pembiay...', 0)
#1 C:\xampp\htdocs\koperasi\vendor\codeigniter4\framework\system\Database\BaseConnection.php(691): CodeIgniter\Database\MySQLi\Connection->execute('UPDATE `pembiay...')
#2 C:\xampp\htdocs\koperasi\vendor\codeigniter4\framework\system\Database\BaseConnection.php(605): CodeIgniter\Database\BaseConnection->simpleQuery('UPDATE `pembiay...')
#3 C:\xampp\htdocs\koperasi\vendor\codeigniter4\framework\system\Database\BaseBuilder.php(2461): CodeIgniter\Database\BaseConnection->query('UPDATE `pembiay...', Array, false)
#4 C:\xampp\htdocs\koperasi\app\Models\PembiayaanModel.php(114): CodeIgniter\Database\BaseBuilder->update(Array, Array)
#5 C:\xampp\htdocs\koperasi\app\Controllers\Pembiayaan.php(109): App\Models\PembiayaanModel->updatePembiayaan(Array, '3')
#6 C:\xampp\htdocs\koperasi\vendor\codeigniter4\framework\system\CodeIgniter.php(934): App\Controllers\Pembiayaan->update()
#7 C:\xampp\htdocs\koperasi\vendor\codeigniter4\framework\system\CodeIgniter.php(499): CodeIgniter\CodeIgniter->runController(Object(App\Controllers\Pembiayaan))
#8 C:\xampp\htdocs\koperasi\vendor\codeigniter4\framework\system\CodeIgniter.php(368): CodeIgniter\CodeIgniter->handleRequest(NULL, Object(Config\Cache), false)
#9 C:\xampp\htdocs\koperasi\public\index.php(67): CodeIgniter\CodeIgniter->run()
#10 C:\xampp\htdocs\koperasi\vendor\codeigniter4\framework\system\Commands\Server\rewrite.php(47): require_once('C:\\xampp\\htdocs...')
#11 {main}
CRITICAL - 2023-05-20 11:01:12 --> Unknown column 'tgl_pelunasan' in 'field list'
in SYSTEMPATH\Database\BaseConnection.php on line 645.
 1 SYSTEMPATH\Database\BaseBuilder.php(2461): CodeIgniter\Database\BaseConnection->query('UPDATE `pembiayaan` SET `tgl_pelunasan` = :tgl_pelunasan:, `status` = :status:
WHERE `id` = :id:', [...], false)
 2 APPPATH\Models\PembiayaanModel.php(114): CodeIgniter\Database\BaseBuilder->update([...], [...])
 3 APPPATH\Controllers\Pembiayaan.php(109): App\Models\PembiayaanModel->updatePembiayaan([...], '3')
 4 SYSTEMPATH\CodeIgniter.php(934): App\Controllers\Pembiayaan->update()
 5 SYSTEMPATH\CodeIgniter.php(499): CodeIgniter\CodeIgniter->runController(Object(App\Controllers\Pembiayaan))
 6 SYSTEMPATH\CodeIgniter.php(368): CodeIgniter\CodeIgniter->handleRequest(null, Object(Config\Cache), false)
 7 FCPATH\index.php(67): CodeIgniter\CodeIgniter->run()
 8 SYSTEMPATH\Commands\Server\rewrite.php(47): require_once('FCPATH\\index.php')
INFO - 2023-05-20 11:01:33 --> Session: Class initialized using 'CodeIgniter\Session\Handlers\FileHandler' driver.
WARNING - 2023-05-20 11:01:33 --> Session: Sessions is enabled, and one exists.Please don't $session->start();
CRITICAL - 2023-05-20 11:01:33 --> Attempt to read property "id" on null
in APPPATH\Controllers\Pembiayaan.php on line 93.
 1 APPPATH\Controllers\Pembiayaan.php(93): CodeIgniter\Debug\Exceptions->errorHandler(2, 'Attempt to read property "id" on null', 'APPPATH\\Controllers\\Pembiayaan.php', 93)
 2 SYSTEMPATH\CodeIgniter.php(934): App\Controllers\Pembiayaan->update()
 3 SYSTEMPATH\CodeIgniter.php(499): CodeIgniter\CodeIgniter->runController(Object(App\Controllers\Pembiayaan))
 4 SYSTEMPATH\CodeIgniter.php(368): CodeIgniter\CodeIgniter->handleRequest(null, Object(Config\Cache), false)
 5 FCPATH\index.php(67): CodeIgniter\CodeIgniter->run()
 6 SYSTEMPATH\Commands\Server\rewrite.php(47): require_once('FCPATH\\index.php')
INFO - 2023-05-20 04:01:37 --> Session: Class initialized using 'CodeIgniter\Session\Handlers\FileHandler' driver.
WARNING - 2023-05-20 11:01:37 --> Session: Sessions is enabled, and one exists.Please don't $session->start();
INFO - 2023-05-20 11:01:37 --> Session: Class initialized using 'CodeIgniter\Session\Handlers\FileHandler' driver.
WARNING - 2023-05-20 11:01:37 --> Session: Sessions is enabled, and one exists.Please don't $session->start();
INFO - 2023-05-20 04:01:39 --> Session: Class initialized using 'CodeIgniter\Session\Handlers\FileHandler' driver.
WARNING - 2023-05-20 11:01:39 --> Session: Sessions is enabled, and one exists.Please don't $session->start();
INFO - 2023-05-20 04:01:55 --> Session: Class initialized using 'CodeIgniter\Session\Handlers\FileHandler' driver.
WARNING - 2023-05-20 11:01:55 --> Session: Sessions is enabled, and one exists.Please don't $session->start();
INFO - 2023-05-20 11:01:55 --> Session: Class initialized using 'CodeIgniter\Session\Handlers\FileHandler' driver.
WARNING - 2023-05-20 11:01:55 --> Session: Sessions is enabled, and one exists.Please don't $session->start();
INFO - 2023-05-20 04:01:57 --> Session: Class initialized using 'CodeIgniter\Session\Handlers\FileHandler' driver.
WARNING - 2023-05-20 11:01:57 --> Session: Sessions is enabled, and one exists.Please don't $session->start();
INFO - 2023-05-20 11:01:58 --> Session: Class initialized using 'CodeIgniter\Session\Handlers\FileHandler' driver.
WARNING - 2023-05-20 11:01:58 --> Session: Sessions is enabled, and one exists.Please don't $session->start();
INFO - 2023-05-20 04:02:46 --> Session: Class initialized using 'CodeIgniter\Session\Handlers\FileHandler' driver.
WARNING - 2023-05-20 11:02:46 --> Session: Sessions is enabled, and one exists.Please don't $session->start();
INFO - 2023-05-20 11:02:46 --> Session: Class initialized using 'CodeIgniter\Session\Handlers\FileHandler' driver.
WARNING - 2023-05-20 11:02:46 --> Session: Sessions is enabled, and one exists.Please don't $session->start();
INFO - 2023-05-20 11:02:48 --> Session: Class initialized using 'CodeIgniter\Session\Handlers\FileHandler' driver.
WARNING - 2023-05-20 11:02:48 --> Session: Sessions is enabled, and one exists.Please don't $session->start();
INFO - 2023-05-20 04:02:49 --> Session: Class initialized using 'CodeIgniter\Session\Handlers\FileHandler' driver.
WARNING - 2023-05-20 11:02:49 --> Session: Sessions is enabled, and one exists.Please don't $session->start();
INFO - 2023-05-20 11:02:49 --> Session: Class initialized using 'CodeIgniter\Session\Handlers\FileHandler' driver.
WARNING - 2023-05-20 11:02:49 --> Session: Sessions is enabled, and one exists.Please don't $session->start();
INFO - 2023-05-20 04:02:52 --> Session: Class initialized using 'CodeIgniter\Session\Handlers\FileHandler' driver.
WARNING - 2023-05-20 11:02:52 --> Session: Sessions is enabled, and one exists.Please don't $session->start();
